[2026-01-15T03:09:25.411+0000] {taskinstance.py:1956} INFO - Dependencies all met for dep_context=non-requeueable deps ti=<TaskInstance: nyc_taxi_pipeline.ingest manual__2026-01-15T03:09:24.210803+00:00 [queued]>
[2026-01-15T03:09:25.417+0000] {taskinstance.py:1956} INFO - Dependencies all met for dep_context=requeueable deps ti=<TaskInstance: nyc_taxi_pipeline.ingest manual__2026-01-15T03:09:24.210803+00:00 [queued]>
[2026-01-15T03:09:25.417+0000] {taskinstance.py:2170} INFO - Starting attempt 1 of 1
[2026-01-15T03:09:25.427+0000] {taskinstance.py:2191} INFO - Executing <Task(DockerOperator): ingest> on 2026-01-15 03:09:24.210803+00:00
[2026-01-15T03:09:25.433+0000] {standard_task_runner.py:60} INFO - Started process 183 to run task
[2026-01-15T03:09:25.437+0000] {standard_task_runner.py:87} INFO - Running: ['***', 'tasks', 'run', 'nyc_taxi_pipeline', 'ingest', 'manual__2026-01-15T03:09:24.210803+00:00', '--job-id', '2', '--raw', '--subdir', 'DAGS_FOLDER/nyc_taxi_pipeline.py', '--cfg-path', '/tmp/tmpe6svnv58']
[2026-01-15T03:09:25.440+0000] {standard_task_runner.py:88} INFO - Job 2: Subtask ingest
[2026-01-15T03:09:25.487+0000] {task_command.py:423} INFO - Running <TaskInstance: nyc_taxi_pipeline.ingest manual__2026-01-15T03:09:24.210803+00:00 [running]> on host 10b01277e277
[2026-01-15T03:09:25.555+0000] {taskinstance.py:2480} INFO - Exporting env vars: AIRFLOW_CTX_DAG_OWNER='***' AIRFLOW_CTX_DAG_ID='nyc_taxi_pipeline' AIRFLOW_CTX_TASK_ID='ingest' AIRFLOW_CTX_EXECUTION_DATE='2026-01-15T03:09:24.210803+00:00' AIRFLOW_CTX_TRY_NUMBER='1' AIRFLOW_CTX_DAG_RUN_ID='manual__2026-01-15T03:09:24.210803+00:00'
[2026-01-15T03:09:25.569+0000] {docker.py:359} INFO - Starting docker container from image nyc_ingestion:latest
[2026-01-15T03:09:25.572+0000] {docker.py:367} WARNING - Using remote engine or docker-in-docker and mounting temporary volume from host is not supported. Falling back to `mount_tmp_dir=False` mode. You can set `mount_tmp_dir` parameter to False to disable mounting and remove the warning
[2026-01-15T03:09:26.095+0000] {docker.py:429} INFO - /usr/local/lib/python3.9/site-packages/boto3/compat.py:89: PythonDeprecationWarning: Boto3 will no longer support Python 3.9 starting April 29, 2026. To continue receiving service updates, bug fixes, and security updates please upgrade to Python 3.10 or later. More information can be found here: https://aws.amazon.com/blogs/developer/python-support-policy-updates-for-aws-sdks-and-tools/
  warnings.warn(warning, PythonDeprecationWarning)
[2026-01-15T03:11:17.303+0000] {docker.py:429} INFO - INFO:Ingest:Suche nach Updates für elemento/nyc-yellow-taxi-trip-data...
[2026-01-15T03:11:17.599+0000] {docker.py:429} INFO - Warning: Looks like you're using an outdated `kagglehub` version (installed: 0.3.13), please consider upgrading to the latest version (0.4.0).
[2026-01-15T03:11:18.447+0000] {docker.py:429} INFO - Resuming download from 337641472 bytes (1577985422 bytes left)...
[2026-01-15T03:11:18.701+0000] {docker.py:429} INFO - Resuming download from https://www.kaggle.com/api/v1/datasets/download/elemento/nyc-yellow-taxi-trip-data?dataset_version_number=2 (337641472/1915626894) bytes left.
[2026-01-15T03:11:18.704+0000] {docker.py:429} INFO - 18%|█▊        | 322M/1.78G [00:00<?, ?B/s]
[2026-01-15T03:11:18.930+0000] {docker.py:429} INFO - 18%|█▊        | 323M/1.78G [00:00<05:38, 4.66MB/s]
[2026-01-15T03:11:19.055+0000] {docker.py:429} INFO - 18%|█▊        | 327M/1.78G [00:00<01:30, 17.4MB/s]
[2026-01-15T03:11:19.181+0000] {docker.py:429} INFO - 18%|█▊        | 331M/1.78G [00:00<01:06, 23.6MB/s]
[2026-01-15T03:11:19.306+0000] {docker.py:429} INFO - 18%|█▊        | 335M/1.78G [00:00<00:57, 27.1MB/s]
[2026-01-15T03:11:19.432+0000] {docker.py:429} INFO - 19%|█▊        | 339M/1.78G [00:00<00:53, 29.2MB/s]
[2026-01-15T03:11:19.558+0000] {docker.py:429} INFO - 19%|█▉        | 343M/1.78G [00:00<00:50, 30.5MB/s]
[2026-01-15T03:11:19.684+0000] {docker.py:429} INFO - 19%|█▉        | 347M/1.78G [00:00<00:49, 31.4MB/s]
[2026-01-15T03:11:19.811+0000] {docker.py:429} INFO - 19%|█▉        | 351M/1.78G [00:01<00:48, 32.0MB/s]
[2026-01-15T03:11:19.936+0000] {docker.py:429} INFO - 19%|█▉        | 355M/1.78G [00:01<00:47, 32.4MB/s]
[2026-01-15T03:11:20.062+0000] {docker.py:429} INFO - 20%|█▉        | 359M/1.78G [00:01<00:47, 32.7MB/s]
[2026-01-15T03:11:20.188+0000] {docker.py:429} INFO - 20%|█▉        | 363M/1.78G [00:01<00:46, 32.9MB/s]
[2026-01-15T03:11:20.313+0000] {docker.py:429} INFO - 20%|██        | 367M/1.78G [00:01<00:46, 33.0MB/s]
[2026-01-15T03:11:20.439+0000] {docker.py:429} INFO - 20%|██        | 371M/1.78G [00:01<00:46, 33.1MB/s]
[2026-01-15T03:11:20.564+0000] {docker.py:429} INFO - 21%|██        | 375M/1.78G [00:01<00:45, 33.3MB/s]
[2026-01-15T03:11:20.691+0000] {docker.py:429} INFO - 21%|██        | 379M/1.78G [00:01<00:45, 33.2MB/s]
[2026-01-15T03:11:20.817+0000] {docker.py:429} INFO - 21%|██        | 383M/1.78G [00:02<00:45, 33.2MB/s]
[2026-01-15T03:11:20.942+0000] {docker.py:429} INFO - 21%|██        | 387M/1.78G [00:02<00:45, 33.3MB/s]
[2026-01-15T03:11:21.069+0000] {docker.py:429} INFO - 21%|██▏       | 391M/1.78G [00:02<00:45, 33.3MB/s]
[2026-01-15T03:11:21.195+0000] {docker.py:429} INFO - 22%|██▏       | 395M/1.78G [00:02<00:45, 33.3MB/s]
[2026-01-15T03:11:21.320+0000] {docker.py:429} INFO - 22%|██▏       | 399M/1.78G [00:02<00:44, 33.3MB/s]
[2026-01-15T03:11:21.446+0000] {docker.py:429} INFO - 22%|██▏       | 403M/1.78G [00:02<00:44, 33.3MB/s]
[2026-01-15T03:11:21.572+0000] {docker.py:429} INFO - 22%|██▏       | 407M/1.78G [00:02<00:44, 33.3MB/s]
[2026-01-15T03:11:21.698+0000] {docker.py:429} INFO - 22%|██▏       | 411M/1.78G [00:02<00:44, 33.3MB/s]
[2026-01-15T03:11:21.824+0000] {docker.py:429} INFO - 23%|██▎       | 415M/1.78G [00:03<00:44, 33.3MB/s]
[2026-01-15T03:11:21.949+0000] {docker.py:429} INFO - 23%|██▎       | 419M/1.78G [00:03<00:44, 33.4MB/s]
[2026-01-15T03:11:22.075+0000] {docker.py:429} INFO - 23%|██▎       | 423M/1.78G [00:03<00:44, 33.3MB/s]
[2026-01-15T03:11:22.201+0000] {docker.py:429} INFO - 23%|██▎       | 427M/1.78G [00:03<00:44, 33.3MB/s]
[2026-01-15T03:11:22.326+0000] {docker.py:429} INFO - 24%|██▎       | 431M/1.78G [00:03<00:43, 33.4MB/s]
[2026-01-15T03:11:22.453+0000] {docker.py:429} INFO - 24%|██▍       | 435M/1.78G [00:03<00:43, 33.3MB/s]
[2026-01-15T03:11:22.578+0000] {docker.py:429} INFO - 24%|██▍       | 439M/1.78G [00:03<00:43, 33.4MB/s]
[2026-01-15T03:11:22.704+0000] {docker.py:429} INFO - 24%|██▍       | 443M/1.78G [00:03<00:43, 33.3MB/s]
[2026-01-15T03:11:22.830+0000] {docker.py:429} INFO - 24%|██▍       | 447M/1.78G [00:04<00:43, 33.3MB/s]
[2026-01-15T03:11:22.956+0000] {docker.py:429} INFO - 25%|██▍       | 451M/1.78G [00:04<00:43, 33.4MB/s]
[2026-01-15T03:11:23.082+0000] {docker.py:429} INFO - 25%|██▍       | 455M/1.78G [00:04<00:43, 33.3MB/s]
[2026-01-15T03:11:23.208+0000] {docker.py:429} INFO - 25%|██▌       | 459M/1.78G [00:04<00:43, 33.3MB/s]
[2026-01-15T03:11:23.333+0000] {docker.py:429} INFO - 25%|██▌       | 463M/1.78G [00:04<00:42, 33.3MB/s]
[2026-01-15T03:11:23.460+0000] {docker.py:429} INFO - 26%|██▌       | 467M/1.78G [00:04<00:42, 33.3MB/s]
[2026-01-15T03:11:23.586+0000] {docker.py:429} INFO - 26%|██▌       | 471M/1.78G [00:04<00:42, 33.3MB/s]
[2026-01-15T03:11:23.711+0000] {docker.py:429} INFO - 26%|██▌       | 475M/1.78G [00:05<00:42, 33.4MB/s]
[2026-01-15T03:11:23.863+0000] {docker.py:429} INFO - 26%|██▌       | 479M/1.78G [00:05<00:45, 31.4MB/s]
[2026-01-15T03:11:24.077+0000] {docker.py:429} INFO - 26%|██▋       | 483M/1.78G [00:05<00:52, 26.6MB/s]
[2026-01-15T03:11:24.202+0000] {docker.py:429} INFO - 27%|██▋       | 487M/1.78G [00:05<00:49, 28.4MB/s]
[2026-01-15T03:11:24.328+0000] {docker.py:429} INFO - 27%|██▋       | 491M/1.78G [00:05<00:47, 29.7MB/s]
[2026-01-15T03:11:24.454+0000] {docker.py:429} INFO - 27%|██▋       | 495M/1.78G [00:05<00:45, 30.7MB/s]
[2026-01-15T03:11:24.579+0000] {docker.py:429} INFO - 27%|██▋       | 499M/1.78G [00:05<00:44, 31.4MB/s]
[2026-01-15T03:11:24.706+0000] {docker.py:429} INFO - 28%|██▊       | 503M/1.78G [00:06<00:43, 31.9MB/s]
[2026-01-15T03:11:24.832+0000] {docker.py:429} INFO - 28%|██▊       | 507M/1.78G [00:06<00:42, 32.3MB/s]
[2026-01-15T03:11:24.957+0000] {docker.py:429} INFO - 28%|██▊       | 511M/1.78G [00:06<00:42, 32.7MB/s]
[2026-01-15T03:11:25.083+0000] {docker.py:429} INFO - 28%|██▊       | 515M/1.78G [00:06<00:41, 32.9MB/s]
[2026-01-15T03:11:25.210+0000] {docker.py:429} INFO - 28%|██▊       | 519M/1.78G [00:06<00:41, 32.9MB/s]
[2026-01-15T03:11:25.335+0000] {docker.py:429} INFO - 29%|██▊       | 523M/1.78G [00:06<00:41, 33.1MB/s]
[2026-01-15T03:11:25.461+0000] {docker.py:429} INFO - 29%|██▉       | 527M/1.78G [00:06<00:41, 33.1MB/s]
[2026-01-15T03:11:25.587+0000] {docker.py:429} INFO - 29%|██▉       | 531M/1.78G [00:06<00:40, 33.2MB/s]
[2026-01-15T03:11:25.712+0000] {docker.py:429} INFO - 29%|██▉       | 535M/1.78G [00:07<00:40, 33.3MB/s]
[2026-01-15T03:11:25.839+0000] {docker.py:429} INFO - 30%|██▉       | 539M/1.78G [00:07<00:40, 33.3MB/s]
[2026-01-15T03:11:25.964+0000] {docker.py:429} INFO - 30%|██▉       | 543M/1.78G [00:07<00:40, 33.3MB/s]
[2026-01-15T03:11:26.090+0000] {docker.py:429} INFO - 30%|██▉       | 547M/1.78G [00:07<00:40, 33.3MB/s]
[2026-01-15T03:11:26.216+0000] {docker.py:429} INFO - 30%|███       | 551M/1.78G [00:07<00:40, 33.3MB/s]
[2026-01-15T03:11:26.341+0000] {docker.py:429} INFO - 30%|███       | 555M/1.78G [00:07<00:39, 33.4MB/s]
[2026-01-15T03:11:26.467+0000] {docker.py:429} INFO - 31%|███       | 559M/1.78G [00:07<00:39, 33.4MB/s]
[2026-01-15T03:11:26.594+0000] {docker.py:429} INFO - 31%|███       | 563M/1.78G [00:07<00:39, 33.3MB/s]
[2026-01-15T03:11:26.719+0000] {docker.py:429} INFO - 31%|███       | 567M/1.78G [00:08<00:39, 33.3MB/s]
[2026-01-15T03:11:26.845+0000] {docker.py:429} INFO - 31%|███▏      | 571M/1.78G [00:08<00:39, 33.3MB/s]
[2026-01-15T03:11:26.972+0000] {docker.py:429} INFO - 31%|███▏      | 575M/1.78G [00:08<00:39, 33.3MB/s]
[2026-01-15T03:11:27.097+0000] {docker.py:429} INFO - 32%|███▏      | 579M/1.78G [00:08<00:39, 33.4MB/s]
[2026-01-15T03:11:27.223+0000] {docker.py:429} INFO - 32%|███▏      | 583M/1.78G [00:08<00:39, 33.3MB/s]
[2026-01-15T03:11:27.349+0000] {docker.py:429} INFO - 32%|███▏      | 587M/1.78G [00:08<00:39, 33.3MB/s]
[2026-01-15T03:11:27.474+0000] {docker.py:429} INFO - 32%|███▏      | 591M/1.78G [00:08<00:38, 33.4MB/s]
[2026-01-15T03:11:27.600+0000] {docker.py:429} INFO - 33%|███▎      | 595M/1.78G [00:08<00:38, 33.3MB/s]
[2026-01-15T03:11:27.727+0000] {docker.py:429} INFO - 33%|███▎      | 599M/1.78G [00:09<00:38, 33.2MB/s]
[2026-01-15T03:11:27.852+0000] {docker.py:429} INFO - 33%|███▎      | 603M/1.78G [00:09<00:38, 33.4MB/s]
[2026-01-15T03:11:27.978+0000] {docker.py:429} INFO - 33%|███▎      | 607M/1.78G [00:09<00:38, 33.3MB/s]
[2026-01-15T03:11:28.105+0000] {docker.py:429} INFO - 33%|███▎      | 611M/1.78G [00:09<00:38, 33.3MB/s]
[2026-01-15T03:11:28.230+0000] {docker.py:429} INFO - 34%|███▎      | 615M/1.78G [00:09<00:38, 33.3MB/s]
[2026-01-15T03:11:28.356+0000] {docker.py:429} INFO - 34%|███▍      | 619M/1.78G [00:09<00:38, 33.3MB/s]
[2026-01-15T03:11:28.482+0000] {docker.py:429} INFO - 34%|███▍      | 623M/1.78G [00:09<00:37, 33.3MB/s]
[2026-01-15T03:11:28.610+0000] {docker.py:429} INFO - 34%|███▍      | 627M/1.78G [00:09<00:37, 33.2MB/s]
[2026-01-15T03:11:28.736+0000] {docker.py:429} INFO - 35%|███▍      | 631M/1.78G [00:10<00:37, 33.2MB/s]
[2026-01-15T03:11:28.863+0000] {docker.py:429} INFO - 35%|███▍      | 635M/1.78G [00:10<00:37, 33.2MB/s]
[2026-01-15T03:11:28.989+0000] {docker.py:429} INFO - 35%|███▍      | 639M/1.78G [00:10<00:37, 33.2MB/s]
[2026-01-15T03:11:29.218+0000] {docker.py:429} INFO - 35%|███▌      | 643M/1.78G [00:10<00:46, 26.7MB/s]
[2026-01-15T03:11:29.324+0000] {docker.py:429} INFO - 35%|███▌      | 646M/1.78G [00:10<00:45, 27.4MB/s]
[2026-01-15T03:11:29.449+0000] {docker.py:429} INFO - 36%|███▌      | 650M/1.78G [00:10<00:42, 29.1MB/s]
[2026-01-15T03:11:29.575+0000] {docker.py:429} INFO - 36%|███▌      | 654M/1.78G [00:10<00:40, 30.2MB/s]
[2026-01-15T03:11:29.702+0000] {docker.py:429} INFO - 36%|███▌      | 658M/1.78G [00:10<00:39, 31.1MB/s]
[2026-01-15T03:11:29.829+0000] {docker.py:429} INFO - 36%|███▌      | 662M/1.78G [00:11<00:38, 31.6MB/s]
[2026-01-15T03:11:29.959+0000] {docker.py:429} INFO - 36%|███▋      | 666M/1.78G [00:11<00:38, 31.9MB/s]
[2026-01-15T03:11:30.090+0000] {docker.py:429} INFO - 37%|███▋      | 670M/1.78G [00:11<00:38, 31.9MB/s]
[2026-01-15T03:11:30.234+0000] {docker.py:429} INFO - 37%|███▋      | 674M/1.78G [00:11<00:38, 31.0MB/s]
[2026-01-15T03:11:30.373+0000] {docker.py:429} INFO - 37%|███▋      | 677M/1.78G [00:11<00:42, 28.4MB/s]
[2026-01-15T03:11:30.551+0000] {docker.py:429} INFO - 37%|███▋      | 680M/1.78G [00:11<00:48, 24.6MB/s]
[2026-01-15T03:11:30.767+0000] {docker.py:429} INFO - 37%|███▋      | 683M/1.78G [00:12<00:57, 20.7MB/s]
[2026-01-15T03:11:30.891+0000] {docker.py:429} INFO - 38%|███▊      | 686M/1.78G [00:12<00:54, 21.8MB/s]
[2026-01-15T03:11:31.029+0000] {docker.py:429} INFO - 38%|███▊      | 689M/1.78G [00:12<00:54, 22.1MB/s]
[2026-01-15T03:11:31.165+0000] {docker.py:429} INFO - 38%|███▊      | 692M/1.78G [00:12<00:53, 22.4MB/s]
[2026-01-15T03:11:31.313+0000] {docker.py:429} INFO - 38%|███▊      | 695M/1.78G [00:12<00:53, 22.1MB/s]
[2026-01-15T03:11:31.454+0000] {docker.py:429} INFO - 38%|███▊      | 698M/1.78G [00:12<00:53, 22.1MB/s]
[2026-01-15T03:11:31.595+0000] {docker.py:429} INFO - 38%|███▊      | 701M/1.78G [00:12<00:53, 22.2MB/s]
[2026-01-15T03:11:31.736+0000] {docker.py:429} INFO - 39%|███▊      | 704M/1.78G [00:13<00:53, 22.2MB/s]
[2026-01-15T03:11:31.874+0000] {docker.py:429} INFO - 39%|███▊      | 707M/1.78G [00:13<00:52, 22.4MB/s]
[2026-01-15T03:11:32.014+0000] {docker.py:429} INFO - 39%|███▉      | 710M/1.78G [00:13<00:52, 22.4MB/s]
[2026-01-15T03:11:32.155+0000] {docker.py:429} INFO - 39%|███▉      | 713M/1.78G [00:13<00:52, 22.4MB/s]
[2026-01-15T03:11:32.298+0000] {docker.py:429} INFO - 39%|███▉      | 716M/1.78G [00:13<00:52, 22.3MB/s]
[2026-01-15T03:11:32.438+0000] {docker.py:429} INFO - 39%|███▉      | 719M/1.78G [00:13<00:52, 22.3MB/s]
[2026-01-15T03:11:32.576+0000] {docker.py:429} INFO - 40%|███▉      | 722M/1.78G [00:13<00:51, 22.4MB/s]
[2026-01-15T03:11:32.719+0000] {docker.py:429} INFO - 40%|███▉      | 725M/1.78G [00:14<00:51, 22.3MB/s]
[2026-01-15T03:11:32.862+0000] {docker.py:429} INFO - 40%|███▉      | 728M/1.78G [00:14<00:51, 22.2MB/s]
[2026-01-15T03:11:33.004+0000] {docker.py:429} INFO - 40%|████      | 731M/1.78G [00:14<00:51, 22.2MB/s]
[2026-01-15T03:11:33.142+0000] {docker.py:429} INFO - 40%|████      | 734M/1.78G [00:14<00:51, 22.4MB/s]
[2026-01-15T03:11:33.304+0000] {docker.py:429} INFO - 40%|████      | 737M/1.78G [00:14<00:53, 21.4MB/s]
[2026-01-15T03:11:33.475+0000] {docker.py:429} INFO - 41%|████      | 740M/1.78G [00:14<00:55, 20.4MB/s]
[2026-01-15T03:11:33.587+0000] {docker.py:429} INFO - 41%|████      | 742M/1.78G [00:14<00:56, 20.0MB/s]
[2026-01-15T03:11:33.700+0000] {docker.py:429} INFO - 41%|████      | 744M/1.78G [00:14<00:57, 19.6MB/s]
[2026-01-15T03:11:33.812+0000] {docker.py:429} INFO - 41%|████      | 746M/1.78G [00:15<00:58, 19.4MB/s]
[2026-01-15T03:11:33.924+0000] {docker.py:429} INFO - 41%|████      | 748M/1.78G [00:15<00:58, 19.2MB/s]
[2026-01-15T03:11:34.037+0000] {docker.py:429} INFO - 41%|████      | 750M/1.78G [00:15<00:59, 19.0MB/s]
[2026-01-15T03:11:34.149+0000] {docker.py:429} INFO - 41%|████      | 752M/1.78G [00:15<00:59, 19.0MB/s]
[2026-01-15T03:11:34.258+0000] {docker.py:429} INFO - 41%|████▏     | 754M/1.78G [00:15<00:59, 19.0MB/s]
[2026-01-15T03:11:34.369+0000] {docker.py:429} INFO - 41%|████▏     | 756M/1.78G [00:15<00:59, 19.0MB/s]
[2026-01-15T03:11:34.482+0000] {docker.py:429} INFO - 41%|████▏     | 758M/1.78G [00:15<00:59, 18.8MB/s]
[2026-01-15T03:11:34.594+0000] {docker.py:429} INFO - 42%|████▏     | 760M/1.78G [00:15<00:59, 18.8MB/s]
[2026-01-15T03:11:34.703+0000] {docker.py:429} INFO - 42%|████▏     | 762M/1.78G [00:15<00:58, 18.9MB/s]
[2026-01-15T03:11:34.809+0000] {docker.py:429} INFO - 42%|████▏     | 764M/1.78G [00:16<00:58, 19.2MB/s]
[2026-01-15T03:11:34.914+0000] {docker.py:429} INFO - 42%|████▏     | 766M/1.78G [00:16<00:57, 19.4MB/s]
[2026-01-15T03:11:35.025+0000] {docker.py:429} INFO - 42%|████▏     | 768M/1.78G [00:16<00:57, 19.3MB/s]
[2026-01-15T03:11:35.134+0000] {docker.py:429} INFO - 42%|████▏     | 770M/1.78G [00:16<00:57, 19.3MB/s]
[2026-01-15T03:11:35.244+0000] {docker.py:429} INFO - 42%|████▏     | 772M/1.78G [00:16<00:57, 19.2MB/s]
[2026-01-15T03:11:35.355+0000] {docker.py:429} INFO - 42%|████▏     | 774M/1.78G [00:16<00:57, 19.1MB/s]
[2026-01-15T03:11:35.465+0000] {docker.py:429} INFO - 42%|████▏     | 776M/1.78G [00:16<00:57, 19.1MB/s]
[2026-01-15T03:11:35.575+0000] {docker.py:429} INFO - 43%|████▎     | 778M/1.78G [00:16<00:57, 19.1MB/s]
[2026-01-15T03:11:35.687+0000] {docker.py:429} INFO - 43%|████▎     | 780M/1.78G [00:16<00:57, 19.0MB/s]
[2026-01-15T03:11:35.796+0000] {docker.py:429} INFO - 43%|████▎     | 782M/1.78G [00:17<00:57, 19.1MB/s]
[2026-01-15T03:11:35.961+0000] {docker.py:429} INFO - 43%|████▎     | 784M/1.78G [00:17<01:05, 16.6MB/s]
[2026-01-15T03:11:36.122+0000] {docker.py:429} INFO - 43%|████▎     | 786M/1.78G [00:17<01:11, 15.3MB/s]
[2026-01-15T03:11:36.228+0000] {docker.py:429} INFO - 43%|████▎     | 788M/1.78G [00:17<01:06, 16.4MB/s]
[2026-01-15T03:11:36.336+0000] {docker.py:429} INFO - 43%|████▎     | 790M/1.78G [00:17<01:03, 17.2MB/s]
[2026-01-15T03:11:36.445+0000] {docker.py:429} INFO - 43%|████▎     | 792M/1.78G [00:17<01:00, 17.8MB/s]
[2026-01-15T03:11:36.551+0000] {docker.py:429} INFO - 43%|████▎     | 794M/1.78G [00:17<00:59, 18.3MB/s]
[2026-01-15T03:11:36.659+0000] {docker.py:429} INFO - 44%|████▎     | 796M/1.78G [00:17<00:57, 18.7MB/s]
[2026-01-15T03:11:36.768+0000] {docker.py:429} INFO - 44%|████▎     | 798M/1.78G [00:18<00:57, 18.8MB/s]
[2026-01-15T03:11:36.876+0000] {docker.py:429} INFO - 44%|████▍     | 800M/1.78G [00:18<00:56, 19.0MB/s]
[2026-01-15T03:11:36.980+0000] {docker.py:429} INFO - 44%|████▍     | 802M/1.78G [00:18<00:55, 19.4MB/s]
[2026-01-15T03:11:37.085+0000] {docker.py:429} INFO - 44%|████▍     | 804M/1.78G [00:18<00:54, 19.5MB/s]
[2026-01-15T03:11:37.191+0000] {docker.py:429} INFO - 44%|████▍     | 806M/1.78G [00:18<00:54, 19.6MB/s]
[2026-01-15T03:11:37.298+0000] {docker.py:429} INFO - 44%|████▍     | 808M/1.78G [00:18<00:54, 19.6MB/s]
[2026-01-15T03:11:37.405+0000] {docker.py:429} INFO - 44%|████▍     | 810M/1.78G [00:18<00:54, 19.6MB/s]
[2026-01-15T03:11:37.513+0000] {docker.py:429} INFO - 44%|████▍     | 812M/1.78G [00:18<00:54, 19.6MB/s]
[2026-01-15T03:11:37.621+0000] {docker.py:429} INFO - 45%|████▍     | 814M/1.78G [00:18<00:54, 19.5MB/s]
[2026-01-15T03:11:37.726+0000] {docker.py:429} INFO - 45%|████▍     | 816M/1.78G [00:19<00:53, 19.7MB/s]
[2026-01-15T03:11:37.831+0000] {docker.py:429} INFO - 45%|████▍     | 818M/1.78G [00:19<00:53, 19.8MB/s]
[2026-01-15T03:11:37.936+0000] {docker.py:429} INFO - 45%|████▍     | 820M/1.78G [00:19<00:53, 19.8MB/s]
[2026-01-15T03:11:38.041+0000] {docker.py:429} INFO - 45%|████▍     | 822M/1.78G [00:19<00:53, 19.8MB/s]
[2026-01-15T03:11:38.145+0000] {docker.py:429} INFO - 45%|████▌     | 824M/1.78G [00:19<00:52, 19.9MB/s]
[2026-01-15T03:11:38.249+0000] {docker.py:429} INFO - 45%|████▌     | 826M/1.78G [00:19<00:52, 20.0MB/s]
[2026-01-15T03:11:38.355+0000] {docker.py:429} INFO - 45%|████▌     | 828M/1.78G [00:19<00:52, 20.0MB/s]
[2026-01-15T03:11:38.460+0000] {docker.py:429} INFO - 45%|████▌     | 830M/1.78G [00:19<00:52, 20.0MB/s]
[2026-01-15T03:11:38.563+0000] {docker.py:429} INFO - 46%|████▌     | 832M/1.78G [00:19<00:52, 20.0MB/s]
[2026-01-15T03:11:38.669+0000] {docker.py:429} INFO - 46%|████▌     | 834M/1.78G [00:19<00:52, 20.0MB/s]
[2026-01-15T03:11:38.773+0000] {docker.py:429} INFO - 46%|████▌     | 836M/1.78G [00:20<00:51, 20.0MB/s]
[2026-01-15T03:11:38.877+0000] {docker.py:429} INFO - 46%|████▌     | 838M/1.78G [00:20<00:51, 20.1MB/s]
[2026-01-15T03:11:38.984+0000] {docker.py:429} INFO - 46%|████▌     | 840M/1.78G [00:20<00:51, 20.0MB/s]
[2026-01-15T03:11:39.089+0000] {docker.py:429} INFO - 46%|████▌     | 842M/1.78G [00:20<00:51, 20.0MB/s]
[2026-01-15T03:11:39.193+0000] {docker.py:429} INFO - 46%|████▌     | 844M/1.78G [00:20<00:51, 20.0MB/s]
[2026-01-15T03:11:39.298+0000] {docker.py:429} INFO - 46%|████▋     | 846M/1.78G [00:20<00:51, 20.0MB/s]
[2026-01-15T03:11:39.401+0000] {docker.py:429} INFO - 46%|████▋     | 848M/1.78G [00:20<00:51, 20.1MB/s]
[2026-01-15T03:11:39.506+0000] {docker.py:429} INFO - 47%|████▋     | 850M/1.78G [00:20<00:51, 20.0MB/s]
[2026-01-15T03:11:39.610+0000] {docker.py:429} INFO - 47%|████▋     | 852M/1.78G [00:20<00:50, 20.1MB/s]
[2026-01-15T03:11:39.715+0000] {docker.py:429} INFO - 47%|████▋     | 854M/1.78G [00:21<00:50, 20.1MB/s]
[2026-01-15T03:11:39.819+0000] {docker.py:429} INFO - 47%|████▋     | 856M/1.78G [00:21<00:50, 20.1MB/s]
[2026-01-15T03:11:39.922+0000] {docker.py:429} INFO - 47%|████▋     | 858M/1.78G [00:21<00:50, 20.1MB/s]
[2026-01-15T03:11:40.029+0000] {docker.py:429} INFO - 47%|████▋     | 860M/1.78G [00:21<00:50, 20.0MB/s]
[2026-01-15T03:11:40.134+0000] {docker.py:429} INFO - 47%|████▋     | 862M/1.78G [00:21<00:50, 20.0MB/s]
[2026-01-15T03:11:40.241+0000] {docker.py:429} INFO - 47%|████▋     | 864M/1.78G [00:21<00:50, 19.8MB/s]
[2026-01-15T03:11:40.349+0000] {docker.py:429} INFO - 47%|████▋     | 866M/1.78G [00:21<00:51, 19.7MB/s]
[2026-01-15T03:11:40.451+0000] {docker.py:429} INFO - 48%|████▊     | 868M/1.78G [00:21<00:50, 20.0MB/s]
[2026-01-15T03:11:40.556+0000] {docker.py:429} INFO - 48%|████▊     | 870M/1.78G [00:21<00:50, 20.0MB/s]
[2026-01-15T03:11:40.661+0000] {docker.py:429} INFO - 48%|████▊     | 872M/1.78G [00:21<00:50, 20.0MB/s]
[2026-01-15T03:11:40.766+0000] {docker.py:429} INFO - 48%|████▊     | 874M/1.78G [00:22<00:49, 20.0MB/s]
[2026-01-15T03:11:40.871+0000] {docker.py:429} INFO - 48%|████▊     | 876M/1.78G [00:22<00:49, 20.0MB/s]
[2026-01-15T03:11:40.976+0000] {docker.py:429} INFO - 48%|████▊     | 878M/1.78G [00:22<00:49, 20.0MB/s]
[2026-01-15T03:11:41.090+0000] {docker.py:429} INFO - 48%|████▊     | 880M/1.78G [00:22<00:51, 19.4MB/s]
[2026-01-15T03:11:41.291+0000] {docker.py:429} INFO - 48%|████▊     | 882M/1.78G [00:22<01:04, 15.4MB/s]
[2026-01-15T03:11:41.396+0000] {docker.py:429} INFO - 48%|████▊     | 884M/1.78G [00:22<00:59, 16.6MB/s]
[2026-01-15T03:11:41.501+0000] {docker.py:429} INFO - 48%|████▊     | 886M/1.78G [00:22<00:56, 17.5MB/s]
[2026-01-15T03:11:41.606+0000] {docker.py:429} INFO - 49%|████▊     | 888M/1.78G [00:22<00:54, 18.2MB/s]
[2026-01-15T03:11:41.710+0000] {docker.py:429} INFO - 49%|████▊     | 890M/1.78G [00:23<00:52, 18.7MB/s]
[2026-01-15T03:11:41.815+0000] {docker.py:429} INFO - 49%|████▉     | 892M/1.78G [00:23<00:51, 19.1MB/s]
[2026-01-15T03:11:41.919+0000] {docker.py:429} INFO - 49%|████▉     | 894M/1.78G [00:23<00:50, 19.4MB/s]
[2026-01-15T03:11:42.022+0000] {docker.py:429} INFO - 49%|████▉     | 896M/1.78G [00:23<00:49, 19.6MB/s]
[2026-01-15T03:11:42.126+0000] {docker.py:429} INFO - 49%|████▉     | 898M/1.78G [00:23<00:49, 19.8MB/s]
[2026-01-15T03:11:42.230+0000] {docker.py:429} INFO - 49%|████▉     | 900M/1.78G [00:23<00:48, 19.9MB/s]
[2026-01-15T03:11:42.337+0000] {docker.py:429} INFO - 49%|████▉     | 902M/1.78G [00:23<00:48, 19.8MB/s]
[2026-01-15T03:11:42.443+0000] {docker.py:429} INFO - 49%|████▉     | 904M/1.78G [00:23<00:48, 19.8MB/s]
[2026-01-15T03:11:42.547+0000] {docker.py:429} INFO - 50%|████▉     | 906M/1.78G [00:23<00:48, 19.9MB/s]
[2026-01-15T03:11:42.654+0000] {docker.py:429} INFO - 50%|████▉     | 908M/1.78G [00:23<00:48, 19.8MB/s]
[2026-01-15T03:11:42.759+0000] {docker.py:429} INFO - 50%|████▉     | 910M/1.78G [00:24<00:48, 19.9MB/s]
[2026-01-15T03:11:42.862+0000] {docker.py:429} INFO - 50%|████▉     | 912M/1.78G [00:24<00:47, 20.0MB/s]
[2026-01-15T03:11:42.967+0000] {docker.py:429} INFO - 50%|█████     | 914M/1.78G [00:24<00:47, 20.0MB/s]
[2026-01-15T03:11:43.071+0000] {docker.py:429} INFO - 50%|█████     | 916M/1.78G [00:24<00:47, 20.1MB/s]
[2026-01-15T03:11:43.176+0000] {docker.py:429} INFO - 50%|█████     | 918M/1.78G [00:24<00:47, 20.0MB/s]
[2026-01-15T03:11:43.280+0000] {docker.py:429} INFO - 50%|█████     | 920M/1.78G [00:24<00:47, 20.1MB/s]
[2026-01-15T03:11:43.385+0000] {docker.py:429} INFO - 50%|█████     | 922M/1.78G [00:24<00:47, 20.0MB/s]
[2026-01-15T03:11:43.489+0000] {docker.py:429} INFO - 51%|█████     | 924M/1.78G [00:24<00:47, 20.1MB/s]
[2026-01-15T03:11:43.594+0000] {docker.py:429} INFO - 51%|█████     | 926M/1.78G [00:24<00:47, 20.0MB/s]
[2026-01-15T03:11:43.699+0000] {docker.py:429} INFO - 51%|█████     | 928M/1.78G [00:24<00:47, 20.0MB/s]
[2026-01-15T03:11:43.804+0000] {docker.py:429} INFO - 51%|█████     | 930M/1.78G [00:25<00:46, 20.0MB/s]
[2026-01-15T03:11:43.911+0000] {docker.py:429} INFO - 51%|█████     | 932M/1.78G [00:25<00:47, 19.9MB/s]
[2026-01-15T03:11:44.017+0000] {docker.py:429} INFO - 51%|█████     | 934M/1.78G [00:25<00:47, 19.9MB/s]
[2026-01-15T03:11:44.123+0000] {docker.py:429} INFO - 51%|█████     | 936M/1.78G [00:25<00:47, 19.8MB/s]
[2026-01-15T03:11:44.230+0000] {docker.py:429} INFO - 51%|█████▏    | 938M/1.78G [00:25<00:47, 19.8MB/s]
[2026-01-15T03:11:44.337+0000] {docker.py:429} INFO - 51%|█████▏    | 940M/1.78G [00:25<00:47, 19.7MB/s]
[2026-01-15T03:11:44.444+0000] {docker.py:429} INFO - 52%|█████▏    | 942M/1.78G [00:25<00:47, 19.7MB/s]
[2026-01-15T03:11:44.551+0000] {docker.py:429} INFO - 52%|█████▏    | 944M/1.78G [00:25<00:47, 19.7MB/s]
[2026-01-15T03:11:44.658+0000] {docker.py:429} INFO - 52%|█████▏    | 946M/1.78G [00:25<00:47, 19.6MB/s]
[2026-01-15T03:11:44.764+0000] {docker.py:429} INFO - 52%|█████▏    | 948M/1.78G [00:26<00:46, 19.7MB/s]
[2026-01-15T03:11:44.870+0000] {docker.py:429} INFO - 52%|█████▏    | 950M/1.78G [00:26<00:46, 19.7MB/s]
[2026-01-15T03:11:44.978+0000] {docker.py:429} INFO - 52%|█████▏    | 952M/1.78G [00:26<00:46, 19.6MB/s]
[2026-01-15T03:11:45.085+0000] {docker.py:429} INFO - 52%|█████▏    | 954M/1.78G [00:26<00:46, 19.6MB/s]
[2026-01-15T03:11:45.191+0000] {docker.py:429} INFO - 52%|█████▏    | 956M/1.78G [00:26<00:46, 19.7MB/s]
[2026-01-15T03:11:45.293+0000] {docker.py:429} INFO - 52%|█████▏    | 958M/1.78G [00:26<00:45, 19.9MB/s]
[2026-01-15T03:11:45.399+0000] {docker.py:429} INFO - 53%|█████▎    | 960M/1.78G [00:26<00:45, 19.9MB/s]
[2026-01-15T03:11:45.501+0000] {docker.py:429} INFO - 53%|█████▎    | 962M/1.78G [00:26<00:45, 20.1MB/s]
[2026-01-15T03:11:45.603+0000] {docker.py:429} INFO - 53%|█████▎    | 964M/1.78G [00:26<00:44, 20.2MB/s]
[2026-01-15T03:11:45.706+0000] {docker.py:429} INFO - 53%|█████▎    | 966M/1.78G [00:27<00:44, 20.3MB/s]
[2026-01-15T03:11:45.809+0000] {docker.py:429} INFO - 53%|█████▎    | 968M/1.78G [00:27<00:44, 20.3MB/s]
[2026-01-15T03:11:45.960+0000] {docker.py:429} INFO - 53%|█████▎    | 971M/1.78G [00:27<00:43, 20.5MB/s]
[2026-01-15T03:11:46.062+0000] {docker.py:429} INFO - 53%|█████▎    | 973M/1.78G [00:27<00:43, 20.5MB/s]
[2026-01-15T03:11:46.163+0000] {docker.py:429} INFO - 53%|█████▎    | 975M/1.78G [00:27<00:43, 20.6MB/s]
[2026-01-15T03:11:46.267+0000] {docker.py:429} INFO - 53%|█████▎    | 977M/1.78G [00:27<00:43, 20.5MB/s]
[2026-01-15T03:11:46.441+0000] {docker.py:429} INFO - 54%|█████▎    | 979M/1.78G [00:27<00:52, 17.0MB/s]
[2026-01-15T03:11:46.577+0000] {docker.py:429} INFO - 54%|█████▎    | 981M/1.78G [00:27<00:53, 16.5MB/s]
[2026-01-15T03:11:46.677+0000] {docker.py:429} INFO - 54%|█████▍    | 983M/1.78G [00:27<00:50, 17.6MB/s]
[2026-01-15T03:11:46.828+0000] {docker.py:429} INFO - 54%|█████▍    | 986M/1.78G [00:28<00:47, 18.8MB/s]
[2026-01-15T03:11:46.976+0000] {docker.py:429} INFO - 54%|█████▍    | 989M/1.78G [00:28<00:44, 19.6MB/s]
[2026-01-15T03:11:47.126+0000] {docker.py:429} INFO - 54%|█████▍    | 992M/1.78G [00:28<00:43, 20.0MB/s]
[2026-01-15T03:11:47.275+0000] {docker.py:429} INFO - 54%|█████▍    | 995M/1.78G [00:28<00:42, 20.4MB/s]
[2026-01-15T03:11:47.425+0000] {docker.py:429} INFO - 55%|█████▍    | 998M/1.78G [00:28<00:42, 20.5MB/s]
[2026-01-15T03:11:47.576+0000] {docker.py:429} INFO - 55%|█████▍    | 0.98G/1.78G [00:28<00:42, 20.6MB/s]
[2026-01-15T03:11:47.678+0000] {docker.py:429} INFO - 55%|█████▍    | 0.98G/1.78G [00:28<00:41, 20.6MB/s]
[2026-01-15T03:11:47.828+0000] {docker.py:429} INFO - 55%|█████▌    | 0.98G/1.78G [00:29<00:41, 20.7MB/s]
[2026-01-15T03:11:47.978+0000] {docker.py:429} INFO - 55%|█████▌    | 0.99G/1.78G [00:29<00:41, 20.8MB/s]
[2026-01-15T03:11:48.127+0000] {docker.py:429} INFO - 55%|█████▌    | 0.99G/1.78G [00:29<00:40, 20.9MB/s]
[2026-01-15T03:11:48.275+0000] {docker.py:429} INFO - 56%|█████▌    | 0.99G/1.78G [00:29<00:40, 21.0MB/s]
[2026-01-15T03:11:48.421+0000] {docker.py:429} INFO - 56%|█████▌    | 0.99G/1.78G [00:29<00:40, 21.2MB/s]
[2026-01-15T03:11:48.567+0000] {docker.py:429} INFO - 56%|█████▌    | 1.00G/1.78G [00:29<00:39, 21.3MB/s]
[2026-01-15T03:11:48.714+0000] {docker.py:429} INFO - 56%|█████▌    | 1.00G/1.78G [00:30<00:39, 21.3MB/s]
[2026-01-15T03:11:48.861+0000] {docker.py:429} INFO - 56%|█████▌    | 1.00G/1.78G [00:30<00:39, 21.3MB/s]
[2026-01-15T03:11:49.008+0000] {docker.py:429} INFO - 56%|█████▋    | 1.01G/1.78G [00:30<00:39, 21.4MB/s]
[2026-01-15T03:11:49.154+0000] {docker.py:429} INFO - 57%|█████▋    | 1.01G/1.78G [00:30<00:38, 21.4MB/s]
[2026-01-15T03:11:49.302+0000] {docker.py:429} INFO - 57%|█████▋    | 1.01G/1.78G [00:30<00:38, 21.4MB/s]
[2026-01-15T03:11:49.446+0000] {docker.py:429} INFO - 57%|█████▋    | 1.01G/1.78G [00:30<00:38, 21.5MB/s]
[2026-01-15T03:11:49.592+0000] {docker.py:429} INFO - 57%|█████▋    | 1.02G/1.78G [00:30<00:38, 21.5MB/s]
[2026-01-15T03:11:49.743+0000] {docker.py:429} INFO - 57%|█████▋    | 1.02G/1.78G [00:31<00:38, 21.3MB/s]
[2026-01-15T03:11:49.891+0000] {docker.py:429} INFO - 57%|█████▋    | 1.02G/1.78G [00:31<00:38, 21.3MB/s]
[2026-01-15T03:11:50.038+0000] {docker.py:429} INFO - 58%|█████▊    | 1.03G/1.78G [00:31<00:38, 21.3MB/s]
[2026-01-15T03:11:50.188+0000] {docker.py:429} INFO - 58%|█████▊    | 1.03G/1.78G [00:31<00:38, 21.2MB/s]
[2026-01-15T03:11:50.338+0000] {docker.py:429} INFO - 58%|█████▊    | 1.03G/1.78G [00:31<00:38, 21.2MB/s]
[2026-01-15T03:11:50.488+0000] {docker.py:429} INFO - 58%|█████▊    | 1.04G/1.78G [00:31<00:38, 21.1MB/s]
[2026-01-15T03:11:50.636+0000] {docker.py:429} INFO - 58%|█████▊    | 1.04G/1.78G [00:31<00:37, 21.1MB/s]
[2026-01-15T03:11:50.786+0000] {docker.py:429} INFO - 58%|█████▊    | 1.04G/1.78G [00:32<00:37, 21.1MB/s]
[2026-01-15T03:11:50.934+0000] {docker.py:429} INFO - 59%|█████▊    | 1.04G/1.78G [00:32<00:37, 21.1MB/s]
[2026-01-15T03:11:51.082+0000] {docker.py:429} INFO - 59%|█████▊    | 1.05G/1.78G [00:32<00:37, 21.2MB/s]
[2026-01-15T03:11:51.230+0000] {docker.py:429} INFO - 59%|█████▉    | 1.05G/1.78G [00:32<00:37, 21.2MB/s]
[2026-01-15T03:11:51.378+0000] {docker.py:429} INFO - 59%|█████▉    | 1.05G/1.78G [00:32<00:37, 21.2MB/s]
[2026-01-15T03:11:51.532+0000] {docker.py:429} INFO - 59%|█████▉    | 1.06G/1.78G [00:32<00:37, 21.0MB/s]
[2026-01-15T03:11:51.787+0000] {docker.py:429} INFO - 59%|█████▉    | 1.06G/1.78G [00:33<00:44, 17.3MB/s]
[2026-01-15T03:11:51.935+0000] {docker.py:429} INFO - 60%|█████▉    | 1.06G/1.78G [00:33<00:42, 18.3MB/s]
[2026-01-15T03:11:52.086+0000] {docker.py:429} INFO - 60%|█████▉    | 1.06G/1.78G [00:33<00:40, 19.0MB/s]
[2026-01-15T03:11:52.188+0000] {docker.py:429} INFO - 60%|█████▉    | 1.07G/1.78G [00:33<00:39, 19.4MB/s]
[2026-01-15T03:11:52.291+0000] {docker.py:429} INFO - 60%|█████▉    | 1.07G/1.78G [00:33<00:39, 19.6MB/s]
[2026-01-15T03:11:52.434+0000] {docker.py:429} INFO - 60%|██████    | 1.07G/1.78G [00:33<00:37, 20.3MB/s]
[2026-01-15T03:11:52.537+0000] {docker.py:429} INFO - 60%|██████    | 1.07G/1.78G [00:33<00:37, 20.3MB/s]
[2026-01-15T03:11:52.642+0000] {docker.py:429} INFO - 60%|██████    | 1.08G/1.78G [00:33<00:37, 20.2MB/s]
[2026-01-15T03:11:52.748+0000] {docker.py:429} INFO - 60%|██████    | 1.08G/1.78G [00:34<00:37, 20.1MB/s]
[2026-01-15T03:11:52.853+0000] {docker.py:429} INFO - 60%|██████    | 1.08G/1.78G [00:34<00:37, 20.1MB/s]
[2026-01-15T03:11:52.957+0000] {docker.py:429} INFO - 61%|██████    | 1.08G/1.78G [00:34<00:37, 20.1MB/s]
[2026-01-15T03:11:53.058+0000] {docker.py:429} INFO - 61%|██████    | 1.08G/1.78G [00:34<00:37, 20.3MB/s]
[2026-01-15T03:11:53.208+0000] {docker.py:429} INFO - 61%|██████    | 1.09G/1.78G [00:34<00:36, 20.5MB/s]
[2026-01-15T03:11:53.359+0000] {docker.py:429} INFO - 61%|██████    | 1.09G/1.78G [00:34<00:36, 20.7MB/s]
[2026-01-15T03:11:53.460+0000] {docker.py:429} INFO - 61%|██████    | 1.09G/1.78G [00:34<00:35, 20.7MB/s]
[2026-01-15T03:11:53.562+0000] {docker.py:429} INFO - 61%|██████▏   | 1.09G/1.78G [00:34<00:35, 20.7MB/s]
[2026-01-15T03:11:53.663+0000] {docker.py:429} INFO - 61%|██████▏   | 1.09G/1.78G [00:34<00:35, 20.7MB/s]
[2026-01-15T03:11:53.764+0000] {docker.py:429} INFO - 61%|██████▏   | 1.10G/1.78G [00:35<00:35, 20.7MB/s]
[2026-01-15T03:11:53.865+0000] {docker.py:429} INFO - 62%|██████▏   | 1.10G/1.78G [00:35<00:35, 20.7MB/s]
[2026-01-15T03:11:53.966+0000] {docker.py:429} INFO - 62%|██████▏   | 1.10G/1.78G [00:35<00:35, 20.7MB/s]
[2026-01-15T03:11:54.067+0000] {docker.py:429} INFO - 62%|██████▏   | 1.10G/1.78G [00:35<00:35, 20.7MB/s]
[2026-01-15T03:11:54.169+0000] {docker.py:429} INFO - 62%|██████▏   | 1.10G/1.78G [00:35<00:35, 20.7MB/s]
[2026-01-15T03:11:54.271+0000] {docker.py:429} INFO - 62%|██████▏   | 1.11G/1.78G [00:35<00:35, 20.7MB/s]
[2026-01-15T03:11:54.372+0000] {docker.py:429} INFO - 62%|██████▏   | 1.11G/1.78G [00:35<00:35, 20.7MB/s]
[2026-01-15T03:11:54.473+0000] {docker.py:429} INFO - 62%|██████▏   | 1.11G/1.78G [00:35<00:34, 20.7MB/s]
[2026-01-15T03:11:54.574+0000] {docker.py:429} INFO - 62%|██████▏   | 1.11G/1.78G [00:35<00:34, 20.7MB/s]
[2026-01-15T03:11:54.676+0000] {docker.py:429} INFO - 62%|██████▏   | 1.11G/1.78G [00:35<00:34, 20.7MB/s]
[2026-01-15T03:11:54.777+0000] {docker.py:429} INFO - 63%|██████▎   | 1.12G/1.78G [00:36<00:34, 20.7MB/s]
[2026-01-15T03:11:54.879+0000] {docker.py:429} INFO - 63%|██████▎   | 1.12G/1.78G [00:36<00:34, 20.7MB/s]
[2026-01-15T03:11:54.981+0000] {docker.py:429} INFO - 63%|██████▎   | 1.12G/1.78G [00:36<00:34, 20.7MB/s]
[2026-01-15T03:11:55.082+0000] {docker.py:429} INFO - 63%|██████▎   | 1.12G/1.78G [00:36<00:34, 20.6MB/s]
[2026-01-15T03:11:55.184+0000] {docker.py:429} INFO - 63%|██████▎   | 1.12G/1.78G [00:36<00:34, 20.6MB/s]
[2026-01-15T03:11:55.288+0000] {docker.py:429} INFO - 63%|██████▎   | 1.13G/1.78G [00:36<00:34, 20.5MB/s]
[2026-01-15T03:11:55.391+0000] {docker.py:429} INFO - 63%|██████▎   | 1.13G/1.78G [00:36<00:34, 20.5MB/s]
[2026-01-15T03:11:55.491+0000] {docker.py:429} INFO - 63%|██████▎   | 1.13G/1.78G [00:36<00:34, 20.6MB/s]
[2026-01-15T03:11:55.593+0000] {docker.py:429} INFO - 63%|██████▎   | 1.13G/1.78G [00:36<00:33, 20.6MB/s]
[2026-01-15T03:11:55.695+0000] {docker.py:429} INFO - 64%|██████▎   | 1.13G/1.78G [00:36<00:33, 20.6MB/s]
[2026-01-15T03:11:55.798+0000] {docker.py:429} INFO - 64%|██████▎   | 1.14G/1.78G [00:37<00:33, 20.5MB/s]
[2026-01-15T03:11:55.903+0000] {docker.py:429} INFO - 64%|██████▍   | 1.14G/1.78G [00:37<00:34, 20.4MB/s]
[2026-01-15T03:11:56.006+0000] {docker.py:429} INFO - 64%|██████▍   | 1.14G/1.78G [00:37<00:34, 20.3MB/s]
[2026-01-15T03:11:56.111+0000] {docker.py:429} INFO - 64%|██████▍   | 1.14G/1.78G [00:37<00:34, 20.2MB/s]
[2026-01-15T03:11:56.220+0000] {docker.py:429} INFO - 64%|██████▍   | 1.14G/1.78G [00:37<00:34, 19.9MB/s]
[2026-01-15T03:11:56.325+0000] {docker.py:429} INFO - 64%|██████▍   | 1.15G/1.78G [00:37<00:34, 19.9MB/s]
[2026-01-15T03:11:56.430+0000] {docker.py:429} INFO - 64%|██████▍   | 1.15G/1.78G [00:37<00:34, 19.9MB/s]
[2026-01-15T03:11:56.534+0000] {docker.py:429} INFO - 64%|██████▍   | 1.15G/1.78G [00:37<00:34, 20.0MB/s]
[2026-01-15T03:11:56.639+0000] {docker.py:429} INFO - 65%|██████▍   | 1.15G/1.78G [00:37<00:33, 20.0MB/s]
[2026-01-15T03:11:56.741+0000] {docker.py:429} INFO - 65%|██████▍   | 1.15G/1.78G [00:38<00:33, 20.2MB/s]
[2026-01-15T03:11:56.951+0000] {docker.py:429} INFO - 65%|██████▍   | 1.16G/1.78G [00:38<00:43, 15.5MB/s]
[2026-01-15T03:11:57.056+0000] {docker.py:429} INFO - 65%|██████▍   | 1.16G/1.78G [00:38<00:40, 16.6MB/s]
[2026-01-15T03:11:57.162+0000] {docker.py:429} INFO - 65%|██████▍   | 1.16G/1.78G [00:38<00:38, 17.4MB/s]
[2026-01-15T03:11:57.267+0000] {docker.py:429} INFO - 65%|██████▌   | 1.16G/1.78G [00:38<00:36, 18.1MB/s]
[2026-01-15T03:11:57.373+0000] {docker.py:429} INFO - 65%|██████▌   | 1.16G/1.78G [00:38<00:35, 18.6MB/s]
[2026-01-15T03:11:57.478+0000] {docker.py:429} INFO - 65%|██████▌   | 1.17G/1.78G [00:38<00:35, 19.0MB/s]
[2026-01-15T03:11:57.582+0000] {docker.py:429} INFO - 65%|██████▌   | 1.17G/1.78G [00:38<00:34, 19.3MB/s]
[2026-01-15T03:11:57.686+0000] {docker.py:429} INFO - 66%|██████▌   | 1.17G/1.78G [00:38<00:33, 19.6MB/s]
[2026-01-15T03:11:57.791+0000] {docker.py:429} INFO - 66%|██████▌   | 1.17G/1.78G [00:39<00:33, 19.7MB/s]
[2026-01-15T03:11:57.896+0000] {docker.py:429} INFO - 66%|██████▌   | 1.17G/1.78G [00:39<00:33, 19.8MB/s]
[2026-01-15T03:11:58.002+0000] {docker.py:429} INFO - 66%|██████▌   | 1.17G/1.78G [00:39<00:33, 19.8MB/s]
[2026-01-15T03:11:58.107+0000] {docker.py:429} INFO - 66%|██████▌   | 1.18G/1.78G [00:39<00:32, 19.8MB/s]
[2026-01-15T03:11:58.211+0000] {docker.py:429} INFO - 66%|██████▌   | 1.18G/1.78G [00:39<00:32, 19.9MB/s]
[2026-01-15T03:11:58.316+0000] {docker.py:429} INFO - 66%|██████▌   | 1.18G/1.78G [00:39<00:32, 19.9MB/s]
[2026-01-15T03:11:58.421+0000] {docker.py:429} INFO - 66%|██████▋   | 1.18G/1.78G [00:39<00:32, 20.0MB/s]
[2026-01-15T03:11:58.526+0000] {docker.py:429} INFO - 66%|██████▋   | 1.18G/1.78G [00:39<00:32, 19.9MB/s]
[2026-01-15T03:11:58.633+0000] {docker.py:429} INFO - 67%|██████▋   | 1.19G/1.78G [00:39<00:32, 19.9MB/s]
[2026-01-15T03:11:58.740+0000] {docker.py:429} INFO - 67%|██████▋   | 1.19G/1.78G [00:40<00:32, 19.8MB/s]
[2026-01-15T03:11:58.847+0000] {docker.py:429} INFO - 67%|██████▋   | 1.19G/1.78G [00:40<00:32, 19.7MB/s]
[2026-01-15T03:11:58.953+0000] {docker.py:429} INFO - 67%|██████▋   | 1.19G/1.78G [00:40<00:32, 19.7MB/s]
[2026-01-15T03:11:59.061+0000] {docker.py:429} INFO - 67%|██████▋   | 1.19G/1.78G [00:40<00:32, 19.6MB/s]
[2026-01-15T03:11:59.168+0000] {docker.py:429} INFO - 67%|██████▋   | 1.20G/1.78G [00:40<00:32, 19.6MB/s]
[2026-01-15T03:11:59.275+0000] {docker.py:429} INFO - 67%|██████▋   | 1.20G/1.78G [00:40<00:32, 19.6MB/s]
[2026-01-15T03:11:59.381+0000] {docker.py:429} INFO - 67%|██████▋   | 1.20G/1.78G [00:40<00:31, 19.7MB/s]
[2026-01-15T03:11:59.490+0000] {docker.py:429} INFO - 67%|██████▋   | 1.20G/1.78G [00:40<00:31, 19.5MB/s]
[2026-01-15T03:11:59.599+0000] {docker.py:429} INFO - 67%|██████▋   | 1.20G/1.78G [00:40<00:32, 19.4MB/s]
[2026-01-15T03:11:59.708+0000] {docker.py:429} INFO - 68%|██████▊   | 1.21G/1.78G [00:41<00:32, 19.4MB/s]
[2026-01-15T03:11:59.815+0000] {docker.py:429} INFO - 68%|██████▊   | 1.21G/1.78G [00:41<00:31, 19.5MB/s]
[2026-01-15T03:11:59.922+0000] {docker.py:429} INFO - 68%|██████▊   | 1.21G/1.78G [00:41<00:31, 19.5MB/s]
[2026-01-15T03:12:00.030+0000] {docker.py:429} INFO - 68%|██████▊   | 1.21G/1.78G [00:41<00:31, 19.5MB/s]
[2026-01-15T03:12:00.137+0000] {docker.py:429} INFO - 68%|██████▊   | 1.21G/1.78G [00:41<00:31, 19.5MB/s]
[2026-01-15T03:12:00.245+0000] {docker.py:429} INFO - 68%|██████▊   | 1.22G/1.78G [00:41<00:31, 19.5MB/s]
[2026-01-15T03:12:00.354+0000] {docker.py:429} INFO - 68%|██████▊   | 1.22G/1.78G [00:41<00:31, 19.4MB/s]
[2026-01-15T03:12:00.461+0000] {docker.py:429} INFO - 68%|██████▊   | 1.22G/1.78G [00:41<00:31, 19.5MB/s]
[2026-01-15T03:12:00.569+0000] {docker.py:429} INFO - 68%|██████▊   | 1.22G/1.78G [00:41<00:31, 19.5MB/s]
[2026-01-15T03:12:00.676+0000] {docker.py:429} INFO - 69%|██████▊   | 1.22G/1.78G [00:41<00:30, 19.5MB/s]
[2026-01-15T03:12:00.784+0000] {docker.py:429} INFO - 69%|██████▊   | 1.23G/1.78G [00:42<00:30, 19.5MB/s]
[2026-01-15T03:12:00.891+0000] {docker.py:429} INFO - 69%|██████▉   | 1.23G/1.78G [00:42<00:30, 19.5MB/s]
[2026-01-15T03:12:00.999+0000] {docker.py:429} INFO - 69%|██████▉   | 1.23G/1.78G [00:42<00:30, 19.5MB/s]
[2026-01-15T03:12:01.105+0000] {docker.py:429} INFO - 69%|██████▉   | 1.23G/1.78G [00:42<00:30, 19.6MB/s]
[2026-01-15T03:12:01.212+0000] {docker.py:429} INFO - 69%|██████▉   | 1.23G/1.78G [00:42<00:30, 19.6MB/s]
[2026-01-15T03:12:01.318+0000] {docker.py:429} INFO - 69%|██████▉   | 1.24G/1.78G [00:42<00:29, 19.7MB/s]
[2026-01-15T03:12:01.425+0000] {docker.py:429} INFO - 69%|██████▉   | 1.24G/1.78G [00:42<00:29, 19.6MB/s]
[2026-01-15T03:12:01.531+0000] {docker.py:429} INFO - 69%|██████▉   | 1.24G/1.78G [00:42<00:29, 19.7MB/s]
[2026-01-15T03:12:01.638+0000] {docker.py:429} INFO - 70%|██████▉   | 1.24G/1.78G [00:42<00:29, 19.7MB/s]
[2026-01-15T03:12:01.744+0000] {docker.py:429} INFO - 70%|██████▉   | 1.24G/1.78G [00:43<00:29, 19.7MB/s]
[2026-01-15T03:12:01.851+0000] {docker.py:429} INFO - 70%|██████▉   | 1.25G/1.78G [00:43<00:29, 19.7MB/s]
[2026-01-15T03:12:01.957+0000] {docker.py:429} INFO - 70%|██████▉   | 1.25G/1.78G [00:43<00:29, 19.7MB/s]
[2026-01-15T03:12:02.165+0000] {docker.py:429} INFO - 70%|███████   | 1.25G/1.78G [00:43<00:37, 15.3MB/s]
[2026-01-15T03:12:02.275+0000] {docker.py:429} INFO - 70%|███████   | 1.25G/1.78G [00:43<00:35, 16.3MB/s]
[2026-01-15T03:12:02.386+0000] {docker.py:429} INFO - 70%|███████   | 1.25G/1.78G [00:43<00:33, 17.0MB/s]
[2026-01-15T03:12:02.499+0000] {docker.py:429} INFO - 70%|███████   | 1.25G/1.78G [00:43<00:32, 17.4MB/s]
[2026-01-15T03:12:02.609+0000] {docker.py:429} INFO - 70%|███████   | 1.26G/1.78G [00:43<00:31, 17.9MB/s]
[2026-01-15T03:12:02.718+0000] {docker.py:429} INFO - 71%|███████   | 1.26G/1.78G [00:44<00:30, 18.3MB/s]
[2026-01-15T03:12:02.830+0000] {docker.py:429} INFO - 71%|███████   | 1.26G/1.78G [00:44<00:30, 18.4MB/s]
[2026-01-15T03:12:02.941+0000] {docker.py:429} INFO - 71%|███████   | 1.26G/1.78G [00:44<00:30, 18.6MB/s]
[2026-01-15T03:12:03.049+0000] {docker.py:429} INFO - 71%|███████   | 1.26G/1.78G [00:44<00:29, 18.8MB/s]
[2026-01-15T03:12:03.158+0000] {docker.py:429} INFO - 71%|███████   | 1.27G/1.78G [00:44<00:29, 18.9MB/s]
[2026-01-15T03:12:03.271+0000] {docker.py:429} INFO - 71%|███████   | 1.27G/1.78G [00:44<00:29, 18.8MB/s]
[2026-01-15T03:12:03.383+0000] {docker.py:429} INFO - 71%|███████   | 1.27G/1.78G [00:44<00:29, 18.8MB/s]
[2026-01-15T03:12:03.490+0000] {docker.py:429} INFO - 71%|███████▏  | 1.27G/1.78G [00:44<00:28, 19.0MB/s]
[2026-01-15T03:12:03.601+0000] {docker.py:429} INFO - 71%|███████▏  | 1.27G/1.78G [00:44<00:28, 19.0MB/s]
[2026-01-15T03:12:03.712+0000] {docker.py:429} INFO - 72%|███████▏  | 1.28G/1.78G [00:45<00:28, 19.0MB/s]
[2026-01-15T03:12:03.824+0000] {docker.py:429} INFO - 72%|███████▏  | 1.28G/1.78G [00:45<00:28, 18.9MB/s]
[2026-01-15T03:12:03.936+0000] {docker.py:429} INFO - 72%|███████▏  | 1.28G/1.78G [00:45<00:28, 18.9MB/s]
[2026-01-15T03:12:04.046+0000] {docker.py:429} INFO - 72%|███████▏  | 1.28G/1.78G [00:45<00:28, 18.9MB/s]
[2026-01-15T03:12:04.157+0000] {docker.py:429} INFO - 72%|███████▏  | 1.28G/1.78G [00:45<00:28, 18.9MB/s]
[2026-01-15T03:12:04.268+0000] {docker.py:429} INFO - 72%|███████▏  | 1.29G/1.78G [00:45<00:28, 18.9MB/s]
[2026-01-15T03:12:04.380+0000] {docker.py:429} INFO - 72%|███████▏  | 1.29G/1.78G [00:45<00:28, 18.8MB/s]
[2026-01-15T03:12:04.490+0000] {docker.py:429} INFO - 72%|███████▏  | 1.29G/1.78G [00:45<00:28, 18.9MB/s]
[2026-01-15T03:12:04.602+0000] {docker.py:429} INFO - 72%|███████▏  | 1.29G/1.78G [00:45<00:28, 18.9MB/s]
[2026-01-15T03:12:04.711+0000] {docker.py:429} INFO - 73%|███████▎  | 1.29G/1.78G [00:46<00:27, 19.0MB/s]
[2026-01-15T03:12:04.821+0000] {docker.py:429} INFO - 73%|███████▎  | 1.30G/1.78G [00:46<00:27, 19.0MB/s]
[2026-01-15T03:12:04.932+0000] {docker.py:429} INFO - 73%|███████▎  | 1.30G/1.78G [00:46<00:27, 19.0MB/s]
[2026-01-15T03:12:05.042+0000] {docker.py:429} INFO - 73%|███████▎  | 1.30G/1.78G [00:46<00:27, 19.0MB/s]
[2026-01-15T03:12:05.152+0000] {docker.py:429} INFO - 73%|███████▎  | 1.30G/1.78G [00:46<00:27, 19.1MB/s]
[2026-01-15T03:12:05.261+0000] {docker.py:429} INFO - 73%|███████▎  | 1.30G/1.78G [00:46<00:27, 19.1MB/s]
[2026-01-15T03:12:05.376+0000] {docker.py:429} INFO - 73%|███████▎  | 1.31G/1.78G [00:46<00:27, 18.8MB/s]
[2026-01-15T03:12:05.488+0000] {docker.py:429} INFO - 73%|███████▎  | 1.31G/1.78G [00:46<00:27, 18.8MB/s]
[2026-01-15T03:12:05.601+0000] {docker.py:429} INFO - 73%|███████▎  | 1.31G/1.78G [00:46<00:27, 18.7MB/s]
[2026-01-15T03:12:05.713+0000] {docker.py:429} INFO - 74%|███████▎  | 1.31G/1.78G [00:47<00:27, 18.7MB/s]
[2026-01-15T03:12:05.825+0000] {docker.py:429} INFO - 74%|███████▎  | 1.31G/1.78G [00:47<00:27, 18.7MB/s]
[2026-01-15T03:12:05.937+0000] {docker.py:429} INFO - 74%|███████▎  | 1.32G/1.78G [00:47<00:26, 18.7MB/s]
[2026-01-15T03:12:06.050+0000] {docker.py:429} INFO - 74%|███████▍  | 1.32G/1.78G [00:47<00:26, 18.7MB/s]
[2026-01-15T03:12:06.163+0000] {docker.py:429} INFO - 74%|███████▍  | 1.32G/1.78G [00:47<00:26, 18.7MB/s]
[2026-01-15T03:12:06.275+0000] {docker.py:429} INFO - 74%|███████▍  | 1.32G/1.78G [00:47<00:26, 18.7MB/s]
[2026-01-15T03:12:06.388+0000] {docker.py:429} INFO - 74%|███████▍  | 1.32G/1.78G [00:47<00:26, 18.6MB/s]
[2026-01-15T03:12:06.498+0000] {docker.py:429} INFO - 74%|███████▍  | 1.33G/1.78G [00:47<00:26, 18.8MB/s]
[2026-01-15T03:12:06.608+0000] {docker.py:429} INFO - 74%|███████▍  | 1.33G/1.78G [00:47<00:25, 18.9MB/s]
[2026-01-15T03:12:06.723+0000] {docker.py:429} INFO - 74%|███████▍  | 1.33G/1.78G [00:48<00:26, 18.6MB/s]
[2026-01-15T03:12:06.832+0000] {docker.py:429} INFO - 75%|███████▍  | 1.33G/1.78G [00:48<00:25, 18.8MB/s]
[2026-01-15T03:12:06.941+0000] {docker.py:429} INFO - 75%|███████▍  | 1.33G/1.78G [00:48<00:25, 19.0MB/s]
[2026-01-15T03:12:07.053+0000] {docker.py:429} INFO - 75%|███████▍  | 1.33G/1.78G [00:48<00:25, 18.9MB/s]
[2026-01-15T03:12:07.163+0000] {docker.py:429} INFO - 75%|███████▍  | 1.34G/1.78G [00:48<00:25, 18.9MB/s]
[2026-01-15T03:12:07.365+0000] {docker.py:429} INFO - 75%|███████▌  | 1.34G/1.78G [00:48<00:31, 15.2MB/s]
[2026-01-15T03:12:07.489+0000] {docker.py:429} INFO - 75%|███████▌  | 1.34G/1.78G [00:48<00:30, 15.7MB/s]
[2026-01-15T03:12:07.599+0000] {docker.py:429} INFO - 75%|███████▌  | 1.34G/1.78G [00:48<00:28, 16.5MB/s]
[2026-01-15T03:12:07.708+0000] {docker.py:429} INFO - 75%|███████▌  | 1.34G/1.78G [00:49<00:27, 17.3MB/s]
[2026-01-15T03:12:07.820+0000] {docker.py:429} INFO - 75%|███████▌  | 1.35G/1.78G [00:49<00:26, 17.7MB/s]
[2026-01-15T03:12:07.930+0000] {docker.py:429} INFO - 76%|███████▌  | 1.35G/1.78G [00:49<00:25, 18.1MB/s]
[2026-01-15T03:12:08.042+0000] {docker.py:429} INFO - 76%|███████▌  | 1.35G/1.78G [00:49<00:25, 18.3MB/s]
[2026-01-15T03:12:08.151+0000] {docker.py:429} INFO - 76%|███████▌  | 1.35G/1.78G [00:49<00:24, 18.6MB/s]
[2026-01-15T03:12:08.262+0000] {docker.py:429} INFO - 76%|███████▌  | 1.35G/1.78G [00:49<00:24, 18.7MB/s]
[2026-01-15T03:12:08.375+0000] {docker.py:429} INFO - 76%|███████▌  | 1.36G/1.78G [00:49<00:24, 18.6MB/s]
[2026-01-15T03:12:08.485+0000] {docker.py:429} INFO - 76%|███████▌  | 1.36G/1.78G [00:49<00:24, 18.7MB/s]
[2026-01-15T03:12:08.595+0000] {docker.py:429} INFO - 76%|███████▋  | 1.36G/1.78G [00:49<00:24, 18.8MB/s]
[2026-01-15T03:12:08.706+0000] {docker.py:429} INFO - 76%|███████▋  | 1.36G/1.78G [00:50<00:24, 18.9MB/s]
[2026-01-15T03:12:08.817+0000] {docker.py:429} INFO - 76%|███████▋  | 1.36G/1.78G [00:50<00:23, 18.9MB/s]
[2026-01-15T03:12:08.925+0000] {docker.py:429} INFO - 77%|███████▋  | 1.37G/1.78G [00:50<00:23, 19.0MB/s]
[2026-01-15T03:12:09.038+0000] {docker.py:429} INFO - 77%|███████▋  | 1.37G/1.78G [00:50<00:23, 18.9MB/s]
[2026-01-15T03:12:09.152+0000] {docker.py:429} INFO - 77%|███████▋  | 1.37G/1.78G [00:50<00:23, 18.8MB/s]
[2026-01-15T03:12:09.267+0000] {docker.py:429} INFO - 77%|███████▋  | 1.37G/1.78G [00:50<00:23, 18.6MB/s]
[2026-01-15T03:12:09.381+0000] {docker.py:429} INFO - 77%|███████▋  | 1.37G/1.78G [00:50<00:23, 18.5MB/s]
[2026-01-15T03:12:09.496+0000] {docker.py:429} INFO - 77%|███████▋  | 1.38G/1.78G [00:50<00:23, 18.5MB/s]
[2026-01-15T03:12:09.611+0000] {docker.py:429} INFO - 77%|███████▋  | 1.38G/1.78G [00:50<00:23, 18.4MB/s]
[2026-01-15T03:12:09.725+0000] {docker.py:429} INFO - 77%|███████▋  | 1.38G/1.78G [00:51<00:23, 18.4MB/s]
[2026-01-15T03:12:09.841+0000] {docker.py:429} INFO - 77%|███████▋  | 1.38G/1.78G [00:51<00:23, 18.3MB/s]
[2026-01-15T03:12:09.956+0000] {docker.py:429} INFO - 78%|███████▊  | 1.38G/1.78G [00:51<00:23, 18.3MB/s]
[2026-01-15T03:12:10.067+0000] {docker.py:429} INFO - 78%|███████▊  | 1.39G/1.78G [00:51<00:23, 18.4MB/s]
[2026-01-15T03:12:10.179+0000] {docker.py:429} INFO - 78%|███████▊  | 1.39G/1.78G [00:51<00:22, 18.6MB/s]
[2026-01-15T03:12:10.292+0000] {docker.py:429} INFO - 78%|███████▊  | 1.39G/1.78G [00:51<00:22, 18.5MB/s]
[2026-01-15T03:12:10.406+0000] {docker.py:429} INFO - 78%|███████▊  | 1.39G/1.78G [00:51<00:22, 18.5MB/s]
[2026-01-15T03:12:10.520+0000] {docker.py:429} INFO - 78%|███████▊  | 1.39G/1.78G [00:51<00:22, 18.5MB/s]
[2026-01-15T03:12:10.633+0000] {docker.py:429} INFO - 78%|███████▊  | 1.40G/1.78G [00:51<00:22, 18.5MB/s]
[2026-01-15T03:12:10.745+0000] {docker.py:429} INFO - 78%|███████▊  | 1.40G/1.78G [00:52<00:22, 18.6MB/s]
[2026-01-15T03:12:10.858+0000] {docker.py:429} INFO - 78%|███████▊  | 1.40G/1.78G [00:52<00:22, 18.5MB/s]
[2026-01-15T03:12:10.972+0000] {docker.py:429} INFO - 79%|███████▊  | 1.40G/1.78G [00:52<00:22, 18.5MB/s]
[2026-01-15T03:12:11.085+0000] {docker.py:429} INFO - 79%|███████▊  | 1.40G/1.78G [00:52<00:22, 18.5MB/s]
[2026-01-15T03:12:11.198+0000] {docker.py:429} INFO - 79%|███████▉  | 1.41G/1.78G [00:52<00:21, 18.5MB/s]
[2026-01-15T03:12:11.311+0000] {docker.py:429} INFO - 79%|███████▉  | 1.41G/1.78G [00:52<00:21, 18.5MB/s]
[2026-01-15T03:12:11.424+0000] {docker.py:429} INFO - 79%|███████▉  | 1.41G/1.78G [00:52<00:21, 18.5MB/s]
[2026-01-15T03:12:11.537+0000] {docker.py:429} INFO - 79%|███████▉  | 1.41G/1.78G [00:52<00:21, 18.5MB/s]
[2026-01-15T03:12:11.650+0000] {docker.py:429} INFO - 79%|███████▉  | 1.41G/1.78G [00:52<00:21, 18.6MB/s]
[2026-01-15T03:12:11.762+0000] {docker.py:429} INFO - 79%|███████▉  | 1.42G/1.78G [00:53<00:21, 18.6MB/s]
[2026-01-15T03:12:11.876+0000] {docker.py:429} INFO - 79%|███████▉  | 1.42G/1.78G [00:53<00:21, 18.5MB/s]
[2026-01-15T03:12:11.990+0000] {docker.py:429} INFO - 80%|███████▉  | 1.42G/1.78G [00:53<00:21, 18.5MB/s]
[2026-01-15T03:12:12.103+0000] {docker.py:429} INFO - 80%|███████▉  | 1.42G/1.78G [00:53<00:21, 18.5MB/s]
[2026-01-15T03:12:12.218+0000] {docker.py:429} INFO - 80%|███████▉  | 1.42G/1.78G [00:53<00:21, 18.5MB/s]
[2026-01-15T03:12:12.332+0000] {docker.py:429} INFO - 80%|███████▉  | 1.42G/1.78G [00:53<00:20, 18.4MB/s]
[2026-01-15T03:12:12.445+0000] {docker.py:429} INFO - 80%|███████▉  | 1.43G/1.78G [00:53<00:20, 18.5MB/s]
[2026-01-15T03:12:12.559+0000] {docker.py:429} INFO - 80%|████████  | 1.43G/1.78G [00:53<00:20, 18.4MB/s]
[2026-01-15T03:12:12.672+0000] {docker.py:429} INFO - 80%|████████  | 1.43G/1.78G [00:53<00:20, 18.5MB/s]
[2026-01-15T03:12:12.787+0000] {docker.py:429} INFO - 80%|████████  | 1.43G/1.78G [00:54<00:20, 18.4MB/s]
[2026-01-15T03:12:12.903+0000] {docker.py:429} INFO - 80%|████████  | 1.43G/1.78G [00:54<00:20, 18.3MB/s]
[2026-01-15T03:12:13.017+0000] {docker.py:429} INFO - 81%|████████  | 1.44G/1.78G [00:54<00:20, 18.3MB/s]
[2026-01-15T03:12:13.130+0000] {docker.py:429} INFO - 81%|████████  | 1.44G/1.78G [00:54<00:20, 18.4MB/s]
[2026-01-15T03:12:13.245+0000] {docker.py:429} INFO - 81%|████████  | 1.44G/1.78G [00:54<00:20, 18.3MB/s]
[2026-01-15T03:12:13.359+0000] {docker.py:429} INFO - 81%|████████  | 1.44G/1.78G [00:54<00:19, 18.4MB/s]
[2026-01-15T03:12:13.476+0000] {docker.py:429} INFO - 81%|████████  | 1.44G/1.78G [00:54<00:19, 18.2MB/s]
[2026-01-15T03:12:13.593+0000] {docker.py:429} INFO - 81%|████████  | 1.45G/1.78G [00:54<00:19, 18.1MB/s]
[2026-01-15T03:12:13.709+0000] {docker.py:429} INFO - 81%|████████  | 1.45G/1.78G [00:55<00:19, 18.1MB/s]
[2026-01-15T03:12:13.824+0000] {docker.py:429} INFO - 81%|████████▏ | 1.45G/1.78G [00:55<00:19, 18.2MB/s]
[2026-01-15T03:12:13.941+0000] {docker.py:429} INFO - 81%|████████▏ | 1.45G/1.78G [00:55<00:19, 18.1MB/s]
[2026-01-15T03:12:14.061+0000] {docker.py:429} INFO - 82%|████████▏ | 1.45G/1.78G [00:55<00:19, 17.9MB/s]
[2026-01-15T03:12:14.183+0000] {docker.py:429} INFO - 82%|████████▏ | 1.46G/1.78G [00:55<00:19, 17.7MB/s]
[2026-01-15T03:12:14.302+0000] {docker.py:429} INFO - 82%|████████▏ | 1.46G/1.78G [00:55<00:19, 17.6MB/s]
[2026-01-15T03:12:14.421+0000] {docker.py:429} INFO - 82%|████████▏ | 1.46G/1.78G [00:55<00:19, 17.6MB/s]
[2026-01-15T03:12:14.540+0000] {docker.py:429} INFO - 82%|████████▏ | 1.46G/1.78G [00:55<00:19, 17.7MB/s]
[2026-01-15T03:12:14.656+0000] {docker.py:429} INFO - 82%|████████▏ | 1.46G/1.78G [00:55<00:19, 17.7MB/s]
[2026-01-15T03:12:14.788+0000] {docker.py:429} INFO - 82%|████████▏ | 1.47G/1.78G [00:56<00:19, 17.2MB/s]
[2026-01-15T03:12:14.999+0000] {docker.py:429} INFO - 82%|████████▏ | 1.47G/1.78G [00:56<00:24, 14.1MB/s]
[2026-01-15T03:12:15.115+0000] {docker.py:429} INFO - 82%|████████▏ | 1.47G/1.78G [00:56<00:22, 15.1MB/s]
[2026-01-15T03:12:15.234+0000] {docker.py:429} INFO - 82%|████████▏ | 1.47G/1.78G [00:56<00:21, 15.8MB/s]
[2026-01-15T03:12:15.353+0000] {docker.py:429} INFO - 83%|████████▎ | 1.47G/1.78G [00:56<00:20, 16.3MB/s]
[2026-01-15T03:12:15.469+0000] {docker.py:429} INFO - 83%|████████▎ | 1.48G/1.78G [00:56<00:19, 16.8MB/s]
[2026-01-15T03:12:15.586+0000] {docker.py:429} INFO - 83%|████████▎ | 1.48G/1.78G [00:56<00:19, 17.1MB/s]
[2026-01-15T03:12:15.703+0000] {docker.py:429} INFO - 83%|████████▎ | 1.48G/1.78G [00:56<00:18, 17.4MB/s]
[2026-01-15T03:12:15.820+0000] {docker.py:429} INFO - 83%|████████▎ | 1.48G/1.78G [00:57<00:18, 17.5MB/s]
[2026-01-15T03:12:15.936+0000] {docker.py:429} INFO - 83%|████████▎ | 1.48G/1.78G [00:57<00:18, 17.7MB/s]
[2026-01-15T03:12:16.053+0000] {docker.py:429} INFO - 83%|████████▎ | 1.49G/1.78G [00:57<00:18, 17.8MB/s]
[2026-01-15T03:12:16.169+0000] {docker.py:429} INFO - 83%|████████▎ | 1.49G/1.78G [00:57<00:17, 17.9MB/s]
[2026-01-15T03:12:16.286+0000] {docker.py:429} INFO - 83%|████████▎ | 1.49G/1.78G [00:57<00:17, 17.9MB/s]
[2026-01-15T03:12:16.401+0000] {docker.py:429} INFO - 84%|████████▎ | 1.49G/1.78G [00:57<00:17, 18.0MB/s]
[2026-01-15T03:12:16.518+0000] {docker.py:429} INFO - 84%|████████▎ | 1.49G/1.78G [00:57<00:17, 18.0MB/s]
[2026-01-15T03:12:16.637+0000] {docker.py:429} INFO - 84%|████████▍ | 1.50G/1.78G [00:57<00:17, 17.9MB/s]
[2026-01-15T03:12:16.755+0000] {docker.py:429} INFO - 84%|████████▍ | 1.50G/1.78G [00:58<00:17, 17.8MB/s]
[2026-01-15T03:12:16.873+0000] {docker.py:429} INFO - 84%|████████▍ | 1.50G/1.78G [00:58<00:17, 17.8MB/s]
[2026-01-15T03:12:16.992+0000] {docker.py:429} INFO - 84%|████████▍ | 1.50G/1.78G [00:58<00:17, 17.8MB/s]
[2026-01-15T03:12:17.110+0000] {docker.py:429} INFO - 84%|████████▍ | 1.50G/1.78G [00:58<00:16, 17.8MB/s]
[2026-01-15T03:12:17.226+0000] {docker.py:429} INFO - 84%|████████▍ | 1.50G/1.78G [00:58<00:16, 17.9MB/s]
[2026-01-15T03:12:17.341+0000] {docker.py:429} INFO - 84%|████████▍ | 1.51G/1.78G [00:58<00:16, 17.9MB/s]
[2026-01-15T03:12:17.458+0000] {docker.py:429} INFO - 85%|████████▍ | 1.51G/1.78G [00:58<00:16, 17.9MB/s]
[2026-01-15T03:12:17.577+0000] {docker.py:429} INFO - 85%|████████▍ | 1.51G/1.78G [00:58<00:16, 17.9MB/s]
[2026-01-15T03:12:17.694+0000] {docker.py:429} INFO - 85%|████████▍ | 1.51G/1.78G [00:58<00:16, 17.9MB/s]
[2026-01-15T03:12:17.812+0000] {docker.py:429} INFO - 85%|████████▍ | 1.51G/1.78G [00:59<00:16, 17.9MB/s]
[2026-01-15T03:12:17.929+0000] {docker.py:429} INFO - 85%|████████▌ | 1.52G/1.78G [00:59<00:16, 17.9MB/s]
[2026-01-15T03:12:18.047+0000] {docker.py:429} INFO - 85%|████████▌ | 1.52G/1.78G [00:59<00:16, 17.8MB/s]
[2026-01-15T03:12:18.165+0000] {docker.py:429} INFO - 85%|████████▌ | 1.52G/1.78G [00:59<00:15, 17.8MB/s]
[2026-01-15T03:12:18.283+0000] {docker.py:429} INFO - 85%|████████▌ | 1.52G/1.78G [00:59<00:15, 17.8MB/s]
[2026-01-15T03:12:18.395+0000] {docker.py:429} INFO - 85%|████████▌ | 1.52G/1.78G [00:59<00:15, 18.0MB/s]
[2026-01-15T03:12:18.506+0000] {docker.py:429} INFO - 86%|████████▌ | 1.53G/1.78G [00:59<00:15, 18.3MB/s]
[2026-01-15T03:12:18.625+0000] {docker.py:429} INFO - 86%|████████▌ | 1.53G/1.78G [00:59<00:15, 18.1MB/s]
[2026-01-15T03:12:18.735+0000] {docker.py:429} INFO - 86%|████████▌ | 1.53G/1.78G [01:00<00:14, 18.4MB/s]
[2026-01-15T03:12:18.846+0000] {docker.py:429} INFO - 86%|████████▌ | 1.53G/1.78G [01:00<00:14, 18.5MB/s]
[2026-01-15T03:12:18.962+0000] {docker.py:429} INFO - 86%|████████▌ | 1.53G/1.78G [01:00<00:14, 18.4MB/s]
[2026-01-15T03:12:19.079+0000] {docker.py:429} INFO - 86%|████████▌ | 1.54G/1.78G [01:00<00:14, 18.2MB/s]
[2026-01-15T03:12:19.192+0000] {docker.py:429} INFO - 86%|████████▌ | 1.54G/1.78G [01:00<00:14, 18.3MB/s]
[2026-01-15T03:12:19.306+0000] {docker.py:429} INFO - 86%|████████▋ | 1.54G/1.78G [01:00<00:14, 18.4MB/s]
[2026-01-15T03:12:19.420+0000] {docker.py:429} INFO - 86%|████████▋ | 1.54G/1.78G [01:00<00:14, 18.4MB/s]
[2026-01-15T03:12:19.534+0000] {docker.py:429} INFO - 87%|████████▋ | 1.54G/1.78G [01:00<00:14, 18.4MB/s]
[2026-01-15T03:12:19.648+0000] {docker.py:429} INFO - 87%|████████▋ | 1.55G/1.78G [01:00<00:13, 18.4MB/s]
[2026-01-15T03:12:19.762+0000] {docker.py:429} INFO - 87%|████████▋ | 1.55G/1.78G [01:01<00:13, 18.4MB/s]
[2026-01-15T03:12:19.876+0000] {docker.py:429} INFO - 87%|████████▋ | 1.55G/1.78G [01:01<00:13, 18.4MB/s]
[2026-01-15T03:12:19.997+0000] {docker.py:429} INFO - 87%|████████▋ | 1.55G/1.78G [01:01<00:13, 18.0MB/s]
[2026-01-15T03:12:20.208+0000] {docker.py:429} INFO - 87%|████████▋ | 1.55G/1.78G [01:01<00:17, 14.5MB/s]
[2026-01-15T03:12:20.323+0000] {docker.py:429} INFO - 87%|████████▋ | 1.56G/1.78G [01:01<00:15, 15.5MB/s]
[2026-01-15T03:12:20.436+0000] {docker.py:429} INFO - 87%|████████▋ | 1.56G/1.78G [01:01<00:14, 16.3MB/s]
[2026-01-15T03:12:20.549+0000] {docker.py:429} INFO - 87%|████████▋ | 1.56G/1.78G [01:01<00:14, 16.9MB/s]
[2026-01-15T03:12:20.662+0000] {docker.py:429} INFO - 88%|████████▊ | 1.56G/1.78G [01:01<00:13, 17.4MB/s]
[2026-01-15T03:12:20.773+0000] {docker.py:429} INFO - 88%|████████▊ | 1.56G/1.78G [01:02<00:13, 17.8MB/s]
[2026-01-15T03:12:20.883+0000] {docker.py:429} INFO - 88%|████████▊ | 1.57G/1.78G [01:02<00:12, 18.1MB/s]
[2026-01-15T03:12:20.996+0000] {docker.py:429} INFO - 88%|████████▊ | 1.57G/1.78G [01:02<00:12, 18.3MB/s]
[2026-01-15T03:12:21.110+0000] {docker.py:429} INFO - 88%|████████▊ | 1.57G/1.78G [01:02<00:12, 18.3MB/s]
[2026-01-15T03:12:21.226+0000] {docker.py:429} INFO - 88%|████████▊ | 1.57G/1.78G [01:02<00:12, 18.3MB/s]
[2026-01-15T03:12:21.338+0000] {docker.py:429} INFO - 88%|████████▊ | 1.57G/1.78G [01:02<00:12, 18.4MB/s]
[2026-01-15T03:12:21.452+0000] {docker.py:429} INFO - 88%|████████▊ | 1.58G/1.78G [01:02<00:12, 18.4MB/s]
[2026-01-15T03:12:21.568+0000] {docker.py:429} INFO - 88%|████████▊ | 1.58G/1.78G [01:02<00:12, 18.3MB/s]
[2026-01-15T03:12:21.688+0000] {docker.py:429} INFO - 89%|████████▊ | 1.58G/1.78G [01:02<00:12, 18.0MB/s]
[2026-01-15T03:12:21.801+0000] {docker.py:429} INFO - 89%|████████▊ | 1.58G/1.78G [01:03<00:11, 18.2MB/s]
[2026-01-15T03:12:21.916+0000] {docker.py:429} INFO - 89%|████████▊ | 1.58G/1.78G [01:03<00:11, 18.2MB/s]
[2026-01-15T03:12:22.028+0000] {docker.py:429} INFO - 89%|████████▉ | 1.58G/1.78G [01:03<00:11, 18.3MB/s]
[2026-01-15T03:12:22.140+0000] {docker.py:429} INFO - 89%|████████▉ | 1.59G/1.78G [01:03<00:11, 18.5MB/s]
[2026-01-15T03:12:22.254+0000] {docker.py:429} INFO - 89%|████████▉ | 1.59G/1.78G [01:03<00:11, 18.4MB/s]
[2026-01-15T03:12:22.368+0000] {docker.py:429} INFO - 89%|████████▉ | 1.59G/1.78G [01:03<00:11, 18.5MB/s]
[2026-01-15T03:12:22.480+0000] {docker.py:429} INFO - 89%|████████▉ | 1.59G/1.78G [01:03<00:11, 18.5MB/s]
[2026-01-15T03:12:22.593+0000] {docker.py:429} INFO - 89%|████████▉ | 1.59G/1.78G [01:03<00:10, 18.5MB/s]
[2026-01-15T03:12:22.706+0000] {docker.py:429} INFO - 89%|████████▉ | 1.60G/1.78G [01:04<00:10, 18.5MB/s]
[2026-01-15T03:12:22.818+0000] {docker.py:429} INFO - 90%|████████▉ | 1.60G/1.78G [01:04<00:10, 18.6MB/s]
[2026-01-15T03:12:22.932+0000] {docker.py:429} INFO - 90%|████████▉ | 1.60G/1.78G [01:04<00:10, 18.5MB/s]
[2026-01-15T03:12:23.045+0000] {docker.py:429} INFO - 90%|████████▉ | 1.60G/1.78G [01:04<00:10, 18.5MB/s]
[2026-01-15T03:12:23.159+0000] {docker.py:429} INFO - 90%|████████▉ | 1.60G/1.78G [01:04<00:10, 18.5MB/s]
[2026-01-15T03:12:23.274+0000] {docker.py:429} INFO - 90%|█████████ | 1.61G/1.78G [01:04<00:10, 18.4MB/s]
[2026-01-15T03:12:23.385+0000] {docker.py:429} INFO - 90%|█████████ | 1.61G/1.78G [01:04<00:10, 18.5MB/s]
[2026-01-15T03:12:23.498+0000] {docker.py:429} INFO - 90%|█████████ | 1.61G/1.78G [01:04<00:10, 18.5MB/s]
[2026-01-15T03:12:23.611+0000] {docker.py:429} INFO - 90%|█████████ | 1.61G/1.78G [01:04<00:09, 18.5MB/s]
[2026-01-15T03:12:23.724+0000] {docker.py:429} INFO - 90%|█████████ | 1.61G/1.78G [01:05<00:09, 18.5MB/s]
[2026-01-15T03:12:23.838+0000] {docker.py:429} INFO - 91%|█████████ | 1.62G/1.78G [01:05<00:09, 18.5MB/s]
[2026-01-15T03:12:23.953+0000] {docker.py:429} INFO - 91%|█████████ | 1.62G/1.78G [01:05<00:09, 18.4MB/s]
[2026-01-15T03:12:24.066+0000] {docker.py:429} INFO - 91%|█████████ | 1.62G/1.78G [01:05<00:09, 18.5MB/s]
[2026-01-15T03:12:24.182+0000] {docker.py:429} INFO - 91%|█████████ | 1.62G/1.78G [01:05<00:09, 18.4MB/s]
[2026-01-15T03:12:24.295+0000] {docker.py:429} INFO - 91%|█████████ | 1.62G/1.78G [01:05<00:09, 18.4MB/s]
[2026-01-15T03:12:24.408+0000] {docker.py:429} INFO - 91%|█████████ | 1.63G/1.78G [01:05<00:09, 18.5MB/s]
[2026-01-15T03:12:24.521+0000] {docker.py:429} INFO - 91%|█████████ | 1.63G/1.78G [01:05<00:09, 18.5MB/s]
[2026-01-15T03:12:24.635+0000] {docker.py:429} INFO - 91%|█████████▏| 1.63G/1.78G [01:05<00:08, 18.4MB/s]
[2026-01-15T03:12:24.750+0000] {docker.py:429} INFO - 91%|█████████▏| 1.63G/1.78G [01:06<00:08, 18.4MB/s]
[2026-01-15T03:12:24.865+0000] {docker.py:429} INFO - 92%|█████████▏| 1.63G/1.78G [01:06<00:08, 18.3MB/s]
[2026-01-15T03:12:24.980+0000] {docker.py:429} INFO - 92%|█████████▏| 1.64G/1.78G [01:06<00:08, 18.3MB/s]
[2026-01-15T03:12:25.095+0000] {docker.py:429} INFO - 92%|█████████▏| 1.64G/1.78G [01:06<00:08, 18.3MB/s]
[2026-01-15T03:12:25.211+0000] {docker.py:429} INFO - 92%|█████████▏| 1.64G/1.78G [01:06<00:08, 18.2MB/s]
[2026-01-15T03:12:25.429+0000] {docker.py:429} INFO - 92%|█████████▏| 1.64G/1.78G [01:06<00:10, 14.4MB/s]
[2026-01-15T03:12:25.545+0000] {docker.py:429} INFO - 92%|█████████▏| 1.64G/1.78G [01:06<00:09, 15.3MB/s]
[2026-01-15T03:12:25.662+0000] {docker.py:429} INFO - 92%|█████████▏| 1.65G/1.78G [01:06<00:09, 16.0MB/s]
[2026-01-15T03:12:25.778+0000] {docker.py:429} INFO - 92%|█████████▏| 1.65G/1.78G [01:07<00:08, 16.6MB/s]
[2026-01-15T03:12:25.896+0000] {docker.py:429} INFO - 92%|█████████▏| 1.65G/1.78G [01:07<00:08, 16.9MB/s]
[2026-01-15T03:12:26.010+0000] {docker.py:429} INFO - 93%|█████████▎| 1.65G/1.78G [01:07<00:08, 17.3MB/s]
[2026-01-15T03:12:26.126+0000] {docker.py:429} INFO - 93%|█████████▎| 1.65G/1.78G [01:07<00:07, 17.6MB/s]
[2026-01-15T03:12:26.240+0000] {docker.py:429} INFO - 93%|█████████▎| 1.66G/1.78G [01:07<00:07, 17.8MB/s]
[2026-01-15T03:12:26.356+0000] {docker.py:429} INFO - 93%|█████████▎| 1.66G/1.78G [01:07<00:07, 17.9MB/s]
[2026-01-15T03:12:26.470+0000] {docker.py:429} INFO - 93%|█████████▎| 1.66G/1.78G [01:07<00:07, 18.0MB/s]
[2026-01-15T03:12:26.586+0000] {docker.py:429} INFO - 93%|█████████▎| 1.66G/1.78G [01:07<00:07, 18.0MB/s]
[2026-01-15T03:12:26.702+0000] {docker.py:429} INFO - 93%|█████████▎| 1.66G/1.78G [01:07<00:07, 18.1MB/s]
[2026-01-15T03:12:26.820+0000] {docker.py:429} INFO - 93%|█████████▎| 1.67G/1.78G [01:08<00:07, 18.0MB/s]
[2026-01-15T03:12:26.936+0000] {docker.py:429} INFO - 93%|█████████▎| 1.67G/1.78G [01:08<00:06, 18.0MB/s]
[2026-01-15T03:12:27.051+0000] {docker.py:429} INFO - 94%|█████████▎| 1.67G/1.78G [01:08<00:06, 18.1MB/s]
[2026-01-15T03:12:27.167+0000] {docker.py:429} INFO - 94%|█████████▎| 1.67G/1.78G [01:08<00:06, 18.1MB/s]
[2026-01-15T03:12:27.284+0000] {docker.py:429} INFO - 94%|█████████▍| 1.67G/1.78G [01:08<00:06, 18.0MB/s]
[2026-01-15T03:12:27.401+0000] {docker.py:429} INFO - 94%|█████████▍| 1.67G/1.78G [01:08<00:06, 18.0MB/s]
[2026-01-15T03:12:27.516+0000] {docker.py:429} INFO - 94%|█████████▍| 1.68G/1.78G [01:08<00:06, 18.1MB/s]
[2026-01-15T03:12:27.633+0000] {docker.py:429} INFO - 94%|█████████▍| 1.68G/1.78G [01:08<00:06, 18.0MB/s]
[2026-01-15T03:12:27.749+0000] {docker.py:429} INFO - 94%|█████████▍| 1.68G/1.78G [01:09<00:06, 18.0MB/s]
[2026-01-15T03:12:27.865+0000] {docker.py:429} INFO - 94%|█████████▍| 1.68G/1.78G [01:09<00:06, 18.0MB/s]
[2026-01-15T03:12:27.981+0000] {docker.py:429} INFO - 94%|█████████▍| 1.68G/1.78G [01:09<00:05, 18.1MB/s]
[2026-01-15T03:12:28.098+0000] {docker.py:429} INFO - 95%|█████████▍| 1.69G/1.78G [01:09<00:05, 18.0MB/s]
[2026-01-15T03:12:28.214+0000] {docker.py:429} INFO - 95%|█████████▍| 1.69G/1.78G [01:09<00:05, 18.1MB/s]
[2026-01-15T03:12:28.329+0000] {docker.py:429} INFO - 95%|█████████▍| 1.69G/1.78G [01:09<00:05, 18.1MB/s]
[2026-01-15T03:12:28.444+0000] {docker.py:429} INFO - 95%|█████████▍| 1.69G/1.78G [01:09<00:05, 18.2MB/s]
[2026-01-15T03:12:28.565+0000] {docker.py:429} INFO - 95%|█████████▍| 1.69G/1.78G [01:09<00:05, 17.9MB/s]
[2026-01-15T03:12:28.682+0000] {docker.py:429} INFO - 95%|█████████▌| 1.70G/1.78G [01:09<00:05, 17.9MB/s]
[2026-01-15T03:12:28.799+0000] {docker.py:429} INFO - 95%|█████████▌| 1.70G/1.78G [01:10<00:05, 17.9MB/s]
[2026-01-15T03:12:28.917+0000] {docker.py:429} INFO - 95%|█████████▌| 1.70G/1.78G [01:10<00:05, 17.8MB/s]
[2026-01-15T03:12:29.034+0000] {docker.py:429} INFO - 95%|█████████▌| 1.70G/1.78G [01:10<00:04, 17.9MB/s]
[2026-01-15T03:12:29.152+0000] {docker.py:429} INFO - 96%|█████████▌| 1.70G/1.78G [01:10<00:04, 17.8MB/s]
[2026-01-15T03:12:29.269+0000] {docker.py:429} INFO - 96%|█████████▌| 1.71G/1.78G [01:10<00:04, 17.9MB/s]
[2026-01-15T03:12:29.387+0000] {docker.py:429} INFO - 96%|█████████▌| 1.71G/1.78G [01:10<00:04, 17.9MB/s]
[2026-01-15T03:12:29.505+0000] {docker.py:429} INFO - 96%|█████████▌| 1.71G/1.78G [01:10<00:04, 17.8MB/s]
[2026-01-15T03:12:29.622+0000] {docker.py:429} INFO - 96%|█████████▌| 1.71G/1.78G [01:10<00:04, 17.9MB/s]
[2026-01-15T03:12:29.733+0000] {docker.py:429} INFO - 96%|█████████▌| 1.71G/1.78G [01:11<00:04, 18.1MB/s]
[2026-01-15T03:12:29.846+0000] {docker.py:429} INFO - 96%|█████████▌| 1.72G/1.78G [01:11<00:04, 18.3MB/s]
[2026-01-15T03:12:29.957+0000] {docker.py:429} INFO - 96%|█████████▋| 1.72G/1.78G [01:11<00:03, 18.5MB/s]
[2026-01-15T03:12:30.067+0000] {docker.py:429} INFO - 96%|█████████▋| 1.72G/1.78G [01:11<00:03, 18.6MB/s]
[2026-01-15T03:12:30.178+0000] {docker.py:429} INFO - 97%|█████████▋| 1.72G/1.78G [01:11<00:03, 18.7MB/s]
[2026-01-15T03:12:30.289+0000] {docker.py:429} INFO - 97%|█████████▋| 1.72G/1.78G [01:11<00:03, 18.7MB/s]
[2026-01-15T03:12:30.400+0000] {docker.py:429} INFO - 97%|█████████▋| 1.73G/1.78G [01:11<00:03, 18.8MB/s]
[2026-01-15T03:12:30.584+0000] {docker.py:429} INFO - 97%|█████████▋| 1.73G/1.78G [01:11<00:03, 15.7MB/s]
[2026-01-15T03:12:30.724+0000] {docker.py:429} INFO - 97%|█████████▋| 1.73G/1.78G [01:12<00:03, 15.5MB/s]
[2026-01-15T03:12:30.837+0000] {docker.py:429} INFO - 97%|█████████▋| 1.73G/1.78G [01:12<00:03, 16.3MB/s]
[2026-01-15T03:12:30.948+0000] {docker.py:429} INFO - 97%|█████████▋| 1.73G/1.78G [01:12<00:03, 17.0MB/s]
[2026-01-15T03:12:31.061+0000] {docker.py:429} INFO - 97%|█████████▋| 1.74G/1.78G [01:12<00:02, 17.4MB/s]
[2026-01-15T03:12:31.172+0000] {docker.py:429} INFO - 97%|█████████▋| 1.74G/1.78G [01:12<00:02, 17.8MB/s]
[2026-01-15T03:12:31.285+0000] {docker.py:429} INFO - 97%|█████████▋| 1.74G/1.78G [01:12<00:02, 18.0MB/s]
[2026-01-15T03:12:31.397+0000] {docker.py:429} INFO - 98%|█████████▊| 1.74G/1.78G [01:12<00:02, 18.2MB/s]
[2026-01-15T03:12:31.508+0000] {docker.py:429} INFO - 98%|█████████▊| 1.74G/1.78G [01:12<00:02, 18.5MB/s]
[2026-01-15T03:12:31.619+0000] {docker.py:429} INFO - 98%|█████████▊| 1.75G/1.78G [01:12<00:02, 18.6MB/s]
[2026-01-15T03:12:31.733+0000] {docker.py:429} INFO - 98%|█████████▊| 1.75G/1.78G [01:13<00:02, 18.5MB/s]
[2026-01-15T03:12:31.844+0000] {docker.py:429} INFO - 98%|█████████▊| 1.75G/1.78G [01:13<00:02, 18.6MB/s]
[2026-01-15T03:12:31.956+0000] {docker.py:429} INFO - 98%|█████████▊| 1.75G/1.78G [01:13<00:01, 18.7MB/s]
[2026-01-15T03:12:32.070+0000] {docker.py:429} INFO - 98%|█████████▊| 1.75G/1.78G [01:13<00:01, 18.6MB/s]
[2026-01-15T03:12:32.180+0000] {docker.py:429} INFO - 98%|█████████▊| 1.75G/1.78G [01:13<00:01, 18.7MB/s]
[2026-01-15T03:12:32.292+0000] {docker.py:429} INFO - 98%|█████████▊| 1.76G/1.78G [01:13<00:01, 18.7MB/s]
[2026-01-15T03:12:32.403+0000] {docker.py:429} INFO - 99%|█████████▊| 1.76G/1.78G [01:13<00:01, 18.8MB/s]
[2026-01-15T03:12:32.516+0000] {docker.py:429} INFO - 99%|█████████▊| 1.76G/1.78G [01:13<00:01, 18.7MB/s]
[2026-01-15T03:12:32.630+0000] {docker.py:429} INFO - 99%|█████████▉| 1.76G/1.78G [01:13<00:01, 18.6MB/s]
[2026-01-15T03:12:32.741+0000] {docker.py:429} INFO - 99%|█████████▉| 1.76G/1.78G [01:14<00:01, 18.7MB/s]
[2026-01-15T03:12:32.855+0000] {docker.py:429} INFO - 99%|█████████▉| 1.77G/1.78G [01:14<00:01, 18.6MB/s]
[2026-01-15T03:12:32.966+0000] {docker.py:429} INFO - 99%|█████████▉| 1.77G/1.78G [01:14<00:00, 18.7MB/s]
[2026-01-15T03:12:33.082+0000] {docker.py:429} INFO - 99%|█████████▉| 1.77G/1.78G [01:14<00:00, 18.5MB/s]
[2026-01-15T03:12:33.193+0000] {docker.py:429} INFO - 99%|█████████▉| 1.77G/1.78G [01:14<00:00, 18.6MB/s]
[2026-01-15T03:12:33.306+0000] {docker.py:429} INFO - 99%|█████████▉| 1.77G/1.78G [01:14<00:00, 18.6MB/s]
[2026-01-15T03:12:33.418+0000] {docker.py:429} INFO - 100%|█████████▉| 1.78G/1.78G [01:14<00:00, 18.6MB/s]
[2026-01-15T03:12:33.530+0000] {docker.py:429} INFO - 100%|█████████▉| 1.78G/1.78G [01:14<00:00, 18.7MB/s]
[2026-01-15T03:12:33.645+0000] {docker.py:429} INFO - 100%|█████████▉| 1.78G/1.78G [01:14<00:00, 18.6MB/s]
[2026-01-15T03:12:33.755+0000] {docker.py:429} INFO - 100%|█████████▉| 1.78G/1.78G [01:15<00:00, 18.7MB/s]
[2026-01-15T03:12:33.862+0000] {docker.py:429} INFO - 100%|██████████| 1.78G/1.78G [01:15<00:00, 18.6MB/s]100%|██████████| 1.78G/1.78G [01:15<00:00, 21.0MB/s]
[2026-01-15T03:12:33.863+0000] {docker.py:429} INFO - Traceback (most recent call last):
  File "/app/ingest.py", line 41, in <module>
[2026-01-15T03:12:33.863+0000] {docker.py:429} INFO - main()
  File "/app/ingest.py", line 19, in main
[2026-01-15T03:12:33.863+0000] {docker.py:429} INFO - path = kagglehub.dataset_download(DATASET)
  File "/usr/local/lib/python3.9/site-packages/kagglehub/datasets.py", line 43, in dataset_download
    path, _ = registry.dataset_resolver(h, path, force_download=force_download)
  File "/usr/local/lib/python3.9/site-packages/kagglehub/registry.py", line 28, in __call__
[2026-01-15T03:12:33.863+0000] {docker.py:429} INFO - return impl(*args, **kwargs)
  File "/usr/local/lib/python3.9/site-packages/kagglehub/resolver.py", line 29, in __call__
[2026-01-15T03:12:33.863+0000] {docker.py:429} INFO - path, version = self._resolve(handle, path, force_download=force_download)
  File "/usr/local/lib/python3.9/site-packages/kagglehub/http_resolver.py", line 130, in _resolve
[2026-01-15T03:12:33.863+0000] {docker.py:429} INFO - api_client.download_file(url_path, archive_path, h)
  File "/usr/local/lib/python3.9/site-packages/kagglehub/clients.py", line 223, in download_file
[2026-01-15T03:12:33.864+0000] {docker.py:429} INFO - raise DataCorruptionError(
kagglehub.exceptions.DataCorruptionError: The X-Goog-Hash header indicated a MD5 checksum of:

  /fsL+3ZwiNcyZezaWbvbwQ==

but the actual MD5 checksum of the downloaded contents was:

  NuagMxNja5UbdgGKZyjIWg==
[2026-01-15T03:12:34.345+0000] {taskinstance.py:2698} ERROR - Task failed with exception
Traceback (most recent call last):
  File "/home/airflow/.local/lib/python3.8/site-packages/docker/api/client.py", line 265, in _raise_for_status
    response.raise_for_status()
  File "/home/airflow/.local/lib/python3.8/site-packages/requests/models.py", line 1021, in raise_for_status
    raise HTTPError(http_error_msg, response=self)
requests.exceptions.HTTPError: 400 Client Error: Bad Request for url: http+docker://localhost/v1.50/containers/create

The above exception was the direct cause of the following exception:

Traceback (most recent call last):
  File "/home/airflow/.local/lib/python3.8/site-packages/airflow/providers/docker/operators/docker.py", line 364, in _run_image
    return self._run_image_with_mounts([*self.mounts, tmp_mount], add_tmp_variable=True)
  File "/home/airflow/.local/lib/python3.8/site-packages/airflow/providers/docker/operators/docker.py", line 391, in _run_image_with_mounts
    self.container = self.cli.create_container(
  File "/home/airflow/.local/lib/python3.8/site-packages/docker/api/container.py", line 439, in create_container
    return self.create_container_from_config(config, name, platform)
  File "/home/airflow/.local/lib/python3.8/site-packages/docker/api/container.py", line 456, in create_container_from_config
    return self._result(res, True)
  File "/home/airflow/.local/lib/python3.8/site-packages/docker/api/client.py", line 271, in _result
    self._raise_for_status(response)
  File "/home/airflow/.local/lib/python3.8/site-packages/docker/api/client.py", line 267, in _raise_for_status
    raise create_api_error_from_http_exception(e) from e
  File "/home/airflow/.local/lib/python3.8/site-packages/docker/errors.py", line 39, in create_api_error_from_http_exception
    raise cls(e, response=response, explanation=explanation) from e
docker.errors.APIError: 400 Client Error for http+docker://localhost/v1.50/containers/create: Bad Request ("invalid mount config for type "bind": bind source path does not exist: /tmp/airflowtmpkh81w7j4")

During handling of the above exception, another exception occurred:

Traceback (most recent call last):
  File "/home/airflow/.local/lib/python3.8/site-packages/airflow/models/taskinstance.py", line 433, in _execute_task
    result = execute_callable(context=context, **execute_callable_kwargs)
  File "/home/airflow/.local/lib/python3.8/site-packages/airflow/providers/docker/operators/docker.py", line 502, in execute
    return self._run_image()
  File "/home/airflow/.local/lib/python3.8/site-packages/airflow/providers/docker/operators/docker.py", line 373, in _run_image
    return self._run_image_with_mounts(self.mounts, add_tmp_variable=False)
  File "/home/airflow/.local/lib/python3.8/site-packages/airflow/providers/docker/operators/docker.py", line 437, in _run_image_with_mounts
    raise DockerContainerFailedException(f"Docker container failed: {result!r}", logs=log_lines)
airflow.providers.docker.exceptions.DockerContainerFailedException: Docker container failed: {'StatusCode': 1}
[2026-01-15T03:12:34.347+0000] {taskinstance.py:1138} INFO - Marking task as FAILED. dag_id=nyc_taxi_pipeline, task_id=ingest, execution_date=20260115T030924, start_date=20260115T030925, end_date=20260115T031234
[2026-01-15T03:12:34.355+0000] {standard_task_runner.py:107} ERROR - Failed to execute job 2 for task ingest (Docker container failed: {'StatusCode': 1}; 183)
[2026-01-15T03:12:34.370+0000] {local_task_job_runner.py:234} INFO - Task exited with return code 1
[2026-01-15T03:12:34.387+0000] {taskinstance.py:3280} INFO - 0 downstream tasks scheduled from follow-on schedule check
