[2026-01-29T14:15:32.627+0000] {taskinstance.py:1956} INFO - Dependencies all met for dep_context=non-requeueable deps ti=<TaskInstance: nyc_taxi_pipeline.ingest scheduled__2026-01-28T00:00:00+00:00 [queued]>
[2026-01-29T14:15:32.631+0000] {taskinstance.py:1956} INFO - Dependencies all met for dep_context=requeueable deps ti=<TaskInstance: nyc_taxi_pipeline.ingest scheduled__2026-01-28T00:00:00+00:00 [queued]>
[2026-01-29T14:15:32.631+0000] {taskinstance.py:2170} INFO - Starting attempt 1 of 1
[2026-01-29T14:15:32.639+0000] {taskinstance.py:2191} INFO - Executing <Task(DockerOperator): ingest> on 2026-01-28 00:00:00+00:00
[2026-01-29T14:15:32.643+0000] {standard_task_runner.py:60} INFO - Started process 75 to run task
[2026-01-29T14:15:32.647+0000] {standard_task_runner.py:87} INFO - Running: ['***', 'tasks', 'run', 'nyc_taxi_pipeline', 'ingest', 'scheduled__2026-01-28T00:00:00+00:00', '--job-id', '2', '--raw', '--subdir', 'DAGS_FOLDER/nyc_taxi_pipeline.py', '--cfg-path', '/tmp/tmpds5zlhvo']
[2026-01-29T14:15:32.649+0000] {standard_task_runner.py:88} INFO - Job 2: Subtask ingest
[2026-01-29T14:15:32.692+0000] {task_command.py:423} INFO - Running <TaskInstance: nyc_taxi_pipeline.ingest scheduled__2026-01-28T00:00:00+00:00 [running]> on host 71dc81990dfb
[2026-01-29T14:15:32.752+0000] {taskinstance.py:2480} INFO - Exporting env vars: AIRFLOW_CTX_DAG_OWNER='***' AIRFLOW_CTX_DAG_ID='nyc_taxi_pipeline' AIRFLOW_CTX_TASK_ID='ingest' AIRFLOW_CTX_EXECUTION_DATE='2026-01-28T00:00:00+00:00' AIRFLOW_CTX_TRY_NUMBER='1' AIRFLOW_CTX_DAG_RUN_ID='scheduled__2026-01-28T00:00:00+00:00'
[2026-01-29T14:15:32.793+0000] {docker.py:359} INFO - Starting docker container from image nyc_ingestion:latest
[2026-01-29T14:15:33.512+0000] {docker.py:429} INFO - 2026-01-29 14:15:33,511 - INFO - Connecting to MinIO: http://minio:9000
[2026-01-29T14:15:33.518+0000] {docker.py:429} INFO - /usr/local/lib/python3.9/site-packages/boto3/compat.py:89: PythonDeprecationWarning: Boto3 will no longer support Python 3.9 starting April 29, 2026. To continue receiving service updates, bug fixes, and security updates please upgrade to Python 3.10 or later. More information can be found here: https://aws.amazon.com/blogs/developer/python-support-policy-updates-for-aws-sdks-and-tools/
  warnings.warn(warning, PythonDeprecationWarning)
[2026-01-29T14:15:34.101+0000] {docker.py:429} INFO - Warning: Looks like you're using an outdated `kagglehub` version (installed: 0.3.13), please consider upgrading to the latest version (0.4.1).
[2026-01-29T14:15:34.101+0000] {docker.py:429} INFO - 2026-01-29 14:15:34,101 - INFO - Dataset path: /root/.cache/kagglehub/datasets/elemento/nyc-yellow-taxi-trip-data/versions/2
[2026-01-29T14:15:34.107+0000] {docker.py:429} INFO - 2026-01-29 14:15:34,106 - INFO - Uploading: yellow_tripdata_2016-01.csv
[2026-01-29T14:15:59.838+0000] {docker.py:429} INFO - 2026-01-29 14:15:59,838 - INFO - Uploading: yellow_tripdata_2015-01.csv
[2026-01-29T14:16:29.516+0000] {docker.py:429} INFO - 2026-01-29 14:16:29,516 - INFO - Uploading: yellow_tripdata_2016-03.csv
[2026-01-29T14:16:58.508+0000] {docker.py:429} INFO - 2026-01-29 14:16:58,508 - INFO - Uploading: yellow_tripdata_2016-02.csv
[2026-01-29T14:17:25.789+0000] {taskinstance.py:1138} INFO - Marking task as SUCCESS. dag_id=nyc_taxi_pipeline, task_id=ingest, execution_date=20260128T000000, start_date=20260129T141532, end_date=20260129T141725
[2026-01-29T14:17:25.839+0000] {local_task_job_runner.py:234} INFO - Task exited with return code 0
[2026-01-29T14:17:25.856+0000] {taskinstance.py:3280} INFO - 1 downstream tasks scheduled from follow-on schedule check
[2026-01-29T14:54:06.112+0000] {taskinstance.py:1956} INFO - Dependencies all met for dep_context=non-requeueable deps ti=<TaskInstance: nyc_taxi_pipeline.ingest scheduled__2026-01-28T00:00:00+00:00 [queued]>
[2026-01-29T14:54:06.117+0000] {taskinstance.py:1956} INFO - Dependencies all met for dep_context=requeueable deps ti=<TaskInstance: nyc_taxi_pipeline.ingest scheduled__2026-01-28T00:00:00+00:00 [queued]>
[2026-01-29T14:54:06.117+0000] {taskinstance.py:2170} INFO - Starting attempt 1 of 1
[2026-01-29T14:54:06.125+0000] {taskinstance.py:2191} INFO - Executing <Task(DockerOperator): ingest> on 2026-01-28 00:00:00+00:00
[2026-01-29T14:54:06.129+0000] {standard_task_runner.py:60} INFO - Started process 76 to run task
[2026-01-29T14:54:06.133+0000] {standard_task_runner.py:87} INFO - Running: ['***', 'tasks', 'run', 'nyc_taxi_pipeline', 'ingest', 'scheduled__2026-01-28T00:00:00+00:00', '--job-id', '2', '--raw', '--subdir', 'DAGS_FOLDER/nyc_taxi_pipeline.py', '--cfg-path', '/tmp/tmpap5rgp13']
[2026-01-29T14:54:06.135+0000] {standard_task_runner.py:88} INFO - Job 2: Subtask ingest
[2026-01-29T14:54:06.178+0000] {task_command.py:423} INFO - Running <TaskInstance: nyc_taxi_pipeline.ingest scheduled__2026-01-28T00:00:00+00:00 [running]> on host 72466cce4f75
[2026-01-29T14:54:06.239+0000] {taskinstance.py:2480} INFO - Exporting env vars: AIRFLOW_CTX_DAG_OWNER='***' AIRFLOW_CTX_DAG_ID='nyc_taxi_pipeline' AIRFLOW_CTX_TASK_ID='ingest' AIRFLOW_CTX_EXECUTION_DATE='2026-01-28T00:00:00+00:00' AIRFLOW_CTX_TRY_NUMBER='1' AIRFLOW_CTX_DAG_RUN_ID='scheduled__2026-01-28T00:00:00+00:00'
[2026-01-29T14:54:06.278+0000] {docker.py:359} INFO - Starting docker container from image nyc_ingestion:latest
[2026-01-29T14:54:06.952+0000] {docker.py:429} INFO - 2026-01-29 14:54:06,951 - INFO - Connecting to MinIO: http://minio:9000
[2026-01-29T14:54:06.958+0000] {docker.py:429} INFO - /usr/local/lib/python3.9/site-packages/boto3/compat.py:89: PythonDeprecationWarning: Boto3 will no longer support Python 3.9 starting April 29, 2026. To continue receiving service updates, bug fixes, and security updates please upgrade to Python 3.10 or later. More information can be found here: https://aws.amazon.com/blogs/developer/python-support-policy-updates-for-aws-sdks-and-tools/
  warnings.warn(warning, PythonDeprecationWarning)
[2026-01-29T14:54:07.563+0000] {docker.py:429} INFO - Warning: Looks like you're using an outdated `kagglehub` version (installed: 0.3.13), please consider upgrading to the latest version (0.4.1).
[2026-01-29T14:54:07.566+0000] {docker.py:429} INFO - 2026-01-29 14:54:07,565 - INFO - Dataset path: /root/.cache/kagglehub/datasets/elemento/nyc-yellow-taxi-trip-data/versions/2
[2026-01-29T14:54:07.571+0000] {docker.py:429} INFO - 2026-01-29 14:54:07,571 - INFO - Uploading: yellow_tripdata_2016-01.csv
[2026-01-29T14:54:34.307+0000] {docker.py:429} INFO - 2026-01-29 14:54:34,306 - INFO - Uploading: yellow_tripdata_2015-01.csv
[2026-01-29T14:55:05.041+0000] {docker.py:429} INFO - 2026-01-29 14:55:05,040 - INFO - Uploading: yellow_tripdata_2016-03.csv
[2026-01-29T14:55:34.080+0000] {docker.py:429} INFO - 2026-01-29 14:55:34,079 - INFO - Uploading: yellow_tripdata_2016-02.csv
[2026-01-29T14:56:01.732+0000] {taskinstance.py:1138} INFO - Marking task as SUCCESS. dag_id=nyc_taxi_pipeline, task_id=ingest, execution_date=20260128T000000, start_date=20260129T145406, end_date=20260129T145601
[2026-01-29T14:56:01.749+0000] {local_task_job_runner.py:234} INFO - Task exited with return code 0
[2026-01-29T14:56:01.767+0000] {taskinstance.py:3280} INFO - 1 downstream tasks scheduled from follow-on schedule check
