[2026-01-15T02:16:44.926+0000] {taskinstance.py:1956} INFO - Dependencies all met for dep_context=non-requeueable deps ti=<TaskInstance: nyc_taxi_pipeline.ingest manual__2026-01-15T02:16:44.270790+00:00 [queued]>
[2026-01-15T02:16:44.931+0000] {taskinstance.py:1956} INFO - Dependencies all met for dep_context=requeueable deps ti=<TaskInstance: nyc_taxi_pipeline.ingest manual__2026-01-15T02:16:44.270790+00:00 [queued]>
[2026-01-15T02:16:44.931+0000] {taskinstance.py:2170} INFO - Starting attempt 1 of 1
[2026-01-15T02:16:44.939+0000] {taskinstance.py:2191} INFO - Executing <Task(DockerOperator): ingest> on 2026-01-15 02:16:44.270790+00:00
[2026-01-15T02:16:44.944+0000] {standard_task_runner.py:60} INFO - Started process 264 to run task
[2026-01-15T02:16:44.948+0000] {standard_task_runner.py:87} INFO - Running: ['***', 'tasks', 'run', 'nyc_taxi_pipeline', 'ingest', 'manual__2026-01-15T02:16:44.270790+00:00', '--job-id', '3', '--raw', '--subdir', 'DAGS_FOLDER/nyc_taxi_pipeline.py', '--cfg-path', '/tmp/tmp_ee4tpa8']
[2026-01-15T02:16:44.950+0000] {standard_task_runner.py:88} INFO - Job 3: Subtask ingest
[2026-01-15T02:16:44.991+0000] {task_command.py:423} INFO - Running <TaskInstance: nyc_taxi_pipeline.ingest manual__2026-01-15T02:16:44.270790+00:00 [running]> on host dc390c2f2007
[2026-01-15T02:16:45.052+0000] {taskinstance.py:2480} INFO - Exporting env vars: AIRFLOW_CTX_DAG_OWNER='***' AIRFLOW_CTX_DAG_ID='nyc_taxi_pipeline' AIRFLOW_CTX_TASK_ID='ingest' AIRFLOW_CTX_EXECUTION_DATE='2026-01-15T02:16:44.270790+00:00' AIRFLOW_CTX_TRY_NUMBER='1' AIRFLOW_CTX_DAG_RUN_ID='manual__2026-01-15T02:16:44.270790+00:00'
[2026-01-15T02:16:45.067+0000] {docker.py:359} INFO - Starting docker container from image nyc_ingestion:latest
[2026-01-15T02:16:45.070+0000] {docker.py:367} WARNING - Using remote engine or docker-in-docker and mounting temporary volume from host is not supported. Falling back to `mount_tmp_dir=False` mode. You can set `mount_tmp_dir` parameter to False to disable mounting and remove the warning
[2026-01-15T02:16:45.739+0000] {docker.py:429} INFO - 2026-01-15 02:16:45,738 - INFO - Ingestion Service startet...
[2026-01-15T02:16:45.977+0000] {docker.py:429} INFO - 2026-01-15 02:16:45,977 - INFO - Checking for new data in elemento/nyc-yellow-taxi-trip-data...
[2026-01-15T02:16:46.239+0000] {docker.py:429} INFO - Warning: Looks like you're using an outdated `kagglehub` version (installed: 0.3.13), please consider upgrading to the latest version (0.4.0).
[2026-01-15T02:16:46.887+0000] {docker.py:429} INFO - Downloading from https://www.kaggle.com/api/v1/datasets/download/elemento/nyc-yellow-taxi-trip-data?dataset_version_number=2...
[2026-01-15T02:16:46.892+0000] {docker.py:429} INFO - 0%|          | 0.00/1.78G [00:00<?, ?B/s]
[2026-01-15T02:16:47.537+0000] {docker.py:429} INFO - 0%|          | 1.00M/1.78G [00:00<19:36, 1.63MB/s]
[2026-01-15T02:16:47.680+0000] {docker.py:429} INFO - 0%|          | 3.00M/1.78G [00:00<06:41, 4.76MB/s]
[2026-01-15T02:16:47.812+0000] {docker.py:429} INFO - 0%|          | 7.00M/1.78G [00:00<02:49, 11.3MB/s]
[2026-01-15T02:16:47.938+0000] {docker.py:429} INFO - 1%|          | 11.0M/1.78G [00:01<01:53, 16.7MB/s]
[2026-01-15T02:16:48.064+0000] {docker.py:429} INFO - 1%|          | 15.0M/1.78G [00:01<01:30, 21.1MB/s]
[2026-01-15T02:16:48.189+0000] {docker.py:429} INFO - 1%|          | 19.0M/1.78G [00:01<01:17, 24.4MB/s]
[2026-01-15T02:16:48.316+0000] {docker.py:429} INFO - 1%|▏         | 23.0M/1.78G [00:01<01:10, 26.9MB/s]
[2026-01-15T02:16:48.441+0000] {docker.py:429} INFO - 1%|▏         | 27.0M/1.78G [00:01<01:05, 28.7MB/s]
[2026-01-15T02:16:48.567+0000] {docker.py:429} INFO - 2%|▏         | 31.0M/1.78G [00:01<01:02, 30.1MB/s]
[2026-01-15T02:16:48.694+0000] {docker.py:429} INFO - 2%|▏         | 35.0M/1.78G [00:01<01:00, 31.0MB/s]
[2026-01-15T02:16:48.820+0000] {docker.py:429} INFO - 2%|▏         | 39.0M/1.78G [00:01<00:59, 31.6MB/s]
[2026-01-15T02:16:48.945+0000] {docker.py:429} INFO - 2%|▏         | 43.0M/1.78G [00:02<00:58, 32.2MB/s]
[2026-01-15T02:16:49.071+0000] {docker.py:429} INFO - 3%|▎         | 47.0M/1.78G [00:02<00:57, 32.5MB/s]
[2026-01-15T02:16:49.198+0000] {docker.py:429} INFO - 3%|▎         | 51.0M/1.78G [00:02<00:56, 32.7MB/s]
[2026-01-15T02:16:49.323+0000] {docker.py:429} INFO - 3%|▎         | 55.0M/1.78G [00:02<00:56, 32.9MB/s]
[2026-01-15T02:16:49.449+0000] {docker.py:429} INFO - 3%|▎         | 59.0M/1.78G [00:02<00:56, 33.0MB/s]
[2026-01-15T02:16:49.575+0000] {docker.py:429} INFO - 3%|▎         | 63.0M/1.78G [00:02<00:55, 33.1MB/s]
[2026-01-15T02:16:49.701+0000] {docker.py:429} INFO - 4%|▎         | 67.0M/1.78G [00:02<00:55, 33.2MB/s]
[2026-01-15T02:16:49.827+0000] {docker.py:429} INFO - 4%|▍         | 71.0M/1.78G [00:02<00:55, 33.2MB/s]
[2026-01-15T02:16:49.952+0000] {docker.py:429} INFO - 4%|▍         | 75.0M/1.78G [00:03<00:55, 33.3MB/s]
[2026-01-15T02:16:50.078+0000] {docker.py:429} INFO - 4%|▍         | 79.0M/1.78G [00:03<00:55, 33.3MB/s]
[2026-01-15T02:16:50.204+0000] {docker.py:429} INFO - 5%|▍         | 83.0M/1.78G [00:03<00:54, 33.3MB/s]
[2026-01-15T02:16:50.329+0000] {docker.py:429} INFO - 5%|▍         | 87.0M/1.78G [00:03<00:54, 33.3MB/s]
[2026-01-15T02:16:50.456+0000] {docker.py:429} INFO - 5%|▍         | 91.0M/1.78G [00:03<00:54, 33.3MB/s]
[2026-01-15T02:16:50.582+0000] {docker.py:429} INFO - 5%|▌         | 95.0M/1.78G [00:03<00:54, 33.3MB/s]
[2026-01-15T02:16:50.709+0000] {docker.py:429} INFO - 5%|▌         | 99.0M/1.78G [00:03<00:54, 33.2MB/s]
[2026-01-15T02:16:50.833+0000] {docker.py:429} INFO - 6%|▌         | 103M/1.78G [00:03<00:54, 33.4MB/s]
[2026-01-15T02:16:50.959+0000] {docker.py:429} INFO - 6%|▌         | 107M/1.78G [00:04<00:54, 33.3MB/s]
[2026-01-15T02:16:51.085+0000] {docker.py:429} INFO - 6%|▌         | 111M/1.78G [00:04<00:53, 33.4MB/s]
[2026-01-15T02:16:51.211+0000] {docker.py:429} INFO - 6%|▋         | 115M/1.78G [00:04<00:53, 33.3MB/s]
[2026-01-15T02:16:51.336+0000] {docker.py:429} INFO - 7%|▋         | 119M/1.78G [00:04<00:53, 33.4MB/s]
[2026-01-15T02:16:51.462+0000] {docker.py:429} INFO - 7%|▋         | 123M/1.78G [00:04<00:53, 33.3MB/s]
[2026-01-15T02:16:51.589+0000] {docker.py:429} INFO - 7%|▋         | 127M/1.78G [00:04<00:53, 33.3MB/s]
[2026-01-15T02:16:51.714+0000] {docker.py:429} INFO - 7%|▋         | 131M/1.78G [00:04<00:53, 33.4MB/s]
[2026-01-15T02:16:51.840+0000] {docker.py:429} INFO - 7%|▋         | 135M/1.78G [00:04<00:53, 33.3MB/s]
[2026-01-15T02:16:51.966+0000] {docker.py:429} INFO - 8%|▊         | 139M/1.78G [00:05<00:53, 33.3MB/s]
[2026-01-15T02:16:52.091+0000] {docker.py:429} INFO - 8%|▊         | 143M/1.78G [00:05<00:52, 33.4MB/s]
[2026-01-15T02:16:52.218+0000] {docker.py:429} INFO - 8%|▊         | 147M/1.78G [00:05<00:52, 33.3MB/s]
[2026-01-15T02:16:52.344+0000] {docker.py:429} INFO - 8%|▊         | 151M/1.78G [00:05<00:52, 33.3MB/s]
[2026-01-15T02:16:52.469+0000] {docker.py:429} INFO - 8%|▊         | 155M/1.78G [00:05<00:52, 33.4MB/s]
[2026-01-15T02:16:52.595+0000] {docker.py:429} INFO - 9%|▊         | 159M/1.78G [00:05<00:52, 33.3MB/s]
[2026-01-15T02:16:52.722+0000] {docker.py:429} INFO - 9%|▉         | 163M/1.78G [00:05<00:52, 33.3MB/s]
[2026-01-15T02:16:52.965+0000] {docker.py:429} INFO - 9%|▉         | 167M/1.78G [00:06<01:06, 26.0MB/s]
[2026-01-15T02:16:53.091+0000] {docker.py:429} INFO - 9%|▉         | 171M/1.78G [00:06<01:02, 27.8MB/s]
[2026-01-15T02:16:53.217+0000] {docker.py:429} INFO - 10%|▉         | 175M/1.78G [00:06<00:59, 29.3MB/s]
[2026-01-15T02:16:53.349+0000] {docker.py:429} INFO - 10%|▉         | 179M/1.78G [00:06<00:57, 30.0MB/s]
[2026-01-15T02:16:53.474+0000] {docker.py:429} INFO - 10%|█         | 183M/1.78G [00:06<00:55, 31.0MB/s]
[2026-01-15T02:16:53.601+0000] {docker.py:429} INFO - 10%|█         | 187M/1.78G [00:06<00:54, 31.6MB/s]
[2026-01-15T02:16:53.726+0000] {docker.py:429} INFO - 10%|█         | 191M/1.78G [00:06<00:53, 32.2MB/s]
[2026-01-15T02:16:53.852+0000] {docker.py:429} INFO - 11%|█         | 195M/1.78G [00:06<00:52, 32.5MB/s]
[2026-01-15T02:16:53.978+0000] {docker.py:429} INFO - 11%|█         | 199M/1.78G [00:07<00:52, 32.7MB/s]
[2026-01-15T02:16:54.103+0000] {docker.py:429} INFO - 11%|█         | 203M/1.78G [00:07<00:51, 32.9MB/s]
[2026-01-15T02:16:54.230+0000] {docker.py:429} INFO - 11%|█▏        | 207M/1.78G [00:07<00:51, 33.0MB/s]
[2026-01-15T02:16:54.355+0000] {docker.py:429} INFO - 12%|█▏        | 211M/1.78G [00:07<00:51, 33.2MB/s]
[2026-01-15T02:16:54.481+0000] {docker.py:429} INFO - 12%|█▏        | 215M/1.78G [00:07<00:50, 33.1MB/s]
[2026-01-15T02:16:54.607+0000] {docker.py:429} INFO - 12%|█▏        | 219M/1.78G [00:07<00:50, 33.2MB/s]
[2026-01-15T02:16:54.734+0000] {docker.py:429} INFO - 12%|█▏        | 223M/1.78G [00:07<00:50, 33.2MB/s]
[2026-01-15T02:16:54.859+0000] {docker.py:429} INFO - 12%|█▏        | 227M/1.78G [00:07<00:50, 33.3MB/s]
[2026-01-15T02:16:54.985+0000] {docker.py:429} INFO - 13%|█▎        | 231M/1.78G [00:08<00:50, 33.3MB/s]
[2026-01-15T02:16:55.111+0000] {docker.py:429} INFO - 13%|█▎        | 235M/1.78G [00:08<00:50, 33.3MB/s]
[2026-01-15T02:16:55.236+0000] {docker.py:429} INFO - 13%|█▎        | 239M/1.78G [00:08<00:49, 33.4MB/s]
[2026-01-15T02:16:55.363+0000] {docker.py:429} INFO - 13%|█▎        | 243M/1.78G [00:08<00:49, 33.3MB/s]
[2026-01-15T02:16:55.489+0000] {docker.py:429} INFO - 14%|█▎        | 247M/1.78G [00:08<00:49, 33.3MB/s]
[2026-01-15T02:16:55.614+0000] {docker.py:429} INFO - 14%|█▎        | 251M/1.78G [00:08<00:49, 33.3MB/s]
[2026-01-15T02:16:55.740+0000] {docker.py:429} INFO - 14%|█▍        | 255M/1.78G [00:08<00:49, 33.3MB/s]
[2026-01-15T02:16:55.866+0000] {docker.py:429} INFO - 14%|█▍        | 259M/1.78G [00:08<00:49, 33.4MB/s]
[2026-01-15T02:16:55.992+0000] {docker.py:429} INFO - 14%|█▍        | 263M/1.78G [00:09<00:49, 33.3MB/s]
[2026-01-15T02:16:56.118+0000] {docker.py:429} INFO - 15%|█▍        | 267M/1.78G [00:09<00:49, 33.3MB/s]
[2026-01-15T02:16:56.244+0000] {docker.py:429} INFO - 15%|█▍        | 271M/1.78G [00:09<00:49, 33.3MB/s]
[2026-01-15T02:16:56.369+0000] {docker.py:429} INFO - 15%|█▌        | 275M/1.78G [00:09<00:48, 33.3MB/s]
[2026-01-15T02:16:56.496+0000] {docker.py:429} INFO - 15%|█▌        | 279M/1.78G [00:09<00:48, 33.3MB/s]
[2026-01-15T02:16:56.622+0000] {docker.py:429} INFO - 15%|█▌        | 283M/1.78G [00:09<00:48, 33.3MB/s]
[2026-01-15T02:16:56.747+0000] {docker.py:429} INFO - 16%|█▌        | 287M/1.78G [00:09<00:48, 33.4MB/s]
[2026-01-15T02:16:56.873+0000] {docker.py:429} INFO - 16%|█▌        | 291M/1.78G [00:09<00:48, 33.3MB/s]
[2026-01-15T02:16:56.998+0000] {docker.py:429} INFO - 16%|█▌        | 295M/1.78G [00:10<00:48, 33.4MB/s]
[2026-01-15T02:16:57.125+0000] {docker.py:429} INFO - 16%|█▋        | 299M/1.78G [00:10<00:48, 33.3MB/s]
[2026-01-15T02:16:57.251+0000] {docker.py:429} INFO - 17%|█▋        | 303M/1.78G [00:10<00:47, 33.3MB/s]
[2026-01-15T02:16:57.376+0000] {docker.py:429} INFO - 17%|█▋        | 307M/1.78G [00:10<00:47, 33.4MB/s]
[2026-01-15T02:16:57.502+0000] {docker.py:429} INFO - 17%|█▋        | 311M/1.78G [00:10<00:47, 33.3MB/s]
[2026-01-15T02:16:57.629+0000] {docker.py:429} INFO - 17%|█▋        | 315M/1.78G [00:10<00:47, 33.3MB/s]
[2026-01-15T02:16:57.754+0000] {docker.py:429} INFO - 17%|█▋        | 319M/1.78G [00:10<00:47, 33.4MB/s]
[2026-01-15T02:16:57.880+0000] {docker.py:429} INFO - 18%|█▊        | 323M/1.78G [00:10<00:47, 33.3MB/s]
[2026-01-15T02:16:58.063+0000] {docker.py:429} INFO - 18%|█▊        | 327M/1.78G [00:11<00:53, 29.3MB/s]
[2026-01-15T02:16:58.219+0000] {docker.py:429} INFO - 18%|█▊        | 330M/1.78G [00:11<00:59, 26.4MB/s]
[2026-01-15T02:16:58.344+0000] {docker.py:429} INFO - 18%|█▊        | 334M/1.78G [00:11<00:55, 28.3MB/s]
[2026-01-15T02:16:58.471+0000] {docker.py:429} INFO - 19%|█▊        | 338M/1.78G [00:11<00:52, 29.7MB/s]
[2026-01-15T02:16:58.597+0000] {docker.py:429} INFO - 19%|█▊        | 342M/1.78G [00:11<00:50, 30.7MB/s]
[2026-01-15T02:16:58.722+0000] {docker.py:429} INFO - 19%|█▉        | 346M/1.78G [00:11<00:49, 31.5MB/s]
[2026-01-15T02:16:58.848+0000] {docker.py:429} INFO - 19%|█▉        | 350M/1.78G [00:11<00:48, 32.0MB/s]
[2026-01-15T02:16:58.973+0000] {docker.py:429} INFO - 19%|█▉        | 354M/1.78G [00:12<00:47, 32.5MB/s]
[2026-01-15T02:16:59.100+0000] {docker.py:429} INFO - 20%|█▉        | 358M/1.78G [00:12<00:47, 32.6MB/s]
[2026-01-15T02:16:59.226+0000] {docker.py:429} INFO - 20%|█▉        | 362M/1.78G [00:12<00:46, 32.8MB/s]
[2026-01-15T02:16:59.351+0000] {docker.py:429} INFO - 20%|██        | 366M/1.78G [00:12<00:46, 33.0MB/s]
[2026-01-15T02:16:59.477+0000] {docker.py:429} INFO - 20%|██        | 370M/1.78G [00:12<00:46, 33.1MB/s]
[2026-01-15T02:16:59.603+0000] {docker.py:429} INFO - 20%|██        | 374M/1.78G [00:12<00:45, 33.2MB/s]
[2026-01-15T02:16:59.729+0000] {docker.py:429} INFO - 21%|██        | 378M/1.78G [00:12<00:45, 33.2MB/s]
[2026-01-15T02:16:59.855+0000] {docker.py:429} INFO - 21%|██        | 382M/1.78G [00:12<00:45, 33.3MB/s]
[2026-01-15T02:16:59.980+0000] {docker.py:429} INFO - 21%|██        | 386M/1.78G [00:13<00:45, 33.3MB/s]
[2026-01-15T02:17:00.106+0000] {docker.py:429} INFO - 21%|██▏       | 390M/1.78G [00:13<00:45, 33.3MB/s]
[2026-01-15T02:17:00.232+0000] {docker.py:429} INFO - 22%|██▏       | 394M/1.78G [00:13<00:45, 33.3MB/s]
[2026-01-15T02:17:00.358+0000] {docker.py:429} INFO - 22%|██▏       | 398M/1.78G [00:13<00:44, 33.3MB/s]
[2026-01-15T02:17:00.484+0000] {docker.py:429} INFO - 22%|██▏       | 402M/1.78G [00:13<00:44, 33.3MB/s]
[2026-01-15T02:17:00.610+0000] {docker.py:429} INFO - 22%|██▏       | 406M/1.78G [00:13<00:44, 33.3MB/s]
[2026-01-15T02:17:00.735+0000] {docker.py:429} INFO - 22%|██▏       | 410M/1.78G [00:13<00:44, 33.4MB/s]
[2026-01-15T02:17:00.861+0000] {docker.py:429} INFO - 23%|██▎       | 414M/1.78G [00:13<00:44, 33.3MB/s]
[2026-01-15T02:17:00.986+0000] {docker.py:429} INFO - 23%|██▎       | 418M/1.78G [00:14<00:44, 33.4MB/s]
[2026-01-15T02:17:01.115+0000] {docker.py:429} INFO - 23%|██▎       | 422M/1.78G [00:14<00:44, 33.2MB/s]
[2026-01-15T02:17:01.240+0000] {docker.py:429} INFO - 23%|██▎       | 426M/1.78G [00:14<00:44, 33.3MB/s]
[2026-01-15T02:17:01.366+0000] {docker.py:429} INFO - 24%|██▎       | 430M/1.78G [00:14<00:44, 33.2MB/s]
[2026-01-15T02:17:01.493+0000] {docker.py:429} INFO - 24%|██▍       | 434M/1.78G [00:14<00:43, 33.2MB/s]
[2026-01-15T02:17:01.618+0000] {docker.py:429} INFO - 24%|██▍       | 438M/1.78G [00:14<00:43, 33.3MB/s]
[2026-01-15T02:17:01.744+0000] {docker.py:429} INFO - 24%|██▍       | 442M/1.78G [00:14<00:43, 33.3MB/s]
[2026-01-15T02:17:01.870+0000] {docker.py:429} INFO - 24%|██▍       | 446M/1.78G [00:14<00:43, 33.3MB/s]
[2026-01-15T02:17:01.996+0000] {docker.py:429} INFO - 25%|██▍       | 450M/1.78G [00:15<00:43, 33.3MB/s]
[2026-01-15T02:17:02.122+0000] {docker.py:429} INFO - 25%|██▍       | 454M/1.78G [00:15<00:43, 33.3MB/s]
[2026-01-15T02:17:02.248+0000] {docker.py:429} INFO - 25%|██▌       | 458M/1.78G [00:15<00:43, 33.3MB/s]
[2026-01-15T02:17:02.373+0000] {docker.py:429} INFO - 25%|██▌       | 462M/1.78G [00:15<00:42, 33.3MB/s]
[2026-01-15T02:17:02.500+0000] {docker.py:429} INFO - 26%|██▌       | 466M/1.78G [00:15<00:42, 33.3MB/s]
[2026-01-15T02:17:02.626+0000] {docker.py:429} INFO - 26%|██▌       | 470M/1.78G [00:15<00:42, 33.3MB/s]
[2026-01-15T02:17:02.751+0000] {docker.py:429} INFO - 26%|██▌       | 474M/1.78G [00:15<00:42, 33.3MB/s]
[2026-01-15T02:17:02.878+0000] {docker.py:429} INFO - 26%|██▌       | 478M/1.78G [00:15<00:42, 33.3MB/s]
[2026-01-15T02:17:03.004+0000] {docker.py:429} INFO - 26%|██▋       | 482M/1.78G [00:16<00:42, 33.3MB/s]
[2026-01-15T02:17:03.128+0000] {docker.py:429} INFO - 27%|██▋       | 486M/1.78G [00:16<00:42, 33.4MB/s]
[2026-01-15T02:17:03.327+0000] {docker.py:429} INFO - 27%|██▋       | 490M/1.78G [00:16<00:49, 28.4MB/s]
[2026-01-15T02:17:03.464+0000] {docker.py:429} INFO - 27%|██▋       | 493M/1.78G [00:16<00:52, 26.9MB/s]
[2026-01-15T02:17:03.590+0000] {docker.py:429} INFO - 27%|██▋       | 497M/1.78G [00:16<00:48, 28.6MB/s]
[2026-01-15T02:17:03.715+0000] {docker.py:429} INFO - 27%|██▋       | 501M/1.78G [00:16<00:46, 30.0MB/s]
[2026-01-15T02:17:03.842+0000] {docker.py:429} INFO - 28%|██▊       | 505M/1.78G [00:16<00:44, 30.9MB/s]
[2026-01-15T02:17:03.967+0000] {docker.py:429} INFO - 28%|██▊       | 509M/1.78G [00:17<00:43, 31.6MB/s]
[2026-01-15T02:17:04.093+0000] {docker.py:429} INFO - 28%|██▊       | 513M/1.78G [00:17<00:42, 32.2MB/s]
[2026-01-15T02:17:04.219+0000] {docker.py:429} INFO - 28%|██▊       | 517M/1.78G [00:17<00:42, 32.5MB/s]
[2026-01-15T02:17:04.345+0000] {docker.py:429} INFO - 29%|██▊       | 521M/1.78G [00:17<00:41, 32.7MB/s]
[2026-01-15T02:17:04.470+0000] {docker.py:429} INFO - 29%|██▊       | 525M/1.78G [00:17<00:41, 32.9MB/s]
[2026-01-15T02:17:04.597+0000] {docker.py:429} INFO - 29%|██▉       | 529M/1.78G [00:17<00:41, 33.0MB/s]
[2026-01-15T02:17:04.723+0000] {docker.py:429} INFO - 29%|██▉       | 533M/1.78G [00:17<00:41, 33.0MB/s]
[2026-01-15T02:17:04.849+0000] {docker.py:429} INFO - 29%|██▉       | 537M/1.78G [00:17<00:40, 33.2MB/s]
[2026-01-15T02:17:04.975+0000] {docker.py:429} INFO - 30%|██▉       | 541M/1.78G [00:18<00:40, 33.2MB/s]
[2026-01-15T02:17:05.100+0000] {docker.py:429} INFO - 30%|██▉       | 545M/1.78G [00:18<00:40, 33.3MB/s]
[2026-01-15T02:17:05.226+0000] {docker.py:429} INFO - 30%|███       | 549M/1.78G [00:18<00:40, 33.3MB/s]
[2026-01-15T02:17:05.353+0000] {docker.py:429} INFO - 30%|███       | 553M/1.78G [00:18<00:40, 33.2MB/s]
[2026-01-15T02:17:05.478+0000] {docker.py:429} INFO - 30%|███       | 557M/1.78G [00:18<00:39, 33.3MB/s]
[2026-01-15T02:17:05.604+0000] {docker.py:429} INFO - 31%|███       | 561M/1.78G [00:18<00:39, 33.3MB/s]
[2026-01-15T02:17:05.730+0000] {docker.py:429} INFO - 31%|███       | 565M/1.78G [00:18<00:39, 33.3MB/s]
[2026-01-15T02:17:05.855+0000] {docker.py:429} INFO - 31%|███       | 569M/1.78G [00:18<00:39, 33.3MB/s]
[2026-01-15T02:17:05.981+0000] {docker.py:429} INFO - 31%|███▏      | 573M/1.78G [00:19<00:39, 33.3MB/s]
[2026-01-15T02:17:06.108+0000] {docker.py:429} INFO - 32%|███▏      | 577M/1.78G [00:19<00:39, 33.3MB/s]
[2026-01-15T02:17:06.233+0000] {docker.py:429} INFO - 32%|███▏      | 581M/1.78G [00:19<00:39, 33.3MB/s]
[2026-01-15T02:17:06.359+0000] {docker.py:429} INFO - 32%|███▏      | 585M/1.78G [00:19<00:39, 33.3MB/s]
[2026-01-15T02:17:06.484+0000] {docker.py:429} INFO - 32%|███▏      | 589M/1.78G [00:19<00:38, 33.4MB/s]
[2026-01-15T02:17:06.611+0000] {docker.py:429} INFO - 32%|███▏      | 593M/1.78G [00:19<00:38, 33.3MB/s]
[2026-01-15T02:17:06.737+0000] {docker.py:429} INFO - 33%|███▎      | 597M/1.78G [00:19<00:38, 33.3MB/s]
[2026-01-15T02:17:06.861+0000] {docker.py:429} INFO - 33%|███▎      | 601M/1.78G [00:19<00:38, 33.4MB/s]
[2026-01-15T02:17:06.988+0000] {docker.py:429} INFO - 33%|███▎      | 605M/1.78G [00:20<00:38, 33.3MB/s]
[2026-01-15T02:17:07.113+0000] {docker.py:429} INFO - 33%|███▎      | 609M/1.78G [00:20<00:38, 33.4MB/s]
[2026-01-15T02:17:07.239+0000] {docker.py:429} INFO - 34%|███▎      | 613M/1.78G [00:20<00:38, 33.3MB/s]
[2026-01-15T02:17:07.365+0000] {docker.py:429} INFO - 34%|███▍      | 617M/1.78G [00:20<00:38, 33.4MB/s]
[2026-01-15T02:17:07.491+0000] {docker.py:429} INFO - 34%|███▍      | 621M/1.78G [00:20<00:37, 33.4MB/s]
[2026-01-15T02:17:07.617+0000] {docker.py:429} INFO - 34%|███▍      | 625M/1.78G [00:20<00:37, 33.3MB/s]
[2026-01-15T02:17:07.743+0000] {docker.py:429} INFO - 34%|███▍      | 629M/1.78G [00:20<00:37, 33.3MB/s]
[2026-01-15T02:17:07.868+0000] {docker.py:429} INFO - 35%|███▍      | 633M/1.78G [00:20<00:37, 33.4MB/s]
[2026-01-15T02:17:07.995+0000] {docker.py:429} INFO - 35%|███▍      | 637M/1.78G [00:21<00:37, 33.3MB/s]
[2026-01-15T02:17:08.120+0000] {docker.py:429} INFO - 35%|███▌      | 641M/1.78G [00:21<00:37, 33.4MB/s]
[2026-01-15T02:17:08.246+0000] {docker.py:429} INFO - 35%|███▌      | 645M/1.78G [00:21<00:37, 33.3MB/s]
[2026-01-15T02:17:08.372+0000] {docker.py:429} INFO - 36%|███▌      | 649M/1.78G [00:21<00:37, 33.3MB/s]
[2026-01-15T02:17:08.601+0000] {docker.py:429} INFO - 36%|███▌      | 653M/1.78G [00:21<00:46, 26.7MB/s]
[2026-01-15T02:17:08.708+0000] {docker.py:429} INFO - 36%|███▌      | 656M/1.78G [00:21<00:44, 27.4MB/s]
[2026-01-15T02:17:08.833+0000] {docker.py:429} INFO - 36%|███▌      | 660M/1.78G [00:21<00:42, 29.0MB/s]
[2026-01-15T02:17:08.960+0000] {docker.py:429} INFO - 36%|███▋      | 664M/1.78G [00:22<00:40, 30.2MB/s]
[2026-01-15T02:17:09.086+0000] {docker.py:429} INFO - 37%|███▋      | 668M/1.78G [00:22<00:39, 31.1MB/s]
[2026-01-15T02:17:09.211+0000] {docker.py:429} INFO - 37%|███▋      | 672M/1.78G [00:22<00:38, 31.8MB/s]
[2026-01-15T02:17:09.338+0000] {docker.py:429} INFO - 37%|███▋      | 676M/1.78G [00:22<00:37, 32.2MB/s]
[2026-01-15T02:17:09.463+0000] {docker.py:429} INFO - 37%|███▋      | 680M/1.78G [00:22<00:36, 32.6MB/s]
[2026-01-15T02:17:09.589+0000] {docker.py:429} INFO - 37%|███▋      | 684M/1.78G [00:22<00:36, 32.8MB/s]
[2026-01-15T02:17:09.715+0000] {docker.py:429} INFO - 38%|███▊      | 688M/1.78G [00:22<00:36, 32.9MB/s]
[2026-01-15T02:17:09.840+0000] {docker.py:429} INFO - 38%|███▊      | 692M/1.78G [00:22<00:35, 33.1MB/s]
[2026-01-15T02:17:09.967+0000] {docker.py:429} INFO - 38%|███▊      | 696M/1.78G [00:23<00:35, 33.1MB/s]
[2026-01-15T02:17:10.093+0000] {docker.py:429} INFO - 38%|███▊      | 700M/1.78G [00:23<00:35, 33.1MB/s]
[2026-01-15T02:17:10.217+0000] {docker.py:429} INFO - 39%|███▊      | 704M/1.78G [00:23<00:35, 33.3MB/s]
[2026-01-15T02:17:10.344+0000] {docker.py:429} INFO - 39%|███▉      | 708M/1.78G [00:23<00:35, 33.3MB/s]
[2026-01-15T02:17:10.470+0000] {docker.py:429} INFO - 39%|███▉      | 712M/1.78G [00:23<00:35, 33.3MB/s]
[2026-01-15T02:17:10.596+0000] {docker.py:429} INFO - 39%|███▉      | 716M/1.78G [00:23<00:34, 33.3MB/s]
[2026-01-15T02:17:10.722+0000] {docker.py:429} INFO - 39%|███▉      | 720M/1.78G [00:23<00:34, 33.3MB/s]
[2026-01-15T02:17:10.848+0000] {docker.py:429} INFO - 40%|███▉      | 724M/1.78G [00:23<00:34, 33.3MB/s]
[2026-01-15T02:17:10.982+0000] {docker.py:429} INFO - 40%|███▉      | 728M/1.78G [00:24<00:35, 32.6MB/s]
[2026-01-15T02:17:11.108+0000] {docker.py:429} INFO - 40%|████      | 732M/1.78G [00:24<00:34, 32.8MB/s]
[2026-01-15T02:17:11.234+0000] {docker.py:429} INFO - 40%|████      | 736M/1.78G [00:24<00:34, 33.0MB/s]
[2026-01-15T02:17:11.360+0000] {docker.py:429} INFO - 41%|████      | 740M/1.78G [00:24<00:34, 33.1MB/s]
[2026-01-15T02:17:11.485+0000] {docker.py:429} INFO - 41%|████      | 744M/1.78G [00:24<00:34, 33.2MB/s]
[2026-01-15T02:17:11.611+0000] {docker.py:429} INFO - 41%|████      | 748M/1.78G [00:24<00:34, 33.2MB/s]
[2026-01-15T02:17:11.737+0000] {docker.py:429} INFO - 41%|████      | 752M/1.78G [00:24<00:33, 33.2MB/s]
[2026-01-15T02:17:11.863+0000] {docker.py:429} INFO - 41%|████▏     | 756M/1.78G [00:24<00:33, 33.3MB/s]
[2026-01-15T02:17:11.989+0000] {docker.py:429} INFO - 42%|████▏     | 760M/1.78G [00:25<00:33, 33.3MB/s]
[2026-01-15T02:17:12.115+0000] {docker.py:429} INFO - 42%|████▏     | 764M/1.78G [00:25<00:33, 33.3MB/s]
[2026-01-15T02:17:12.240+0000] {docker.py:429} INFO - 42%|████▏     | 768M/1.78G [00:25<00:33, 33.3MB/s]
[2026-01-15T02:17:12.367+0000] {docker.py:429} INFO - 42%|████▏     | 772M/1.78G [00:25<00:33, 33.3MB/s]
[2026-01-15T02:17:12.493+0000] {docker.py:429} INFO - 42%|████▏     | 776M/1.78G [00:25<00:33, 33.3MB/s]
[2026-01-15T02:17:12.618+0000] {docker.py:429} INFO - 43%|████▎     | 780M/1.78G [00:25<00:32, 33.3MB/s]
[2026-01-15T02:17:12.744+0000] {docker.py:429} INFO - 43%|████▎     | 784M/1.78G [00:25<00:32, 33.3MB/s]
[2026-01-15T02:17:12.870+0000] {docker.py:429} INFO - 43%|████▎     | 788M/1.78G [00:25<00:32, 33.3MB/s]
[2026-01-15T02:17:12.996+0000] {docker.py:429} INFO - 43%|████▎     | 792M/1.78G [00:26<00:32, 33.3MB/s]
[2026-01-15T02:17:13.122+0000] {docker.py:429} INFO - 44%|████▎     | 796M/1.78G [00:26<00:32, 33.3MB/s]
[2026-01-15T02:17:13.247+0000] {docker.py:429} INFO - 44%|████▍     | 800M/1.78G [00:26<00:32, 33.4MB/s]
[2026-01-15T02:17:13.373+0000] {docker.py:429} INFO - 44%|████▍     | 804M/1.78G [00:26<00:32, 33.3MB/s]
[2026-01-15T02:17:13.499+0000] {docker.py:429} INFO - 44%|████▍     | 808M/1.78G [00:26<00:32, 33.3MB/s]
[2026-01-15T02:17:13.625+0000] {docker.py:429} INFO - 44%|████▍     | 812M/1.78G [00:26<00:31, 33.3MB/s]
[2026-01-15T02:17:13.869+0000] {docker.py:429} INFO - 45%|████▍     | 816M/1.78G [00:26<00:40, 26.0MB/s]
[2026-01-15T02:17:13.994+0000] {docker.py:429} INFO - 45%|████▍     | 820M/1.78G [00:27<00:37, 27.9MB/s]
[2026-01-15T02:17:14.120+0000] {docker.py:429} INFO - 45%|████▌     | 824M/1.78G [00:27<00:35, 29.3MB/s]
[2026-01-15T02:17:14.246+0000] {docker.py:429} INFO - 45%|████▌     | 828M/1.78G [00:27<00:34, 30.4MB/s]
[2026-01-15T02:17:14.372+0000] {docker.py:429} INFO - 46%|████▌     | 832M/1.78G [00:27<00:33, 31.2MB/s]
[2026-01-15T02:17:14.498+0000] {docker.py:429} INFO - 46%|████▌     | 836M/1.78G [00:27<00:32, 31.8MB/s]
[2026-01-15T02:17:14.623+0000] {docker.py:429} INFO - 46%|████▌     | 840M/1.78G [00:27<00:32, 32.3MB/s]
[2026-01-15T02:17:14.749+0000] {docker.py:429} INFO - 46%|████▌     | 844M/1.78G [00:27<00:31, 32.6MB/s]
[2026-01-15T02:17:14.876+0000] {docker.py:429} INFO - 46%|████▋     | 848M/1.78G [00:27<00:31, 32.8MB/s]
[2026-01-15T02:17:15.001+0000] {docker.py:429} INFO - 47%|████▋     | 852M/1.78G [00:28<00:31, 32.9MB/s]
[2026-01-15T02:17:15.128+0000] {docker.py:429} INFO - 47%|████▋     | 856M/1.78G [00:28<00:30, 33.0MB/s]
[2026-01-15T02:17:15.254+0000] {docker.py:429} INFO - 47%|████▋     | 860M/1.78G [00:28<00:30, 33.1MB/s]
[2026-01-15T02:17:15.379+0000] {docker.py:429} INFO - 47%|████▋     | 864M/1.78G [00:28<00:30, 33.2MB/s]
[2026-01-15T02:17:15.505+0000] {docker.py:429} INFO - 48%|████▊     | 868M/1.78G [00:28<00:30, 33.2MB/s]
[2026-01-15T02:17:15.631+0000] {docker.py:429} INFO - 48%|████▊     | 872M/1.78G [00:28<00:30, 33.3MB/s]
[2026-01-15T02:17:15.757+0000] {docker.py:429} INFO - 48%|████▊     | 876M/1.78G [00:28<00:29, 33.3MB/s]
[2026-01-15T02:17:15.883+0000] {docker.py:429} INFO - 48%|████▊     | 880M/1.78G [00:28<00:29, 33.3MB/s]
[2026-01-15T02:17:16.009+0000] {docker.py:429} INFO - 48%|████▊     | 884M/1.78G [00:29<00:29, 33.3MB/s]
[2026-01-15T02:17:16.135+0000] {docker.py:429} INFO - 49%|████▊     | 888M/1.78G [00:29<00:29, 33.3MB/s]
[2026-01-15T02:17:16.261+0000] {docker.py:429} INFO - 49%|████▉     | 892M/1.78G [00:29<00:29, 33.3MB/s]
[2026-01-15T02:17:16.387+0000] {docker.py:429} INFO - 49%|████▉     | 896M/1.78G [00:29<00:29, 33.3MB/s]
[2026-01-15T02:17:16.512+0000] {docker.py:429} INFO - 49%|████▉     | 900M/1.78G [00:29<00:29, 33.3MB/s]
[2026-01-15T02:17:16.639+0000] {docker.py:429} INFO - 49%|████▉     | 904M/1.78G [00:29<00:29, 33.3MB/s]
[2026-01-15T02:17:16.764+0000] {docker.py:429} INFO - 50%|████▉     | 908M/1.78G [00:29<00:28, 33.4MB/s]
[2026-01-15T02:17:16.890+0000] {docker.py:429} INFO - 50%|████▉     | 912M/1.78G [00:29<00:28, 33.3MB/s]
[2026-01-15T02:17:17.016+0000] {docker.py:429} INFO - 50%|█████     | 916M/1.78G [00:30<00:28, 33.3MB/s]
[2026-01-15T02:17:17.141+0000] {docker.py:429} INFO - 50%|█████     | 920M/1.78G [00:30<00:28, 33.4MB/s]
[2026-01-15T02:17:17.268+0000] {docker.py:429} INFO - 51%|█████     | 924M/1.78G [00:30<00:28, 33.3MB/s]
[2026-01-15T02:17:17.394+0000] {docker.py:429} INFO - 51%|█████     | 928M/1.78G [00:30<00:28, 33.3MB/s]
[2026-01-15T02:17:17.518+0000] {docker.py:429} INFO - 51%|█████     | 932M/1.78G [00:30<00:28, 33.4MB/s]
[2026-01-15T02:17:17.644+0000] {docker.py:429} INFO - 51%|█████     | 936M/1.78G [00:30<00:27, 33.4MB/s]
[2026-01-15T02:17:17.770+0000] {docker.py:429} INFO - 51%|█████▏    | 940M/1.78G [00:30<00:27, 33.4MB/s]
[2026-01-15T02:17:17.896+0000] {docker.py:429} INFO - 52%|█████▏    | 944M/1.78G [00:31<00:27, 33.3MB/s]
[2026-01-15T02:17:18.023+0000] {docker.py:429} INFO - 52%|█████▏    | 948M/1.78G [00:31<00:27, 33.3MB/s]
[2026-01-15T02:17:18.148+0000] {docker.py:429} INFO - 52%|█████▏    | 952M/1.78G [00:31<00:27, 33.4MB/s]
[2026-01-15T02:17:18.274+0000] {docker.py:429} INFO - 52%|█████▏    | 956M/1.78G [00:31<00:27, 33.3MB/s]
[2026-01-15T02:17:18.400+0000] {docker.py:429} INFO - 53%|█████▎    | 960M/1.78G [00:31<00:27, 33.3MB/s]
[2026-01-15T02:17:18.525+0000] {docker.py:429} INFO - 53%|█████▎    | 964M/1.78G [00:31<00:27, 33.4MB/s]
[2026-01-15T02:17:18.651+0000] {docker.py:429} INFO - 53%|█████▎    | 968M/1.78G [00:31<00:27, 33.4MB/s]
[2026-01-15T02:17:18.778+0000] {docker.py:429} INFO - 53%|█████▎    | 972M/1.78G [00:31<00:26, 33.3MB/s]
[2026-01-15T02:17:18.949+0000] {docker.py:429} INFO - 53%|█████▎    | 976M/1.78G [00:32<00:29, 30.0MB/s]
[2026-01-15T02:17:19.117+0000] {docker.py:429} INFO - 54%|█████▎    | 979M/1.78G [00:32<00:33, 26.2MB/s]
[2026-01-15T02:17:19.242+0000] {docker.py:429} INFO - 54%|█████▍    | 983M/1.78G [00:32<00:31, 28.1MB/s]
[2026-01-15T02:17:19.369+0000] {docker.py:429} INFO - 54%|█████▍    | 987M/1.78G [00:32<00:29, 29.5MB/s]
[2026-01-15T02:17:19.494+0000] {docker.py:429} INFO - 54%|█████▍    | 991M/1.78G [00:32<00:28, 30.6MB/s]
[2026-01-15T02:17:19.620+0000] {docker.py:429} INFO - 54%|█████▍    | 995M/1.78G [00:32<00:27, 31.4MB/s]
[2026-01-15T02:17:19.745+0000] {docker.py:429} INFO - 55%|█████▍    | 999M/1.78G [00:32<00:27, 32.0MB/s]
[2026-01-15T02:17:19.872+0000] {docker.py:429} INFO - 55%|█████▍    | 0.98G/1.78G [00:32<00:26, 32.4MB/s]
[2026-01-15T02:17:19.997+0000] {docker.py:429} INFO - 55%|█████▌    | 0.98G/1.78G [00:33<00:26, 32.7MB/s]
[2026-01-15T02:17:20.123+0000] {docker.py:429} INFO - 55%|█████▌    | 0.99G/1.78G [00:33<00:26, 32.8MB/s]
[2026-01-15T02:17:20.249+0000] {docker.py:429} INFO - 56%|█████▌    | 0.99G/1.78G [00:33<00:25, 33.0MB/s]
[2026-01-15T02:17:20.375+0000] {docker.py:429} INFO - 56%|█████▌    | 1.00G/1.78G [00:33<00:25, 33.1MB/s]
[2026-01-15T02:17:20.501+0000] {docker.py:429} INFO - 56%|█████▌    | 1.00G/1.78G [00:33<00:25, 33.2MB/s]
[2026-01-15T02:17:20.627+0000] {docker.py:429} INFO - 56%|█████▌    | 1.00G/1.78G [00:33<00:25, 33.2MB/s]
[2026-01-15T02:17:20.752+0000] {docker.py:429} INFO - 56%|█████▋    | 1.01G/1.78G [00:33<00:25, 33.3MB/s]
[2026-01-15T02:17:20.879+0000] {docker.py:429} INFO - 57%|█████▋    | 1.01G/1.78G [00:33<00:24, 33.3MB/s]
[2026-01-15T02:17:21.004+0000] {docker.py:429} INFO - 57%|█████▋    | 1.01G/1.78G [00:34<00:24, 33.3MB/s]
[2026-01-15T02:17:21.130+0000] {docker.py:429} INFO - 57%|█████▋    | 1.02G/1.78G [00:34<00:24, 33.3MB/s]
[2026-01-15T02:17:21.256+0000] {docker.py:429} INFO - 57%|█████▋    | 1.02G/1.78G [00:34<00:24, 33.3MB/s]
[2026-01-15T02:17:21.381+0000] {docker.py:429} INFO - 58%|█████▊    | 1.03G/1.78G [00:34<00:24, 33.3MB/s]
[2026-01-15T02:17:21.508+0000] {docker.py:429} INFO - 58%|█████▊    | 1.03G/1.78G [00:34<00:24, 33.3MB/s]
[2026-01-15T02:17:21.634+0000] {docker.py:429} INFO - 58%|█████▊    | 1.03G/1.78G [00:34<00:24, 33.3MB/s]
[2026-01-15T02:17:21.759+0000] {docker.py:429} INFO - 58%|█████▊    | 1.04G/1.78G [00:34<00:24, 33.4MB/s]
[2026-01-15T02:17:21.885+0000] {docker.py:429} INFO - 58%|█████▊    | 1.04G/1.78G [00:34<00:23, 33.3MB/s]
[2026-01-15T02:17:22.011+0000] {docker.py:429} INFO - 59%|█████▊    | 1.05G/1.78G [00:35<00:23, 33.3MB/s]
[2026-01-15T02:17:22.137+0000] {docker.py:429} INFO - 59%|█████▉    | 1.05G/1.78G [00:35<00:23, 33.3MB/s]
[2026-01-15T02:17:22.263+0000] {docker.py:429} INFO - 59%|█████▉    | 1.05G/1.78G [00:35<00:23, 33.3MB/s]
[2026-01-15T02:17:22.388+0000] {docker.py:429} INFO - 59%|█████▉    | 1.06G/1.78G [00:35<00:23, 33.4MB/s]
[2026-01-15T02:17:22.514+0000] {docker.py:429} INFO - 60%|█████▉    | 1.06G/1.78G [00:35<00:23, 33.3MB/s]
[2026-01-15T02:17:22.640+0000] {docker.py:429} INFO - 60%|█████▉    | 1.07G/1.78G [00:35<00:23, 33.3MB/s]
[2026-01-15T02:17:22.766+0000] {docker.py:429} INFO - 60%|█████▉    | 1.07G/1.78G [00:35<00:23, 33.4MB/s]
[2026-01-15T02:17:22.892+0000] {docker.py:429} INFO - 60%|██████    | 1.07G/1.78G [00:35<00:22, 33.3MB/s]
[2026-01-15T02:17:23.018+0000] {docker.py:429} INFO - 60%|██████    | 1.08G/1.78G [00:36<00:22, 33.3MB/s]
[2026-01-15T02:17:23.143+0000] {docker.py:429} INFO - 61%|██████    | 1.08G/1.78G [00:36<00:22, 33.4MB/s]
[2026-01-15T02:17:23.269+0000] {docker.py:429} INFO - 61%|██████    | 1.08G/1.78G [00:36<00:22, 33.3MB/s]
[2026-01-15T02:17:23.396+0000] {docker.py:429} INFO - 61%|██████    | 1.09G/1.78G [00:36<00:22, 33.3MB/s]
[2026-01-15T02:17:23.521+0000] {docker.py:429} INFO - 61%|██████▏   | 1.09G/1.78G [00:36<00:22, 33.3MB/s]
[2026-01-15T02:17:23.647+0000] {docker.py:429} INFO - 61%|██████▏   | 1.10G/1.78G [00:36<00:22, 33.3MB/s]
[2026-01-15T02:17:23.773+0000] {docker.py:429} INFO - 62%|██████▏   | 1.10G/1.78G [00:36<00:22, 33.3MB/s]
[2026-01-15T02:17:23.899+0000] {docker.py:429} INFO - 62%|██████▏   | 1.10G/1.78G [00:37<00:21, 33.3MB/s]
[2026-01-15T02:17:24.025+0000] {docker.py:429} INFO - 62%|██████▏   | 1.11G/1.78G [00:37<00:21, 33.3MB/s]
[2026-01-15T02:17:24.211+0000] {docker.py:429} INFO - 62%|██████▏   | 1.11G/1.78G [00:37<00:24, 29.1MB/s]
[2026-01-15T02:17:24.362+0000] {docker.py:429} INFO - 63%|██████▎   | 1.12G/1.78G [00:37<00:27, 26.6MB/s]
[2026-01-15T02:17:24.487+0000] {docker.py:429} INFO - 63%|██████▎   | 1.12G/1.78G [00:37<00:25, 28.4MB/s]
[2026-01-15T02:17:24.614+0000] {docker.py:429} INFO - 63%|██████▎   | 1.12G/1.78G [00:37<00:23, 29.7MB/s]
[2026-01-15T02:17:24.739+0000] {docker.py:429} INFO - 63%|██████▎   | 1.13G/1.78G [00:37<00:22, 30.8MB/s]
[2026-01-15T02:17:24.865+0000] {docker.py:429} INFO - 63%|██████▎   | 1.13G/1.78G [00:37<00:22, 31.5MB/s]
[2026-01-15T02:17:24.999+0000] {docker.py:429} INFO - 64%|██████▎   | 1.13G/1.78G [00:38<00:22, 31.4MB/s]
[2026-01-15T02:17:25.126+0000] {docker.py:429} INFO - 64%|██████▍   | 1.14G/1.78G [00:38<00:21, 31.9MB/s]
[2026-01-15T02:17:25.251+0000] {docker.py:429} INFO - 64%|██████▍   | 1.14G/1.78G [00:38<00:21, 32.4MB/s]
[2026-01-15T02:17:25.377+0000] {docker.py:429} INFO - 64%|██████▍   | 1.15G/1.78G [00:38<00:20, 32.6MB/s]
[2026-01-15T02:17:25.503+0000] {docker.py:429} INFO - 64%|██████▍   | 1.15G/1.78G [00:38<00:20, 32.8MB/s]
[2026-01-15T02:17:25.629+0000] {docker.py:429} INFO - 65%|██████▍   | 1.15G/1.78G [00:38<00:20, 33.0MB/s]
[2026-01-15T02:17:25.755+0000] {docker.py:429} INFO - 65%|██████▍   | 1.16G/1.78G [00:38<00:20, 33.1MB/s]
[2026-01-15T02:17:25.880+0000] {docker.py:429} INFO - 65%|██████▌   | 1.16G/1.78G [00:38<00:20, 33.2MB/s]
[2026-01-15T02:17:26.007+0000] {docker.py:429} INFO - 65%|██████▌   | 1.17G/1.78G [00:39<00:19, 33.2MB/s]
[2026-01-15T02:17:26.132+0000] {docker.py:429} INFO - 66%|██████▌   | 1.17G/1.78G [00:39<00:19, 33.2MB/s]
[2026-01-15T02:17:26.258+0000] {docker.py:429} INFO - 66%|██████▌   | 1.17G/1.78G [00:39<00:19, 33.3MB/s]
[2026-01-15T02:17:26.384+0000] {docker.py:429} INFO - 66%|██████▌   | 1.18G/1.78G [00:39<00:19, 33.3MB/s]
[2026-01-15T02:17:26.509+0000] {docker.py:429} INFO - 66%|██████▌   | 1.18G/1.78G [00:39<00:19, 33.3MB/s]
[2026-01-15T02:17:26.636+0000] {docker.py:429} INFO - 66%|██████▋   | 1.19G/1.78G [00:39<00:19, 33.3MB/s]
[2026-01-15T02:17:26.764+0000] {docker.py:429} INFO - 67%|██████▋   | 1.19G/1.78G [00:39<00:19, 33.1MB/s]
[2026-01-15T02:17:26.887+0000] {docker.py:429} INFO - 67%|██████▋   | 1.19G/1.78G [00:39<00:18, 33.4MB/s]
[2026-01-15T02:17:27.013+0000] {docker.py:429} INFO - 67%|██████▋   | 1.20G/1.78G [00:40<00:18, 33.4MB/s]
[2026-01-15T02:17:27.139+0000] {docker.py:429} INFO - 67%|██████▋   | 1.20G/1.78G [00:40<00:18, 33.3MB/s]
[2026-01-15T02:17:27.264+0000] {docker.py:429} INFO - 68%|██████▊   | 1.21G/1.78G [00:40<00:18, 33.4MB/s]
[2026-01-15T02:17:27.391+0000] {docker.py:429} INFO - 68%|██████▊   | 1.21G/1.78G [00:40<00:18, 33.3MB/s]
[2026-01-15T02:17:27.517+0000] {docker.py:429} INFO - 68%|██████▊   | 1.21G/1.78G [00:40<00:18, 33.3MB/s]
[2026-01-15T02:17:27.642+0000] {docker.py:429} INFO - 68%|██████▊   | 1.22G/1.78G [00:40<00:18, 33.4MB/s]
[2026-01-15T02:17:27.769+0000] {docker.py:429} INFO - 68%|██████▊   | 1.22G/1.78G [00:40<00:18, 33.3MB/s]
[2026-01-15T02:17:27.895+0000] {docker.py:429} INFO - 69%|██████▊   | 1.22G/1.78G [00:41<00:18, 33.2MB/s]
[2026-01-15T02:17:28.020+0000] {docker.py:429} INFO - 69%|██████▉   | 1.23G/1.78G [00:41<00:17, 33.4MB/s]
[2026-01-15T02:17:28.146+0000] {docker.py:429} INFO - 69%|██████▉   | 1.23G/1.78G [00:41<00:17, 33.3MB/s]
[2026-01-15T02:17:28.272+0000] {docker.py:429} INFO - 69%|██████▉   | 1.24G/1.78G [00:41<00:17, 33.3MB/s]
[2026-01-15T02:17:28.397+0000] {docker.py:429} INFO - 70%|██████▉   | 1.24G/1.78G [00:41<00:17, 33.4MB/s]
[2026-01-15T02:17:28.523+0000] {docker.py:429} INFO - 70%|██████▉   | 1.24G/1.78G [00:41<00:17, 33.3MB/s]
[2026-01-15T02:17:28.650+0000] {docker.py:429} INFO - 70%|██████▉   | 1.25G/1.78G [00:41<00:17, 33.3MB/s]
[2026-01-15T02:17:28.775+0000] {docker.py:429} INFO - 70%|███████   | 1.25G/1.78G [00:41<00:17, 33.4MB/s]
[2026-01-15T02:17:28.901+0000] {docker.py:429} INFO - 70%|███████   | 1.26G/1.78G [00:42<00:17, 33.3MB/s]
[2026-01-15T02:17:29.026+0000] {docker.py:429} INFO - 71%|███████   | 1.26G/1.78G [00:42<00:16, 33.4MB/s]
[2026-01-15T02:17:29.153+0000] {docker.py:429} INFO - 71%|███████   | 1.26G/1.78G [00:42<00:16, 33.3MB/s]
[2026-01-15T02:17:29.279+0000] {docker.py:429} INFO - 71%|███████   | 1.27G/1.78G [00:42<00:16, 33.3MB/s]
[2026-01-15T02:17:29.486+0000] {docker.py:429} INFO - 71%|███████▏  | 1.27G/1.78G [00:42<00:19, 27.9MB/s]
[2026-01-15T02:17:29.617+0000] {docker.py:429} INFO - 71%|███████▏  | 1.27G/1.78G [00:42<00:20, 26.9MB/s]
[2026-01-15T02:17:29.743+0000] {docker.py:429} INFO - 72%|███████▏  | 1.28G/1.78G [00:42<00:18, 28.6MB/s]
[2026-01-15T02:17:29.868+0000] {docker.py:429} INFO - 72%|███████▏  | 1.28G/1.78G [00:42<00:17, 30.0MB/s]
[2026-01-15T02:17:29.995+0000] {docker.py:429} INFO - 72%|███████▏  | 1.29G/1.78G [00:43<00:17, 30.9MB/s]
[2026-01-15T02:17:30.120+0000] {docker.py:429} INFO - 72%|███████▏  | 1.29G/1.78G [00:43<00:16, 31.6MB/s]
[2026-01-15T02:17:30.272+0000] {docker.py:429} INFO - 73%|███████▎  | 1.29G/1.78G [00:43<00:17, 30.3MB/s]
[2026-01-15T02:17:30.398+0000] {docker.py:429} INFO - 73%|███████▎  | 1.30G/1.78G [00:43<00:16, 31.2MB/s]
[2026-01-15T02:17:30.524+0000] {docker.py:429} INFO - 73%|███████▎  | 1.30G/1.78G [00:43<00:16, 31.8MB/s]
[2026-01-15T02:17:30.650+0000] {docker.py:429} INFO - 73%|███████▎  | 1.31G/1.78G [00:43<00:15, 32.2MB/s]
[2026-01-15T02:17:30.775+0000] {docker.py:429} INFO - 73%|███████▎  | 1.31G/1.78G [00:43<00:15, 32.6MB/s]
[2026-01-15T02:17:30.901+0000] {docker.py:429} INFO - 74%|███████▎  | 1.31G/1.78G [00:44<00:15, 32.8MB/s]
[2026-01-15T02:17:31.026+0000] {docker.py:429} INFO - 74%|███████▍  | 1.32G/1.78G [00:44<00:15, 33.0MB/s]
[2026-01-15T02:17:31.153+0000] {docker.py:429} INFO - 74%|███████▍  | 1.32G/1.78G [00:44<00:15, 33.0MB/s]
[2026-01-15T02:17:31.279+0000] {docker.py:429} INFO - 74%|███████▍  | 1.33G/1.78G [00:44<00:14, 33.1MB/s]
[2026-01-15T02:17:31.404+0000] {docker.py:429} INFO - 74%|███████▍  | 1.33G/1.78G [00:44<00:14, 33.2MB/s]
[2026-01-15T02:17:31.530+0000] {docker.py:429} INFO - 75%|███████▍  | 1.33G/1.78G [00:44<00:14, 33.2MB/s]
[2026-01-15T02:17:31.657+0000] {docker.py:429} INFO - 75%|███████▍  | 1.34G/1.78G [00:44<00:14, 33.2MB/s]
[2026-01-15T02:17:31.782+0000] {docker.py:429} INFO - 75%|███████▌  | 1.34G/1.78G [00:44<00:14, 33.3MB/s]
[2026-01-15T02:17:31.908+0000] {docker.py:429} INFO - 75%|███████▌  | 1.34G/1.78G [00:45<00:14, 33.3MB/s]
[2026-01-15T02:17:32.034+0000] {docker.py:429} INFO - 76%|███████▌  | 1.35G/1.78G [00:45<00:14, 33.3MB/s]
[2026-01-15T02:17:32.159+0000] {docker.py:429} INFO - 76%|███████▌  | 1.35G/1.78G [00:45<00:13, 33.3MB/s]
[2026-01-15T02:17:32.286+0000] {docker.py:429} INFO - 76%|███████▌  | 1.36G/1.78G [00:45<00:13, 33.3MB/s]
[2026-01-15T02:17:32.411+0000] {docker.py:429} INFO - 76%|███████▋  | 1.36G/1.78G [00:45<00:13, 33.4MB/s]
[2026-01-15T02:17:32.537+0000] {docker.py:429} INFO - 76%|███████▋  | 1.36G/1.78G [00:45<00:13, 33.3MB/s]
[2026-01-15T02:17:32.663+0000] {docker.py:429} INFO - 77%|███████▋  | 1.37G/1.78G [00:45<00:13, 33.3MB/s]
[2026-01-15T02:17:32.788+0000] {docker.py:429} INFO - 77%|███████▋  | 1.37G/1.78G [00:45<00:13, 33.4MB/s]
[2026-01-15T02:17:32.915+0000] {docker.py:429} INFO - 77%|███████▋  | 1.38G/1.78G [00:46<00:13, 33.3MB/s]
[2026-01-15T02:17:33.041+0000] {docker.py:429} INFO - 77%|███████▋  | 1.38G/1.78G [00:46<00:13, 33.3MB/s]
[2026-01-15T02:17:33.166+0000] {docker.py:429} INFO - 78%|███████▊  | 1.38G/1.78G [00:46<00:12, 33.3MB/s]
[2026-01-15T02:17:33.293+0000] {docker.py:429} INFO - 78%|███████▊  | 1.39G/1.78G [00:46<00:12, 33.3MB/s]
[2026-01-15T02:17:33.418+0000] {docker.py:429} INFO - 78%|███████▊  | 1.39G/1.78G [00:46<00:12, 33.3MB/s]
[2026-01-15T02:17:33.544+0000] {docker.py:429} INFO - 78%|███████▊  | 1.40G/1.78G [00:46<00:12, 33.3MB/s]
[2026-01-15T02:17:33.670+0000] {docker.py:429} INFO - 78%|███████▊  | 1.40G/1.78G [00:46<00:12, 33.3MB/s]
[2026-01-15T02:17:33.795+0000] {docker.py:429} INFO - 79%|███████▊  | 1.40G/1.78G [00:46<00:12, 33.4MB/s]
[2026-01-15T02:17:33.921+0000] {docker.py:429} INFO - 79%|███████▉  | 1.41G/1.78G [00:47<00:12, 33.3MB/s]
[2026-01-15T02:17:34.047+0000] {docker.py:429} INFO - 79%|███████▉  | 1.41G/1.78G [00:47<00:12, 33.3MB/s]
[2026-01-15T02:17:34.173+0000] {docker.py:429} INFO - 79%|███████▉  | 1.42G/1.78G [00:47<00:11, 33.3MB/s]
[2026-01-15T02:17:34.298+0000] {docker.py:429} INFO - 80%|███████▉  | 1.42G/1.78G [00:47<00:11, 33.4MB/s]
[2026-01-15T02:17:34.425+0000] {docker.py:429} INFO - 80%|███████▉  | 1.42G/1.78G [00:47<00:11, 33.3MB/s]
[2026-01-15T02:17:34.550+0000] {docker.py:429} INFO - 80%|███████▉  | 1.43G/1.78G [00:47<00:11, 33.4MB/s]
[2026-01-15T02:17:34.676+0000] {docker.py:429} INFO - 80%|████████  | 1.43G/1.78G [00:47<00:11, 33.3MB/s]
[2026-01-15T02:17:34.803+0000] {docker.py:429} INFO - 80%|████████  | 1.43G/1.78G [00:47<00:11, 33.3MB/s]
[2026-01-15T02:17:34.928+0000] {docker.py:429} INFO - 81%|████████  | 1.44G/1.78G [00:48<00:11, 33.3MB/s]
[2026-01-15T02:17:35.054+0000] {docker.py:429} INFO - 81%|████████  | 1.44G/1.78G [00:48<00:11, 33.3MB/s]
[2026-01-15T02:17:35.181+0000] {docker.py:429} INFO - 81%|████████  | 1.45G/1.78G [00:48<00:10, 33.3MB/s]
[2026-01-15T02:17:35.367+0000] {docker.py:429} INFO - 81%|████████▏ | 1.45G/1.78G [00:48<00:12, 29.1MB/s]
[2026-01-15T02:17:35.518+0000] {docker.py:429} INFO - 81%|████████▏ | 1.45G/1.78G [00:48<00:13, 26.5MB/s]
[2026-01-15T02:17:35.644+0000] {docker.py:429} INFO - 82%|████████▏ | 1.46G/1.78G [00:48<00:12, 28.4MB/s]
[2026-01-15T02:17:35.770+0000] {docker.py:429} INFO - 82%|████████▏ | 1.46G/1.78G [00:48<00:11, 29.7MB/s]
[2026-01-15T02:17:35.896+0000] {docker.py:429} INFO - 82%|████████▏ | 1.46G/1.78G [00:49<00:11, 30.8MB/s]
[2026-01-15T02:17:36.021+0000] {docker.py:429} INFO - 82%|████████▏ | 1.47G/1.78G [00:49<00:10, 31.6MB/s]
[2026-01-15T02:17:36.147+0000] {docker.py:429} INFO - 83%|████████▎ | 1.47G/1.78G [00:49<00:10, 32.0MB/s]
[2026-01-15T02:17:36.274+0000] {docker.py:429} INFO - 83%|████████▎ | 1.48G/1.78G [00:49<00:10, 32.3MB/s]
[2026-01-15T02:17:36.399+0000] {docker.py:429} INFO - 83%|████████▎ | 1.48G/1.78G [00:49<00:09, 32.7MB/s]
[2026-01-15T02:17:36.525+0000] {docker.py:429} INFO - 83%|████████▎ | 1.48G/1.78G [00:49<00:09, 32.9MB/s]
[2026-01-15T02:17:36.651+0000] {docker.py:429} INFO - 83%|████████▎ | 1.49G/1.78G [00:49<00:09, 33.0MB/s]
[2026-01-15T02:17:36.776+0000] {docker.py:429} INFO - 84%|████████▎ | 1.49G/1.78G [00:49<00:09, 33.1MB/s]
[2026-01-15T02:17:36.903+0000] {docker.py:429} INFO - 84%|████████▍ | 1.50G/1.78G [00:50<00:09, 33.2MB/s]
[2026-01-15T02:17:37.029+0000] {docker.py:429} INFO - 84%|████████▍ | 1.50G/1.78G [00:50<00:09, 33.2MB/s]
[2026-01-15T02:17:37.154+0000] {docker.py:429} INFO - 84%|████████▍ | 1.50G/1.78G [00:50<00:09, 33.3MB/s]
[2026-01-15T02:17:37.280+0000] {docker.py:429} INFO - 85%|████████▍ | 1.51G/1.78G [00:50<00:08, 33.3MB/s]
[2026-01-15T02:17:37.406+0000] {docker.py:429} INFO - 85%|████████▍ | 1.51G/1.78G [00:50<00:08, 33.3MB/s]
[2026-01-15T02:17:37.531+0000] {docker.py:429} INFO - 85%|████████▍ | 1.52G/1.78G [00:50<00:08, 33.3MB/s]
[2026-01-15T02:17:37.658+0000] {docker.py:429} INFO - 85%|████████▌ | 1.52G/1.78G [00:50<00:08, 33.3MB/s]
[2026-01-15T02:17:37.783+0000] {docker.py:429} INFO - 85%|████████▌ | 1.52G/1.78G [00:50<00:08, 33.4MB/s]
[2026-01-15T02:17:37.909+0000] {docker.py:429} INFO - 86%|████████▌ | 1.53G/1.78G [00:51<00:08, 33.3MB/s]
[2026-01-15T02:17:38.035+0000] {docker.py:429} INFO - 86%|████████▌ | 1.53G/1.78G [00:51<00:08, 33.3MB/s]
[2026-01-15T02:17:38.161+0000] {docker.py:429} INFO - 86%|████████▌ | 1.54G/1.78G [00:51<00:08, 33.3MB/s]
[2026-01-15T02:17:38.287+0000] {docker.py:429} INFO - 86%|████████▋ | 1.54G/1.78G [00:51<00:07, 33.3MB/s]
[2026-01-15T02:17:38.413+0000] {docker.py:429} INFO - 86%|████████▋ | 1.54G/1.78G [00:51<00:07, 33.3MB/s]
[2026-01-15T02:17:38.538+0000] {docker.py:429} INFO - 87%|████████▋ | 1.55G/1.78G [00:51<00:07, 33.4MB/s]
[2026-01-15T02:17:38.664+0000] {docker.py:429} INFO - 87%|████████▋ | 1.55G/1.78G [00:51<00:07, 33.3MB/s]
[2026-01-15T02:17:38.791+0000] {docker.py:429} INFO - 87%|████████▋ | 1.55G/1.78G [00:51<00:07, 33.3MB/s]
[2026-01-15T02:17:38.916+0000] {docker.py:429} INFO - 87%|████████▋ | 1.56G/1.78G [00:52<00:07, 33.3MB/s]
[2026-01-15T02:17:39.042+0000] {docker.py:429} INFO - 88%|████████▊ | 1.56G/1.78G [00:52<00:07, 33.3MB/s]
[2026-01-15T02:17:39.168+0000] {docker.py:429} INFO - 88%|████████▊ | 1.57G/1.78G [00:52<00:07, 33.3MB/s]
[2026-01-15T02:17:39.294+0000] {docker.py:429} INFO - 88%|████████▊ | 1.57G/1.78G [00:52<00:06, 33.3MB/s]
[2026-01-15T02:17:39.420+0000] {docker.py:429} INFO - 88%|████████▊ | 1.57G/1.78G [00:52<00:06, 33.3MB/s]
[2026-01-15T02:17:39.546+0000] {docker.py:429} INFO - 88%|████████▊ | 1.58G/1.78G [00:52<00:06, 33.3MB/s]
[2026-01-15T02:17:39.672+0000] {docker.py:429} INFO - 89%|████████▊ | 1.58G/1.78G [00:52<00:06, 33.3MB/s]
[2026-01-15T02:17:39.801+0000] {docker.py:429} INFO - 89%|████████▉ | 1.59G/1.78G [00:52<00:06, 33.0MB/s]
[2026-01-15T02:17:39.938+0000] {docker.py:429} INFO - 89%|████████▉ | 1.59G/1.78G [00:53<00:06, 32.3MB/s]
[2026-01-15T02:17:40.065+0000] {docker.py:429} INFO - 89%|████████▉ | 1.59G/1.78G [00:53<00:06, 32.5MB/s]
[2026-01-15T02:17:40.191+0000] {docker.py:429} INFO - 90%|████████▉ | 1.60G/1.78G [00:53<00:06, 32.8MB/s]
[2026-01-15T02:17:40.316+0000] {docker.py:429} INFO - 90%|████████▉ | 1.60G/1.78G [00:53<00:05, 33.0MB/s]
[2026-01-15T02:17:40.442+0000] {docker.py:429} INFO - 90%|████████▉ | 1.61G/1.78G [00:53<00:05, 33.1MB/s]
[2026-01-15T02:17:40.568+0000] {docker.py:429} INFO - 90%|█████████ | 1.61G/1.78G [00:53<00:05, 33.1MB/s]
[2026-01-15T02:17:40.694+0000] {docker.py:429} INFO - 90%|█████████ | 1.61G/1.78G [00:53<00:05, 33.2MB/s]
[2026-01-15T02:17:40.820+0000] {docker.py:429} INFO - 91%|█████████ | 1.62G/1.78G [00:53<00:05, 33.2MB/s]
[2026-01-15T02:17:40.945+0000] {docker.py:429} INFO - 91%|█████████ | 1.62G/1.78G [00:54<00:05, 33.3MB/s]
[2026-01-15T02:17:41.071+0000] {docker.py:429} INFO - 91%|█████████ | 1.62G/1.78G [00:54<00:05, 33.3MB/s]
[2026-01-15T02:17:41.197+0000] {docker.py:429} INFO - 91%|█████████▏| 1.63G/1.78G [00:54<00:05, 33.3MB/s]
[2026-01-15T02:17:41.323+0000] {docker.py:429} INFO - 92%|█████████▏| 1.63G/1.78G [00:54<00:04, 33.3MB/s]
[2026-01-15T02:17:41.449+0000] {docker.py:429} INFO - 92%|█████████▏| 1.64G/1.78G [00:54<00:04, 33.3MB/s]
[2026-01-15T02:17:41.575+0000] {docker.py:429} INFO - 92%|█████████▏| 1.64G/1.78G [00:54<00:04, 33.3MB/s]
[2026-01-15T02:17:41.701+0000] {docker.py:429} INFO - 92%|█████████▏| 1.64G/1.78G [00:54<00:04, 33.3MB/s]
[2026-01-15T02:17:41.827+0000] {docker.py:429} INFO - 92%|█████████▏| 1.65G/1.78G [00:54<00:04, 33.3MB/s]
[2026-01-15T02:17:41.952+0000] {docker.py:429} INFO - 93%|█████████▎| 1.65G/1.78G [00:55<00:04, 33.4MB/s]
[2026-01-15T02:17:42.078+0000] {docker.py:429} INFO - 93%|█████████▎| 1.66G/1.78G [00:55<00:04, 33.3MB/s]
[2026-01-15T02:17:42.204+0000] {docker.py:429} INFO - 93%|█████████▎| 1.66G/1.78G [00:55<00:03, 33.4MB/s]
[2026-01-15T02:17:42.329+0000] {docker.py:429} INFO - 93%|█████████▎| 1.66G/1.78G [00:55<00:03, 33.4MB/s]
[2026-01-15T02:17:42.455+0000] {docker.py:429} INFO - 93%|█████████▎| 1.67G/1.78G [00:55<00:03, 33.3MB/s]
[2026-01-15T02:17:42.581+0000] {docker.py:429} INFO - 94%|█████████▎| 1.67G/1.78G [00:55<00:03, 33.4MB/s]
[2026-01-15T02:17:42.707+0000] {docker.py:429} INFO - 94%|█████████▍| 1.68G/1.78G [00:55<00:03, 33.3MB/s]
[2026-01-15T02:17:42.834+0000] {docker.py:429} INFO - 94%|█████████▍| 1.68G/1.78G [00:55<00:03, 33.3MB/s]
[2026-01-15T02:17:42.958+0000] {docker.py:429} INFO - 94%|█████████▍| 1.68G/1.78G [00:56<00:03, 33.4MB/s]
[2026-01-15T02:17:43.084+0000] {docker.py:429} INFO - 95%|█████████▍| 1.69G/1.78G [00:56<00:03, 33.4MB/s]
[2026-01-15T02:17:43.210+0000] {docker.py:429} INFO - 95%|█████████▍| 1.69G/1.78G [00:56<00:02, 33.3MB/s]
[2026-01-15T02:17:43.336+0000] {docker.py:429} INFO - 95%|█████████▌| 1.70G/1.78G [00:56<00:02, 33.4MB/s]
[2026-01-15T02:17:43.462+0000] {docker.py:429} INFO - 95%|█████████▌| 1.70G/1.78G [00:56<00:02, 33.3MB/s]
[2026-01-15T02:17:43.589+0000] {docker.py:429} INFO - 95%|█████████▌| 1.70G/1.78G [00:56<00:02, 33.3MB/s]
[2026-01-15T02:17:43.713+0000] {docker.py:429} INFO - 96%|█████████▌| 1.71G/1.78G [00:56<00:02, 33.4MB/s]
[2026-01-15T02:17:43.840+0000] {docker.py:429} INFO - 96%|█████████▌| 1.71G/1.78G [00:56<00:02, 33.3MB/s]
[2026-01-15T02:17:43.966+0000] {docker.py:429} INFO - 96%|█████████▌| 1.71G/1.78G [00:57<00:02, 33.3MB/s]
[2026-01-15T02:17:44.091+0000] {docker.py:429} INFO - 96%|█████████▋| 1.72G/1.78G [00:57<00:02, 33.3MB/s]
[2026-01-15T02:17:44.218+0000] {docker.py:429} INFO - 97%|█████████▋| 1.72G/1.78G [00:57<00:01, 33.3MB/s]
[2026-01-15T02:17:44.343+0000] {docker.py:429} INFO - 97%|█████████▋| 1.73G/1.78G [00:57<00:01, 33.4MB/s]
[2026-01-15T02:17:44.469+0000] {docker.py:429} INFO - 97%|█████████▋| 1.73G/1.78G [00:57<00:01, 33.3MB/s]
[2026-01-15T02:17:44.595+0000] {docker.py:429} INFO - 97%|█████████▋| 1.73G/1.78G [00:57<00:01, 33.3MB/s]
[2026-01-15T02:17:44.720+0000] {docker.py:429} INFO - 97%|█████████▋| 1.74G/1.78G [00:57<00:01, 33.4MB/s]
[2026-01-15T02:17:44.893+0000] {docker.py:429} INFO - 98%|█████████▊| 1.74G/1.78G [00:58<00:01, 30.0MB/s]
[2026-01-15T02:17:45.059+0000] {docker.py:429} INFO - 98%|█████████▊| 1.75G/1.78G [00:58<00:01, 26.3MB/s]
[2026-01-15T02:17:45.186+0000] {docker.py:429} INFO - 98%|█████████▊| 1.75G/1.78G [00:58<00:01, 28.1MB/s]
[2026-01-15T02:17:45.312+0000] {docker.py:429} INFO - 98%|█████████▊| 1.75G/1.78G [00:58<00:01, 29.6MB/s]
[2026-01-15T02:17:45.437+0000] {docker.py:429} INFO - 98%|█████████▊| 1.76G/1.78G [00:58<00:00, 30.7MB/s]
[2026-01-15T02:17:45.563+0000] {docker.py:429} INFO - 99%|█████████▊| 1.76G/1.78G [00:58<00:00, 31.4MB/s]
[2026-01-15T02:17:45.690+0000] {docker.py:429} INFO - 99%|█████████▉| 1.76G/1.78G [00:58<00:00, 31.9MB/s]
[2026-01-15T02:17:45.815+0000] {docker.py:429} INFO - 99%|█████████▉| 1.77G/1.78G [00:58<00:00, 32.4MB/s]
[2026-01-15T02:17:45.941+0000] {docker.py:429} INFO - 99%|█████████▉| 1.77G/1.78G [00:59<00:00, 32.6MB/s]
[2026-01-15T02:17:46.067+0000] {docker.py:429} INFO - 100%|█████████▉| 1.78G/1.78G [00:59<00:00, 32.8MB/s]
[2026-01-15T02:17:46.193+0000] {docker.py:429} INFO - 100%|█████████▉| 1.78G/1.78G [00:59<00:00, 33.0MB/s]
[2026-01-15T02:17:46.314+0000] {docker.py:429} INFO - 100%|██████████| 1.78G/1.78G [00:59<00:00, 33.1MB/s]100%|██████████| 1.78G/1.78G [00:59<00:00, 32.2MB/s]
[2026-01-15T02:17:46.317+0000] {docker.py:429} INFO - Extracting files...
[2026-01-15T02:18:16.640+0000] {docker.py:429} INFO - 2026-01-15 02:18:16,639 - INFO - Upload startet: yellow_tripdata_2016-03.csv
[2026-01-15T02:18:16.642+0000] {docker.py:429} INFO - 2026-01-15 02:18:16,642 - INFO - Upload startet: yellow_tripdata_2016-01.csv
[2026-01-15T02:18:16.647+0000] {docker.py:429} INFO - 2026-01-15 02:18:16,644 - INFO - Upload startet: yellow_tripdata_2015-01.csv
[2026-01-15T02:18:16.650+0000] {docker.py:429} INFO - 2026-01-15 02:18:16,649 - INFO - Upload startet: yellow_tripdata_2016-02.csv
[2026-01-15T02:20:10.186+0000] {docker.py:429} INFO - 2026-01-15 02:20:10,185 - INFO - >>> Neuer Batch ingestiert. Setze Trigger.
[2026-01-15T02:21:10.236+0000] {docker.py:429} INFO - 2026-01-15 02:21:10,236 - INFO - Checking for new data in elemento/nyc-yellow-taxi-trip-data...
[2026-01-15T02:21:10.450+0000] {docker.py:429} INFO - Warning: Looks like you're using an outdated `kagglehub` version (installed: 0.3.13), please consider upgrading to the latest version (0.4.0).
[2026-01-15T02:22:10.486+0000] {docker.py:429} INFO - 2026-01-15 02:22:10,486 - INFO - Checking for new data in elemento/nyc-yellow-taxi-trip-data...
[2026-01-15T02:22:10.767+0000] {docker.py:429} INFO - Warning: Looks like you're using an outdated `kagglehub` version (installed: 0.3.13), please consider upgrading to the latest version (0.4.0).
[2026-01-15T02:23:10.856+0000] {docker.py:429} INFO - 2026-01-15 02:23:10,856 - INFO - Checking for new data in elemento/nyc-yellow-taxi-trip-data...
[2026-01-15T02:23:11.092+0000] {docker.py:429} INFO - Warning: Looks like you're using an outdated `kagglehub` version (installed: 0.3.13), please consider upgrading to the latest version (0.4.0).
[2026-01-15T02:24:11.182+0000] {docker.py:429} INFO - 2026-01-15 02:24:11,182 - INFO - Checking for new data in elemento/nyc-yellow-taxi-trip-data...
[2026-01-15T02:24:11.387+0000] {docker.py:429} INFO - Warning: Looks like you're using an outdated `kagglehub` version (installed: 0.3.13), please consider upgrading to the latest version (0.4.0).
[2026-01-15T02:24:40.699+0000] {local_task_job_runner.py:121} ERROR - Received SIGTERM. Terminating subprocesses
[2026-01-15T02:24:40.702+0000] {process_utils.py:131} INFO - Sending 15 to group 264. PIDs of all processes in the group: [264]
[2026-01-15T02:24:40.703+0000] {process_utils.py:86} INFO - Sending the signal 15 to group 264
[2026-01-15T02:24:40.704+0000] {taskinstance.py:2450} ERROR - Received SIGTERM. Terminating subprocesses.
[2026-01-15T02:24:40.704+0000] {docker.py:521} INFO - Stopping docker container
