[2026-01-15T02:25:20.983+0000] {taskinstance.py:1956} INFO - Dependencies all met for dep_context=non-requeueable deps ti=<TaskInstance: nyc_taxi_pipeline.ingest manual__2026-01-15T02:16:44.270790+00:00 [queued]>
[2026-01-15T02:25:20.989+0000] {taskinstance.py:1956} INFO - Dependencies all met for dep_context=requeueable deps ti=<TaskInstance: nyc_taxi_pipeline.ingest manual__2026-01-15T02:16:44.270790+00:00 [queued]>
[2026-01-15T02:25:20.989+0000] {taskinstance.py:2170} INFO - Starting attempt 2 of 1
[2026-01-15T02:25:20.997+0000] {taskinstance.py:2191} INFO - Executing <Task(DockerOperator): ingest> on 2026-01-15 02:16:44.270790+00:00
[2026-01-15T02:25:21.002+0000] {standard_task_runner.py:60} INFO - Started process 181 to run task
[2026-01-15T02:25:21.005+0000] {standard_task_runner.py:87} INFO - Running: ['***', 'tasks', 'run', 'nyc_taxi_pipeline', 'ingest', 'manual__2026-01-15T02:16:44.270790+00:00', '--job-id', '5', '--raw', '--subdir', 'DAGS_FOLDER/nyc_taxi_pipeline.py', '--cfg-path', '/tmp/tmpup_00exg']
[2026-01-15T02:25:21.008+0000] {standard_task_runner.py:88} INFO - Job 5: Subtask ingest
[2026-01-15T02:25:21.049+0000] {task_command.py:423} INFO - Running <TaskInstance: nyc_taxi_pipeline.ingest manual__2026-01-15T02:16:44.270790+00:00 [running]> on host dc390c2f2007
[2026-01-15T02:25:21.103+0000] {taskinstance.py:2480} INFO - Exporting env vars: AIRFLOW_CTX_DAG_OWNER='***' AIRFLOW_CTX_DAG_ID='nyc_taxi_pipeline' AIRFLOW_CTX_TASK_ID='ingest' AIRFLOW_CTX_EXECUTION_DATE='2026-01-15T02:16:44.270790+00:00' AIRFLOW_CTX_TRY_NUMBER='2' AIRFLOW_CTX_DAG_RUN_ID='manual__2026-01-15T02:16:44.270790+00:00'
[2026-01-15T02:25:21.120+0000] {docker.py:359} INFO - Starting docker container from image nyc_ingestion:latest
[2026-01-15T02:25:21.123+0000] {docker.py:367} WARNING - Using remote engine or docker-in-docker and mounting temporary volume from host is not supported. Falling back to `mount_tmp_dir=False` mode. You can set `mount_tmp_dir` parameter to False to disable mounting and remove the warning
[2026-01-15T02:25:21.637+0000] {docker.py:429} INFO - /usr/local/lib/python3.9/site-packages/boto3/compat.py:89: PythonDeprecationWarning: Boto3 will no longer support Python 3.9 starting April 29, 2026. To continue receiving service updates, bug fixes, and security updates please upgrade to Python 3.10 or later. More information can be found here: https://aws.amazon.com/blogs/developer/python-support-policy-updates-for-aws-sdks-and-tools/
  warnings.warn(warning, PythonDeprecationWarning)
[2026-01-15T02:25:21.749+0000] {docker.py:429} INFO - INFO:Ingest:Downloade elemento/nyc-yellow-taxi-trip-data...
[2026-01-15T02:25:21.984+0000] {docker.py:429} INFO - Warning: Looks like you're using an outdated `kagglehub` version (installed: 0.3.13), please consider upgrading to the latest version (0.4.0).
[2026-01-15T02:25:22.469+0000] {docker.py:429} INFO - Downloading from https://www.kaggle.com/api/v1/datasets/download/elemento/nyc-yellow-taxi-trip-data?dataset_version_number=2...
[2026-01-15T02:25:22.473+0000] {docker.py:429} INFO - 0%|          | 0.00/1.78G [00:00<?, ?B/s]
[2026-01-15T02:25:23.064+0000] {docker.py:429} INFO - 0%|          | 1.00M/1.78G [00:00<17:57, 1.78MB/s]
[2026-01-15T02:25:23.209+0000] {docker.py:429} INFO - 0%|          | 3.00M/1.78G [00:00<06:17, 5.07MB/s]
[2026-01-15T02:25:23.340+0000] {docker.py:429} INFO - 0%|          | 7.00M/1.78G [00:00<02:41, 11.8MB/s]
[2026-01-15T02:25:23.537+0000] {docker.py:429} INFO - 1%|          | 11.0M/1.78G [00:01<02:05, 15.1MB/s]
[2026-01-15T02:25:23.665+0000] {docker.py:429} INFO - 1%|          | 13.0M/1.78G [00:01<02:03, 15.5MB/s]
[2026-01-15T02:25:23.792+0000] {docker.py:429} INFO - 1%|          | 16.0M/1.78G [00:01<01:46, 17.8MB/s]
[2026-01-15T02:25:23.971+0000] {docker.py:429} INFO - 1%|          | 19.0M/1.78G [00:01<01:46, 17.8MB/s]
[2026-01-15T02:25:24.074+0000] {docker.py:429} INFO - 1%|          | 22.0M/1.78G [00:01<01:32, 20.6MB/s]
[2026-01-15T02:25:24.199+0000] {docker.py:429} INFO - 1%|▏         | 26.0M/1.78G [00:01<01:18, 24.1MB/s]
[2026-01-15T02:25:24.326+0000] {docker.py:429} INFO - 2%|▏         | 30.0M/1.78G [00:01<01:10, 26.7MB/s]
[2026-01-15T02:25:24.451+0000] {docker.py:429} INFO - 2%|▏         | 34.0M/1.78G [00:01<01:05, 28.7MB/s]
[2026-01-15T02:25:24.577+0000] {docker.py:429} INFO - 2%|▏         | 38.0M/1.78G [00:02<01:02, 30.0MB/s]
[2026-01-15T02:25:24.703+0000] {docker.py:429} INFO - 2%|▏         | 42.0M/1.78G [00:02<01:00, 31.0MB/s]
[2026-01-15T02:25:24.828+0000] {docker.py:429} INFO - 3%|▎         | 46.0M/1.78G [00:02<00:58, 31.7MB/s]
[2026-01-15T02:25:24.954+0000] {docker.py:429} INFO - 3%|▎         | 50.0M/1.78G [00:02<00:57, 32.2MB/s]
[2026-01-15T02:25:25.081+0000] {docker.py:429} INFO - 3%|▎         | 54.0M/1.78G [00:02<00:57, 32.5MB/s]
[2026-01-15T02:25:25.206+0000] {docker.py:429} INFO - 3%|▎         | 58.0M/1.78G [00:02<00:56, 32.8MB/s]
[2026-01-15T02:25:25.332+0000] {docker.py:429} INFO - 3%|▎         | 62.0M/1.78G [00:02<00:56, 32.9MB/s]
[2026-01-15T02:25:25.458+0000] {docker.py:429} INFO - 4%|▎         | 66.0M/1.78G [00:02<00:55, 33.0MB/s]
[2026-01-15T02:25:25.583+0000] {docker.py:429} INFO - 4%|▍         | 70.0M/1.78G [00:03<00:55, 33.2MB/s]
[2026-01-15T02:25:25.710+0000] {docker.py:429} INFO - 4%|▍         | 74.0M/1.78G [00:03<00:55, 33.2MB/s]
[2026-01-15T02:25:25.859+0000] {docker.py:429} INFO - 4%|▍         | 78.0M/1.78G [00:03<00:58, 31.5MB/s]
[2026-01-15T02:25:25.985+0000] {docker.py:429} INFO - 4%|▍         | 82.0M/1.78G [00:03<00:57, 32.0MB/s]
[2026-01-15T02:25:26.110+0000] {docker.py:429} INFO - 5%|▍         | 86.0M/1.78G [00:03<00:56, 32.4MB/s]
[2026-01-15T02:25:26.236+0000] {docker.py:429} INFO - 5%|▍         | 90.0M/1.78G [00:03<00:55, 32.7MB/s]
[2026-01-15T02:25:26.362+0000] {docker.py:429} INFO - 5%|▌         | 94.0M/1.78G [00:03<00:55, 32.9MB/s]
[2026-01-15T02:25:26.488+0000] {docker.py:429} INFO - 5%|▌         | 98.0M/1.78G [00:04<00:54, 33.0MB/s]
[2026-01-15T02:25:26.614+0000] {docker.py:429} INFO - 6%|▌         | 102M/1.78G [00:04<00:54, 33.1MB/s]
[2026-01-15T02:25:26.739+0000] {docker.py:429} INFO - 6%|▌         | 106M/1.78G [00:04<00:54, 33.2MB/s]
[2026-01-15T02:25:26.865+0000] {docker.py:429} INFO - 6%|▌         | 110M/1.78G [00:04<00:54, 33.2MB/s]
[2026-01-15T02:25:26.990+0000] {docker.py:429} INFO - 6%|▌         | 114M/1.78G [00:04<00:53, 33.3MB/s]
[2026-01-15T02:25:27.117+0000] {docker.py:429} INFO - 6%|▋         | 118M/1.78G [00:04<00:53, 33.3MB/s]
[2026-01-15T02:25:27.243+0000] {docker.py:429} INFO - 7%|▋         | 122M/1.78G [00:04<00:53, 33.3MB/s]
[2026-01-15T02:25:27.368+0000] {docker.py:429} INFO - 7%|▋         | 126M/1.78G [00:04<00:53, 33.3MB/s]
[2026-01-15T02:25:27.494+0000] {docker.py:429} INFO - 7%|▋         | 130M/1.78G [00:05<00:53, 33.3MB/s]
[2026-01-15T02:25:27.621+0000] {docker.py:429} INFO - 7%|▋         | 134M/1.78G [00:05<00:53, 33.3MB/s]
[2026-01-15T02:25:27.746+0000] {docker.py:429} INFO - 8%|▊         | 138M/1.78G [00:05<00:53, 33.4MB/s]
[2026-01-15T02:25:27.872+0000] {docker.py:429} INFO - 8%|▊         | 142M/1.78G [00:05<00:53, 33.3MB/s]
[2026-01-15T02:25:27.999+0000] {docker.py:429} INFO - 8%|▊         | 146M/1.78G [00:05<00:52, 33.3MB/s]
[2026-01-15T02:25:28.123+0000] {docker.py:429} INFO - 8%|▊         | 150M/1.78G [00:05<00:52, 33.4MB/s]
[2026-01-15T02:25:28.250+0000] {docker.py:429} INFO - 8%|▊         | 154M/1.78G [00:05<00:52, 33.3MB/s]
[2026-01-15T02:25:28.381+0000] {docker.py:429} INFO - 9%|▊         | 158M/1.78G [00:05<00:53, 32.9MB/s]
[2026-01-15T02:25:28.508+0000] {docker.py:429} INFO - 9%|▉         | 162M/1.78G [00:06<00:52, 33.0MB/s]
[2026-01-15T02:25:28.744+0000] {docker.py:429} INFO - 9%|▉         | 166M/1.78G [00:06<01:06, 26.2MB/s]
[2026-01-15T02:25:28.871+0000] {docker.py:429} INFO - 9%|▉         | 170M/1.78G [00:06<01:02, 28.0MB/s]
[2026-01-15T02:25:28.996+0000] {docker.py:429} INFO - 10%|▉         | 174M/1.78G [00:06<00:58, 29.4MB/s]
[2026-01-15T02:25:29.122+0000] {docker.py:429} INFO - 10%|▉         | 178M/1.78G [00:06<00:56, 30.5MB/s]
[2026-01-15T02:25:29.247+0000] {docker.py:429} INFO - 10%|▉         | 182M/1.78G [00:06<00:55, 31.3MB/s]
[2026-01-15T02:25:29.373+0000] {docker.py:429} INFO - 10%|█         | 186M/1.78G [00:06<00:53, 31.9MB/s]
[2026-01-15T02:25:29.500+0000] {docker.py:429} INFO - 10%|█         | 190M/1.78G [00:07<00:53, 32.3MB/s]
[2026-01-15T02:25:29.625+0000] {docker.py:429} INFO - 11%|█         | 194M/1.78G [00:07<00:52, 32.6MB/s]
[2026-01-15T02:25:29.751+0000] {docker.py:429} INFO - 11%|█         | 198M/1.78G [00:07<00:52, 32.8MB/s]
[2026-01-15T02:25:29.877+0000] {docker.py:429} INFO - 11%|█         | 202M/1.78G [00:07<00:51, 32.9MB/s]
[2026-01-15T02:25:30.002+0000] {docker.py:429} INFO - 11%|█▏        | 206M/1.78G [00:07<00:51, 33.1MB/s]
[2026-01-15T02:25:30.129+0000] {docker.py:429} INFO - 11%|█▏        | 210M/1.78G [00:07<00:51, 33.1MB/s]
[2026-01-15T02:25:30.254+0000] {docker.py:429} INFO - 12%|█▏        | 214M/1.78G [00:07<00:50, 33.3MB/s]
[2026-01-15T02:25:30.380+0000] {docker.py:429} INFO - 12%|█▏        | 218M/1.78G [00:07<00:50, 33.3MB/s]
[2026-01-15T02:25:30.507+0000] {docker.py:429} INFO - 12%|█▏        | 222M/1.78G [00:08<00:50, 33.2MB/s]
[2026-01-15T02:25:30.632+0000] {docker.py:429} INFO - 12%|█▏        | 226M/1.78G [00:08<00:50, 33.3MB/s]
[2026-01-15T02:25:30.758+0000] {docker.py:429} INFO - 13%|█▎        | 230M/1.78G [00:08<00:50, 33.3MB/s]
[2026-01-15T02:25:30.884+0000] {docker.py:429} INFO - 13%|█▎        | 234M/1.78G [00:08<00:50, 33.3MB/s]
[2026-01-15T02:25:31.009+0000] {docker.py:429} INFO - 13%|█▎        | 238M/1.78G [00:08<00:49, 33.4MB/s]
[2026-01-15T02:25:31.135+0000] {docker.py:429} INFO - 13%|█▎        | 242M/1.78G [00:08<00:49, 33.4MB/s]
[2026-01-15T02:25:31.261+0000] {docker.py:429} INFO - 13%|█▎        | 246M/1.78G [00:08<00:49, 33.3MB/s]
[2026-01-15T02:25:31.387+0000] {docker.py:429} INFO - 14%|█▎        | 250M/1.78G [00:08<00:49, 33.4MB/s]
[2026-01-15T02:25:31.513+0000] {docker.py:429} INFO - 14%|█▍        | 254M/1.78G [00:09<00:49, 33.3MB/s]
[2026-01-15T02:25:31.639+0000] {docker.py:429} INFO - 14%|█▍        | 258M/1.78G [00:09<00:49, 33.3MB/s]
[2026-01-15T02:25:31.764+0000] {docker.py:429} INFO - 14%|█▍        | 262M/1.78G [00:09<00:49, 33.3MB/s]
[2026-01-15T02:25:31.891+0000] {docker.py:429} INFO - 15%|█▍        | 266M/1.78G [00:09<00:49, 33.3MB/s]
[2026-01-15T02:25:32.016+0000] {docker.py:429} INFO - 15%|█▍        | 270M/1.78G [00:09<00:48, 33.4MB/s]
[2026-01-15T02:25:32.142+0000] {docker.py:429} INFO - 15%|█▍        | 274M/1.78G [00:09<00:48, 33.3MB/s]
[2026-01-15T02:25:32.268+0000] {docker.py:429} INFO - 15%|█▌        | 278M/1.78G [00:09<00:48, 33.3MB/s]
[2026-01-15T02:25:32.393+0000] {docker.py:429} INFO - 15%|█▌        | 282M/1.78G [00:09<00:48, 33.4MB/s]
[2026-01-15T02:25:32.520+0000] {docker.py:429} INFO - 16%|█▌        | 286M/1.78G [00:10<00:48, 33.3MB/s]
[2026-01-15T02:25:32.646+0000] {docker.py:429} INFO - 16%|█▌        | 290M/1.78G [00:10<00:48, 33.3MB/s]
[2026-01-15T02:25:32.864+0000] {docker.py:429} INFO - 16%|█▌        | 294M/1.78G [00:10<00:58, 27.3MB/s]
[2026-01-15T02:25:32.990+0000] {docker.py:429} INFO - 16%|█▋        | 298M/1.78G [00:10<00:55, 28.9MB/s]
[2026-01-15T02:25:33.116+0000] {docker.py:429} INFO - 17%|█▋        | 302M/1.78G [00:10<00:53, 30.0MB/s]
[2026-01-15T02:25:33.242+0000] {docker.py:429} INFO - 17%|█▋        | 306M/1.78G [00:10<00:51, 31.0MB/s]
[2026-01-15T02:25:33.368+0000] {docker.py:429} INFO - 17%|█▋        | 310M/1.78G [00:10<00:50, 31.6MB/s]
[2026-01-15T02:25:33.493+0000] {docker.py:429} INFO - 17%|█▋        | 314M/1.78G [00:11<00:49, 32.2MB/s]
[2026-01-15T02:25:33.619+0000] {docker.py:429} INFO - 17%|█▋        | 318M/1.78G [00:11<00:48, 32.5MB/s]
[2026-01-15T02:25:33.746+0000] {docker.py:429} INFO - 18%|█▊        | 322M/1.78G [00:11<00:48, 32.7MB/s]
[2026-01-15T02:25:33.982+0000] {docker.py:429} INFO - 18%|█▊        | 326M/1.78G [00:11<01:00, 26.1MB/s]
[2026-01-15T02:25:34.108+0000] {docker.py:429} INFO - 18%|█▊        | 330M/1.78G [00:11<00:56, 27.9MB/s]
[2026-01-15T02:25:34.235+0000] {docker.py:429} INFO - 18%|█▊        | 334M/1.78G [00:11<00:53, 29.3MB/s]
[2026-01-15T02:25:34.359+0000] {docker.py:429} INFO - 19%|█▊        | 338M/1.78G [00:11<00:51, 30.5MB/s]
[2026-01-15T02:25:34.485+0000] {docker.py:429} INFO - 19%|█▊        | 342M/1.78G [00:12<00:49, 31.3MB/s]
[2026-01-15T02:25:34.611+0000] {docker.py:429} INFO - 19%|█▉        | 346M/1.78G [00:12<00:48, 31.8MB/s]
[2026-01-15T02:25:34.737+0000] {docker.py:429} INFO - 19%|█▉        | 350M/1.78G [00:12<00:47, 32.3MB/s]
[2026-01-15T02:25:34.863+0000] {docker.py:429} INFO - 19%|█▉        | 354M/1.78G [00:12<00:47, 32.6MB/s]
[2026-01-15T02:25:34.990+0000] {docker.py:429} INFO - 20%|█▉        | 358M/1.78G [00:12<00:47, 32.7MB/s]
[2026-01-15T02:25:35.114+0000] {docker.py:429} INFO - 20%|█▉        | 362M/1.78G [00:12<00:46, 33.0MB/s]
[2026-01-15T02:25:35.240+0000] {docker.py:429} INFO - 20%|██        | 366M/1.78G [00:12<00:46, 33.1MB/s]
[2026-01-15T02:25:35.366+0000] {docker.py:429} INFO - 20%|██        | 370M/1.78G [00:12<00:46, 33.2MB/s]
[2026-01-15T02:25:35.492+0000] {docker.py:429} INFO - 20%|██        | 374M/1.78G [00:13<00:45, 33.2MB/s]
[2026-01-15T02:25:35.618+0000] {docker.py:429} INFO - 21%|██        | 378M/1.78G [00:13<00:45, 33.2MB/s]
[2026-01-15T02:25:35.743+0000] {docker.py:429} INFO - 21%|██        | 382M/1.78G [00:13<00:45, 33.3MB/s]
[2026-01-15T02:25:35.869+0000] {docker.py:429} INFO - 21%|██        | 386M/1.78G [00:13<00:45, 33.3MB/s]
[2026-01-15T02:25:35.996+0000] {docker.py:429} INFO - 21%|██▏       | 390M/1.78G [00:13<00:45, 33.3MB/s]
[2026-01-15T02:25:36.316+0000] {docker.py:429} INFO - 22%|██▏       | 394M/1.78G [00:13<01:06, 22.7MB/s]
[2026-01-15T02:25:36.441+0000] {docker.py:429} INFO - 22%|██▏       | 398M/1.78G [00:13<00:59, 25.2MB/s]
[2026-01-15T02:25:36.567+0000] {docker.py:429} INFO - 22%|██▏       | 402M/1.78G [00:14<00:55, 27.2MB/s]
[2026-01-15T02:25:36.696+0000] {docker.py:429} INFO - 22%|██▏       | 406M/1.78G [00:14<00:52, 28.6MB/s]
[2026-01-15T02:25:36.796+0000] {docker.py:429} INFO - 22%|██▏       | 409M/1.78G [00:14<00:50, 29.3MB/s]
[2026-01-15T02:25:36.915+0000] {docker.py:429} INFO - 23%|██▎       | 413M/1.78G [00:14<00:47, 30.9MB/s]
[2026-01-15T02:25:37.039+0000] {docker.py:429} INFO - 23%|██▎       | 417M/1.78G [00:14<00:46, 31.7MB/s]
[2026-01-15T02:25:37.166+0000] {docker.py:429} INFO - 23%|██▎       | 421M/1.78G [00:14<00:45, 32.2MB/s]
[2026-01-15T02:25:37.291+0000] {docker.py:429} INFO - 23%|██▎       | 425M/1.78G [00:14<00:45, 32.5MB/s]
[2026-01-15T02:25:37.417+0000] {docker.py:429} INFO - 23%|██▎       | 429M/1.78G [00:14<00:44, 32.8MB/s]
[2026-01-15T02:25:37.544+0000] {docker.py:429} INFO - 24%|██▎       | 433M/1.78G [00:15<00:44, 32.9MB/s]
[2026-01-15T02:25:37.670+0000] {docker.py:429} INFO - 24%|██▍       | 437M/1.78G [00:15<00:44, 33.0MB/s]
[2026-01-15T02:25:37.795+0000] {docker.py:429} INFO - 24%|██▍       | 441M/1.78G [00:15<00:43, 33.2MB/s]
[2026-01-15T02:25:37.921+0000] {docker.py:429} INFO - 24%|██▍       | 445M/1.78G [00:15<00:43, 33.2MB/s]
[2026-01-15T02:25:38.048+0000] {docker.py:429} INFO - 25%|██▍       | 449M/1.78G [00:15<00:43, 33.2MB/s]
[2026-01-15T02:25:38.173+0000] {docker.py:429} INFO - 25%|██▍       | 453M/1.78G [00:15<00:43, 33.3MB/s]
[2026-01-15T02:25:38.299+0000] {docker.py:429} INFO - 25%|██▌       | 457M/1.78G [00:15<00:43, 33.3MB/s]
[2026-01-15T02:25:38.425+0000] {docker.py:429} INFO - 25%|██▌       | 461M/1.78G [00:15<00:43, 33.2MB/s]
[2026-01-15T02:25:38.552+0000] {docker.py:429} INFO - 25%|██▌       | 465M/1.78G [00:16<00:42, 33.2MB/s]
[2026-01-15T02:25:38.679+0000] {docker.py:429} INFO - 26%|██▌       | 469M/1.78G [00:16<00:43, 33.1MB/s]
[2026-01-15T02:25:38.806+0000] {docker.py:429} INFO - 26%|██▌       | 473M/1.78G [00:16<00:42, 33.1MB/s]
[2026-01-15T02:25:38.934+0000] {docker.py:429} INFO - 26%|██▌       | 477M/1.78G [00:16<00:42, 33.0MB/s]
[2026-01-15T02:25:39.140+0000] {docker.py:429} INFO - 26%|██▋       | 481M/1.78G [00:16<00:50, 27.8MB/s]
[2026-01-15T02:25:39.290+0000] {docker.py:429} INFO - 26%|██▋       | 484M/1.78G [00:16<00:54, 25.8MB/s]
[2026-01-15T02:25:39.423+0000] {docker.py:429} INFO - 27%|██▋       | 487M/1.78G [00:16<00:55, 25.2MB/s]
[2026-01-15T02:25:39.552+0000] {docker.py:429} INFO - 27%|██▋       | 490M/1.78G [00:17<00:56, 25.0MB/s]
[2026-01-15T02:25:39.685+0000] {docker.py:429} INFO - 27%|██▋       | 493M/1.78G [00:17<00:56, 24.6MB/s]
[2026-01-15T02:25:39.814+0000] {docker.py:429} INFO - 27%|██▋       | 496M/1.78G [00:17<00:56, 24.5MB/s]
[2026-01-15T02:25:39.940+0000] {docker.py:429} INFO - 27%|██▋       | 499M/1.78G [00:17<00:56, 24.6MB/s]
[2026-01-15T02:25:40.067+0000] {docker.py:429} INFO - 27%|██▋       | 502M/1.78G [00:17<00:56, 24.7MB/s]
[2026-01-15T02:25:40.192+0000] {docker.py:429} INFO - 28%|██▊       | 505M/1.78G [00:17<00:55, 24.8MB/s]
[2026-01-15T02:25:40.319+0000] {docker.py:429} INFO - 28%|██▊       | 508M/1.78G [00:17<00:55, 24.8MB/s]
[2026-01-15T02:25:40.444+0000] {docker.py:429} INFO - 28%|██▊       | 511M/1.78G [00:17<00:55, 24.9MB/s]
[2026-01-15T02:25:40.570+0000] {docker.py:429} INFO - 28%|██▊       | 514M/1.78G [00:18<00:55, 24.9MB/s]
[2026-01-15T02:25:40.697+0000] {docker.py:429} INFO - 28%|██▊       | 517M/1.78G [00:18<00:55, 24.9MB/s]
[2026-01-15T02:25:40.818+0000] {docker.py:429} INFO - 28%|██▊       | 520M/1.78G [00:18<00:54, 25.2MB/s]
[2026-01-15T02:25:40.945+0000] {docker.py:429} INFO - 29%|██▊       | 523M/1.78G [00:18<00:54, 25.1MB/s]
[2026-01-15T02:25:41.072+0000] {docker.py:429} INFO - 29%|██▉       | 526M/1.78G [00:18<00:54, 25.0MB/s]
[2026-01-15T02:25:41.201+0000] {docker.py:429} INFO - 29%|██▉       | 529M/1.78G [00:18<00:54, 24.8MB/s]
[2026-01-15T02:25:41.331+0000] {docker.py:429} INFO - 29%|██▉       | 532M/1.78G [00:18<00:55, 24.6MB/s]
[2026-01-15T02:25:41.456+0000] {docker.py:429} INFO - 29%|██▉       | 535M/1.78G [00:18<00:54, 24.8MB/s]
[2026-01-15T02:25:41.581+0000] {docker.py:429} INFO - 29%|██▉       | 538M/1.78G [00:19<00:54, 24.9MB/s]
[2026-01-15T02:25:41.707+0000] {docker.py:429} INFO - 30%|██▉       | 541M/1.78G [00:19<00:54, 24.9MB/s]
[2026-01-15T02:25:41.832+0000] {docker.py:429} INFO - 30%|██▉       | 544M/1.78G [00:19<00:53, 25.0MB/s]
[2026-01-15T02:25:41.957+0000] {docker.py:429} INFO - 30%|██▉       | 547M/1.78G [00:19<00:53, 25.0MB/s]
[2026-01-15T02:25:42.082+0000] {docker.py:429} INFO - 30%|███       | 550M/1.78G [00:19<00:53, 25.1MB/s]
[2026-01-15T02:25:42.207+0000] {docker.py:429} INFO - 30%|███       | 553M/1.78G [00:19<00:53, 25.1MB/s]
[2026-01-15T02:25:42.331+0000] {docker.py:429} INFO - 30%|███       | 556M/1.78G [00:19<00:52, 25.2MB/s]
[2026-01-15T02:25:42.457+0000] {docker.py:429} INFO - 31%|███       | 559M/1.78G [00:19<00:52, 25.1MB/s]
[2026-01-15T02:25:42.588+0000] {docker.py:429} INFO - 31%|███       | 562M/1.78G [00:20<00:53, 24.8MB/s]
[2026-01-15T02:25:42.719+0000] {docker.py:429} INFO - 31%|███       | 565M/1.78G [00:20<00:53, 24.5MB/s]
[2026-01-15T02:25:42.860+0000] {docker.py:429} INFO - 31%|███       | 568M/1.78G [00:20<00:55, 23.8MB/s]
[2026-01-15T02:25:42.997+0000] {docker.py:429} INFO - 31%|███▏      | 571M/1.78G [00:20<00:55, 23.5MB/s]
[2026-01-15T02:25:43.137+0000] {docker.py:429} INFO - 31%|███▏      | 574M/1.78G [00:20<00:56, 23.3MB/s]
[2026-01-15T02:25:43.275+0000] {docker.py:429} INFO - 32%|███▏      | 577M/1.78G [00:20<00:56, 23.1MB/s]
[2026-01-15T02:25:43.414+0000] {docker.py:429} INFO - 32%|███▏      | 580M/1.78G [00:20<00:57, 22.9MB/s]
[2026-01-15T02:25:43.553+0000] {docker.py:429} INFO - 32%|███▏      | 583M/1.78G [00:21<00:57, 22.8MB/s]
[2026-01-15T02:25:43.690+0000] {docker.py:429} INFO - 32%|███▏      | 586M/1.78G [00:21<00:56, 22.9MB/s]
[2026-01-15T02:25:43.828+0000] {docker.py:429} INFO - 32%|███▏      | 589M/1.78G [00:21<00:56, 22.9MB/s]
[2026-01-15T02:25:44.114+0000] {docker.py:429} INFO - 32%|███▏      | 592M/1.78G [00:21<01:14, 17.3MB/s]
[2026-01-15T02:25:44.216+0000] {docker.py:429} INFO - 33%|███▎      | 594M/1.78G [00:21<01:12, 17.9MB/s]
[2026-01-15T02:25:44.425+0000] {docker.py:429} INFO - 33%|███▎      | 596M/1.78G [00:21<01:25, 15.1MB/s]
[2026-01-15T02:25:44.534+0000] {docker.py:429} INFO - 33%|███▎      | 598M/1.78G [00:22<01:20, 15.9MB/s]
[2026-01-15T02:25:44.647+0000] {docker.py:429} INFO - 33%|███▎      | 600M/1.78G [00:22<01:17, 16.6MB/s]
[2026-01-15T02:25:44.763+0000] {docker.py:429} INFO - 33%|███▎      | 602M/1.78G [00:22<01:15, 17.0MB/s]
[2026-01-15T02:25:44.877+0000] {docker.py:429} INFO - 33%|███▎      | 604M/1.78G [00:22<01:13, 17.3MB/s]
[2026-01-15T02:25:44.988+0000] {docker.py:429} INFO - 33%|███▎      | 606M/1.78G [00:22<01:12, 17.8MB/s]
[2026-01-15T02:25:45.096+0000] {docker.py:429} INFO - 33%|███▎      | 608M/1.78G [00:22<01:10, 18.2MB/s]
[2026-01-15T02:25:45.203+0000] {docker.py:429} INFO - 33%|███▎      | 610M/1.78G [00:22<01:08, 18.6MB/s]
[2026-01-15T02:25:45.312+0000] {docker.py:429} INFO - 33%|███▎      | 612M/1.78G [00:22<01:07, 18.8MB/s]
[2026-01-15T02:25:45.437+0000] {docker.py:429} INFO - 34%|███▎      | 614M/1.78G [00:22<01:10, 18.2MB/s]
[2026-01-15T02:25:45.555+0000] {docker.py:429} INFO - 34%|███▎      | 616M/1.78G [00:23<01:10, 18.0MB/s]
[2026-01-15T02:25:45.669+0000] {docker.py:429} INFO - 34%|███▍      | 618M/1.78G [00:23<01:09, 18.1MB/s]
[2026-01-15T02:25:45.780+0000] {docker.py:429} INFO - 34%|███▍      | 620M/1.78G [00:23<01:09, 18.3MB/s]
[2026-01-15T02:25:45.892+0000] {docker.py:429} INFO - 34%|███▍      | 622M/1.78G [00:23<01:08, 18.5MB/s]
[2026-01-15T02:25:46.003+0000] {docker.py:429} INFO - 34%|███▍      | 624M/1.78G [00:23<01:07, 18.6MB/s]
[2026-01-15T02:25:46.116+0000] {docker.py:429} INFO - 34%|███▍      | 626M/1.78G [00:23<01:07, 18.6MB/s]
[2026-01-15T02:25:46.233+0000] {docker.py:429} INFO - 34%|███▍      | 628M/1.78G [00:23<01:08, 18.4MB/s]
[2026-01-15T02:25:46.351+0000] {docker.py:429} INFO - 34%|███▍      | 630M/1.78G [00:23<01:08, 18.2MB/s]
[2026-01-15T02:25:46.466+0000] {docker.py:429} INFO - 35%|███▍      | 632M/1.78G [00:23<01:08, 18.2MB/s]
[2026-01-15T02:25:46.582+0000] {docker.py:429} INFO - 35%|███▍      | 634M/1.78G [00:24<01:08, 18.2MB/s]
[2026-01-15T02:25:46.699+0000] {docker.py:429} INFO - 35%|███▍      | 636M/1.78G [00:24<01:09, 18.1MB/s]
[2026-01-15T02:25:46.816+0000] {docker.py:429} INFO - 35%|███▍      | 638M/1.78G [00:24<01:09, 18.1MB/s]
[2026-01-15T02:25:46.930+0000] {docker.py:429} INFO - 35%|███▌      | 640M/1.78G [00:24<01:08, 18.2MB/s]
[2026-01-15T02:25:47.048+0000] {docker.py:429} INFO - 35%|███▌      | 642M/1.78G [00:24<01:08, 18.0MB/s]
[2026-01-15T02:25:47.162+0000] {docker.py:429} INFO - 35%|███▌      | 644M/1.78G [00:24<01:08, 18.1MB/s]
[2026-01-15T02:25:47.273+0000] {docker.py:429} INFO - 35%|███▌      | 646M/1.78G [00:24<01:07, 18.3MB/s]
[2026-01-15T02:25:47.384+0000] {docker.py:429} INFO - 35%|███▌      | 648M/1.78G [00:24<01:06, 18.5MB/s]
[2026-01-15T02:25:47.499+0000] {docker.py:429} INFO - 36%|███▌      | 650M/1.78G [00:25<01:06, 18.4MB/s]
[2026-01-15T02:25:47.614+0000] {docker.py:429} INFO - 36%|███▌      | 652M/1.78G [00:25<01:07, 18.3MB/s]
[2026-01-15T02:25:47.731+0000] {docker.py:429} INFO - 36%|███▌      | 654M/1.78G [00:25<01:07, 18.3MB/s]
[2026-01-15T02:25:47.848+0000] {docker.py:429} INFO - 36%|███▌      | 656M/1.78G [00:25<01:07, 18.1MB/s]
[2026-01-15T02:25:47.964+0000] {docker.py:429} INFO - 36%|███▌      | 658M/1.78G [00:25<01:07, 18.1MB/s]
[2026-01-15T02:25:48.081+0000] {docker.py:429} INFO - 36%|███▌      | 660M/1.78G [00:25<01:07, 18.1MB/s]
[2026-01-15T02:25:48.197+0000] {docker.py:429} INFO - 36%|███▌      | 662M/1.78G [00:25<01:07, 18.1MB/s]
[2026-01-15T02:25:48.313+0000] {docker.py:429} INFO - 36%|███▋      | 664M/1.78G [00:25<01:07, 18.1MB/s]
[2026-01-15T02:25:48.436+0000] {docker.py:429} INFO - 36%|███▋      | 666M/1.78G [00:25<01:08, 17.8MB/s]
[2026-01-15T02:25:48.555+0000] {docker.py:429} INFO - 37%|███▋      | 668M/1.78G [00:26<01:08, 17.7MB/s]
[2026-01-15T02:25:48.675+0000] {docker.py:429} INFO - 37%|███▋      | 670M/1.78G [00:26<01:08, 17.7MB/s]
[2026-01-15T02:25:48.795+0000] {docker.py:429} INFO - 37%|███▋      | 672M/1.78G [00:26<01:08, 17.6MB/s]
[2026-01-15T02:25:48.916+0000] {docker.py:429} INFO - 37%|███▋      | 674M/1.78G [00:26<01:09, 17.5MB/s]
[2026-01-15T02:25:49.029+0000] {docker.py:429} INFO - 37%|███▋      | 676M/1.78G [00:26<01:07, 17.8MB/s]
[2026-01-15T02:25:49.130+0000] {docker.py:429} INFO - 37%|███▋      | 678M/1.78G [00:26<01:04, 18.6MB/s]
[2026-01-15T02:25:49.269+0000] {docker.py:429} INFO - 37%|███▋      | 681M/1.78G [00:26<00:59, 20.0MB/s]
[2026-01-15T02:25:49.375+0000] {docker.py:429} INFO - 37%|███▋      | 683M/1.78G [00:26<01:00, 19.9MB/s]
[2026-01-15T02:25:49.484+0000] {docker.py:429} INFO - 37%|███▋      | 685M/1.78G [00:27<01:00, 19.8MB/s]
[2026-01-15T02:25:49.596+0000] {docker.py:429} INFO - 38%|███▊      | 687M/1.78G [00:27<01:01, 19.5MB/s]
[2026-01-15T02:25:49.705+0000] {docker.py:429} INFO - 38%|███▊      | 689M/1.78G [00:27<01:01, 19.4MB/s]
[2026-01-15T02:25:49.813+0000] {docker.py:429} INFO - 38%|███▊      | 691M/1.78G [00:27<01:01, 19.4MB/s]
[2026-01-15T02:25:49.917+0000] {docker.py:429} INFO - 38%|███▊      | 693M/1.78G [00:27<01:00, 19.6MB/s]
[2026-01-15T02:25:50.021+0000] {docker.py:429} INFO - 38%|███▊      | 695M/1.78G [00:27<01:00, 19.8MB/s]
[2026-01-15T02:25:50.128+0000] {docker.py:429} INFO - 38%|███▊      | 697M/1.78G [00:27<01:00, 19.7MB/s]
[2026-01-15T02:25:50.235+0000] {docker.py:429} INFO - 38%|███▊      | 699M/1.78G [00:27<01:00, 19.7MB/s]
[2026-01-15T02:25:50.343+0000] {docker.py:429} INFO - 38%|███▊      | 701M/1.78G [00:27<01:00, 19.6MB/s]
[2026-01-15T02:25:50.452+0000] {docker.py:429} INFO - 38%|███▊      | 703M/1.78G [00:27<01:00, 19.5MB/s]
[2026-01-15T02:25:50.562+0000] {docker.py:429} INFO - 39%|███▊      | 705M/1.78G [00:28<01:00, 19.4MB/s]
[2026-01-15T02:25:50.671+0000] {docker.py:429} INFO - 39%|███▊      | 707M/1.78G [00:28<01:00, 19.3MB/s]
[2026-01-15T02:25:50.778+0000] {docker.py:429} INFO - 39%|███▉      | 709M/1.78G [00:28<01:00, 19.4MB/s]
[2026-01-15T02:25:50.890+0000] {docker.py:429} INFO - 39%|███▉      | 711M/1.78G [00:28<01:01, 19.2MB/s]
[2026-01-15T02:25:50.999+0000] {docker.py:429} INFO - 39%|███▉      | 713M/1.78G [00:28<01:00, 19.2MB/s]
[2026-01-15T02:25:51.105+0000] {docker.py:429} INFO - 39%|███▉      | 715M/1.78G [00:28<01:00, 19.4MB/s]
[2026-01-15T02:25:51.210+0000] {docker.py:429} INFO - 39%|███▉      | 717M/1.78G [00:28<00:59, 19.5MB/s]
[2026-01-15T02:25:51.313+0000] {docker.py:429} INFO - 39%|███▉      | 719M/1.78G [00:28<00:58, 19.8MB/s]
[2026-01-15T02:25:51.417+0000] {docker.py:429} INFO - 39%|███▉      | 721M/1.78G [00:28<00:58, 19.9MB/s]
[2026-01-15T02:25:51.520+0000] {docker.py:429} INFO - 40%|███▉      | 723M/1.78G [00:29<00:57, 20.1MB/s]
[2026-01-15T02:25:51.629+0000] {docker.py:429} INFO - 40%|███▉      | 725M/1.78G [00:29<00:58, 19.8MB/s]
[2026-01-15T02:25:51.742+0000] {docker.py:429} INFO - 40%|███▉      | 727M/1.78G [00:29<00:59, 19.4MB/s]
[2026-01-15T02:25:51.854+0000] {docker.py:429} INFO - 40%|███▉      | 729M/1.78G [00:29<01:00, 19.2MB/s]
[2026-01-15T02:25:51.968+0000] {docker.py:429} INFO - 40%|████      | 731M/1.78G [00:29<01:00, 19.0MB/s]
[2026-01-15T02:25:52.079+0000] {docker.py:429} INFO - 40%|████      | 733M/1.78G [00:29<01:00, 18.9MB/s]
[2026-01-15T02:25:52.193+0000] {docker.py:429} INFO - 40%|████      | 735M/1.78G [00:29<01:01, 18.8MB/s]
[2026-01-15T02:25:52.305+0000] {docker.py:429} INFO - 40%|████      | 737M/1.78G [00:29<01:00, 18.8MB/s]
[2026-01-15T02:25:52.421+0000] {docker.py:429} INFO - 40%|████      | 739M/1.78G [00:29<01:01, 18.5MB/s]
[2026-01-15T02:25:52.533+0000] {docker.py:429} INFO - 41%|████      | 741M/1.78G [00:30<01:01, 18.6MB/s]
[2026-01-15T02:25:52.645+0000] {docker.py:429} INFO - 41%|████      | 743M/1.78G [00:30<01:00, 18.6MB/s]
[2026-01-15T02:25:52.755+0000] {docker.py:429} INFO - 41%|████      | 745M/1.78G [00:30<01:00, 18.8MB/s]
[2026-01-15T02:25:52.864+0000] {docker.py:429} INFO - 41%|████      | 747M/1.78G [00:30<00:59, 18.9MB/s]
[2026-01-15T02:25:52.976+0000] {docker.py:429} INFO - 41%|████      | 749M/1.78G [00:30<00:59, 18.9MB/s]
[2026-01-15T02:25:53.089+0000] {docker.py:429} INFO - 41%|████      | 751M/1.78G [00:30<01:00, 18.8MB/s]
[2026-01-15T02:25:53.200+0000] {docker.py:429} INFO - 41%|████      | 753M/1.78G [00:30<00:59, 18.8MB/s]
[2026-01-15T02:25:53.312+0000] {docker.py:429} INFO - 41%|████▏     | 755M/1.78G [00:30<00:59, 18.8MB/s]
[2026-01-15T02:25:53.425+0000] {docker.py:429} INFO - 41%|████▏     | 757M/1.78G [00:30<01:00, 18.7MB/s]
[2026-01-15T02:25:53.536+0000] {docker.py:429} INFO - 42%|████▏     | 759M/1.78G [00:31<00:59, 18.8MB/s]
[2026-01-15T02:25:53.649+0000] {docker.py:429} INFO - 42%|████▏     | 761M/1.78G [00:31<00:59, 18.7MB/s]
[2026-01-15T02:25:53.761+0000] {docker.py:429} INFO - 42%|████▏     | 763M/1.78G [00:31<00:59, 18.7MB/s]
[2026-01-15T02:25:53.880+0000] {docker.py:429} INFO - 42%|████▏     | 765M/1.78G [00:31<01:00, 18.4MB/s]
[2026-01-15T02:25:53.995+0000] {docker.py:429} INFO - 42%|████▏     | 767M/1.78G [00:31<01:00, 18.3MB/s]
[2026-01-15T02:25:54.107+0000] {docker.py:429} INFO - 42%|████▏     | 769M/1.78G [00:31<01:00, 18.4MB/s]
[2026-01-15T02:25:54.240+0000] {docker.py:429} INFO - 42%|████▏     | 771M/1.78G [00:31<01:03, 17.5MB/s]
[2026-01-15T02:25:54.439+0000] {docker.py:429} INFO - 42%|████▏     | 773M/1.78G [00:31<01:15, 14.6MB/s]
[2026-01-15T02:25:54.551+0000] {docker.py:429} INFO - 42%|████▏     | 775M/1.78G [00:32<01:10, 15.7MB/s]
[2026-01-15T02:25:54.663+0000] {docker.py:429} INFO - 43%|████▎     | 777M/1.78G [00:32<01:06, 16.5MB/s]
[2026-01-15T02:25:54.775+0000] {docker.py:429} INFO - 43%|████▎     | 779M/1.78G [00:32<01:04, 17.1MB/s]
[2026-01-15T02:25:54.887+0000] {docker.py:429} INFO - 43%|████▎     | 781M/1.78G [00:32<01:02, 17.5MB/s]
[2026-01-15T02:25:54.999+0000] {docker.py:429} INFO - 43%|████▎     | 783M/1.78G [00:32<01:01, 17.9MB/s]
[2026-01-15T02:25:55.114+0000] {docker.py:429} INFO - 43%|████▎     | 785M/1.78G [00:32<01:00, 18.0MB/s]
[2026-01-15T02:25:55.229+0000] {docker.py:429} INFO - 43%|████▎     | 787M/1.78G [00:32<01:00, 18.1MB/s]
[2026-01-15T02:25:55.347+0000] {docker.py:429} INFO - 43%|████▎     | 789M/1.78G [00:32<01:00, 18.0MB/s]
[2026-01-15T02:25:55.463+0000] {docker.py:429} INFO - 43%|████▎     | 791M/1.78G [00:32<01:00, 18.0MB/s]
[2026-01-15T02:25:55.581+0000] {docker.py:429} INFO - 43%|████▎     | 793M/1.78G [00:33<01:00, 17.9MB/s]
[2026-01-15T02:25:55.698+0000] {docker.py:429} INFO - 44%|████▎     | 795M/1.78G [00:33<01:00, 17.9MB/s]
[2026-01-15T02:25:55.813+0000] {docker.py:429} INFO - 44%|████▎     | 797M/1.78G [00:33<00:59, 18.0MB/s]
[2026-01-15T02:25:55.931+0000] {docker.py:429} INFO - 44%|████▎     | 799M/1.78G [00:33<01:00, 17.9MB/s]
[2026-01-15T02:25:56.044+0000] {docker.py:429} INFO - 44%|████▍     | 801M/1.78G [00:33<00:59, 18.1MB/s]
[2026-01-15T02:25:56.157+0000] {docker.py:429} INFO - 44%|████▍     | 803M/1.78G [00:33<00:58, 18.3MB/s]
[2026-01-15T02:25:56.271+0000] {docker.py:429} INFO - 44%|████▍     | 805M/1.78G [00:33<00:58, 18.3MB/s]
[2026-01-15T02:25:56.383+0000] {docker.py:429} INFO - 44%|████▍     | 807M/1.78G [00:33<00:57, 18.4MB/s]
[2026-01-15T02:25:56.496+0000] {docker.py:429} INFO - 44%|████▍     | 809M/1.78G [00:34<00:57, 18.5MB/s]
[2026-01-15T02:25:56.609+0000] {docker.py:429} INFO - 44%|████▍     | 811M/1.78G [00:34<00:57, 18.5MB/s]
[2026-01-15T02:25:56.724+0000] {docker.py:429} INFO - 45%|████▍     | 813M/1.78G [00:34<00:57, 18.4MB/s]
[2026-01-15T02:25:56.834+0000] {docker.py:429} INFO - 45%|████▍     | 815M/1.78G [00:34<00:57, 18.6MB/s]
[2026-01-15T02:25:56.950+0000] {docker.py:429} INFO - 45%|████▍     | 817M/1.78G [00:34<00:57, 18.5MB/s]
[2026-01-15T02:25:57.064+0000] {docker.py:429} INFO - 45%|████▍     | 819M/1.78G [00:34<00:57, 18.4MB/s]
[2026-01-15T02:25:57.171+0000] {docker.py:429} INFO - 45%|████▍     | 821M/1.78G [00:34<00:56, 18.8MB/s]
[2026-01-15T02:25:57.285+0000] {docker.py:429} INFO - 45%|████▌     | 823M/1.78G [00:34<00:56, 18.6MB/s]
[2026-01-15T02:25:57.408+0000] {docker.py:429} INFO - 45%|████▌     | 825M/1.78G [00:34<00:57, 18.1MB/s]
[2026-01-15T02:25:57.523+0000] {docker.py:429} INFO - 45%|████▌     | 827M/1.78G [00:35<00:57, 18.2MB/s]
[2026-01-15T02:25:57.642+0000] {docker.py:429} INFO - 45%|████▌     | 829M/1.78G [00:35<00:58, 18.0MB/s]
[2026-01-15T02:25:57.758+0000] {docker.py:429} INFO - 45%|████▌     | 831M/1.78G [00:35<00:57, 18.0MB/s]
[2026-01-15T02:25:57.877+0000] {docker.py:429} INFO - 46%|████▌     | 833M/1.78G [00:35<00:58, 17.9MB/s]
[2026-01-15T02:25:57.993+0000] {docker.py:429} INFO - 46%|████▌     | 835M/1.78G [00:35<00:57, 18.0MB/s]
[2026-01-15T02:25:58.110+0000] {docker.py:429} INFO - 46%|████▌     | 837M/1.78G [00:35<00:57, 18.0MB/s]
[2026-01-15T02:25:58.228+0000] {docker.py:429} INFO - 46%|████▌     | 839M/1.78G [00:35<00:57, 17.9MB/s]
[2026-01-15T02:25:58.344+0000] {docker.py:429} INFO - 46%|████▌     | 841M/1.78G [00:35<00:57, 17.9MB/s]
[2026-01-15T02:25:58.460+0000] {docker.py:429} INFO - 46%|████▌     | 843M/1.78G [00:35<00:57, 18.0MB/s]
[2026-01-15T02:25:58.579+0000] {docker.py:429} INFO - 46%|████▋     | 845M/1.78G [00:36<00:57, 17.9MB/s]
[2026-01-15T02:25:58.702+0000] {docker.py:429} INFO - 46%|████▋     | 847M/1.78G [00:36<00:58, 17.6MB/s]
[2026-01-15T02:25:58.830+0000] {docker.py:429} INFO - 46%|████▋     | 849M/1.78G [00:36<00:59, 17.2MB/s]
[2026-01-15T02:25:58.957+0000] {docker.py:429} INFO - 47%|████▋     | 851M/1.78G [00:36<01:00, 17.0MB/s]
[2026-01-15T02:25:59.082+0000] {docker.py:429} INFO - 47%|████▋     | 853M/1.78G [00:36<01:00, 16.9MB/s]
[2026-01-15T02:25:59.207+0000] {docker.py:429} INFO - 47%|████▋     | 855M/1.78G [00:36<01:00, 16.9MB/s]
[2026-01-15T02:25:59.333+0000] {docker.py:429} INFO - 47%|████▋     | 857M/1.78G [00:36<01:00, 16.8MB/s]
[2026-01-15T02:25:59.482+0000] {docker.py:429} INFO - 47%|████▋     | 859M/1.78G [00:37<01:03, 15.9MB/s]
[2026-01-15T02:25:59.688+0000] {docker.py:429} INFO - 47%|████▋     | 861M/1.78G [00:37<01:14, 13.6MB/s]
[2026-01-15T02:25:59.812+0000] {docker.py:429} INFO - 47%|████▋     | 863M/1.78G [00:37<01:09, 14.5MB/s]
[2026-01-15T02:25:59.943+0000] {docker.py:429} INFO - 47%|████▋     | 865M/1.78G [00:37<01:07, 14.9MB/s]
[2026-01-15T02:26:00.073+0000] {docker.py:429} INFO - 47%|████▋     | 867M/1.78G [00:37<01:06, 15.2MB/s]
[2026-01-15T02:26:00.199+0000] {docker.py:429} INFO - 48%|████▊     | 869M/1.78G [00:37<01:04, 15.6MB/s]
[2026-01-15T02:26:00.328+0000] {docker.py:429} INFO - 48%|████▊     | 871M/1.78G [00:37<01:03, 15.8MB/s]
[2026-01-15T02:26:00.457+0000] {docker.py:429} INFO - 48%|████▊     | 873M/1.78G [00:37<01:02, 15.9MB/s]
[2026-01-15T02:26:00.583+0000] {docker.py:429} INFO - 48%|████▊     | 875M/1.78G [00:38<01:01, 16.1MB/s]
[2026-01-15T02:26:00.708+0000] {docker.py:429} INFO - 48%|████▊     | 877M/1.78G [00:38<01:01, 16.3MB/s]
[2026-01-15T02:26:00.834+0000] {docker.py:429} INFO - 48%|████▊     | 879M/1.78G [00:38<01:00, 16.4MB/s]
[2026-01-15T02:26:00.955+0000] {docker.py:429} INFO - 48%|████▊     | 881M/1.78G [00:38<00:59, 16.7MB/s]
[2026-01-15T02:26:01.087+0000] {docker.py:429} INFO - 48%|████▊     | 883M/1.78G [00:38<01:00, 16.5MB/s]
[2026-01-15T02:26:01.211+0000] {docker.py:429} INFO - 48%|████▊     | 885M/1.78G [00:38<00:59, 16.6MB/s]
[2026-01-15T02:26:01.334+0000] {docker.py:429} INFO - 49%|████▊     | 887M/1.78G [00:38<00:58, 16.7MB/s]
[2026-01-15T02:26:01.457+0000] {docker.py:429} INFO - 49%|████▊     | 889M/1.78G [00:38<00:58, 16.8MB/s]
[2026-01-15T02:26:01.580+0000] {docker.py:429} INFO - 49%|████▉     | 891M/1.78G [00:39<00:58, 16.9MB/s]
[2026-01-15T02:26:01.705+0000] {docker.py:429} INFO - 49%|████▉     | 893M/1.78G [00:39<00:58, 16.9MB/s]
[2026-01-15T02:26:01.829+0000] {docker.py:429} INFO - 49%|████▉     | 895M/1.78G [00:39<00:57, 16.9MB/s]
[2026-01-15T02:26:01.955+0000] {docker.py:429} INFO - 49%|████▉     | 897M/1.78G [00:39<00:58, 16.8MB/s]
[2026-01-15T02:26:02.080+0000] {docker.py:429} INFO - 49%|████▉     | 899M/1.78G [00:39<00:57, 16.8MB/s]
[2026-01-15T02:26:02.203+0000] {docker.py:429} INFO - 49%|████▉     | 901M/1.78G [00:39<00:57, 16.9MB/s]
[2026-01-15T02:26:02.325+0000] {docker.py:429} INFO - 49%|████▉     | 903M/1.78G [00:39<00:57, 17.0MB/s]
[2026-01-15T02:26:02.456+0000] {docker.py:429} INFO - 50%|████▉     | 905M/1.78G [00:39<00:58, 16.7MB/s]
[2026-01-15T02:26:02.591+0000] {docker.py:429} INFO - 50%|████▉     | 907M/1.78G [00:40<00:59, 16.3MB/s]
[2026-01-15T02:26:02.723+0000] {docker.py:429} INFO - 50%|████▉     | 909M/1.78G [00:40<00:59, 16.2MB/s]
[2026-01-15T02:26:02.854+0000] {docker.py:429} INFO - 50%|████▉     | 911M/1.78G [00:40<00:59, 16.1MB/s]
[2026-01-15T02:26:02.983+0000] {docker.py:429} INFO - 50%|████▉     | 913M/1.78G [00:40<00:59, 16.2MB/s]
[2026-01-15T02:26:03.115+0000] {docker.py:429} INFO - 50%|█████     | 915M/1.78G [00:40<00:59, 16.1MB/s]
[2026-01-15T02:26:03.244+0000] {docker.py:429} INFO - 50%|█████     | 917M/1.78G [00:40<00:59, 16.1MB/s]
[2026-01-15T02:26:03.376+0000] {docker.py:429} INFO - 50%|█████     | 919M/1.78G [00:40<00:59, 16.1MB/s]
[2026-01-15T02:26:03.508+0000] {docker.py:429} INFO - 50%|█████     | 921M/1.78G [00:41<00:59, 16.0MB/s]
[2026-01-15T02:26:03.637+0000] {docker.py:429} INFO - 51%|█████     | 923M/1.78G [00:41<00:58, 16.1MB/s]
[2026-01-15T02:26:03.766+0000] {docker.py:429} INFO - 51%|█████     | 925M/1.78G [00:41<00:58, 16.1MB/s]
[2026-01-15T02:26:03.898+0000] {docker.py:429} INFO - 51%|█████     | 927M/1.78G [00:41<00:58, 16.0MB/s]
[2026-01-15T02:26:04.037+0000] {docker.py:429} INFO - 51%|█████     | 929M/1.78G [00:41<00:59, 15.8MB/s]
[2026-01-15T02:26:04.168+0000] {docker.py:429} INFO - 51%|█████     | 931M/1.78G [00:41<00:59, 15.8MB/s]
[2026-01-15T02:26:04.300+0000] {docker.py:429} INFO - 51%|█████     | 933M/1.78G [00:41<00:59, 15.8MB/s]
[2026-01-15T02:26:04.432+0000] {docker.py:429} INFO - 51%|█████     | 935M/1.78G [00:41<00:58, 15.9MB/s]
[2026-01-15T02:26:04.562+0000] {docker.py:429} INFO - 51%|█████▏    | 937M/1.78G [00:42<00:58, 16.0MB/s]
[2026-01-15T02:26:04.734+0000] {docker.py:429} INFO - 51%|█████▏    | 939M/1.78G [00:42<01:03, 14.6MB/s]
[2026-01-15T02:26:04.930+0000] {docker.py:429} INFO - 52%|█████▏    | 941M/1.78G [00:42<01:10, 13.2MB/s]
[2026-01-15T02:26:05.068+0000] {docker.py:429} INFO - 52%|█████▏    | 943M/1.78G [00:42<01:07, 13.7MB/s]
[2026-01-15T02:26:05.205+0000] {docker.py:429} INFO - 52%|█████▏    | 945M/1.78G [00:42<01:05, 14.2MB/s]
[2026-01-15T02:26:05.342+0000] {docker.py:429} INFO - 52%|█████▏    | 947M/1.78G [00:42<01:03, 14.5MB/s]
[2026-01-15T02:26:05.478+0000] {docker.py:429} INFO - 52%|█████▏    | 949M/1.78G [00:43<01:02, 14.8MB/s]
[2026-01-15T02:26:05.615+0000] {docker.py:429} INFO - 52%|█████▏    | 951M/1.78G [00:43<01:01, 14.9MB/s]
[2026-01-15T02:26:05.754+0000] {docker.py:429} INFO - 52%|█████▏    | 953M/1.78G [00:43<01:01, 15.0MB/s]
[2026-01-15T02:26:05.891+0000] {docker.py:429} INFO - 52%|█████▏    | 955M/1.78G [00:43<01:00, 15.1MB/s]
[2026-01-15T02:26:06.026+0000] {docker.py:429} INFO - 52%|█████▏    | 957M/1.78G [00:43<00:59, 15.2MB/s]
[2026-01-15T02:26:06.160+0000] {docker.py:429} INFO - 52%|█████▏    | 959M/1.78G [00:43<00:59, 15.3MB/s]
[2026-01-15T02:26:06.300+0000] {docker.py:429} INFO - 53%|█████▎    | 961M/1.78G [00:43<00:59, 15.2MB/s]
[2026-01-15T02:26:06.436+0000] {docker.py:429} INFO - 53%|█████▎    | 963M/1.78G [00:43<00:59, 15.3MB/s]
[2026-01-15T02:26:06.570+0000] {docker.py:429} INFO - 53%|█████▎    | 965M/1.78G [00:44<00:58, 15.4MB/s]
[2026-01-15T02:26:06.705+0000] {docker.py:429} INFO - 53%|█████▎    | 967M/1.78G [00:44<00:58, 15.4MB/s]
[2026-01-15T02:26:06.841+0000] {docker.py:429} INFO - 53%|█████▎    | 969M/1.78G [00:44<00:58, 15.4MB/s]
[2026-01-15T02:26:06.973+0000] {docker.py:429} INFO - 53%|█████▎    | 971M/1.78G [00:44<00:57, 15.6MB/s]
[2026-01-15T02:26:07.108+0000] {docker.py:429} INFO - 53%|█████▎    | 973M/1.78G [00:44<00:57, 15.6MB/s]
[2026-01-15T02:26:07.242+0000] {docker.py:429} INFO - 53%|█████▎    | 975M/1.78G [00:44<00:57, 15.6MB/s]
[2026-01-15T02:26:07.377+0000] {docker.py:429} INFO - 53%|█████▎    | 977M/1.78G [00:44<00:57, 15.6MB/s]
[2026-01-15T02:26:07.511+0000] {docker.py:429} INFO - 54%|█████▎    | 979M/1.78G [00:45<00:56, 15.6MB/s]
[2026-01-15T02:26:07.649+0000] {docker.py:429} INFO - 54%|█████▎    | 981M/1.78G [00:45<00:57, 15.5MB/s]
[2026-01-15T02:26:07.800+0000] {docker.py:429} INFO - 54%|█████▍    | 983M/1.78G [00:45<00:59, 14.9MB/s]
[2026-01-15T02:26:07.946+0000] {docker.py:429} INFO - 54%|█████▍    | 985M/1.78G [00:45<00:59, 14.8MB/s]
[2026-01-15T02:26:08.091+0000] {docker.py:429} INFO - 54%|█████▍    | 987M/1.78G [00:45<01:00, 14.7MB/s]
[2026-01-15T02:26:08.235+0000] {docker.py:429} INFO - 54%|█████▍    | 989M/1.78G [00:45<00:59, 14.6MB/s]
[2026-01-15T02:26:08.377+0000] {docker.py:429} INFO - 54%|█████▍    | 991M/1.78G [00:45<00:59, 14.7MB/s]
[2026-01-15T02:26:08.522+0000] {docker.py:429} INFO - 54%|█████▍    | 993M/1.78G [00:46<00:59, 14.6MB/s]
[2026-01-15T02:26:08.670+0000] {docker.py:429} INFO - 54%|█████▍    | 995M/1.78G [00:46<01:00, 14.5MB/s]
[2026-01-15T02:26:08.810+0000] {docker.py:429} INFO - 55%|█████▍    | 997M/1.78G [00:46<00:59, 14.6MB/s]
[2026-01-15T02:26:08.953+0000] {docker.py:429} INFO - 55%|█████▍    | 999M/1.78G [00:46<00:59, 14.7MB/s]
[2026-01-15T02:26:09.102+0000] {docker.py:429} INFO - 55%|█████▍    | 0.98G/1.78G [00:46<00:59, 14.5MB/s]
[2026-01-15T02:26:09.251+0000] {docker.py:429} INFO - 55%|█████▍    | 0.98G/1.78G [00:46<01:00, 14.4MB/s]
[2026-01-15T02:26:09.397+0000] {docker.py:429} INFO - 55%|█████▌    | 0.98G/1.78G [00:46<01:00, 14.3MB/s]
[2026-01-15T02:26:09.542+0000] {docker.py:429} INFO - 55%|█████▌    | 0.98G/1.78G [00:47<00:59, 14.4MB/s]
[2026-01-15T02:26:09.688+0000] {docker.py:429} INFO - 55%|█████▌    | 0.99G/1.78G [00:47<00:59, 14.4MB/s]
[2026-01-15T02:26:09.831+0000] {docker.py:429} INFO - 55%|█████▌    | 0.99G/1.78G [00:47<00:59, 14.5MB/s]
[2026-01-15T02:26:10.084+0000] {docker.py:429} INFO - 55%|█████▌    | 0.99G/1.78G [00:47<01:12, 11.8MB/s]
[2026-01-15T02:26:10.232+0000] {docker.py:429} INFO - 56%|█████▌    | 0.99G/1.78G [00:47<01:08, 12.4MB/s]
[2026-01-15T02:26:10.387+0000] {docker.py:429} INFO - 56%|█████▌    | 0.99G/1.78G [00:47<01:06, 12.8MB/s]
[2026-01-15T02:26:10.547+0000] {docker.py:429} INFO - 56%|█████▌    | 1.00G/1.78G [00:48<01:05, 12.8MB/s]
[2026-01-15T02:26:10.687+0000] {docker.py:429} INFO - 56%|█████▌    | 1.00G/1.78G [00:48<01:02, 13.4MB/s]
[2026-01-15T02:26:10.836+0000] {docker.py:429} INFO - 56%|█████▌    | 1.00G/1.78G [00:48<01:01, 13.6MB/s]
[2026-01-15T02:26:10.986+0000] {docker.py:429} INFO - 56%|█████▌    | 1.00G/1.78G [00:48<01:01, 13.7MB/s]
[2026-01-15T02:26:11.139+0000] {docker.py:429} INFO - 56%|█████▌    | 1.00G/1.78G [00:48<01:01, 13.7MB/s]
[2026-01-15T02:26:11.285+0000] {docker.py:429} INFO - 56%|█████▋    | 1.00G/1.78G [00:48<01:00, 13.9MB/s]
[2026-01-15T02:26:11.433+0000] {docker.py:429} INFO - 56%|█████▋    | 1.01G/1.78G [00:48<00:59, 14.0MB/s]
[2026-01-15T02:26:11.586+0000] {docker.py:429} INFO - 57%|█████▋    | 1.01G/1.78G [00:49<00:59, 13.9MB/s]
[2026-01-15T02:26:11.737+0000] {docker.py:429} INFO - 57%|█████▋    | 1.01G/1.78G [00:49<00:59, 13.9MB/s]
[2026-01-15T02:26:11.884+0000] {docker.py:429} INFO - 57%|█████▋    | 1.01G/1.78G [00:49<00:59, 14.0MB/s]
[2026-01-15T02:26:12.034+0000] {docker.py:429} INFO - 57%|█████▋    | 1.01G/1.78G [00:49<00:59, 14.0MB/s]
[2026-01-15T02:26:12.183+0000] {docker.py:429} INFO - 57%|█████▋    | 1.02G/1.78G [00:49<00:58, 14.0MB/s]
[2026-01-15T02:26:12.335+0000] {docker.py:429} INFO - 57%|█████▋    | 1.02G/1.78G [00:49<00:58, 14.0MB/s]
[2026-01-15T02:26:12.479+0000] {docker.py:429} INFO - 57%|█████▋    | 1.02G/1.78G [00:50<00:57, 14.1MB/s]
[2026-01-15T02:26:12.626+0000] {docker.py:429} INFO - 57%|█████▋    | 1.02G/1.78G [00:50<00:57, 14.2MB/s]
[2026-01-15T02:26:12.774+0000] {docker.py:429} INFO - 57%|█████▋    | 1.02G/1.78G [00:50<00:57, 14.2MB/s]
[2026-01-15T02:26:12.920+0000] {docker.py:429} INFO - 58%|█████▊    | 1.03G/1.78G [00:50<00:57, 14.2MB/s]
[2026-01-15T02:26:13.077+0000] {docker.py:429} INFO - 58%|█████▊    | 1.03G/1.78G [00:50<00:58, 14.0MB/s]
[2026-01-15T02:26:13.229+0000] {docker.py:429} INFO - 58%|█████▊    | 1.03G/1.78G [00:50<00:58, 13.9MB/s]
[2026-01-15T02:26:13.378+0000] {docker.py:429} INFO - 58%|█████▊    | 1.03G/1.78G [00:50<00:57, 13.9MB/s]
[2026-01-15T02:26:13.529+0000] {docker.py:429} INFO - 58%|█████▊    | 1.03G/1.78G [00:51<00:57, 13.9MB/s]
[2026-01-15T02:26:13.679+0000] {docker.py:429} INFO - 58%|█████▊    | 1.04G/1.78G [00:51<00:57, 13.9MB/s]
[2026-01-15T02:26:13.831+0000] {docker.py:429} INFO - 58%|█████▊    | 1.04G/1.78G [00:51<00:57, 13.9MB/s]
[2026-01-15T02:26:13.980+0000] {docker.py:429} INFO - 58%|█████▊    | 1.04G/1.78G [00:51<00:57, 14.0MB/s]
[2026-01-15T02:26:14.127+0000] {docker.py:429} INFO - 58%|█████▊    | 1.04G/1.78G [00:51<00:56, 14.1MB/s]
[2026-01-15T02:26:14.273+0000] {docker.py:429} INFO - 59%|█████▊    | 1.04G/1.78G [00:51<00:56, 14.1MB/s]
[2026-01-15T02:26:14.425+0000] {docker.py:429} INFO - 59%|█████▊    | 1.05G/1.78G [00:51<00:56, 14.0MB/s]
[2026-01-15T02:26:14.575+0000] {docker.py:429} INFO - 59%|█████▊    | 1.05G/1.78G [00:52<00:56, 14.0MB/s]
[2026-01-15T02:26:14.722+0000] {docker.py:429} INFO - 59%|█████▉    | 1.05G/1.78G [00:52<00:55, 14.1MB/s]
[2026-01-15T02:26:14.868+0000] {docker.py:429} INFO - 59%|█████▉    | 1.05G/1.78G [00:52<00:55, 14.2MB/s]
[2026-01-15T02:26:15.013+0000] {docker.py:429} INFO - 59%|█████▉    | 1.05G/1.78G [00:52<00:55, 14.3MB/s]
[2026-01-15T02:26:15.233+0000] {docker.py:429} INFO - 59%|█████▉    | 1.06G/1.78G [00:52<01:02, 12.4MB/s]
[2026-01-15T02:26:15.414+0000] {docker.py:429} INFO - 59%|█████▉    | 1.06G/1.78G [00:52<01:04, 12.2MB/s]
[2026-01-15T02:26:15.563+0000] {docker.py:429} INFO - 59%|█████▉    | 1.06G/1.78G [00:53<01:01, 12.7MB/s]
[2026-01-15T02:26:15.714+0000] {docker.py:429} INFO - 60%|█████▉    | 1.06G/1.78G [00:53<00:59, 13.0MB/s]
[2026-01-15T02:26:15.868+0000] {docker.py:429} INFO - 60%|█████▉    | 1.06G/1.78G [00:53<00:58, 13.2MB/s]
[2026-01-15T02:26:16.021+0000] {docker.py:429} INFO - 60%|█████▉    | 1.07G/1.78G [00:53<00:57, 13.3MB/s]
[2026-01-15T02:26:16.173+0000] {docker.py:429} INFO - 60%|█████▉    | 1.07G/1.78G [00:53<00:57, 13.5MB/s]
[2026-01-15T02:26:16.324+0000] {docker.py:429} INFO - 60%|█████▉    | 1.07G/1.78G [00:53<00:56, 13.6MB/s]
[2026-01-15T02:26:16.476+0000] {docker.py:429} INFO - 60%|██████    | 1.07G/1.78G [00:54<00:56, 13.7MB/s]
[2026-01-15T02:26:16.624+0000] {docker.py:429} INFO - 60%|██████    | 1.07G/1.78G [00:54<00:55, 13.8MB/s]
[2026-01-15T02:26:16.776+0000] {docker.py:429} INFO - 60%|██████    | 1.08G/1.78G [00:54<00:55, 13.8MB/s]
[2026-01-15T02:26:16.923+0000] {docker.py:429} INFO - 60%|██████    | 1.08G/1.78G [00:54<00:54, 13.9MB/s]
[2026-01-15T02:26:17.068+0000] {docker.py:429} INFO - 60%|██████    | 1.08G/1.78G [00:54<00:53, 14.1MB/s]
[2026-01-15T02:26:17.215+0000] {docker.py:429} INFO - 61%|██████    | 1.08G/1.78G [00:54<00:53, 14.1MB/s]
[2026-01-15T02:26:17.362+0000] {docker.py:429} INFO - 61%|██████    | 1.08G/1.78G [00:54<00:53, 14.2MB/s]
[2026-01-15T02:26:17.509+0000] {docker.py:429} INFO - 61%|██████    | 1.08G/1.78G [00:55<00:52, 14.2MB/s]
[2026-01-15T02:26:17.657+0000] {docker.py:429} INFO - 61%|██████    | 1.09G/1.78G [00:55<00:52, 14.2MB/s]
[2026-01-15T02:26:17.805+0000] {docker.py:429} INFO - 61%|██████    | 1.09G/1.78G [00:55<00:52, 14.2MB/s]
[2026-01-15T02:26:17.952+0000] {docker.py:429} INFO - 61%|██████    | 1.09G/1.78G [00:55<00:52, 14.2MB/s]
[2026-01-15T02:26:18.103+0000] {docker.py:429} INFO - 61%|██████▏   | 1.09G/1.78G [00:55<00:52, 14.1MB/s]
[2026-01-15T02:26:18.255+0000] {docker.py:429} INFO - 61%|██████▏   | 1.09G/1.78G [00:55<00:52, 14.0MB/s]
[2026-01-15T02:26:18.405+0000] {docker.py:429} INFO - 61%|██████▏   | 1.10G/1.78G [00:55<00:52, 14.0MB/s]
[2026-01-15T02:26:18.554+0000] {docker.py:429} INFO - 62%|██████▏   | 1.10G/1.78G [00:56<00:52, 14.0MB/s]
[2026-01-15T02:26:18.705+0000] {docker.py:429} INFO - 62%|██████▏   | 1.10G/1.78G [00:56<00:52, 14.0MB/s]
[2026-01-15T02:26:18.857+0000] {docker.py:429} INFO - 62%|██████▏   | 1.10G/1.78G [00:56<00:52, 13.9MB/s]
[2026-01-15T02:26:19.004+0000] {docker.py:429} INFO - 62%|██████▏   | 1.10G/1.78G [00:56<00:51, 14.0MB/s]
[2026-01-15T02:26:19.153+0000] {docker.py:429} INFO - 62%|██████▏   | 1.11G/1.78G [00:56<00:51, 14.0MB/s]
[2026-01-15T02:26:19.298+0000] {docker.py:429} INFO - 62%|██████▏   | 1.11G/1.78G [00:56<00:51, 14.2MB/s]
[2026-01-15T02:26:19.445+0000] {docker.py:429} INFO - 62%|██████▏   | 1.11G/1.78G [00:56<00:50, 14.2MB/s]
[2026-01-15T02:26:19.598+0000] {docker.py:429} INFO - 62%|██████▏   | 1.11G/1.78G [00:57<00:51, 14.0MB/s]
[2026-01-15T02:26:19.742+0000] {docker.py:429} INFO - 62%|██████▏   | 1.11G/1.78G [00:57<00:50, 14.2MB/s]
[2026-01-15T02:26:19.887+0000] {docker.py:429} INFO - 63%|██████▎   | 1.12G/1.78G [00:57<00:50, 14.3MB/s]
[2026-01-15T02:26:20.033+0000] {docker.py:429} INFO - 63%|██████▎   | 1.12G/1.78G [00:57<00:50, 14.3MB/s]
[2026-01-15T02:26:20.177+0000] {docker.py:429} INFO - 63%|██████▎   | 1.12G/1.78G [00:57<00:49, 14.4MB/s]
[2026-01-15T02:26:20.322+0000] {docker.py:429} INFO - 63%|██████▎   | 1.12G/1.78G [00:57<00:49, 14.4MB/s]
[2026-01-15T02:26:20.576+0000] {docker.py:429} INFO - 63%|██████▎   | 1.12G/1.78G [00:58<01:00, 11.8MB/s]
[2026-01-15T02:26:20.727+0000] {docker.py:429} INFO - 63%|██████▎   | 1.13G/1.78G [00:58<00:57, 12.3MB/s]
[2026-01-15T02:26:20.881+0000] {docker.py:429} INFO - 63%|██████▎   | 1.13G/1.78G [00:58<00:55, 12.7MB/s]
[2026-01-15T02:26:21.032+0000] {docker.py:429} INFO - 63%|██████▎   | 1.13G/1.78G [00:58<00:53, 13.0MB/s]
[2026-01-15T02:26:21.186+0000] {docker.py:429} INFO - 63%|██████▎   | 1.13G/1.78G [00:58<00:53, 13.2MB/s]
[2026-01-15T02:26:21.341+0000] {docker.py:429} INFO - 64%|██████▎   | 1.13G/1.78G [00:58<00:52, 13.3MB/s]
[2026-01-15T02:26:21.493+0000] {docker.py:429} INFO - 64%|██████▎   | 1.14G/1.78G [00:59<00:51, 13.5MB/s]
[2026-01-15T02:26:21.646+0000] {docker.py:429} INFO - 64%|██████▍   | 1.14G/1.78G [00:59<00:51, 13.5MB/s]
[2026-01-15T02:26:21.796+0000] {docker.py:429} INFO - 64%|██████▍   | 1.14G/1.78G [00:59<00:50, 13.7MB/s]
[2026-01-15T02:26:21.948+0000] {docker.py:429} INFO - 64%|██████▍   | 1.14G/1.78G [00:59<00:50, 13.7MB/s]
[2026-01-15T02:26:22.097+0000] {docker.py:429} INFO - 64%|██████▍   | 1.14G/1.78G [00:59<00:49, 13.8MB/s]
[2026-01-15T02:26:22.246+0000] {docker.py:429} INFO - 64%|██████▍   | 1.15G/1.78G [00:59<00:49, 13.9MB/s]
[2026-01-15T02:26:22.393+0000] {docker.py:429} INFO - 64%|██████▍   | 1.15G/1.78G [00:59<00:48, 14.0MB/s]
[2026-01-15T02:26:22.539+0000] {docker.py:429} INFO - 64%|██████▍   | 1.15G/1.78G [01:00<00:48, 14.1MB/s]
[2026-01-15T02:26:22.687+0000] {docker.py:429} INFO - 65%|██████▍   | 1.15G/1.78G [01:00<00:48, 14.1MB/s]
[2026-01-15T02:26:22.837+0000] {docker.py:429} INFO - 65%|██████▍   | 1.15G/1.78G [01:00<00:48, 14.1MB/s]
[2026-01-15T02:26:22.985+0000] {docker.py:429} INFO - 65%|██████▍   | 1.16G/1.78G [01:00<00:47, 14.1MB/s]
[2026-01-15T02:26:23.132+0000] {docker.py:429} INFO - 65%|██████▍   | 1.16G/1.78G [01:00<00:47, 14.2MB/s]
[2026-01-15T02:26:23.284+0000] {docker.py:429} INFO - 65%|██████▍   | 1.16G/1.78G [01:00<00:47, 14.0MB/s]
[2026-01-15T02:26:23.442+0000] {docker.py:429} INFO - 65%|██████▌   | 1.16G/1.78G [01:00<00:48, 13.8MB/s]
[2026-01-15T02:26:23.594+0000] {docker.py:429} INFO - 65%|██████▌   | 1.16G/1.78G [01:01<00:48, 13.8MB/s]
[2026-01-15T02:26:23.746+0000] {docker.py:429} INFO - 65%|██████▌   | 1.17G/1.78G [01:01<00:48, 13.8MB/s]
[2026-01-15T02:26:23.897+0000] {docker.py:429} INFO - 65%|██████▌   | 1.17G/1.78G [01:01<00:47, 13.8MB/s]
[2026-01-15T02:26:24.049+0000] {docker.py:429} INFO - 66%|██████▌   | 1.17G/1.78G [01:01<00:47, 13.8MB/s]
[2026-01-15T02:26:24.201+0000] {docker.py:429} INFO - 66%|██████▌   | 1.17G/1.78G [01:01<00:47, 13.8MB/s]
[2026-01-15T02:26:24.354+0000] {docker.py:429} INFO - 66%|██████▌   | 1.17G/1.78G [01:01<00:47, 13.8MB/s]
[2026-01-15T02:26:24.499+0000] {docker.py:429} INFO - 66%|██████▌   | 1.17G/1.78G [01:02<00:46, 14.0MB/s]
[2026-01-15T02:26:24.646+0000] {docker.py:429} INFO - 66%|██████▌   | 1.18G/1.78G [01:02<00:46, 14.1MB/s]
[2026-01-15T02:26:24.801+0000] {docker.py:429} INFO - 66%|██████▌   | 1.18G/1.78G [01:02<00:46, 13.9MB/s]
[2026-01-15T02:26:24.949+0000] {docker.py:429} INFO - 66%|██████▌   | 1.18G/1.78G [01:02<00:46, 14.0MB/s]
[2026-01-15T02:26:25.095+0000] {docker.py:429} INFO - 66%|██████▋   | 1.18G/1.78G [01:02<00:45, 14.1MB/s]
[2026-01-15T02:26:25.242+0000] {docker.py:429} INFO - 66%|██████▋   | 1.18G/1.78G [01:02<00:45, 14.2MB/s]
[2026-01-15T02:26:25.386+0000] {docker.py:429} INFO - 67%|██████▋   | 1.19G/1.78G [01:02<00:44, 14.3MB/s]
[2026-01-15T02:26:25.531+0000] {docker.py:429} INFO - 67%|██████▋   | 1.19G/1.78G [01:03<00:44, 14.3MB/s]
[2026-01-15T02:26:25.778+0000] {docker.py:429} INFO - 67%|██████▋   | 1.19G/1.78G [01:03<00:53, 11.9MB/s]
[2026-01-15T02:26:25.923+0000] {docker.py:429} INFO - 67%|██████▋   | 1.19G/1.78G [01:03<00:50, 12.6MB/s]
[2026-01-15T02:26:26.066+0000] {docker.py:429} INFO - 67%|██████▋   | 1.19G/1.78G [01:03<00:48, 13.1MB/s]
[2026-01-15T02:26:26.213+0000] {docker.py:429} INFO - 67%|██████▋   | 1.20G/1.78G [01:03<00:46, 13.4MB/s]
[2026-01-15T02:26:26.361+0000] {docker.py:429} INFO - 67%|██████▋   | 1.20G/1.78G [01:03<00:46, 13.7MB/s]
[2026-01-15T02:26:26.512+0000] {docker.py:429} INFO - 67%|██████▋   | 1.20G/1.78G [01:04<00:45, 13.7MB/s]
[2026-01-15T02:26:26.663+0000] {docker.py:429} INFO - 67%|██████▋   | 1.20G/1.78G [01:04<00:45, 13.8MB/s]
[2026-01-15T02:26:26.810+0000] {docker.py:429} INFO - 67%|██████▋   | 1.20G/1.78G [01:04<00:44, 13.9MB/s]
[2026-01-15T02:26:26.958+0000] {docker.py:429} INFO - 68%|██████▊   | 1.21G/1.78G [01:04<00:44, 14.0MB/s]
[2026-01-15T02:26:27.102+0000] {docker.py:429} INFO - 68%|██████▊   | 1.21G/1.78G [01:04<00:43, 14.2MB/s]
[2026-01-15T02:26:27.252+0000] {docker.py:429} INFO - 68%|██████▊   | 1.21G/1.78G [01:04<00:43, 14.1MB/s]
[2026-01-15T02:26:27.395+0000] {docker.py:429} INFO - 68%|██████▊   | 1.21G/1.78G [01:04<00:43, 14.3MB/s]
[2026-01-15T02:26:27.538+0000] {docker.py:429} INFO - 68%|██████▊   | 1.21G/1.78G [01:05<00:42, 14.4MB/s]
[2026-01-15T02:26:27.682+0000] {docker.py:429} INFO - 68%|██████▊   | 1.22G/1.78G [01:05<00:42, 14.4MB/s]
[2026-01-15T02:26:27.824+0000] {docker.py:429} INFO - 68%|██████▊   | 1.22G/1.78G [01:05<00:41, 14.5MB/s]
[2026-01-15T02:26:27.969+0000] {docker.py:429} INFO - 68%|██████▊   | 1.22G/1.78G [01:05<00:41, 14.5MB/s]
[2026-01-15T02:26:28.110+0000] {docker.py:429} INFO - 68%|██████▊   | 1.22G/1.78G [01:05<00:41, 14.6MB/s]
[2026-01-15T02:26:28.253+0000] {docker.py:429} INFO - 69%|██████▊   | 1.22G/1.78G [01:05<00:41, 14.6MB/s]
[2026-01-15T02:26:28.393+0000] {docker.py:429} INFO - 69%|██████▊   | 1.23G/1.78G [01:05<00:40, 14.7MB/s]
[2026-01-15T02:26:28.534+0000] {docker.py:429} INFO - 69%|██████▉   | 1.23G/1.78G [01:06<00:40, 14.8MB/s]
[2026-01-15T02:26:28.686+0000] {docker.py:429} INFO - 69%|██████▉   | 1.23G/1.78G [01:06<00:41, 14.5MB/s]
[2026-01-15T02:26:28.830+0000] {docker.py:429} INFO - 69%|██████▉   | 1.23G/1.78G [01:06<00:40, 14.5MB/s]
[2026-01-15T02:26:28.975+0000] {docker.py:429} INFO - 69%|██████▉   | 1.23G/1.78G [01:06<00:40, 14.5MB/s]
[2026-01-15T02:26:29.119+0000] {docker.py:429} INFO - 69%|██████▉   | 1.24G/1.78G [01:06<00:40, 14.5MB/s]
[2026-01-15T02:26:29.264+0000] {docker.py:429} INFO - 69%|██████▉   | 1.24G/1.78G [01:06<00:40, 14.5MB/s]
[2026-01-15T02:26:29.408+0000] {docker.py:429} INFO - 69%|██████▉   | 1.24G/1.78G [01:06<00:40, 14.5MB/s]
[2026-01-15T02:26:29.551+0000] {docker.py:429} INFO - 70%|██████▉   | 1.24G/1.78G [01:07<00:40, 14.5MB/s]
[2026-01-15T02:26:29.685+0000] {docker.py:429} INFO - 70%|██████▉   | 1.24G/1.78G [01:07<00:39, 14.9MB/s]
[2026-01-15T02:26:29.828+0000] {docker.py:429} INFO - 70%|██████▉   | 1.25G/1.78G [01:07<00:39, 14.8MB/s]
[2026-01-15T02:26:29.973+0000] {docker.py:429} INFO - 70%|██████▉   | 1.25G/1.78G [01:07<00:39, 14.7MB/s]
[2026-01-15T02:26:30.110+0000] {docker.py:429} INFO - 70%|███████   | 1.25G/1.78G [01:07<00:38, 14.9MB/s]
[2026-01-15T02:26:30.246+0000] {docker.py:429} INFO - 70%|███████   | 1.25G/1.78G [01:07<00:38, 15.0MB/s]
[2026-01-15T02:26:30.380+0000] {docker.py:429} INFO - 70%|███████   | 1.25G/1.78G [01:07<00:37, 15.2MB/s]
[2026-01-15T02:26:30.516+0000] {docker.py:429} INFO - 70%|███████   | 1.25G/1.78G [01:08<00:37, 15.3MB/s]
[2026-01-15T02:26:30.651+0000] {docker.py:429} INFO - 70%|███████   | 1.26G/1.78G [01:08<00:36, 15.4MB/s]
[2026-01-15T02:26:30.816+0000] {docker.py:429} INFO - 71%|███████   | 1.26G/1.78G [01:08<00:39, 14.4MB/s]
[2026-01-15T02:26:31.025+0000] {docker.py:429} INFO - 71%|███████   | 1.26G/1.78G [01:08<00:43, 12.8MB/s]
[2026-01-15T02:26:31.162+0000] {docker.py:429} INFO - 71%|███████   | 1.26G/1.78G [01:08<00:41, 13.4MB/s]
[2026-01-15T02:26:31.300+0000] {docker.py:429} INFO - 71%|███████   | 1.26G/1.78G [01:08<00:40, 13.9MB/s]
[2026-01-15T02:26:31.436+0000] {docker.py:429} INFO - 71%|███████   | 1.27G/1.78G [01:08<00:38, 14.3MB/s]
[2026-01-15T02:26:31.576+0000] {docker.py:429} INFO - 71%|███████   | 1.27G/1.78G [01:09<00:38, 14.5MB/s]
[2026-01-15T02:26:31.718+0000] {docker.py:429} INFO - 71%|███████   | 1.27G/1.78G [01:09<00:37, 14.6MB/s]
[2026-01-15T02:26:31.861+0000] {docker.py:429} INFO - 71%|███████▏  | 1.27G/1.78G [01:09<00:37, 14.6MB/s]
[2026-01-15T02:26:32.000+0000] {docker.py:429} INFO - 71%|███████▏  | 1.27G/1.78G [01:09<00:37, 14.8MB/s]
[2026-01-15T02:26:32.136+0000] {docker.py:429} INFO - 72%|███████▏  | 1.28G/1.78G [01:09<00:36, 14.9MB/s]
[2026-01-15T02:26:32.272+0000] {docker.py:429} INFO - 72%|███████▏  | 1.28G/1.78G [01:09<00:35, 15.1MB/s]
[2026-01-15T02:26:32.410+0000] {docker.py:429} INFO - 72%|███████▏  | 1.28G/1.78G [01:09<00:35, 15.1MB/s]
[2026-01-15T02:26:32.550+0000] {docker.py:429} INFO - 72%|███████▏  | 1.28G/1.78G [01:10<00:35, 15.1MB/s]
[2026-01-15T02:26:32.688+0000] {docker.py:429} INFO - 72%|███████▏  | 1.28G/1.78G [01:10<00:35, 15.1MB/s]
[2026-01-15T02:26:32.821+0000] {docker.py:429} INFO - 72%|███████▏  | 1.29G/1.78G [01:10<00:34, 15.3MB/s]
[2026-01-15T02:26:32.958+0000] {docker.py:429} INFO - 72%|███████▏  | 1.29G/1.78G [01:10<00:34, 15.3MB/s]
[2026-01-15T02:26:33.093+0000] {docker.py:429} INFO - 72%|███████▏  | 1.29G/1.78G [01:10<00:34, 15.4MB/s]
[2026-01-15T02:26:33.230+0000] {docker.py:429} INFO - 72%|███████▏  | 1.29G/1.78G [01:10<00:34, 15.4MB/s]
[2026-01-15T02:26:33.365+0000] {docker.py:429} INFO - 73%|███████▎  | 1.29G/1.78G [01:10<00:34, 15.4MB/s]
[2026-01-15T02:26:33.501+0000] {docker.py:429} INFO - 73%|███████▎  | 1.30G/1.78G [01:11<00:33, 15.4MB/s]
[2026-01-15T02:26:33.638+0000] {docker.py:429} INFO - 73%|███████▎  | 1.30G/1.78G [01:11<00:33, 15.4MB/s]
[2026-01-15T02:26:33.771+0000] {docker.py:429} INFO - 73%|███████▎  | 1.30G/1.78G [01:11<00:33, 15.5MB/s]
[2026-01-15T02:26:33.918+0000] {docker.py:429} INFO - 73%|███████▎  | 1.30G/1.78G [01:11<00:34, 15.1MB/s]
[2026-01-15T02:26:34.055+0000] {docker.py:429} INFO - 73%|███████▎  | 1.30G/1.78G [01:11<00:34, 15.1MB/s]
[2026-01-15T02:26:34.196+0000] {docker.py:429} INFO - 73%|███████▎  | 1.31G/1.78G [01:11<00:34, 15.1MB/s]
[2026-01-15T02:26:34.336+0000] {docker.py:429} INFO - 73%|███████▎  | 1.31G/1.78G [01:11<00:33, 15.1MB/s]
[2026-01-15T02:26:34.475+0000] {docker.py:429} INFO - 73%|███████▎  | 1.31G/1.78G [01:12<00:33, 15.0MB/s]
[2026-01-15T02:26:34.614+0000] {docker.py:429} INFO - 74%|███████▎  | 1.31G/1.78G [01:12<00:33, 15.1MB/s]
[2026-01-15T02:26:34.753+0000] {docker.py:429} INFO - 74%|███████▎  | 1.31G/1.78G [01:12<00:33, 15.1MB/s]
[2026-01-15T02:26:34.890+0000] {docker.py:429} INFO - 74%|███████▎  | 1.32G/1.78G [01:12<00:33, 15.1MB/s]
[2026-01-15T02:26:35.027+0000] {docker.py:429} INFO - 74%|███████▍  | 1.32G/1.78G [01:12<00:32, 15.2MB/s]
[2026-01-15T02:26:35.168+0000] {docker.py:429} INFO - 74%|███████▍  | 1.32G/1.78G [01:12<00:33, 15.1MB/s]
[2026-01-15T02:26:35.316+0000] {docker.py:429} INFO - 74%|███████▍  | 1.32G/1.78G [01:12<00:33, 14.8MB/s]
[2026-01-15T02:26:35.455+0000] {docker.py:429} INFO - 74%|███████▍  | 1.32G/1.78G [01:12<00:33, 14.9MB/s]
[2026-01-15T02:26:35.595+0000] {docker.py:429} INFO - 74%|███████▍  | 1.33G/1.78G [01:13<00:33, 14.9MB/s]
[2026-01-15T02:26:35.736+0000] {docker.py:429} INFO - 74%|███████▍  | 1.33G/1.78G [01:13<00:32, 14.9MB/s]
[2026-01-15T02:26:35.875+0000] {docker.py:429} INFO - 74%|███████▍  | 1.33G/1.78G [01:13<00:32, 15.0MB/s]
[2026-01-15T02:26:36.058+0000] {docker.py:429} INFO - 75%|███████▍  | 1.33G/1.78G [01:13<00:35, 13.7MB/s]
[2026-01-15T02:26:36.260+0000] {docker.py:429} INFO - 75%|███████▍  | 1.33G/1.78G [01:13<00:38, 12.5MB/s]
[2026-01-15T02:26:36.404+0000] {docker.py:429} INFO - 75%|███████▍  | 1.33G/1.78G [01:13<00:36, 13.1MB/s]
[2026-01-15T02:26:36.550+0000] {docker.py:429} INFO - 75%|███████▍  | 1.34G/1.78G [01:14<00:35, 13.4MB/s]
[2026-01-15T02:26:36.698+0000] {docker.py:429} INFO - 75%|███████▌  | 1.34G/1.78G [01:14<00:35, 13.7MB/s]
[2026-01-15T02:26:36.844+0000] {docker.py:429} INFO - 75%|███████▌  | 1.34G/1.78G [01:14<00:34, 13.8MB/s]
[2026-01-15T02:26:36.993+0000] {docker.py:429} INFO - 75%|███████▌  | 1.34G/1.78G [01:14<00:34, 13.9MB/s]
[2026-01-15T02:26:37.139+0000] {docker.py:429} INFO - 75%|███████▌  | 1.34G/1.78G [01:14<00:33, 14.0MB/s]
[2026-01-15T02:26:37.285+0000] {docker.py:429} INFO - 75%|███████▌  | 1.35G/1.78G [01:14<00:33, 14.1MB/s]
[2026-01-15T02:26:37.429+0000] {docker.py:429} INFO - 76%|███████▌  | 1.35G/1.78G [01:14<00:32, 14.3MB/s]
[2026-01-15T02:26:37.570+0000] {docker.py:429} INFO - 76%|███████▌  | 1.35G/1.78G [01:15<00:32, 14.4MB/s]
[2026-01-15T02:26:37.717+0000] {docker.py:429} INFO - 76%|███████▌  | 1.35G/1.78G [01:15<00:32, 14.4MB/s]
[2026-01-15T02:26:37.857+0000] {docker.py:429} INFO - 76%|███████▌  | 1.35G/1.78G [01:15<00:31, 14.6MB/s]
[2026-01-15T02:26:37.999+0000] {docker.py:429} INFO - 76%|███████▌  | 1.36G/1.78G [01:15<00:31, 14.6MB/s]
[2026-01-15T02:26:38.141+0000] {docker.py:429} INFO - 76%|███████▌  | 1.36G/1.78G [01:15<00:31, 14.7MB/s]
[2026-01-15T02:26:38.284+0000] {docker.py:429} INFO - 76%|███████▋  | 1.36G/1.78G [01:15<00:31, 14.7MB/s]
[2026-01-15T02:26:38.425+0000] {docker.py:429} INFO - 76%|███████▋  | 1.36G/1.78G [01:15<00:30, 14.7MB/s]
[2026-01-15T02:26:38.568+0000] {docker.py:429} INFO - 76%|███████▋  | 1.36G/1.78G [01:16<00:30, 14.7MB/s]
[2026-01-15T02:26:38.711+0000] {docker.py:429} INFO - 77%|███████▋  | 1.37G/1.78G [01:16<00:30, 14.7MB/s]
[2026-01-15T02:26:38.852+0000] {docker.py:429} INFO - 77%|███████▋  | 1.37G/1.78G [01:16<00:30, 14.8MB/s]
[2026-01-15T02:26:38.998+0000] {docker.py:429} INFO - 77%|███████▋  | 1.37G/1.78G [01:16<00:30, 14.6MB/s]
[2026-01-15T02:26:39.148+0000] {docker.py:429} INFO - 77%|███████▋  | 1.37G/1.78G [01:16<00:30, 14.4MB/s]
[2026-01-15T02:26:39.291+0000] {docker.py:429} INFO - 77%|███████▋  | 1.37G/1.78G [01:16<00:30, 14.5MB/s]
[2026-01-15T02:26:39.434+0000] {docker.py:429} INFO - 77%|███████▋  | 1.38G/1.78G [01:16<00:30, 14.5MB/s]
[2026-01-15T02:26:39.577+0000] {docker.py:429} INFO - 77%|███████▋  | 1.38G/1.78G [01:17<00:29, 14.6MB/s]
[2026-01-15T02:26:39.720+0000] {docker.py:429} INFO - 77%|███████▋  | 1.38G/1.78G [01:17<00:29, 14.6MB/s]
[2026-01-15T02:26:39.864+0000] {docker.py:429} INFO - 77%|███████▋  | 1.38G/1.78G [01:17<00:29, 14.6MB/s]
[2026-01-15T02:26:40.013+0000] {docker.py:429} INFO - 78%|███████▊  | 1.38G/1.78G [01:17<00:29, 14.4MB/s]
[2026-01-15T02:26:40.165+0000] {docker.py:429} INFO - 78%|███████▊  | 1.39G/1.78G [01:17<00:30, 14.2MB/s]
[2026-01-15T02:26:40.316+0000] {docker.py:429} INFO - 78%|███████▊  | 1.39G/1.78G [01:17<00:30, 14.1MB/s]
[2026-01-15T02:26:40.463+0000] {docker.py:429} INFO - 78%|███████▊  | 1.39G/1.78G [01:17<00:29, 14.2MB/s]
[2026-01-15T02:26:40.616+0000] {docker.py:429} INFO - 78%|███████▊  | 1.39G/1.78G [01:18<00:30, 14.0MB/s]
[2026-01-15T02:26:40.770+0000] {docker.py:429} INFO - 78%|███████▊  | 1.39G/1.78G [01:18<00:30, 13.9MB/s]
[2026-01-15T02:26:40.922+0000] {docker.py:429} INFO - 78%|███████▊  | 1.40G/1.78G [01:18<00:30, 13.9MB/s]
[2026-01-15T02:26:41.076+0000] {docker.py:429} INFO - 78%|███████▊  | 1.40G/1.78G [01:18<00:30, 13.8MB/s]
[2026-01-15T02:26:41.258+0000] {docker.py:429} INFO - 78%|███████▊  | 1.40G/1.78G [01:18<00:31, 13.0MB/s]
[2026-01-15T02:26:41.482+0000] {docker.py:429} INFO - 79%|███████▊  | 1.40G/1.78G [01:19<00:35, 11.7MB/s]
[2026-01-15T02:26:41.636+0000] {docker.py:429} INFO - 79%|███████▊  | 1.40G/1.78G [01:19<00:33, 12.2MB/s]
[2026-01-15T02:26:41.789+0000] {docker.py:429} INFO - 79%|███████▉  | 1.41G/1.78G [01:19<00:32, 12.6MB/s]
[2026-01-15T02:26:41.940+0000] {docker.py:429} INFO - 79%|███████▉  | 1.41G/1.78G [01:19<00:31, 13.0MB/s]
[2026-01-15T02:26:42.091+0000] {docker.py:429} INFO - 79%|███████▉  | 1.41G/1.78G [01:19<00:30, 13.2MB/s]
[2026-01-15T02:26:42.246+0000] {docker.py:429} INFO - 79%|███████▉  | 1.41G/1.78G [01:19<00:30, 13.3MB/s]
[2026-01-15T02:26:42.401+0000] {docker.py:429} INFO - 79%|███████▉  | 1.41G/1.78G [01:19<00:29, 13.4MB/s]
[2026-01-15T02:26:42.557+0000] {docker.py:429} INFO - 79%|███████▉  | 1.42G/1.78G [01:20<00:29, 13.4MB/s]
[2026-01-15T02:26:42.707+0000] {docker.py:429} INFO - 79%|███████▉  | 1.42G/1.78G [01:20<00:29, 13.6MB/s]
[2026-01-15T02:26:42.861+0000] {docker.py:429} INFO - 80%|███████▉  | 1.42G/1.78G [01:20<00:28, 13.6MB/s]
[2026-01-15T02:26:43.010+0000] {docker.py:429} INFO - 80%|███████▉  | 1.42G/1.78G [01:20<00:28, 13.7MB/s]
[2026-01-15T02:26:43.158+0000] {docker.py:429} INFO - 80%|███████▉  | 1.42G/1.78G [01:20<00:27, 13.9MB/s]
[2026-01-15T02:26:43.305+0000] {docker.py:429} INFO - 80%|███████▉  | 1.42G/1.78G [01:20<00:27, 14.0MB/s]
[2026-01-15T02:26:43.454+0000] {docker.py:429} INFO - 80%|███████▉  | 1.43G/1.78G [01:20<00:27, 14.0MB/s]
[2026-01-15T02:26:43.607+0000] {docker.py:429} INFO - 80%|████████  | 1.43G/1.78G [01:21<00:27, 13.9MB/s]
[2026-01-15T02:26:43.755+0000] {docker.py:429} INFO - 80%|████████  | 1.43G/1.78G [01:21<00:27, 14.0MB/s]
[2026-01-15T02:26:43.902+0000] {docker.py:429} INFO - 80%|████████  | 1.43G/1.78G [01:21<00:26, 14.1MB/s]
[2026-01-15T02:26:44.050+0000] {docker.py:429} INFO - 80%|████████  | 1.43G/1.78G [01:21<00:26, 14.1MB/s]
[2026-01-15T02:26:44.198+0000] {docker.py:429} INFO - 81%|████████  | 1.44G/1.78G [01:21<00:26, 14.1MB/s]
[2026-01-15T02:26:44.356+0000] {docker.py:429} INFO - 81%|████████  | 1.44G/1.78G [01:21<00:26, 13.9MB/s]
[2026-01-15T02:26:44.505+0000] {docker.py:429} INFO - 81%|████████  | 1.44G/1.78G [01:22<00:26, 13.9MB/s]
[2026-01-15T02:26:44.655+0000] {docker.py:429} INFO - 81%|████████  | 1.44G/1.78G [01:22<00:26, 13.9MB/s]
[2026-01-15T02:26:44.805+0000] {docker.py:429} INFO - 81%|████████  | 1.44G/1.78G [01:22<00:26, 13.9MB/s]
[2026-01-15T02:26:44.955+0000] {docker.py:429} INFO - 81%|████████  | 1.45G/1.78G [01:22<00:25, 14.0MB/s]
[2026-01-15T02:26:45.104+0000] {docker.py:429} INFO - 81%|████████  | 1.45G/1.78G [01:22<00:25, 14.0MB/s]
[2026-01-15T02:26:45.254+0000] {docker.py:429} INFO - 81%|████████▏ | 1.45G/1.78G [01:22<00:25, 14.0MB/s]
[2026-01-15T02:26:45.397+0000] {docker.py:429} INFO - 81%|████████▏ | 1.45G/1.78G [01:22<00:25, 14.2MB/s]
[2026-01-15T02:26:45.543+0000] {docker.py:429} INFO - 82%|████████▏ | 1.45G/1.78G [01:23<00:24, 14.2MB/s]
[2026-01-15T02:26:45.698+0000] {docker.py:429} INFO - 82%|████████▏ | 1.46G/1.78G [01:23<00:25, 14.0MB/s]
[2026-01-15T02:26:45.845+0000] {docker.py:429} INFO - 82%|████████▏ | 1.46G/1.78G [01:23<00:24, 14.1MB/s]
[2026-01-15T02:26:45.992+0000] {docker.py:429} INFO - 82%|████████▏ | 1.46G/1.78G [01:23<00:24, 14.2MB/s]
[2026-01-15T02:26:46.139+0000] {docker.py:429} INFO - 82%|████████▏ | 1.46G/1.78G [01:23<00:24, 14.2MB/s]
[2026-01-15T02:26:46.285+0000] {docker.py:429} INFO - 82%|████████▏ | 1.46G/1.78G [01:23<00:24, 14.2MB/s]
[2026-01-15T02:26:46.456+0000] {docker.py:429} INFO - 82%|████████▏ | 1.47G/1.78G [01:23<00:25, 13.6MB/s]
[2026-01-15T02:26:46.679+0000] {docker.py:429} INFO - 82%|████████▏ | 1.47G/1.78G [01:24<00:28, 12.0MB/s]
[2026-01-15T02:26:46.821+0000] {docker.py:429} INFO - 82%|████████▏ | 1.47G/1.78G [01:24<00:26, 12.7MB/s]
[2026-01-15T02:26:46.963+0000] {docker.py:429} INFO - 82%|████████▏ | 1.47G/1.78G [01:24<00:25, 13.3MB/s]
[2026-01-15T02:26:47.106+0000] {docker.py:429} INFO - 83%|████████▎ | 1.47G/1.78G [01:24<00:24, 13.7MB/s]
[2026-01-15T02:26:47.248+0000] {docker.py:429} INFO - 83%|████████▎ | 1.48G/1.78G [01:24<00:23, 14.0MB/s]
[2026-01-15T02:26:47.392+0000] {docker.py:429} INFO - 83%|████████▎ | 1.48G/1.78G [01:24<00:23, 14.1MB/s]
[2026-01-15T02:26:47.543+0000] {docker.py:429} INFO - 83%|████████▎ | 1.48G/1.78G [01:25<00:23, 14.1MB/s]
[2026-01-15T02:26:47.695+0000] {docker.py:429} INFO - 83%|████████▎ | 1.48G/1.78G [01:25<00:23, 14.0MB/s]
[2026-01-15T02:26:47.836+0000] {docker.py:429} INFO - 83%|████████▎ | 1.48G/1.78G [01:25<00:22, 14.3MB/s]
[2026-01-15T02:26:47.976+0000] {docker.py:429} INFO - 83%|████████▎ | 1.49G/1.78G [01:25<00:22, 14.5MB/s]
[2026-01-15T02:26:48.119+0000] {docker.py:429} INFO - 83%|████████▎ | 1.49G/1.78G [01:25<00:21, 14.5MB/s]
[2026-01-15T02:26:48.258+0000] {docker.py:429} INFO - 83%|████████▎ | 1.49G/1.78G [01:25<00:21, 14.7MB/s]
[2026-01-15T02:26:48.398+0000] {docker.py:429} INFO - 84%|████████▎ | 1.49G/1.78G [01:25<00:21, 14.8MB/s]
[2026-01-15T02:26:48.542+0000] {docker.py:429} INFO - 84%|████████▎ | 1.49G/1.78G [01:26<00:21, 14.7MB/s]
[2026-01-15T02:26:48.683+0000] {docker.py:429} INFO - 84%|████████▍ | 1.50G/1.78G [01:26<00:21, 14.8MB/s]
[2026-01-15T02:26:48.819+0000] {docker.py:429} INFO - 84%|████████▍ | 1.50G/1.78G [01:26<00:20, 15.0MB/s]
[2026-01-15T02:26:48.961+0000] {docker.py:429} INFO - 84%|████████▍ | 1.50G/1.78G [01:26<00:20, 14.9MB/s]
[2026-01-15T02:26:49.103+0000] {docker.py:429} INFO - 84%|████████▍ | 1.50G/1.78G [01:26<00:20, 14.8MB/s]
[2026-01-15T02:26:49.244+0000] {docker.py:429} INFO - 84%|████████▍ | 1.50G/1.78G [01:26<00:20, 14.9MB/s]
[2026-01-15T02:26:49.383+0000] {docker.py:429} INFO - 84%|████████▍ | 1.50G/1.78G [01:26<00:20, 14.9MB/s]
[2026-01-15T02:26:49.535+0000] {docker.py:429} INFO - 84%|████████▍ | 1.51G/1.78G [01:27<00:20, 14.6MB/s]
[2026-01-15T02:26:49.682+0000] {docker.py:429} INFO - 85%|████████▍ | 1.51G/1.78G [01:27<00:20, 14.5MB/s]
[2026-01-15T02:26:49.827+0000] {docker.py:429} INFO - 85%|████████▍ | 1.51G/1.78G [01:27<00:20, 14.5MB/s]
[2026-01-15T02:26:49.974+0000] {docker.py:429} INFO - 85%|████████▍ | 1.51G/1.78G [01:27<00:20, 14.4MB/s]
[2026-01-15T02:26:50.119+0000] {docker.py:429} INFO - 85%|████████▍ | 1.51G/1.78G [01:27<00:20, 14.4MB/s]
[2026-01-15T02:26:50.266+0000] {docker.py:429} INFO - 85%|████████▌ | 1.52G/1.78G [01:27<00:19, 14.4MB/s]
[2026-01-15T02:26:50.412+0000] {docker.py:429} INFO - 85%|████████▌ | 1.52G/1.78G [01:27<00:19, 14.4MB/s]
[2026-01-15T02:26:50.557+0000] {docker.py:429} INFO - 85%|████████▌ | 1.52G/1.78G [01:28<00:19, 14.4MB/s]
[2026-01-15T02:26:50.702+0000] {docker.py:429} INFO - 85%|████████▌ | 1.52G/1.78G [01:28<00:19, 14.4MB/s]
[2026-01-15T02:26:50.847+0000] {docker.py:429} INFO - 85%|████████▌ | 1.52G/1.78G [01:28<00:19, 14.4MB/s]
[2026-01-15T02:26:51.002+0000] {docker.py:429} INFO - 86%|████████▌ | 1.53G/1.78G [01:28<00:19, 14.1MB/s]
[2026-01-15T02:26:51.151+0000] {docker.py:429} INFO - 86%|████████▌ | 1.53G/1.78G [01:28<00:19, 14.1MB/s]
[2026-01-15T02:26:51.299+0000] {docker.py:429} INFO - 86%|████████▌ | 1.53G/1.78G [01:28<00:19, 14.1MB/s]
[2026-01-15T02:26:51.446+0000] {docker.py:429} INFO - 86%|████████▌ | 1.53G/1.78G [01:28<00:19, 14.2MB/s]
[2026-01-15T02:26:51.594+0000] {docker.py:429} INFO - 86%|████████▌ | 1.53G/1.78G [01:29<00:18, 14.2MB/s]
[2026-01-15T02:26:51.851+0000] {docker.py:429} INFO - 86%|████████▌ | 1.54G/1.78G [01:29<00:22, 11.6MB/s]
[2026-01-15T02:26:52.002+0000] {docker.py:429} INFO - 86%|████████▌ | 1.54G/1.78G [01:29<00:21, 12.2MB/s]
[2026-01-15T02:26:52.162+0000] {docker.py:429} INFO - 86%|████████▋ | 1.54G/1.78G [01:29<00:21, 12.5MB/s]
[2026-01-15T02:26:52.324+0000] {docker.py:429} INFO - 86%|████████▋ | 1.54G/1.78G [01:29<00:20, 12.6MB/s]
[2026-01-15T02:26:52.486+0000] {docker.py:429} INFO - 87%|████████▋ | 1.54G/1.78G [01:30<00:20, 12.7MB/s]
[2026-01-15T02:26:52.645+0000] {docker.py:429} INFO - 87%|████████▋ | 1.55G/1.78G [01:30<00:19, 12.8MB/s]
[2026-01-15T02:26:52.799+0000] {docker.py:429} INFO - 87%|████████▋ | 1.55G/1.78G [01:30<00:19, 13.1MB/s]
[2026-01-15T02:26:52.951+0000] {docker.py:429} INFO - 87%|████████▋ | 1.55G/1.78G [01:30<00:18, 13.3MB/s]
[2026-01-15T02:26:53.108+0000] {docker.py:429} INFO - 87%|████████▋ | 1.55G/1.78G [01:30<00:18, 13.3MB/s]
[2026-01-15T02:26:53.275+0000] {docker.py:429} INFO - 87%|████████▋ | 1.55G/1.78G [01:30<00:18, 13.1MB/s]
[2026-01-15T02:26:53.435+0000] {docker.py:429} INFO - 87%|████████▋ | 1.56G/1.78G [01:30<00:18, 13.1MB/s]
[2026-01-15T02:26:53.586+0000] {docker.py:429} INFO - 87%|████████▋ | 1.56G/1.78G [01:31<00:18, 13.3MB/s]
[2026-01-15T02:26:53.739+0000] {docker.py:429} INFO - 87%|████████▋ | 1.56G/1.78G [01:31<00:17, 13.4MB/s]
[2026-01-15T02:26:53.891+0000] {docker.py:429} INFO - 88%|████████▊ | 1.56G/1.78G [01:31<00:17, 13.5MB/s]
[2026-01-15T02:26:54.044+0000] {docker.py:429} INFO - 88%|████████▊ | 1.56G/1.78G [01:31<00:17, 13.6MB/s]
[2026-01-15T02:26:54.196+0000] {docker.py:429} INFO - 88%|████████▊ | 1.57G/1.78G [01:31<00:17, 13.6MB/s]
[2026-01-15T02:26:54.352+0000] {docker.py:429} INFO - 88%|████████▊ | 1.57G/1.78G [01:31<00:17, 13.6MB/s]
[2026-01-15T02:26:54.504+0000] {docker.py:429} INFO - 88%|████████▊ | 1.57G/1.78G [01:32<00:16, 13.7MB/s]
[2026-01-15T02:26:54.669+0000] {docker.py:429} INFO - 88%|████████▊ | 1.57G/1.78G [01:32<00:17, 13.3MB/s]
[2026-01-15T02:26:54.828+0000] {docker.py:429} INFO - 88%|████████▊ | 1.57G/1.78G [01:32<00:17, 13.3MB/s]
[2026-01-15T02:26:54.985+0000] {docker.py:429} INFO - 88%|████████▊ | 1.58G/1.78G [01:32<00:16, 13.3MB/s]
[2026-01-15T02:26:55.142+0000] {docker.py:429} INFO - 88%|████████▊ | 1.58G/1.78G [01:32<00:16, 13.3MB/s]
[2026-01-15T02:26:55.299+0000] {docker.py:429} INFO - 89%|████████▊ | 1.58G/1.78G [01:32<00:16, 13.3MB/s]
[2026-01-15T02:26:55.456+0000] {docker.py:429} INFO - 89%|████████▊ | 1.58G/1.78G [01:32<00:16, 13.3MB/s]
[2026-01-15T02:26:55.613+0000] {docker.py:429} INFO - 89%|████████▊ | 1.58G/1.78G [01:33<00:16, 13.4MB/s]
[2026-01-15T02:26:55.762+0000] {docker.py:429} INFO - 89%|████████▉ | 1.58G/1.78G [01:33<00:15, 13.6MB/s]
[2026-01-15T02:26:55.915+0000] {docker.py:429} INFO - 89%|████████▉ | 1.59G/1.78G [01:33<00:15, 13.6MB/s]
[2026-01-15T02:26:56.076+0000] {docker.py:429} INFO - 89%|████████▉ | 1.59G/1.78G [01:33<00:15, 13.4MB/s]
[2026-01-15T02:26:56.227+0000] {docker.py:429} INFO - 89%|████████▉ | 1.59G/1.78G [01:33<00:15, 13.6MB/s]
[2026-01-15T02:26:56.375+0000] {docker.py:429} INFO - 89%|████████▉ | 1.59G/1.78G [01:33<00:14, 13.7MB/s]
[2026-01-15T02:26:56.525+0000] {docker.py:429} INFO - 89%|████████▉ | 1.59G/1.78G [01:34<00:14, 13.8MB/s]
[2026-01-15T02:26:56.675+0000] {docker.py:429} INFO - 89%|████████▉ | 1.60G/1.78G [01:34<00:14, 13.9MB/s]
[2026-01-15T02:26:56.823+0000] {docker.py:429} INFO - 90%|████████▉ | 1.60G/1.78G [01:34<00:14, 13.9MB/s]
[2026-01-15T02:26:57.078+0000] {docker.py:429} INFO - 90%|████████▉ | 1.60G/1.78G [01:34<00:17, 11.5MB/s]
[2026-01-15T02:26:57.228+0000] {docker.py:429} INFO - 90%|████████▉ | 1.60G/1.78G [01:34<00:16, 12.2MB/s]
[2026-01-15T02:26:57.377+0000] {docker.py:429} INFO - 90%|████████▉ | 1.60G/1.78G [01:34<00:15, 12.7MB/s]
[2026-01-15T02:26:57.526+0000] {docker.py:429} INFO - 90%|█████████ | 1.61G/1.78G [01:35<00:14, 13.1MB/s]
[2026-01-15T02:26:57.679+0000] {docker.py:429} INFO - 90%|█████████ | 1.61G/1.78G [01:35<00:14, 13.3MB/s]
[2026-01-15T02:26:57.831+0000] {docker.py:429} INFO - 90%|█████████ | 1.61G/1.78G [01:35<00:13, 13.4MB/s]
[2026-01-15T02:26:57.987+0000] {docker.py:429} INFO - 90%|█████████ | 1.61G/1.78G [01:35<00:13, 13.4MB/s]
[2026-01-15T02:26:58.140+0000] {docker.py:429} INFO - 90%|█████████ | 1.61G/1.78G [01:35<00:13, 13.5MB/s]
[2026-01-15T02:26:58.293+0000] {docker.py:429} INFO - 91%|█████████ | 1.62G/1.78G [01:35<00:13, 13.6MB/s]
[2026-01-15T02:26:58.448+0000] {docker.py:429} INFO - 91%|█████████ | 1.62G/1.78G [01:35<00:13, 13.6MB/s]
[2026-01-15T02:26:58.599+0000] {docker.py:429} INFO - 91%|█████████ | 1.62G/1.78G [01:36<00:12, 13.7MB/s]
[2026-01-15T02:26:58.747+0000] {docker.py:429} INFO - 91%|█████████ | 1.62G/1.78G [01:36<00:12, 13.8MB/s]
[2026-01-15T02:26:58.894+0000] {docker.py:429} INFO - 91%|█████████ | 1.62G/1.78G [01:36<00:12, 13.9MB/s]
[2026-01-15T02:26:59.042+0000] {docker.py:429} INFO - 91%|█████████ | 1.63G/1.78G [01:36<00:12, 14.0MB/s]
[2026-01-15T02:26:59.192+0000] {docker.py:429} INFO - 91%|█████████ | 1.63G/1.78G [01:36<00:11, 14.0MB/s]
[2026-01-15T02:26:59.339+0000] {docker.py:429} INFO - 91%|█████████▏| 1.63G/1.78G [01:36<00:11, 14.1MB/s]
[2026-01-15T02:26:59.487+0000] {docker.py:429} INFO - 91%|█████████▏| 1.63G/1.78G [01:37<00:11, 14.1MB/s]
[2026-01-15T02:26:59.634+0000] {docker.py:429} INFO - 92%|█████████▏| 1.63G/1.78G [01:37<00:11, 14.2MB/s]
[2026-01-15T02:26:59.777+0000] {docker.py:429} INFO - 92%|█████████▏| 1.64G/1.78G [01:37<00:11, 14.3MB/s]
[2026-01-15T02:26:59.931+0000] {docker.py:429} INFO - 92%|█████████▏| 1.64G/1.78G [01:37<00:11, 14.1MB/s]
[2026-01-15T02:27:00.078+0000] {docker.py:429} INFO - 92%|█████████▏| 1.64G/1.78G [01:37<00:10, 14.1MB/s]
[2026-01-15T02:27:00.226+0000] {docker.py:429} INFO - 92%|█████████▏| 1.64G/1.78G [01:37<00:10, 14.2MB/s]
[2026-01-15T02:27:00.373+0000] {docker.py:429} INFO - 92%|█████████▏| 1.64G/1.78G [01:37<00:10, 14.2MB/s]
[2026-01-15T02:27:00.521+0000] {docker.py:429} INFO - 92%|█████████▏| 1.65G/1.78G [01:38<00:10, 14.2MB/s]
[2026-01-15T02:27:00.669+0000] {docker.py:429} INFO - 92%|█████████▏| 1.65G/1.78G [01:38<00:10, 14.2MB/s]
[2026-01-15T02:27:00.818+0000] {docker.py:429} INFO - 92%|█████████▏| 1.65G/1.78G [01:38<00:10, 14.2MB/s]
[2026-01-15T02:27:00.961+0000] {docker.py:429} INFO - 93%|█████████▎| 1.65G/1.78G [01:38<00:09, 14.3MB/s]
[2026-01-15T02:27:01.107+0000] {docker.py:429} INFO - 93%|█████████▎| 1.65G/1.78G [01:38<00:09, 14.3MB/s]
[2026-01-15T02:27:01.261+0000] {docker.py:429} INFO - 93%|█████████▎| 1.66G/1.78G [01:38<00:09, 14.1MB/s]
[2026-01-15T02:27:01.409+0000] {docker.py:429} INFO - 93%|█████████▎| 1.66G/1.78G [01:38<00:09, 14.1MB/s]
[2026-01-15T02:27:01.554+0000] {docker.py:429} INFO - 93%|█████████▎| 1.66G/1.78G [01:39<00:09, 14.2MB/s]
[2026-01-15T02:27:01.700+0000] {docker.py:429} INFO - 93%|█████████▎| 1.66G/1.78G [01:39<00:09, 14.3MB/s]
[2026-01-15T02:27:01.846+0000] {docker.py:429} INFO - 93%|█████████▎| 1.66G/1.78G [01:39<00:09, 14.3MB/s]
[2026-01-15T02:27:01.994+0000] {docker.py:429} INFO - 93%|█████████▎| 1.67G/1.78G [01:39<00:08, 14.3MB/s]
[2026-01-15T02:27:02.199+0000] {docker.py:429} INFO - 93%|█████████▎| 1.67G/1.78G [01:39<00:09, 12.8MB/s]
[2026-01-15T02:27:02.393+0000] {docker.py:429} INFO - 94%|█████████▎| 1.67G/1.78G [01:39<00:10, 12.1MB/s]
[2026-01-15T02:27:02.550+0000] {docker.py:429} INFO - 94%|█████████▎| 1.67G/1.78G [01:40<00:09, 12.5MB/s]
[2026-01-15T02:27:02.703+0000] {docker.py:429} INFO - 94%|█████████▍| 1.67G/1.78G [01:40<00:09, 12.8MB/s]
[2026-01-15T02:27:02.855+0000] {docker.py:429} INFO - 94%|█████████▍| 1.67G/1.78G [01:40<00:08, 13.1MB/s]
[2026-01-15T02:27:03.010+0000] {docker.py:429} INFO - 94%|█████████▍| 1.68G/1.78G [01:40<00:08, 13.2MB/s]
[2026-01-15T02:27:03.164+0000] {docker.py:429} INFO - 94%|█████████▍| 1.68G/1.78G [01:40<00:08, 13.3MB/s]
[2026-01-15T02:27:03.316+0000] {docker.py:429} INFO - 94%|█████████▍| 1.68G/1.78G [01:40<00:08, 13.5MB/s]
[2026-01-15T02:27:03.469+0000] {docker.py:429} INFO - 94%|█████████▍| 1.68G/1.78G [01:40<00:08, 13.5MB/s]
[2026-01-15T02:27:03.620+0000] {docker.py:429} INFO - 94%|█████████▍| 1.68G/1.78G [01:41<00:07, 13.6MB/s]
[2026-01-15T02:27:03.781+0000] {docker.py:429} INFO - 95%|█████████▍| 1.69G/1.78G [01:41<00:07, 13.4MB/s]
[2026-01-15T02:27:03.935+0000] {docker.py:429} INFO - 95%|█████████▍| 1.69G/1.78G [01:41<00:07, 13.5MB/s]
[2026-01-15T02:27:04.088+0000] {docker.py:429} INFO - 95%|█████████▍| 1.69G/1.78G [01:41<00:07, 13.6MB/s]
[2026-01-15T02:27:04.244+0000] {docker.py:429} INFO - 95%|█████████▍| 1.69G/1.78G [01:41<00:07, 13.5MB/s]
[2026-01-15T02:27:04.399+0000] {docker.py:429} INFO - 95%|█████████▍| 1.69G/1.78G [01:41<00:07, 13.5MB/s]
[2026-01-15T02:27:04.551+0000] {docker.py:429} INFO - 95%|█████████▌| 1.70G/1.78G [01:42<00:06, 13.6MB/s]
[2026-01-15T02:27:04.704+0000] {docker.py:429} INFO - 95%|█████████▌| 1.70G/1.78G [01:42<00:06, 13.6MB/s]
[2026-01-15T02:27:04.859+0000] {docker.py:429} INFO - 95%|█████████▌| 1.70G/1.78G [01:42<00:06, 13.6MB/s]
[2026-01-15T02:27:05.007+0000] {docker.py:429} INFO - 95%|█████████▌| 1.70G/1.78G [01:42<00:06, 13.8MB/s]
[2026-01-15T02:27:05.174+0000] {docker.py:429} INFO - 96%|█████████▌| 1.70G/1.78G [01:42<00:06, 13.4MB/s]
[2026-01-15T02:27:05.328+0000] {docker.py:429} INFO - 96%|█████████▌| 1.71G/1.78G [01:42<00:06, 13.4MB/s]
[2026-01-15T02:27:05.484+0000] {docker.py:429} INFO - 96%|█████████▌| 1.71G/1.78G [01:43<00:06, 13.5MB/s]
[2026-01-15T02:27:05.638+0000] {docker.py:429} INFO - 96%|█████████▌| 1.71G/1.78G [01:43<00:05, 13.5MB/s]
[2026-01-15T02:27:05.794+0000] {docker.py:429} INFO - 96%|█████████▌| 1.71G/1.78G [01:43<00:05, 13.5MB/s]
[2026-01-15T02:27:05.947+0000] {docker.py:429} INFO - 96%|█████████▌| 1.71G/1.78G [01:43<00:05, 13.6MB/s]
[2026-01-15T02:27:06.101+0000] {docker.py:429} INFO - 96%|█████████▌| 1.72G/1.78G [01:43<00:05, 13.5MB/s]
[2026-01-15T02:27:06.254+0000] {docker.py:429} INFO - 96%|█████████▋| 1.72G/1.78G [01:43<00:05, 13.6MB/s]
[2026-01-15T02:27:06.404+0000] {docker.py:429} INFO - 96%|█████████▋| 1.72G/1.78G [01:43<00:05, 13.7MB/s]
[2026-01-15T02:27:06.562+0000] {docker.py:429} INFO - 97%|█████████▋| 1.72G/1.78G [01:44<00:04, 13.6MB/s]
[2026-01-15T02:27:06.714+0000] {docker.py:429} INFO - 97%|█████████▋| 1.72G/1.78G [01:44<00:04, 13.7MB/s]
[2026-01-15T02:27:06.865+0000] {docker.py:429} INFO - 97%|█████████▋| 1.73G/1.78G [01:44<00:04, 13.7MB/s]
[2026-01-15T02:27:07.016+0000] {docker.py:429} INFO - 97%|█████████▋| 1.73G/1.78G [01:44<00:04, 13.8MB/s]
[2026-01-15T02:27:07.166+0000] {docker.py:429} INFO - 97%|█████████▋| 1.73G/1.78G [01:44<00:04, 13.8MB/s]
[2026-01-15T02:27:07.333+0000] {docker.py:429} INFO - 97%|█████████▋| 1.73G/1.78G [01:44<00:04, 13.4MB/s]
[2026-01-15T02:27:07.573+0000] {docker.py:429} INFO - 97%|█████████▋| 1.73G/1.78G [01:45<00:04, 11.6MB/s]
[2026-01-15T02:27:07.726+0000] {docker.py:429} INFO - 97%|█████████▋| 1.74G/1.78G [01:45<00:04, 12.1MB/s]
[2026-01-15T02:27:07.876+0000] {docker.py:429} INFO - 97%|█████████▋| 1.74G/1.78G [01:45<00:03, 12.6MB/s]
[2026-01-15T02:27:08.031+0000] {docker.py:429} INFO - 97%|█████████▋| 1.74G/1.78G [01:45<00:03, 12.9MB/s]
[2026-01-15T02:27:08.189+0000] {docker.py:429} INFO - 98%|█████████▊| 1.74G/1.78G [01:45<00:03, 13.0MB/s]
[2026-01-15T02:27:08.347+0000] {docker.py:429} INFO - 98%|█████████▊| 1.74G/1.78G [01:45<00:03, 13.1MB/s]
[2026-01-15T02:27:08.504+0000] {docker.py:429} INFO - 98%|█████████▊| 1.75G/1.78G [01:46<00:03, 13.2MB/s]
[2026-01-15T02:27:08.663+0000] {docker.py:429} INFO - 98%|█████████▊| 1.75G/1.78G [01:46<00:03, 13.2MB/s]
[2026-01-15T02:27:08.817+0000] {docker.py:429} INFO - 98%|█████████▊| 1.75G/1.78G [01:46<00:02, 13.3MB/s]
[2026-01-15T02:27:08.975+0000] {docker.py:429} INFO - 98%|█████████▊| 1.75G/1.78G [01:46<00:02, 13.3MB/s]
[2026-01-15T02:27:09.131+0000] {docker.py:429} INFO - 98%|█████████▊| 1.75G/1.78G [01:46<00:02, 13.3MB/s]
[2026-01-15T02:27:09.285+0000] {docker.py:429} INFO - 98%|█████████▊| 1.75G/1.78G [01:46<00:02, 13.4MB/s]
[2026-01-15T02:27:09.438+0000] {docker.py:429} INFO - 98%|█████████▊| 1.76G/1.78G [01:46<00:02, 13.5MB/s]
[2026-01-15T02:27:09.595+0000] {docker.py:429} INFO - 99%|█████████▊| 1.76G/1.78G [01:47<00:02, 13.5MB/s]
[2026-01-15T02:27:09.749+0000] {docker.py:429} INFO - 99%|█████████▊| 1.76G/1.78G [01:47<00:01, 13.5MB/s]
[2026-01-15T02:27:09.904+0000] {docker.py:429} INFO - 99%|█████████▉| 1.76G/1.78G [01:47<00:01, 13.5MB/s]
[2026-01-15T02:27:10.059+0000] {docker.py:429} INFO - 99%|█████████▉| 1.76G/1.78G [01:47<00:01, 13.5MB/s]
[2026-01-15T02:27:10.213+0000] {docker.py:429} INFO - 99%|█████████▉| 1.77G/1.78G [01:47<00:01, 13.5MB/s]
[2026-01-15T02:27:10.377+0000] {docker.py:429} INFO - 99%|█████████▉| 1.77G/1.78G [01:47<00:01, 13.3MB/s]
[2026-01-15T02:27:10.531+0000] {docker.py:429} INFO - 99%|█████████▉| 1.77G/1.78G [01:48<00:01, 13.4MB/s]
[2026-01-15T02:27:10.686+0000] {docker.py:429} INFO - 99%|█████████▉| 1.77G/1.78G [01:48<00:00, 13.4MB/s]
[2026-01-15T02:27:10.841+0000] {docker.py:429} INFO - 99%|█████████▉| 1.77G/1.78G [01:48<00:00, 13.5MB/s]
[2026-01-15T02:27:10.997+0000] {docker.py:429} INFO - 100%|█████████▉| 1.78G/1.78G [01:48<00:00, 13.5MB/s]
[2026-01-15T02:27:11.150+0000] {docker.py:429} INFO - 100%|█████████▉| 1.78G/1.78G [01:48<00:00, 13.5MB/s]
[2026-01-15T02:27:11.284+0000] {docker.py:429} INFO - 100%|█████████▉| 1.78G/1.78G [01:48<00:00, 14.1MB/s]
[2026-01-15T02:27:11.426+0000] {docker.py:429} INFO - 100%|█████████▉| 1.78G/1.78G [01:48<00:00, 14.3MB/s]
[2026-01-15T02:27:11.568+0000] {docker.py:429} INFO - 100%|██████████| 1.78G/1.78G [01:49<00:00, 14.2MB/s]100%|██████████| 1.78G/1.78G [01:49<00:00, 17.6MB/s]
[2026-01-15T02:27:11.571+0000] {docker.py:429} INFO - Extracting files...
[2026-01-15T02:27:40.855+0000] {docker.py:429} INFO - INFO:Ingest:Überspringe yellow_tripdata_2016-01.csv (existiert bereits).
[2026-01-15T02:27:40.858+0000] {docker.py:429} INFO - INFO:Ingest:Überspringe yellow_tripdata_2015-01.csv (existiert bereits).
[2026-01-15T02:27:40.861+0000] {docker.py:429} INFO - INFO:Ingest:Überspringe yellow_tripdata_2016-03.csv (existiert bereits).
[2026-01-15T02:27:40.863+0000] {docker.py:429} INFO - INFO:Ingest:Überspringe yellow_tripdata_2016-02.csv (existiert bereits).
INFO:Ingest:Ingestion Job fertig.
[2026-01-15T02:27:42.663+0000] {taskinstance.py:1138} INFO - Marking task as SUCCESS. dag_id=nyc_taxi_pipeline, task_id=ingest, execution_date=20260115T021644, start_date=20260115T022520, end_date=20260115T022742
[2026-01-15T02:27:42.691+0000] {local_task_job_runner.py:234} INFO - Task exited with return code 0
[2026-01-15T02:27:42.713+0000] {taskinstance.py:3280} INFO - 1 downstream tasks scheduled from follow-on schedule check
