[2026-01-29T14:21:33.873+0000] {taskinstance.py:1956} INFO - Dependencies all met for dep_context=non-requeueable deps ti=<TaskInstance: nyc_taxi_pipeline.cleanup_flag scheduled__2026-01-28T00:00:00+00:00 [queued]>
[2026-01-29T14:21:33.878+0000] {taskinstance.py:1956} INFO - Dependencies all met for dep_context=requeueable deps ti=<TaskInstance: nyc_taxi_pipeline.cleanup_flag scheduled__2026-01-28T00:00:00+00:00 [queued]>
[2026-01-29T14:21:33.879+0000] {taskinstance.py:2170} INFO - Starting attempt 1 of 1
[2026-01-29T14:21:33.886+0000] {taskinstance.py:2191} INFO - Executing <Task(PythonOperator): cleanup_flag> on 2026-01-28 00:00:00+00:00
[2026-01-29T14:21:33.897+0000] {standard_task_runner.py:60} INFO - Started process 159 to run task
[2026-01-29T14:21:33.900+0000] {standard_task_runner.py:87} INFO - Running: ['***', 'tasks', 'run', 'nyc_taxi_pipeline', 'cleanup_flag', 'scheduled__2026-01-28T00:00:00+00:00', '--job-id', '6', '--raw', '--subdir', 'DAGS_FOLDER/nyc_taxi_pipeline.py', '--cfg-path', '/tmp/tmpzinose7y']
[2026-01-29T14:21:33.902+0000] {standard_task_runner.py:88} INFO - Job 6: Subtask cleanup_flag
[2026-01-29T14:21:33.942+0000] {task_command.py:423} INFO - Running <TaskInstance: nyc_taxi_pipeline.cleanup_flag scheduled__2026-01-28T00:00:00+00:00 [running]> on host 71dc81990dfb
[2026-01-29T14:21:34.002+0000] {taskinstance.py:2480} INFO - Exporting env vars: AIRFLOW_CTX_DAG_OWNER='***' AIRFLOW_CTX_DAG_ID='nyc_taxi_pipeline' AIRFLOW_CTX_TASK_ID='cleanup_flag' AIRFLOW_CTX_EXECUTION_DATE='2026-01-28T00:00:00+00:00' AIRFLOW_CTX_TRY_NUMBER='1' AIRFLOW_CTX_DAG_RUN_ID='scheduled__2026-01-28T00:00:00+00:00'
[2026-01-29T14:21:34.110+0000] {python.py:201} INFO - Done. Returned value was: None
[2026-01-29T14:21:34.118+0000] {taskinstance.py:1138} INFO - Marking task as SUCCESS. dag_id=nyc_taxi_pipeline, task_id=cleanup_flag, execution_date=20260128T000000, start_date=20260129T142133, end_date=20260129T142134
[2026-01-29T14:21:34.153+0000] {local_task_job_runner.py:234} INFO - Task exited with return code 0
[2026-01-29T14:21:34.165+0000] {taskinstance.py:3280} INFO - 0 downstream tasks scheduled from follow-on schedule check
[2026-01-29T15:00:16.261+0000] {taskinstance.py:1956} INFO - Dependencies all met for dep_context=non-requeueable deps ti=<TaskInstance: nyc_taxi_pipeline.cleanup_flag scheduled__2026-01-28T00:00:00+00:00 [queued]>
[2026-01-29T15:00:16.267+0000] {taskinstance.py:1956} INFO - Dependencies all met for dep_context=requeueable deps ti=<TaskInstance: nyc_taxi_pipeline.cleanup_flag scheduled__2026-01-28T00:00:00+00:00 [queued]>
[2026-01-29T15:00:16.267+0000] {taskinstance.py:2170} INFO - Starting attempt 1 of 1
[2026-01-29T15:00:16.275+0000] {taskinstance.py:2191} INFO - Executing <Task(PythonOperator): cleanup_flag> on 2026-01-28 00:00:00+00:00
[2026-01-29T15:00:16.281+0000] {standard_task_runner.py:60} INFO - Started process 160 to run task
[2026-01-29T15:00:16.283+0000] {standard_task_runner.py:87} INFO - Running: ['***', 'tasks', 'run', 'nyc_taxi_pipeline', 'cleanup_flag', 'scheduled__2026-01-28T00:00:00+00:00', '--job-id', '6', '--raw', '--subdir', 'DAGS_FOLDER/nyc_taxi_pipeline.py', '--cfg-path', '/tmp/tmpw405oi1_']
[2026-01-29T15:00:16.285+0000] {standard_task_runner.py:88} INFO - Job 6: Subtask cleanup_flag
[2026-01-29T15:00:16.322+0000] {task_command.py:423} INFO - Running <TaskInstance: nyc_taxi_pipeline.cleanup_flag scheduled__2026-01-28T00:00:00+00:00 [running]> on host 72466cce4f75
[2026-01-29T15:00:16.377+0000] {taskinstance.py:2480} INFO - Exporting env vars: AIRFLOW_CTX_DAG_OWNER='***' AIRFLOW_CTX_DAG_ID='nyc_taxi_pipeline' AIRFLOW_CTX_TASK_ID='cleanup_flag' AIRFLOW_CTX_EXECUTION_DATE='2026-01-28T00:00:00+00:00' AIRFLOW_CTX_TRY_NUMBER='1' AIRFLOW_CTX_DAG_RUN_ID='scheduled__2026-01-28T00:00:00+00:00'
[2026-01-29T15:00:16.485+0000] {python.py:201} INFO - Done. Returned value was: None
[2026-01-29T15:00:16.492+0000] {taskinstance.py:1138} INFO - Marking task as SUCCESS. dag_id=nyc_taxi_pipeline, task_id=cleanup_flag, execution_date=20260128T000000, start_date=20260129T150016, end_date=20260129T150016
[2026-01-29T15:00:16.536+0000] {local_task_job_runner.py:234} INFO - Task exited with return code 0
[2026-01-29T15:00:16.550+0000] {taskinstance.py:3280} INFO - 0 downstream tasks scheduled from follow-on schedule check
