[2026-01-15T03:46:47.639+0000] {taskinstance.py:1956} INFO - Dependencies all met for dep_context=non-requeueable deps ti=<TaskInstance: nyc_taxi_pipeline.ingest manual__2026-01-15T03:46:46.639622+00:00 [queued]>
[2026-01-15T03:46:47.644+0000] {taskinstance.py:1956} INFO - Dependencies all met for dep_context=requeueable deps ti=<TaskInstance: nyc_taxi_pipeline.ingest manual__2026-01-15T03:46:46.639622+00:00 [queued]>
[2026-01-15T03:46:47.645+0000] {taskinstance.py:2170} INFO - Starting attempt 1 of 1
[2026-01-15T03:46:47.654+0000] {taskinstance.py:2191} INFO - Executing <Task(DockerOperator): ingest> on 2026-01-15 03:46:46.639622+00:00
[2026-01-15T03:46:47.659+0000] {standard_task_runner.py:60} INFO - Started process 211 to run task
[2026-01-15T03:46:47.662+0000] {standard_task_runner.py:87} INFO - Running: ['***', 'tasks', 'run', 'nyc_taxi_pipeline', 'ingest', 'manual__2026-01-15T03:46:46.639622+00:00', '--job-id', '3', '--raw', '--subdir', 'DAGS_FOLDER/nyc_taxi_pipeline.py', '--cfg-path', '/tmp/tmpq1n86s3j']
[2026-01-15T03:46:47.665+0000] {standard_task_runner.py:88} INFO - Job 3: Subtask ingest
[2026-01-15T03:46:47.708+0000] {task_command.py:423} INFO - Running <TaskInstance: nyc_taxi_pipeline.ingest manual__2026-01-15T03:46:46.639622+00:00 [running]> on host d5a6c5a18b65
[2026-01-15T03:46:47.775+0000] {taskinstance.py:2480} INFO - Exporting env vars: AIRFLOW_CTX_DAG_OWNER='***' AIRFLOW_CTX_DAG_ID='nyc_taxi_pipeline' AIRFLOW_CTX_TASK_ID='ingest' AIRFLOW_CTX_EXECUTION_DATE='2026-01-15T03:46:46.639622+00:00' AIRFLOW_CTX_TRY_NUMBER='1' AIRFLOW_CTX_DAG_RUN_ID='manual__2026-01-15T03:46:46.639622+00:00'
[2026-01-15T03:46:47.826+0000] {docker.py:359} INFO - Starting docker container from image nyc_ingestion:latest
[2026-01-15T03:46:48.493+0000] {docker.py:429} INFO - 2026-01-15 03:46:48,492 - Ingest - INFO - Starting ingestion script...
[2026-01-15T03:46:48.499+0000] {docker.py:429} INFO - /usr/local/lib/python3.9/site-packages/boto3/compat.py:89: PythonDeprecationWarning: Boto3 will no longer support Python 3.9 starting April 29, 2026. To continue receiving service updates, bug fixes, and security updates please upgrade to Python 3.10 or later. More information can be found here: https://aws.amazon.com/blogs/developer/python-support-policy-updates-for-aws-sdks-and-tools/
  warnings.warn(warning, PythonDeprecationWarning)
[2026-01-15T03:46:48.784+0000] {docker.py:429} INFO - 2026-01-15 03:46:48,784 - Ingest - INFO - Bucket checked/created: raw-data
[2026-01-15T03:46:48.789+0000] {docker.py:429} INFO - 2026-01-15 03:46:48,789 - Ingest - INFO - Bucket checked/created: config
2026-01-15 03:46:48,789 - Ingest - INFO - Downloading dataset: elemento/nyc-yellow-taxi-trip-data (This may take several minutes)...
[2026-01-15T03:46:49.059+0000] {docker.py:429} INFO - Warning: Looks like you're using an outdated `kagglehub` version (installed: 0.3.13), please consider upgrading to the latest version (0.4.0).
[2026-01-15T03:46:49.734+0000] {docker.py:429} INFO - Resuming download from 0 bytes (1915626894 bytes left)...
[2026-01-15T03:46:49.972+0000] {docker.py:429} INFO - Resuming download from https://www.kaggle.com/api/v1/datasets/download/elemento/nyc-yellow-taxi-trip-data?dataset_version_number=2 (0/1915626894) bytes left.
[2026-01-15T03:46:49.976+0000] {docker.py:429} INFO - 0%|          | 0.00/1.78G [00:00<?, ?B/s]
[2026-01-15T03:46:50.599+0000] {docker.py:429} INFO - 0%|          | 1.00M/1.78G [00:00<18:57, 1.68MB/s]
[2026-01-15T03:46:50.715+0000] {docker.py:429} INFO - 0%|          | 2.00M/1.78G [00:00<09:52, 3.23MB/s]
[2026-01-15T03:46:50.909+0000] {docker.py:429} INFO - 0%|          | 4.00M/1.78G [00:00<05:32, 5.76MB/s]
[2026-01-15T03:46:51.094+0000] {docker.py:429} INFO - 0%|          | 6.00M/1.78G [00:01<04:14, 7.51MB/s]
[2026-01-15T03:46:51.282+0000] {docker.py:429} INFO - 0%|          | 8.00M/1.78G [00:01<03:40, 8.65MB/s]
[2026-01-15T03:46:51.476+0000] {docker.py:429} INFO - 1%|          | 10.0M/1.78G [00:01<03:24, 9.33MB/s]
[2026-01-15T03:46:51.666+0000] {docker.py:429} INFO - 1%|          | 12.0M/1.78G [00:01<03:13, 9.85MB/s]
[2026-01-15T03:46:51.851+0000] {docker.py:429} INFO - 1%|          | 14.0M/1.78G [00:01<03:04, 10.3MB/s]
[2026-01-15T03:46:52.041+0000] {docker.py:429} INFO - 1%|          | 16.0M/1.78G [00:02<03:00, 10.5MB/s]
[2026-01-15T03:46:52.232+0000] {docker.py:429} INFO - 1%|          | 18.0M/1.78G [00:02<02:58, 10.7MB/s]
[2026-01-15T03:46:52.428+0000] {docker.py:429} INFO - 1%|          | 20.0M/1.78G [00:02<02:57, 10.7MB/s]
[2026-01-15T03:46:52.619+0000] {docker.py:429} INFO - 1%|          | 22.0M/1.78G [00:02<02:55, 10.8MB/s]
[2026-01-15T03:46:52.807+0000] {docker.py:429} INFO - 1%|▏         | 24.0M/1.78G [00:02<02:53, 10.9MB/s]
[2026-01-15T03:46:53.037+0000] {docker.py:429} INFO - 1%|▏         | 26.0M/1.78G [00:03<03:03, 10.3MB/s]
[2026-01-15T03:46:53.154+0000] {docker.py:429} INFO - 1%|▏         | 27.0M/1.78G [00:03<03:08, 10.0MB/s]
[2026-01-15T03:46:53.268+0000] {docker.py:429} INFO - 2%|▏         | 28.0M/1.78G [00:03<03:11, 9.83MB/s]
[2026-01-15T03:46:53.381+0000] {docker.py:429} INFO - 2%|▏         | 29.0M/1.78G [00:03<03:14, 9.70MB/s]
[2026-01-15T03:46:53.496+0000] {docker.py:429} INFO - 2%|▏         | 30.0M/1.78G [00:03<03:17, 9.56MB/s]
[2026-01-15T03:46:53.612+0000] {docker.py:429} INFO - 2%|▏         | 31.0M/1.78G [00:03<03:19, 9.43MB/s]
[2026-01-15T03:46:53.725+0000] {docker.py:429} INFO - 2%|▏         | 32.0M/1.78G [00:03<03:20, 9.39MB/s]
[2026-01-15T03:46:53.838+0000] {docker.py:429} INFO - 2%|▏         | 33.0M/1.78G [00:03<03:21, 9.36MB/s]
[2026-01-15T03:46:53.952+0000] {docker.py:429} INFO - 2%|▏         | 34.0M/1.78G [00:03<03:22, 9.30MB/s]
[2026-01-15T03:46:54.070+0000] {docker.py:429} INFO - 2%|▏         | 35.0M/1.78G [00:04<03:24, 9.17MB/s]
[2026-01-15T03:46:54.175+0000] {docker.py:429} INFO - 2%|▏         | 36.0M/1.78G [00:04<03:19, 9.39MB/s]
[2026-01-15T03:46:54.368+0000] {docker.py:429} INFO - 2%|▏         | 38.0M/1.78G [00:04<03:07, 10.0MB/s]
[2026-01-15T03:46:54.547+0000] {docker.py:429} INFO - 2%|▏         | 40.0M/1.78G [00:04<02:56, 10.6MB/s]
[2026-01-15T03:46:54.730+0000] {docker.py:429} INFO - 2%|▏         | 42.0M/1.78G [00:04<02:51, 10.9MB/s]
[2026-01-15T03:46:54.912+0000] {docker.py:429} INFO - 2%|▏         | 44.0M/1.78G [00:04<02:48, 11.1MB/s]
[2026-01-15T03:46:55.093+0000] {docker.py:429} INFO - 3%|▎         | 46.0M/1.78G [00:05<02:45, 11.3MB/s]
[2026-01-15T03:46:55.275+0000] {docker.py:429} INFO - 3%|▎         | 48.0M/1.78G [00:05<02:44, 11.3MB/s]
[2026-01-15T03:46:55.442+0000] {docker.py:429} INFO - 3%|▎         | 50.0M/1.78G [00:05<02:39, 11.7MB/s]
[2026-01-15T03:46:55.582+0000] {docker.py:429} INFO - 3%|▎         | 52.0M/1.78G [00:05<02:28, 12.5MB/s]
[2026-01-15T03:46:55.729+0000] {docker.py:429} INFO - 3%|▎         | 54.0M/1.78G [00:05<02:22, 13.0MB/s]
[2026-01-15T03:46:55.874+0000] {docker.py:429} INFO - 3%|▎         | 56.0M/1.78G [00:05<02:18, 13.4MB/s]
[2026-01-15T03:46:56.023+0000] {docker.py:429} INFO - 3%|▎         | 58.0M/1.78G [00:06<02:16, 13.6MB/s]
[2026-01-15T03:46:56.171+0000] {docker.py:429} INFO - 3%|▎         | 60.0M/1.78G [00:06<02:14, 13.8MB/s]
[2026-01-15T03:46:56.322+0000] {docker.py:429} INFO - 3%|▎         | 62.0M/1.78G [00:06<02:13, 13.8MB/s]
[2026-01-15T03:46:56.469+0000] {docker.py:429} INFO - 4%|▎         | 64.0M/1.78G [00:06<02:12, 13.9MB/s]
[2026-01-15T03:46:56.620+0000] {docker.py:429} INFO - 4%|▎         | 66.0M/1.78G [00:06<02:12, 13.9MB/s]
[2026-01-15T03:46:56.776+0000] {docker.py:429} INFO - 4%|▎         | 68.0M/1.78G [00:06<02:13, 13.8MB/s]
[2026-01-15T03:46:56.931+0000] {docker.py:429} INFO - 4%|▍         | 70.0M/1.78G [00:06<02:14, 13.7MB/s]
[2026-01-15T03:46:57.085+0000] {docker.py:429} INFO - 4%|▍         | 72.0M/1.78G [00:07<02:14, 13.7MB/s]
[2026-01-15T03:46:57.238+0000] {docker.py:429} INFO - 4%|▍         | 74.0M/1.78G [00:07<02:14, 13.7MB/s]
[2026-01-15T03:46:57.384+0000] {docker.py:429} INFO - 4%|▍         | 76.0M/1.78G [00:07<02:12, 13.9MB/s]
[2026-01-15T03:46:57.527+0000] {docker.py:429} INFO - 4%|▍         | 78.0M/1.78G [00:07<02:09, 14.1MB/s]
[2026-01-15T03:46:57.676+0000] {docker.py:429} INFO - 4%|▍         | 80.0M/1.78G [00:07<02:09, 14.1MB/s]
[2026-01-15T03:46:57.828+0000] {docker.py:429} INFO - 4%|▍         | 82.0M/1.78G [00:07<02:10, 14.0MB/s]
[2026-01-15T03:46:57.981+0000] {docker.py:429} INFO - 5%|▍         | 84.0M/1.78G [00:08<02:11, 13.9MB/s]
[2026-01-15T03:46:58.130+0000] {docker.py:429} INFO - 5%|▍         | 86.0M/1.78G [00:08<02:10, 14.0MB/s]
[2026-01-15T03:46:58.279+0000] {docker.py:429} INFO - 5%|▍         | 88.0M/1.78G [00:08<02:10, 14.0MB/s]
[2026-01-15T03:46:58.431+0000] {docker.py:429} INFO - 5%|▍         | 90.0M/1.78G [00:08<02:10, 13.9MB/s]
[2026-01-15T03:46:58.594+0000] {docker.py:429} INFO - 5%|▌         | 92.0M/1.78G [00:08<02:13, 13.6MB/s]
[2026-01-15T03:46:58.750+0000] {docker.py:429} INFO - 5%|▌         | 94.0M/1.78G [00:08<02:14, 13.6MB/s]
[2026-01-15T03:46:58.896+0000] {docker.py:429} INFO - 5%|▌         | 96.0M/1.78G [00:08<02:11, 13.8MB/s]
[2026-01-15T03:46:59.032+0000] {docker.py:429} INFO - 5%|▌         | 98.0M/1.78G [00:09<02:07, 14.3MB/s]
[2026-01-15T03:46:59.170+0000] {docker.py:429} INFO - 5%|▌         | 100M/1.78G [00:09<02:04, 14.5MB/s]
[2026-01-15T03:46:59.311+0000] {docker.py:429} INFO - 6%|▌         | 102M/1.78G [00:09<02:03, 14.6MB/s]
[2026-01-15T03:46:59.451+0000] {docker.py:429} INFO - 6%|▌         | 104M/1.78G [00:09<02:02, 14.7MB/s]
[2026-01-15T03:46:59.591+0000] {docker.py:429} INFO - 6%|▌         | 106M/1.78G [00:09<02:01, 14.8MB/s]
[2026-01-15T03:46:59.730+0000] {docker.py:429} INFO - 6%|▌         | 108M/1.78G [00:09<02:00, 14.9MB/s]
[2026-01-15T03:46:59.871+0000] {docker.py:429} INFO - 6%|▌         | 110M/1.78G [00:09<02:00, 14.9MB/s]
[2026-01-15T03:47:00.012+0000] {docker.py:429} INFO - 6%|▌         | 112M/1.78G [00:10<02:00, 14.9MB/s]
[2026-01-15T03:47:00.152+0000] {docker.py:429} INFO - 6%|▌         | 114M/1.78G [00:10<02:00, 14.9MB/s]
[2026-01-15T03:47:00.291+0000] {docker.py:429} INFO - 6%|▋         | 116M/1.78G [00:10<01:59, 15.0MB/s]
[2026-01-15T03:47:00.427+0000] {docker.py:429} INFO - 6%|▋         | 118M/1.78G [00:10<01:58, 15.1MB/s]
[2026-01-15T03:47:00.677+0000] {docker.py:429} INFO - 7%|▋         | 120M/1.78G [00:10<02:26, 12.2MB/s]
[2026-01-15T03:47:00.840+0000] {docker.py:429} INFO - 7%|▋         | 122M/1.78G [00:10<02:24, 12.4MB/s]
[2026-01-15T03:47:00.996+0000] {docker.py:429} INFO - 7%|▋         | 124M/1.78G [00:11<02:20, 12.7MB/s]
[2026-01-15T03:47:01.154+0000] {docker.py:429} INFO - 7%|▋         | 126M/1.78G [00:11<02:18, 12.8MB/s]
[2026-01-15T03:47:01.318+0000] {docker.py:429} INFO - 7%|▋         | 128M/1.78G [00:11<02:18, 12.8MB/s]
[2026-01-15T03:47:01.471+0000] {docker.py:429} INFO - 7%|▋         | 130M/1.78G [00:11<02:15, 13.1MB/s]
[2026-01-15T03:47:01.627+0000] {docker.py:429} INFO - 7%|▋         | 132M/1.78G [00:11<02:14, 13.2MB/s]
[2026-01-15T03:47:01.785+0000] {docker.py:429} INFO - 7%|▋         | 134M/1.78G [00:11<02:14, 13.2MB/s]
[2026-01-15T03:47:01.942+0000] {docker.py:429} INFO - 7%|▋         | 136M/1.78G [00:11<02:13, 13.2MB/s]
[2026-01-15T03:47:02.097+0000] {docker.py:429} INFO - 8%|▊         | 138M/1.78G [00:12<02:12, 13.3MB/s]
[2026-01-15T03:47:02.255+0000] {docker.py:429} INFO - 8%|▊         | 140M/1.78G [00:12<02:12, 13.3MB/s]
[2026-01-15T03:47:02.401+0000] {docker.py:429} INFO - 8%|▊         | 142M/1.78G [00:12<02:09, 13.6MB/s]
[2026-01-15T03:47:02.556+0000] {docker.py:429} INFO - 8%|▊         | 144M/1.78G [00:12<02:09, 13.6MB/s]
[2026-01-15T03:47:02.713+0000] {docker.py:429} INFO - 8%|▊         | 146M/1.78G [00:12<02:10, 13.5MB/s]
[2026-01-15T03:47:02.879+0000] {docker.py:429} INFO - 8%|▊         | 148M/1.78G [00:12<02:12, 13.3MB/s]
[2026-01-15T03:47:03.039+0000] {docker.py:429} INFO - 8%|▊         | 150M/1.78G [00:13<02:13, 13.2MB/s]
[2026-01-15T03:47:03.173+0000] {docker.py:429} INFO - 8%|▊         | 152M/1.78G [00:13<02:06, 13.8MB/s]
[2026-01-15T03:47:03.306+0000] {docker.py:429} INFO - 8%|▊         | 154M/1.78G [00:13<02:01, 14.4MB/s]
[2026-01-15T03:47:03.440+0000] {docker.py:429} INFO - 9%|▊         | 156M/1.78G [00:13<01:58, 14.7MB/s]
[2026-01-15T03:47:03.574+0000] {docker.py:429} INFO - 9%|▊         | 158M/1.78G [00:13<01:56, 15.0MB/s]
[2026-01-15T03:47:03.711+0000] {docker.py:429} INFO - 9%|▉         | 160M/1.78G [00:13<01:55, 15.1MB/s]
[2026-01-15T03:47:03.846+0000] {docker.py:429} INFO - 9%|▉         | 162M/1.78G [00:13<01:54, 15.2MB/s]
[2026-01-15T03:47:03.976+0000] {docker.py:429} INFO - 9%|▉         | 164M/1.78G [00:13<01:52, 15.5MB/s]
[2026-01-15T03:47:04.112+0000] {docker.py:429} INFO - 9%|▉         | 166M/1.78G [00:14<01:52, 15.5MB/s]
[2026-01-15T03:47:04.250+0000] {docker.py:429} INFO - 9%|▉         | 168M/1.78G [00:14<01:53, 15.4MB/s]
[2026-01-15T03:47:04.388+0000] {docker.py:429} INFO - 9%|▉         | 170M/1.78G [00:14<01:53, 15.3MB/s]
[2026-01-15T03:47:04.530+0000] {docker.py:429} INFO - 9%|▉         | 172M/1.78G [00:14<01:54, 15.1MB/s]
[2026-01-15T03:47:04.665+0000] {docker.py:429} INFO - 10%|▉         | 174M/1.78G [00:14<01:53, 15.3MB/s]
[2026-01-15T03:47:04.800+0000] {docker.py:429} INFO - 10%|▉         | 176M/1.78G [00:14<01:52, 15.3MB/s]
[2026-01-15T03:47:04.936+0000] {docker.py:429} INFO - 10%|▉         | 178M/1.78G [00:14<01:52, 15.4MB/s]
[2026-01-15T03:47:05.071+0000] {docker.py:429} INFO - 10%|▉         | 180M/1.78G [00:15<01:52, 15.4MB/s]
[2026-01-15T03:47:05.207+0000] {docker.py:429} INFO - 10%|▉         | 182M/1.78G [00:15<01:51, 15.4MB/s]
[2026-01-15T03:47:05.343+0000] {docker.py:429} INFO - 10%|█         | 184M/1.78G [00:15<01:51, 15.4MB/s]
[2026-01-15T03:47:05.470+0000] {docker.py:429} INFO - 10%|█         | 186M/1.78G [00:15<01:49, 15.7MB/s]
[2026-01-15T03:47:05.599+0000] {docker.py:429} INFO - 10%|█         | 188M/1.78G [00:15<01:48, 15.9MB/s]
[2026-01-15T03:47:05.710+0000] {docker.py:429} INFO - 10%|█         | 190M/1.78G [00:15<01:42, 16.7MB/s]
[2026-01-15T03:47:05.815+0000] {docker.py:429} INFO - 11%|█         | 192M/1.78G [00:15<01:37, 17.6MB/s]
[2026-01-15T03:47:05.932+0000] {docker.py:429} INFO - 11%|█         | 194M/1.78G [00:15<01:36, 17.7MB/s]
[2026-01-15T03:47:06.050+0000] {docker.py:429} INFO - 11%|█         | 196M/1.78G [00:16<01:36, 17.7MB/s]
[2026-01-15T03:47:06.168+0000] {docker.py:429} INFO - 11%|█         | 198M/1.78G [00:16<01:36, 17.7MB/s]
[2026-01-15T03:47:06.283+0000] {docker.py:429} INFO - 11%|█         | 200M/1.78G [00:16<01:35, 17.9MB/s]
[2026-01-15T03:47:06.400+0000] {docker.py:429} INFO - 11%|█         | 202M/1.78G [00:16<01:35, 17.9MB/s]
[2026-01-15T03:47:06.517+0000] {docker.py:429} INFO - 11%|█         | 204M/1.78G [00:16<01:35, 17.9MB/s]
[2026-01-15T03:47:06.635+0000] {docker.py:429} INFO - 11%|█▏        | 206M/1.78G [00:16<01:35, 17.8MB/s]
[2026-01-15T03:47:06.747+0000] {docker.py:429} INFO - 11%|█▏        | 208M/1.78G [00:16<01:33, 18.1MB/s]
[2026-01-15T03:47:06.858+0000] {docker.py:429} INFO - 11%|█▏        | 210M/1.78G [00:16<01:32, 18.3MB/s]
[2026-01-15T03:47:06.969+0000] {docker.py:429} INFO - 12%|█▏        | 212M/1.78G [00:16<01:31, 18.5MB/s]
[2026-01-15T03:47:07.082+0000] {docker.py:429} INFO - 12%|█▏        | 214M/1.78G [00:17<01:31, 18.5MB/s]
[2026-01-15T03:47:07.198+0000] {docker.py:429} INFO - 12%|█▏        | 216M/1.78G [00:17<01:31, 18.4MB/s]
[2026-01-15T03:47:07.317+0000] {docker.py:429} INFO - 12%|█▏        | 218M/1.78G [00:17<01:33, 18.1MB/s]
[2026-01-15T03:47:07.433+0000] {docker.py:429} INFO - 12%|█▏        | 220M/1.78G [00:17<01:32, 18.1MB/s]
[2026-01-15T03:47:07.552+0000] {docker.py:429} INFO - 12%|█▏        | 222M/1.78G [00:17<01:33, 18.0MB/s]
[2026-01-15T03:47:07.667+0000] {docker.py:429} INFO - 12%|█▏        | 224M/1.78G [00:17<01:33, 18.1MB/s]
[2026-01-15T03:47:07.780+0000] {docker.py:429} INFO - 12%|█▏        | 226M/1.78G [00:17<01:32, 18.2MB/s]
[2026-01-15T03:47:07.892+0000] {docker.py:429} INFO - 12%|█▏        | 228M/1.78G [00:17<01:31, 18.4MB/s]
[2026-01-15T03:47:08.006+0000] {docker.py:429} INFO - 13%|█▎        | 230M/1.78G [00:18<01:31, 18.4MB/s]
[2026-01-15T03:47:08.131+0000] {docker.py:429} INFO - 13%|█▎        | 232M/1.78G [00:18<01:33, 17.9MB/s]
[2026-01-15T03:47:08.243+0000] {docker.py:429} INFO - 13%|█▎        | 234M/1.78G [00:18<01:32, 18.1MB/s]
[2026-01-15T03:47:08.356+0000] {docker.py:429} INFO - 13%|█▎        | 236M/1.78G [00:18<01:31, 18.2MB/s]
[2026-01-15T03:47:08.469+0000] {docker.py:429} INFO - 13%|█▎        | 238M/1.78G [00:18<01:30, 18.3MB/s]
[2026-01-15T03:47:08.586+0000] {docker.py:429} INFO - 13%|█▎        | 240M/1.78G [00:18<01:31, 18.2MB/s]
[2026-01-15T03:47:08.703+0000] {docker.py:429} INFO - 13%|█▎        | 242M/1.78G [00:18<01:31, 18.1MB/s]
[2026-01-15T03:47:08.825+0000] {docker.py:429} INFO - 13%|█▎        | 244M/1.78G [00:18<01:32, 17.9MB/s]
[2026-01-15T03:47:08.944+0000] {docker.py:429} INFO - 13%|█▎        | 246M/1.78G [00:18<01:33, 17.8MB/s]
[2026-01-15T03:47:09.061+0000] {docker.py:429} INFO - 14%|█▎        | 248M/1.78G [00:19<01:32, 17.8MB/s]
[2026-01-15T03:47:09.178+0000] {docker.py:429} INFO - 14%|█▎        | 250M/1.78G [00:19<01:32, 17.9MB/s]
[2026-01-15T03:47:09.294+0000] {docker.py:429} INFO - 14%|█▍        | 252M/1.78G [00:19<01:32, 17.9MB/s]
[2026-01-15T03:47:09.411+0000] {docker.py:429} INFO - 14%|█▍        | 254M/1.78G [00:19<01:32, 17.9MB/s]
[2026-01-15T03:47:09.529+0000] {docker.py:429} INFO - 14%|█▍        | 256M/1.78G [00:19<01:32, 17.9MB/s]
[2026-01-15T03:47:09.645+0000] {docker.py:429} INFO - 14%|█▍        | 258M/1.78G [00:19<01:31, 17.9MB/s]
[2026-01-15T03:47:09.762+0000] {docker.py:429} INFO - 14%|█▍        | 260M/1.78G [00:19<01:31, 17.9MB/s]
[2026-01-15T03:47:09.876+0000] {docker.py:429} INFO - 14%|█▍        | 262M/1.78G [00:19<01:30, 18.1MB/s]
[2026-01-15T03:47:09.989+0000] {docker.py:429} INFO - 14%|█▍        | 264M/1.78G [00:20<01:29, 18.2MB/s]
[2026-01-15T03:47:10.108+0000] {docker.py:429} INFO - 15%|█▍        | 266M/1.78G [00:20<01:30, 18.1MB/s]
[2026-01-15T03:47:10.231+0000] {docker.py:429} INFO - 15%|█▍        | 268M/1.78G [00:20<01:32, 17.7MB/s]
[2026-01-15T03:47:10.351+0000] {docker.py:429} INFO - 15%|█▍        | 270M/1.78G [00:20<01:32, 17.7MB/s]
[2026-01-15T03:47:10.471+0000] {docker.py:429} INFO - 15%|█▍        | 272M/1.78G [00:20<01:32, 17.6MB/s]
[2026-01-15T03:47:10.589+0000] {docker.py:429} INFO - 15%|█▍        | 274M/1.78G [00:20<01:32, 17.6MB/s]
[2026-01-15T03:47:10.709+0000] {docker.py:429} INFO - 15%|█▌        | 276M/1.78G [00:20<01:32, 17.6MB/s]
[2026-01-15T03:47:10.842+0000] {docker.py:429} INFO - 15%|█▌        | 278M/1.78G [00:20<01:35, 17.0MB/s]
[2026-01-15T03:47:11.053+0000] {docker.py:429} INFO - 15%|█▌        | 280M/1.78G [00:21<01:55, 14.0MB/s]
[2026-01-15T03:47:11.173+0000] {docker.py:429} INFO - 15%|█▌        | 282M/1.78G [00:21<01:48, 14.9MB/s]
[2026-01-15T03:47:11.291+0000] {docker.py:429} INFO - 16%|█▌        | 284M/1.78G [00:21<01:43, 15.7MB/s]
[2026-01-15T03:47:11.412+0000] {docker.py:429} INFO - 16%|█▌        | 286M/1.78G [00:21<01:40, 16.1MB/s]
[2026-01-15T03:47:11.531+0000] {docker.py:429} INFO - 16%|█▌        | 288M/1.78G [00:21<01:37, 16.6MB/s]
[2026-01-15T03:47:11.652+0000] {docker.py:429} INFO - 16%|█▌        | 290M/1.78G [00:21<01:36, 16.8MB/s]
[2026-01-15T03:47:11.771+0000] {docker.py:429} INFO - 16%|█▌        | 292M/1.78G [00:21<01:34, 17.0MB/s]
[2026-01-15T03:47:11.888+0000] {docker.py:429} INFO - 16%|█▌        | 294M/1.78G [00:21<01:33, 17.3MB/s]
[2026-01-15T03:47:12.010+0000] {docker.py:429} INFO - 16%|█▌        | 296M/1.78G [00:22<01:33, 17.2MB/s]
[2026-01-15T03:47:12.127+0000] {docker.py:429} INFO - 16%|█▋        | 298M/1.78G [00:22<01:31, 17.4MB/s]
[2026-01-15T03:47:12.247+0000] {docker.py:429} INFO - 16%|█▋        | 300M/1.78G [00:22<01:31, 17.4MB/s]
[2026-01-15T03:47:12.374+0000] {docker.py:429} INFO - 17%|█▋        | 302M/1.78G [00:22<01:33, 17.2MB/s]
[2026-01-15T03:47:12.487+0000] {docker.py:429} INFO - 17%|█▋        | 304M/1.78G [00:22<01:30, 17.6MB/s]
[2026-01-15T03:47:12.605+0000] {docker.py:429} INFO - 17%|█▋        | 306M/1.78G [00:22<01:30, 17.6MB/s]
[2026-01-15T03:47:12.723+0000] {docker.py:429} INFO - 17%|█▋        | 308M/1.78G [00:22<01:30, 17.6MB/s]
[2026-01-15T03:47:12.843+0000] {docker.py:429} INFO - 17%|█▋        | 310M/1.78G [00:22<01:30, 17.6MB/s]
[2026-01-15T03:47:12.963+0000] {docker.py:429} INFO - 17%|█▋        | 312M/1.78G [00:22<01:30, 17.6MB/s]
[2026-01-15T03:47:13.079+0000] {docker.py:429} INFO - 17%|█▋        | 314M/1.78G [00:23<01:29, 17.7MB/s]
[2026-01-15T03:47:13.197+0000] {docker.py:429} INFO - 17%|█▋        | 316M/1.78G [00:23<01:29, 17.8MB/s]
[2026-01-15T03:47:13.315+0000] {docker.py:429} INFO - 17%|█▋        | 318M/1.78G [00:23<01:29, 17.8MB/s]
[2026-01-15T03:47:13.433+0000] {docker.py:429} INFO - 18%|█▊        | 320M/1.78G [00:23<01:29, 17.7MB/s]
[2026-01-15T03:47:13.552+0000] {docker.py:429} INFO - 18%|█▊        | 322M/1.78G [00:23<01:29, 17.7MB/s]
[2026-01-15T03:47:13.672+0000] {docker.py:429} INFO - 18%|█▊        | 324M/1.78G [00:23<01:29, 17.7MB/s]
[2026-01-15T03:47:13.791+0000] {docker.py:429} INFO - 18%|█▊        | 326M/1.78G [00:23<01:29, 17.6MB/s]
[2026-01-15T03:47:13.908+0000] {docker.py:429} INFO - 18%|█▊        | 328M/1.78G [00:23<01:28, 17.7MB/s]
[2026-01-15T03:47:14.020+0000] {docker.py:429} INFO - 18%|█▊        | 330M/1.78G [00:24<01:27, 18.0MB/s]
[2026-01-15T03:47:14.133+0000] {docker.py:429} INFO - 18%|█▊        | 332M/1.78G [00:24<01:26, 18.2MB/s]
[2026-01-15T03:47:14.247+0000] {docker.py:429} INFO - 18%|█▊        | 334M/1.78G [00:24<01:25, 18.2MB/s]
[2026-01-15T03:47:14.363+0000] {docker.py:429} INFO - 18%|█▊        | 336M/1.78G [00:24<01:25, 18.2MB/s]
[2026-01-15T03:47:14.478+0000] {docker.py:429} INFO - 19%|█▊        | 338M/1.78G [00:24<01:25, 18.2MB/s]
[2026-01-15T03:47:14.593+0000] {docker.py:429} INFO - 19%|█▊        | 340M/1.78G [00:24<01:25, 18.2MB/s]
[2026-01-15T03:47:14.708+0000] {docker.py:429} INFO - 19%|█▊        | 342M/1.78G [00:24<01:25, 18.2MB/s]
[2026-01-15T03:47:14.823+0000] {docker.py:429} INFO - 19%|█▉        | 344M/1.78G [00:24<01:25, 18.2MB/s]
[2026-01-15T03:47:14.938+0000] {docker.py:429} INFO - 19%|█▉        | 346M/1.78G [00:24<01:25, 18.2MB/s]
[2026-01-15T03:47:15.054+0000] {docker.py:429} INFO - 19%|█▉        | 348M/1.78G [00:25<01:25, 18.2MB/s]
[2026-01-15T03:47:15.171+0000] {docker.py:429} INFO - 19%|█▉        | 350M/1.78G [00:25<01:25, 18.1MB/s]
[2026-01-15T03:47:15.286+0000] {docker.py:429} INFO - 19%|█▉        | 352M/1.78G [00:25<01:25, 18.2MB/s]
[2026-01-15T03:47:15.398+0000] {docker.py:429} INFO - 19%|█▉        | 354M/1.78G [00:25<01:24, 18.3MB/s]
[2026-01-15T03:47:15.510+0000] {docker.py:429} INFO - 19%|█▉        | 356M/1.78G [00:25<01:23, 18.4MB/s]
[2026-01-15T03:47:15.623+0000] {docker.py:429} INFO - 20%|█▉        | 358M/1.78G [00:25<01:23, 18.5MB/s]
[2026-01-15T03:47:15.736+0000] {docker.py:429} INFO - 20%|█▉        | 360M/1.78G [00:25<01:23, 18.5MB/s]
[2026-01-15T03:47:15.851+0000] {docker.py:429} INFO - 20%|█▉        | 362M/1.78G [00:25<01:23, 18.4MB/s]
[2026-01-15T03:47:15.964+0000] {docker.py:429} INFO - 20%|█▉        | 364M/1.78G [00:25<01:23, 18.5MB/s]
[2026-01-15T03:47:16.122+0000] {docker.py:429} INFO - 20%|██        | 366M/1.78G [00:26<01:32, 16.5MB/s]
[2026-01-15T03:47:16.299+0000] {docker.py:429} INFO - 20%|██        | 368M/1.78G [00:26<01:43, 14.8MB/s]
[2026-01-15T03:47:16.413+0000] {docker.py:429} INFO - 20%|██        | 370M/1.78G [00:26<01:37, 15.7MB/s]
[2026-01-15T03:47:16.526+0000] {docker.py:429} INFO - 20%|██        | 372M/1.78G [00:26<01:32, 16.4MB/s]
[2026-01-15T03:47:16.642+0000] {docker.py:429} INFO - 20%|██        | 374M/1.78G [00:26<01:29, 16.9MB/s]
[2026-01-15T03:47:16.756+0000] {docker.py:429} INFO - 21%|██        | 376M/1.78G [00:26<01:27, 17.3MB/s]
[2026-01-15T03:47:16.875+0000] {docker.py:429} INFO - 21%|██        | 378M/1.78G [00:26<01:27, 17.4MB/s]
[2026-01-15T03:47:16.986+0000] {docker.py:429} INFO - 21%|██        | 380M/1.78G [00:27<01:25, 17.8MB/s]
[2026-01-15T03:47:17.101+0000] {docker.py:429} INFO - 21%|██        | 382M/1.78G [00:27<01:24, 18.0MB/s]
[2026-01-15T03:47:17.217+0000] {docker.py:429} INFO - 21%|██        | 384M/1.78G [00:27<01:24, 18.0MB/s]
[2026-01-15T03:47:17.331+0000] {docker.py:429} INFO - 21%|██        | 386M/1.78G [00:27<01:23, 18.1MB/s]
[2026-01-15T03:47:17.446+0000] {docker.py:429} INFO - 21%|██        | 388M/1.78G [00:27<01:23, 18.2MB/s]
[2026-01-15T03:47:17.562+0000] {docker.py:429} INFO - 21%|██▏       | 390M/1.78G [00:27<01:23, 18.1MB/s]
[2026-01-15T03:47:17.681+0000] {docker.py:429} INFO - 21%|██▏       | 392M/1.78G [00:27<01:23, 18.0MB/s]
[2026-01-15T03:47:17.794+0000] {docker.py:429} INFO - 22%|██▏       | 394M/1.78G [00:27<01:22, 18.2MB/s]
[2026-01-15T03:47:17.908+0000] {docker.py:429} INFO - 22%|██▏       | 396M/1.78G [00:27<01:22, 18.2MB/s]
[2026-01-15T03:47:18.023+0000] {docker.py:429} INFO - 22%|██▏       | 398M/1.78G [00:28<01:22, 18.2MB/s]
[2026-01-15T03:47:18.137+0000] {docker.py:429} INFO - 22%|██▏       | 400M/1.78G [00:28<01:21, 18.3MB/s]
[2026-01-15T03:47:18.253+0000] {docker.py:429} INFO - 22%|██▏       | 402M/1.78G [00:28<01:21, 18.2MB/s]
[2026-01-15T03:47:18.368+0000] {docker.py:429} INFO - 22%|██▏       | 404M/1.78G [00:28<01:21, 18.2MB/s]
[2026-01-15T03:47:18.483+0000] {docker.py:429} INFO - 22%|██▏       | 406M/1.78G [00:28<01:21, 18.2MB/s]
[2026-01-15T03:47:18.598+0000] {docker.py:429} INFO - 22%|██▏       | 408M/1.78G [00:28<01:21, 18.2MB/s]
[2026-01-15T03:47:18.713+0000] {docker.py:429} INFO - 22%|██▏       | 410M/1.78G [00:28<01:21, 18.2MB/s]
[2026-01-15T03:47:18.829+0000] {docker.py:429} INFO - 23%|██▎       | 412M/1.78G [00:28<01:21, 18.2MB/s]
[2026-01-15T03:47:18.944+0000] {docker.py:429} INFO - 23%|██▎       | 414M/1.78G [00:28<01:21, 18.2MB/s]
[2026-01-15T03:47:19.061+0000] {docker.py:429} INFO - 23%|██▎       | 416M/1.78G [00:29<01:21, 18.1MB/s]
[2026-01-15T03:47:19.171+0000] {docker.py:429} INFO - 23%|██▎       | 418M/1.78G [00:29<01:20, 18.4MB/s]
[2026-01-15T03:47:19.282+0000] {docker.py:429} INFO - 23%|██▎       | 420M/1.78G [00:29<01:19, 18.6MB/s]
[2026-01-15T03:47:19.396+0000] {docker.py:429} INFO - 23%|██▎       | 422M/1.78G [00:29<01:19, 18.5MB/s]
[2026-01-15T03:47:19.509+0000] {docker.py:429} INFO - 23%|██▎       | 424M/1.78G [00:29<01:19, 18.5MB/s]
[2026-01-15T03:47:19.622+0000] {docker.py:429} INFO - 23%|██▎       | 426M/1.78G [00:29<01:19, 18.5MB/s]
[2026-01-15T03:47:19.735+0000] {docker.py:429} INFO - 23%|██▎       | 428M/1.78G [00:29<01:19, 18.5MB/s]
[2026-01-15T03:47:19.848+0000] {docker.py:429} INFO - 24%|██▎       | 430M/1.78G [00:29<01:19, 18.5MB/s]
[2026-01-15T03:47:19.964+0000] {docker.py:429} INFO - 24%|██▎       | 432M/1.78G [00:29<01:19, 18.4MB/s]
[2026-01-15T03:47:20.077+0000] {docker.py:429} INFO - 24%|██▍       | 434M/1.78G [00:30<01:19, 18.4MB/s]
[2026-01-15T03:47:20.191+0000] {docker.py:429} INFO - 24%|██▍       | 436M/1.78G [00:30<01:19, 18.4MB/s]
[2026-01-15T03:47:20.304+0000] {docker.py:429} INFO - 24%|██▍       | 438M/1.78G [00:30<01:18, 18.5MB/s]
[2026-01-15T03:47:20.421+0000] {docker.py:429} INFO - 24%|██▍       | 440M/1.78G [00:30<01:19, 18.3MB/s]
[2026-01-15T03:47:20.535+0000] {docker.py:429} INFO - 24%|██▍       | 442M/1.78G [00:30<01:19, 18.4MB/s]
[2026-01-15T03:47:20.643+0000] {docker.py:429} INFO - 24%|██▍       | 444M/1.78G [00:30<01:17, 18.6MB/s]
[2026-01-15T03:47:20.755+0000] {docker.py:429} INFO - 24%|██▍       | 446M/1.78G [00:30<01:17, 18.7MB/s]
[2026-01-15T03:47:20.871+0000] {docker.py:429} INFO - 25%|██▍       | 448M/1.78G [00:30<01:18, 18.5MB/s]
[2026-01-15T03:47:20.984+0000] {docker.py:429} INFO - 25%|██▍       | 450M/1.78G [00:31<01:17, 18.5MB/s]
[2026-01-15T03:47:21.097+0000] {docker.py:429} INFO - 25%|██▍       | 452M/1.78G [00:31<01:17, 18.5MB/s]
[2026-01-15T03:47:21.210+0000] {docker.py:429} INFO - 25%|██▍       | 454M/1.78G [00:31<01:17, 18.5MB/s]
[2026-01-15T03:47:21.398+0000] {docker.py:429} INFO - 25%|██▍       | 456M/1.78G [00:31<01:33, 15.4MB/s]
[2026-01-15T03:47:21.542+0000] {docker.py:429} INFO - 25%|██▌       | 458M/1.78G [00:31<01:34, 15.2MB/s]
[2026-01-15T03:47:21.658+0000] {docker.py:429} INFO - 25%|██▌       | 460M/1.78G [00:31<01:29, 16.0MB/s]
[2026-01-15T03:47:21.772+0000] {docker.py:429} INFO - 25%|██▌       | 462M/1.78G [00:31<01:26, 16.6MB/s]
[2026-01-15T03:47:21.883+0000] {docker.py:429} INFO - 25%|██▌       | 464M/1.78G [00:31<01:22, 17.3MB/s]
[2026-01-15T03:47:21.996+0000] {docker.py:429} INFO - 26%|██▌       | 466M/1.78G [00:32<01:20, 17.6MB/s]
[2026-01-15T03:47:22.109+0000] {docker.py:429} INFO - 26%|██▌       | 468M/1.78G [00:32<01:19, 17.9MB/s]
[2026-01-15T03:47:22.223+0000] {docker.py:429} INFO - 26%|██▌       | 470M/1.78G [00:32<01:18, 18.0MB/s]
[2026-01-15T03:47:22.336+0000] {docker.py:429} INFO - 26%|██▌       | 472M/1.78G [00:32<01:18, 18.2MB/s]
[2026-01-15T03:47:22.451+0000] {docker.py:429} INFO - 26%|██▌       | 474M/1.78G [00:32<01:17, 18.2MB/s]
[2026-01-15T03:47:22.565+0000] {docker.py:429} INFO - 26%|██▌       | 476M/1.78G [00:32<01:17, 18.2MB/s]
[2026-01-15T03:47:22.679+0000] {docker.py:429} INFO - 26%|██▌       | 478M/1.78G [00:32<01:17, 18.3MB/s]
[2026-01-15T03:47:22.798+0000] {docker.py:429} INFO - 26%|██▋       | 480M/1.78G [00:32<01:17, 18.1MB/s]
[2026-01-15T03:47:22.908+0000] {docker.py:429} INFO - 26%|██▋       | 482M/1.78G [00:32<01:16, 18.4MB/s]
[2026-01-15T03:47:23.021+0000] {docker.py:429} INFO - 26%|██▋       | 484M/1.78G [00:33<01:16, 18.4MB/s]
[2026-01-15T03:47:23.135+0000] {docker.py:429} INFO - 27%|██▋       | 486M/1.78G [00:33<01:16, 18.4MB/s]
[2026-01-15T03:47:23.249+0000] {docker.py:429} INFO - 27%|██▋       | 488M/1.78G [00:33<01:16, 18.4MB/s]
[2026-01-15T03:47:23.363+0000] {docker.py:429} INFO - 27%|██▋       | 490M/1.78G [00:33<01:16, 18.4MB/s]
[2026-01-15T03:47:23.477+0000] {docker.py:429} INFO - 27%|██▋       | 492M/1.78G [00:33<01:16, 18.4MB/s]
[2026-01-15T03:47:23.591+0000] {docker.py:429} INFO - 27%|██▋       | 494M/1.78G [00:33<01:16, 18.4MB/s]
[2026-01-15T03:47:23.705+0000] {docker.py:429} INFO - 27%|██▋       | 496M/1.78G [00:33<01:15, 18.4MB/s]
[2026-01-15T03:47:23.819+0000] {docker.py:429} INFO - 27%|██▋       | 498M/1.78G [00:33<01:15, 18.4MB/s]
[2026-01-15T03:47:23.933+0000] {docker.py:429} INFO - 27%|██▋       | 500M/1.78G [00:33<01:15, 18.4MB/s]
[2026-01-15T03:47:24.049+0000] {docker.py:429} INFO - 27%|██▋       | 502M/1.78G [00:34<01:15, 18.3MB/s]
[2026-01-15T03:47:24.165+0000] {docker.py:429} INFO - 28%|██▊       | 504M/1.78G [00:34<01:16, 18.2MB/s]
[2026-01-15T03:47:24.279+0000] {docker.py:429} INFO - 28%|██▊       | 506M/1.78G [00:34<01:15, 18.3MB/s]
[2026-01-15T03:47:24.388+0000] {docker.py:429} INFO - 28%|██▊       | 508M/1.78G [00:34<01:14, 18.6MB/s]
[2026-01-15T03:47:24.501+0000] {docker.py:429} INFO - 28%|██▊       | 510M/1.78G [00:34<01:14, 18.6MB/s]
[2026-01-15T03:47:24.614+0000] {docker.py:429} INFO - 28%|██▊       | 512M/1.78G [00:34<01:14, 18.6MB/s]
[2026-01-15T03:47:24.726+0000] {docker.py:429} INFO - 28%|██▊       | 514M/1.78G [00:34<01:13, 18.6MB/s]
[2026-01-15T03:47:24.839+0000] {docker.py:429} INFO - 28%|██▊       | 516M/1.78G [00:34<01:13, 18.6MB/s]
[2026-01-15T03:47:24.951+0000] {docker.py:429} INFO - 28%|██▊       | 518M/1.78G [00:34<01:13, 18.6MB/s]
[2026-01-15T03:47:25.065+0000] {docker.py:429} INFO - 28%|██▊       | 520M/1.78G [00:35<01:13, 18.6MB/s]
[2026-01-15T03:47:25.178+0000] {docker.py:429} INFO - 29%|██▊       | 522M/1.78G [00:35<01:13, 18.6MB/s]
[2026-01-15T03:47:25.291+0000] {docker.py:429} INFO - 29%|██▊       | 524M/1.78G [00:35<01:13, 18.6MB/s]
[2026-01-15T03:47:25.403+0000] {docker.py:429} INFO - 29%|██▉       | 526M/1.78G [00:35<01:13, 18.6MB/s]
[2026-01-15T03:47:25.516+0000] {docker.py:429} INFO - 29%|██▉       | 528M/1.78G [00:35<01:13, 18.6MB/s]
[2026-01-15T03:47:25.629+0000] {docker.py:429} INFO - 29%|██▉       | 530M/1.78G [00:35<01:13, 18.6MB/s]
[2026-01-15T03:47:25.742+0000] {docker.py:429} INFO - 29%|██▉       | 532M/1.78G [00:35<01:13, 18.6MB/s]
[2026-01-15T03:47:25.848+0000] {docker.py:429} INFO - 29%|██▉       | 534M/1.78G [00:35<01:11, 18.9MB/s]
[2026-01-15T03:47:25.961+0000] {docker.py:429} INFO - 29%|██▉       | 536M/1.78G [00:35<01:12, 18.8MB/s]
[2026-01-15T03:47:26.074+0000] {docker.py:429} INFO - 29%|██▉       | 538M/1.78G [00:36<01:12, 18.7MB/s]
[2026-01-15T03:47:26.189+0000] {docker.py:429} INFO - 30%|██▉       | 540M/1.78G [00:36<01:12, 18.6MB/s]
[2026-01-15T03:47:26.302+0000] {docker.py:429} INFO - 30%|██▉       | 542M/1.78G [00:36<01:12, 18.6MB/s]
[2026-01-15T03:47:26.416+0000] {docker.py:429} INFO - 30%|██▉       | 544M/1.78G [00:36<01:12, 18.5MB/s]
[2026-01-15T03:47:26.576+0000] {docker.py:429} INFO - 30%|██▉       | 546M/1.78G [00:36<01:21, 16.5MB/s]
[2026-01-15T03:47:26.747+0000] {docker.py:429} INFO - 30%|██▉       | 548M/1.78G [00:36<01:29, 14.9MB/s]
[2026-01-15T03:47:26.861+0000] {docker.py:429} INFO - 30%|███       | 550M/1.78G [00:36<01:24, 15.8MB/s]
[2026-01-15T03:47:26.973+0000] {docker.py:429} INFO - 30%|███       | 552M/1.78G [00:36<01:20, 16.6MB/s]
[2026-01-15T03:47:27.088+0000] {docker.py:429} INFO - 30%|███       | 554M/1.78G [00:37<01:18, 17.1MB/s]
[2026-01-15T03:47:27.199+0000] {docker.py:429} INFO - 30%|███       | 556M/1.78G [00:37<01:15, 17.6MB/s]
[2026-01-15T03:47:27.313+0000] {docker.py:429} INFO - 31%|███       | 558M/1.78G [00:37<01:14, 17.8MB/s]
[2026-01-15T03:47:27.429+0000] {docker.py:429} INFO - 31%|███       | 560M/1.78G [00:37<01:14, 17.9MB/s]
[2026-01-15T03:47:27.545+0000] {docker.py:429} INFO - 31%|███       | 562M/1.78G [00:37<01:13, 17.9MB/s]
[2026-01-15T03:47:27.657+0000] {docker.py:429} INFO - 31%|███       | 564M/1.78G [00:37<01:12, 18.2MB/s]
[2026-01-15T03:47:27.770+0000] {docker.py:429} INFO - 31%|███       | 566M/1.78G [00:37<01:12, 18.3MB/s]
[2026-01-15T03:47:27.882+0000] {docker.py:429} INFO - 31%|███       | 568M/1.78G [00:37<01:11, 18.4MB/s]
[2026-01-15T03:47:27.998+0000] {docker.py:429} INFO - 31%|███       | 570M/1.78G [00:38<01:12, 18.3MB/s]
[2026-01-15T03:47:28.113+0000] {docker.py:429} INFO - 31%|███▏      | 572M/1.78G [00:38<01:11, 18.3MB/s]
[2026-01-15T03:47:28.225+0000] {docker.py:429} INFO - 31%|███▏      | 574M/1.78G [00:38<01:11, 18.4MB/s]
[2026-01-15T03:47:28.339+0000] {docker.py:429} INFO - 32%|███▏      | 576M/1.78G [00:38<01:11, 18.4MB/s]
[2026-01-15T03:47:28.451+0000] {docker.py:429} INFO - 32%|███▏      | 578M/1.78G [00:38<01:10, 18.5MB/s]
[2026-01-15T03:47:28.565+0000] {docker.py:429} INFO - 32%|███▏      | 580M/1.78G [00:38<01:10, 18.5MB/s]
[2026-01-15T03:47:28.679+0000] {docker.py:429} INFO - 32%|███▏      | 582M/1.78G [00:38<01:10, 18.4MB/s]
[2026-01-15T03:47:28.792+0000] {docker.py:429} INFO - 32%|███▏      | 584M/1.78G [00:38<01:10, 18.5MB/s]
[2026-01-15T03:47:28.906+0000] {docker.py:429} INFO - 32%|███▏      | 586M/1.78G [00:38<01:10, 18.5MB/s]
[2026-01-15T03:47:29.019+0000] {docker.py:429} INFO - 32%|███▏      | 588M/1.78G [00:39<01:10, 18.5MB/s]
[2026-01-15T03:47:29.134+0000] {docker.py:429} INFO - 32%|███▏      | 590M/1.78G [00:39<01:10, 18.4MB/s]
[2026-01-15T03:47:29.250+0000] {docker.py:429} INFO - 32%|███▏      | 592M/1.78G [00:39<01:10, 18.3MB/s]
[2026-01-15T03:47:29.365+0000] {docker.py:429} INFO - 33%|███▎      | 594M/1.78G [00:39<01:10, 18.3MB/s]
[2026-01-15T03:47:29.483+0000] {docker.py:429} INFO - 33%|███▎      | 596M/1.78G [00:39<01:11, 18.1MB/s]
[2026-01-15T03:47:29.594+0000] {docker.py:429} INFO - 33%|███▎      | 598M/1.78G [00:39<01:10, 18.3MB/s]
[2026-01-15T03:47:29.703+0000] {docker.py:429} INFO - 33%|███▎      | 600M/1.78G [00:39<01:09, 18.6MB/s]
[2026-01-15T03:47:29.816+0000] {docker.py:429} INFO - 33%|███▎      | 602M/1.78G [00:39<01:09, 18.6MB/s]
[2026-01-15T03:47:29.929+0000] {docker.py:429} INFO - 33%|███▎      | 604M/1.78G [00:39<01:09, 18.6MB/s]
[2026-01-15T03:47:30.042+0000] {docker.py:429} INFO - 33%|███▎      | 606M/1.78G [00:40<01:08, 18.6MB/s]
[2026-01-15T03:47:30.157+0000] {docker.py:429} INFO - 33%|███▎      | 608M/1.78G [00:40<01:09, 18.5MB/s]
[2026-01-15T03:47:30.270+0000] {docker.py:429} INFO - 33%|███▎      | 610M/1.78G [00:40<01:08, 18.5MB/s]
[2026-01-15T03:47:30.383+0000] {docker.py:429} INFO - 33%|███▎      | 612M/1.78G [00:40<01:08, 18.5MB/s]
[2026-01-15T03:47:30.496+0000] {docker.py:429} INFO - 34%|███▎      | 614M/1.78G [00:40<01:08, 18.5MB/s]
[2026-01-15T03:47:30.610+0000] {docker.py:429} INFO - 34%|███▎      | 616M/1.78G [00:40<01:08, 18.5MB/s]
[2026-01-15T03:47:30.723+0000] {docker.py:429} INFO - 34%|███▍      | 618M/1.78G [00:40<01:08, 18.5MB/s]
[2026-01-15T03:47:30.840+0000] {docker.py:429} INFO - 34%|███▍      | 620M/1.78G [00:40<01:08, 18.3MB/s]
[2026-01-15T03:47:30.953+0000] {docker.py:429} INFO - 34%|███▍      | 622M/1.78G [00:40<01:08, 18.4MB/s]
[2026-01-15T03:47:31.062+0000] {docker.py:429} INFO - 34%|███▍      | 624M/1.78G [00:41<01:07, 18.6MB/s]
[2026-01-15T03:47:31.173+0000] {docker.py:429} INFO - 34%|███▍      | 626M/1.78G [00:41<01:07, 18.7MB/s]
[2026-01-15T03:47:31.286+0000] {docker.py:429} INFO - 34%|███▍      | 628M/1.78G [00:41<01:07, 18.7MB/s]
[2026-01-15T03:47:31.399+0000] {docker.py:429} INFO - 34%|███▍      | 630M/1.78G [00:41<01:07, 18.6MB/s]
[2026-01-15T03:47:31.512+0000] {docker.py:429} INFO - 35%|███▍      | 632M/1.78G [00:41<01:07, 18.6MB/s]
[2026-01-15T03:47:31.626+0000] {docker.py:429} INFO - 35%|███▍      | 634M/1.78G [00:41<01:07, 18.5MB/s]
[2026-01-15T03:47:31.760+0000] {docker.py:429} INFO - 35%|███▍      | 636M/1.78G [00:41<01:11, 17.5MB/s]
[2026-01-15T03:47:31.951+0000] {docker.py:429} INFO - 35%|███▍      | 638M/1.78G [00:41<01:23, 14.9MB/s]
[2026-01-15T03:47:32.066+0000] {docker.py:429} INFO - 35%|███▌      | 640M/1.78G [00:42<01:18, 15.8MB/s]
[2026-01-15T03:47:32.180+0000] {docker.py:429} INFO - 35%|███▌      | 642M/1.78G [00:42<01:15, 16.4MB/s]
[2026-01-15T03:47:32.294+0000] {docker.py:429} INFO - 35%|███▌      | 644M/1.78G [00:42<01:12, 17.0MB/s]
[2026-01-15T03:47:32.408+0000] {docker.py:429} INFO - 35%|███▌      | 646M/1.78G [00:42<01:11, 17.4MB/s]
[2026-01-15T03:47:32.521+0000] {docker.py:429} INFO - 35%|███▌      | 648M/1.78G [00:42<01:09, 17.7MB/s]
[2026-01-15T03:47:32.635+0000] {docker.py:429} INFO - 36%|███▌      | 650M/1.78G [00:42<01:08, 17.9MB/s]
[2026-01-15T03:47:32.748+0000] {docker.py:429} INFO - 36%|███▌      | 652M/1.78G [00:42<01:08, 18.1MB/s]
[2026-01-15T03:47:32.863+0000] {docker.py:429} INFO - 36%|███▌      | 654M/1.78G [00:42<01:07, 18.2MB/s]
[2026-01-15T03:47:32.977+0000] {docker.py:429} INFO - 36%|███▌      | 656M/1.78G [00:43<01:07, 18.2MB/s]
[2026-01-15T03:47:33.094+0000] {docker.py:429} INFO - 36%|███▌      | 658M/1.78G [00:43<01:07, 18.1MB/s]
[2026-01-15T03:47:33.211+0000] {docker.py:429} INFO - 36%|███▌      | 660M/1.78G [00:43<01:07, 18.1MB/s]
[2026-01-15T03:47:33.326+0000] {docker.py:429} INFO - 36%|███▌      | 662M/1.78G [00:43<01:07, 18.1MB/s]
[2026-01-15T03:47:33.440+0000] {docker.py:429} INFO - 36%|███▋      | 664M/1.78G [00:43<01:07, 18.2MB/s]
[2026-01-15T03:47:33.558+0000] {docker.py:429} INFO - 36%|███▋      | 666M/1.78G [00:43<01:07, 18.1MB/s]
[2026-01-15T03:47:33.677+0000] {docker.py:429} INFO - 37%|███▋      | 668M/1.78G [00:43<01:07, 17.9MB/s]
[2026-01-15T03:47:33.797+0000] {docker.py:429} INFO - 37%|███▋      | 670M/1.78G [00:43<01:08, 17.8MB/s]
[2026-01-15T03:47:33.916+0000] {docker.py:429} INFO - 37%|███▋      | 672M/1.78G [00:43<01:08, 17.7MB/s]
[2026-01-15T03:47:34.033+0000] {docker.py:429} INFO - 37%|███▋      | 674M/1.78G [00:44<01:07, 17.8MB/s]
[2026-01-15T03:47:34.152+0000] {docker.py:429} INFO - 37%|███▋      | 676M/1.78G [00:44<01:08, 17.7MB/s]
[2026-01-15T03:47:34.272+0000] {docker.py:429} INFO - 37%|███▋      | 678M/1.78G [00:44<01:08, 17.7MB/s]
[2026-01-15T03:47:34.392+0000] {docker.py:429} INFO - 37%|███▋      | 680M/1.78G [00:44<01:08, 17.6MB/s]
[2026-01-15T03:47:34.513+0000] {docker.py:429} INFO - 37%|███▋      | 682M/1.78G [00:44<01:08, 17.5MB/s]
[2026-01-15T03:47:34.635+0000] {docker.py:429} INFO - 37%|███▋      | 684M/1.78G [00:44<01:08, 17.4MB/s]
[2026-01-15T03:47:34.752+0000] {docker.py:429} INFO - 38%|███▊      | 686M/1.78G [00:44<01:08, 17.6MB/s]
[2026-01-15T03:47:34.871+0000] {docker.py:429} INFO - 38%|███▊      | 688M/1.78G [00:44<01:07, 17.6MB/s]
[2026-01-15T03:47:34.992+0000] {docker.py:429} INFO - 38%|███▊      | 690M/1.78G [00:45<01:08, 17.5MB/s]
[2026-01-15T03:47:35.114+0000] {docker.py:429} INFO - 38%|███▊      | 692M/1.78G [00:45<01:08, 17.4MB/s]
[2026-01-15T03:47:35.234+0000] {docker.py:429} INFO - 38%|███▊      | 694M/1.78G [00:45<01:08, 17.4MB/s]
[2026-01-15T03:47:35.356+0000] {docker.py:429} INFO - 38%|███▊      | 696M/1.78G [00:45<01:08, 17.3MB/s]
[2026-01-15T03:47:35.478+0000] {docker.py:429} INFO - 38%|███▊      | 698M/1.78G [00:45<01:08, 17.3MB/s]
[2026-01-15T03:47:35.599+0000] {docker.py:429} INFO - 38%|███▊      | 700M/1.78G [00:45<01:08, 17.3MB/s]
[2026-01-15T03:47:35.721+0000] {docker.py:429} INFO - 38%|███▊      | 702M/1.78G [00:45<01:08, 17.3MB/s]
[2026-01-15T03:47:35.843+0000] {docker.py:429} INFO - 39%|███▊      | 704M/1.78G [00:45<01:08, 17.3MB/s]
[2026-01-15T03:47:35.967+0000] {docker.py:429} INFO - 39%|███▊      | 706M/1.78G [00:45<01:08, 17.2MB/s]
[2026-01-15T03:47:36.086+0000] {docker.py:429} INFO - 39%|███▉      | 708M/1.78G [00:46<01:07, 17.3MB/s]
[2026-01-15T03:47:36.206+0000] {docker.py:429} INFO - 39%|███▉      | 710M/1.78G [00:46<01:07, 17.3MB/s]
[2026-01-15T03:47:36.320+0000] {docker.py:429} INFO - 39%|███▉      | 712M/1.78G [00:46<01:06, 17.6MB/s]
[2026-01-15T03:47:36.437+0000] {docker.py:429} INFO - 39%|███▉      | 714M/1.78G [00:46<01:05, 17.7MB/s]
[2026-01-15T03:47:36.554+0000] {docker.py:429} INFO - 39%|███▉      | 716M/1.78G [00:46<01:05, 17.8MB/s]
[2026-01-15T03:47:36.670+0000] {docker.py:429} INFO - 39%|███▉      | 718M/1.78G [00:46<01:05, 17.9MB/s]
[2026-01-15T03:47:36.788+0000] {docker.py:429} INFO - 39%|███▉      | 720M/1.78G [00:46<01:05, 17.8MB/s]
[2026-01-15T03:47:36.904+0000] {docker.py:429} INFO - 40%|███▉      | 722M/1.78G [00:46<01:04, 17.9MB/s]
[2026-01-15T03:47:37.129+0000] {docker.py:429} INFO - 40%|███▉      | 724M/1.78G [00:47<01:22, 14.0MB/s]
[2026-01-15T03:47:37.246+0000] {docker.py:429} INFO - 40%|███▉      | 726M/1.78G [00:47<01:16, 15.0MB/s]
[2026-01-15T03:47:37.364+0000] {docker.py:429} INFO - 40%|███▉      | 728M/1.78G [00:47<01:13, 15.7MB/s]
[2026-01-15T03:47:37.481+0000] {docker.py:429} INFO - 40%|███▉      | 730M/1.78G [00:47<01:10, 16.3MB/s]
[2026-01-15T03:47:37.599+0000] {docker.py:429} INFO - 40%|████      | 732M/1.78G [00:47<01:08, 16.7MB/s]
[2026-01-15T03:47:37.715+0000] {docker.py:429} INFO - 40%|████      | 734M/1.78G [00:47<01:06, 17.1MB/s]
[2026-01-15T03:47:37.833+0000] {docker.py:429} INFO - 40%|████      | 736M/1.78G [00:47<01:06, 17.3MB/s]
[2026-01-15T03:47:37.953+0000] {docker.py:429} INFO - 40%|████      | 738M/1.78G [00:47<01:05, 17.4MB/s]
[2026-01-15T03:47:38.070+0000] {docker.py:429} INFO - 41%|████      | 740M/1.78G [00:48<01:04, 17.5MB/s]
[2026-01-15T03:47:38.187+0000] {docker.py:429} INFO - 41%|████      | 742M/1.78G [00:48<01:04, 17.6MB/s]
[2026-01-15T03:47:38.301+0000] {docker.py:429} INFO - 41%|████      | 744M/1.78G [00:48<01:03, 17.9MB/s]
[2026-01-15T03:47:38.414+0000] {docker.py:429} INFO - 41%|████      | 746M/1.78G [00:48<01:02, 18.1MB/s]
[2026-01-15T03:47:38.532+0000] {docker.py:429} INFO - 41%|████      | 748M/1.78G [00:48<01:02, 18.0MB/s]
[2026-01-15T03:47:38.645+0000] {docker.py:429} INFO - 41%|████      | 750M/1.78G [00:48<01:02, 18.2MB/s]
[2026-01-15T03:47:38.762+0000] {docker.py:429} INFO - 41%|████      | 752M/1.78G [00:48<01:02, 18.1MB/s]
[2026-01-15T03:47:38.879+0000] {docker.py:429} INFO - 41%|████▏     | 754M/1.78G [00:48<01:02, 18.0MB/s]
[2026-01-15T03:47:38.996+0000] {docker.py:429} INFO - 41%|████▏     | 756M/1.78G [00:49<01:02, 18.0MB/s]
[2026-01-15T03:47:39.113+0000] {docker.py:429} INFO - 41%|████▏     | 758M/1.78G [00:49<01:02, 18.0MB/s]
[2026-01-15T03:47:39.230+0000] {docker.py:429} INFO - 42%|████▏     | 760M/1.78G [00:49<01:02, 18.0MB/s]
[2026-01-15T03:47:39.346+0000] {docker.py:429} INFO - 42%|████▏     | 762M/1.78G [00:49<01:02, 18.0MB/s]
[2026-01-15T03:47:39.463+0000] {docker.py:429} INFO - 42%|████▏     | 764M/1.78G [00:49<01:01, 18.0MB/s]
[2026-01-15T03:47:39.580+0000] {docker.py:429} INFO - 42%|████▏     | 766M/1.78G [00:49<01:01, 18.0MB/s]
[2026-01-15T03:47:39.697+0000] {docker.py:429} INFO - 42%|████▏     | 768M/1.78G [00:49<01:01, 18.0MB/s]
[2026-01-15T03:47:39.819+0000] {docker.py:429} INFO - 42%|████▏     | 770M/1.78G [00:49<01:02, 17.7MB/s]
[2026-01-15T03:47:39.936+0000] {docker.py:429} INFO - 42%|████▏     | 772M/1.78G [00:49<01:02, 17.8MB/s]
[2026-01-15T03:47:40.050+0000] {docker.py:429} INFO - 42%|████▏     | 774M/1.78G [00:50<01:01, 17.9MB/s]
[2026-01-15T03:47:40.169+0000] {docker.py:429} INFO - 42%|████▏     | 776M/1.78G [00:50<01:01, 17.9MB/s]
[2026-01-15T03:47:40.287+0000] {docker.py:429} INFO - 43%|████▎     | 778M/1.78G [00:50<01:01, 17.8MB/s]
[2026-01-15T03:47:40.407+0000] {docker.py:429} INFO - 43%|████▎     | 780M/1.78G [00:50<01:01, 17.7MB/s]
[2026-01-15T03:47:40.526+0000] {docker.py:429} INFO - 43%|████▎     | 782M/1.78G [00:50<01:01, 17.7MB/s]
[2026-01-15T03:47:40.645+0000] {docker.py:429} INFO - 43%|████▎     | 784M/1.78G [00:50<01:01, 17.7MB/s]
[2026-01-15T03:47:40.765+0000] {docker.py:429} INFO - 43%|████▎     | 786M/1.78G [00:50<01:01, 17.6MB/s]
[2026-01-15T03:47:40.884+0000] {docker.py:429} INFO - 43%|████▎     | 788M/1.78G [00:50<01:01, 17.6MB/s]
[2026-01-15T03:47:41.003+0000] {docker.py:429} INFO - 43%|████▎     | 790M/1.78G [00:51<01:01, 17.6MB/s]
[2026-01-15T03:47:41.122+0000] {docker.py:429} INFO - 43%|████▎     | 792M/1.78G [00:51<01:01, 17.6MB/s]
[2026-01-15T03:47:41.243+0000] {docker.py:429} INFO - 43%|████▎     | 794M/1.78G [00:51<01:01, 17.5MB/s]
[2026-01-15T03:47:41.360+0000] {docker.py:429} INFO - 44%|████▎     | 796M/1.78G [00:51<01:01, 17.6MB/s]
[2026-01-15T03:47:41.470+0000] {docker.py:429} INFO - 44%|████▎     | 798M/1.78G [00:51<00:59, 18.0MB/s]
[2026-01-15T03:47:41.585+0000] {docker.py:429} INFO - 44%|████▍     | 800M/1.78G [00:51<00:59, 18.1MB/s]
[2026-01-15T03:47:41.701+0000] {docker.py:429} INFO - 44%|████▍     | 802M/1.78G [00:51<00:59, 18.1MB/s]
[2026-01-15T03:47:41.815+0000] {docker.py:429} INFO - 44%|████▍     | 804M/1.78G [00:51<00:58, 18.2MB/s]
[2026-01-15T03:47:41.929+0000] {docker.py:429} INFO - 44%|████▍     | 806M/1.78G [00:51<00:58, 18.2MB/s]
[2026-01-15T03:47:42.045+0000] {docker.py:429} INFO - 44%|████▍     | 808M/1.78G [00:52<00:58, 18.2MB/s]
[2026-01-15T03:47:42.155+0000] {docker.py:429} INFO - 44%|████▍     | 810M/1.78G [00:52<00:57, 18.4MB/s]
[2026-01-15T03:47:42.377+0000] {docker.py:429} INFO - 44%|████▍     | 812M/1.78G [00:52<01:14, 14.3MB/s]
[2026-01-15T03:47:42.494+0000] {docker.py:429} INFO - 45%|████▍     | 814M/1.78G [00:52<01:09, 15.3MB/s]
[2026-01-15T03:47:42.614+0000] {docker.py:429} INFO - 45%|████▍     | 816M/1.78G [00:52<01:06, 15.9MB/s]
[2026-01-15T03:47:42.730+0000] {docker.py:429} INFO - 45%|████▍     | 818M/1.78G [00:52<01:04, 16.5MB/s]
[2026-01-15T03:47:42.847+0000] {docker.py:429} INFO - 45%|████▍     | 820M/1.78G [00:52<01:02, 16.9MB/s]
[2026-01-15T03:47:42.964+0000] {docker.py:429} INFO - 45%|████▍     | 822M/1.78G [00:52<01:01, 17.2MB/s]
[2026-01-15T03:47:43.080+0000] {docker.py:429} INFO - 45%|████▌     | 824M/1.78G [00:53<01:00, 17.5MB/s]
[2026-01-15T03:47:43.198+0000] {docker.py:429} INFO - 45%|████▌     | 826M/1.78G [00:53<00:59, 17.5MB/s]
[2026-01-15T03:47:43.312+0000] {docker.py:429} INFO - 45%|████▌     | 828M/1.78G [00:53<00:58, 17.8MB/s]
[2026-01-15T03:47:43.428+0000] {docker.py:429} INFO - 45%|████▌     | 830M/1.78G [00:53<00:58, 17.9MB/s]
[2026-01-15T03:47:43.544+0000] {docker.py:429} INFO - 46%|████▌     | 832M/1.78G [00:53<00:58, 17.9MB/s]
[2026-01-15T03:47:43.661+0000] {docker.py:429} INFO - 46%|████▌     | 834M/1.78G [00:53<00:58, 17.9MB/s]
[2026-01-15T03:47:43.781+0000] {docker.py:429} INFO - 46%|████▌     | 836M/1.78G [00:53<00:58, 17.8MB/s]
[2026-01-15T03:47:43.893+0000] {docker.py:429} INFO - 46%|████▌     | 838M/1.78G [00:53<00:57, 18.1MB/s]
[2026-01-15T03:47:44.010+0000] {docker.py:429} INFO - 46%|████▌     | 840M/1.78G [00:54<00:57, 18.0MB/s]
[2026-01-15T03:47:44.126+0000] {docker.py:429} INFO - 46%|████▌     | 842M/1.78G [00:54<00:57, 18.1MB/s]
[2026-01-15T03:47:44.241+0000] {docker.py:429} INFO - 46%|████▌     | 844M/1.78G [00:54<00:56, 18.1MB/s]
[2026-01-15T03:47:44.358+0000] {docker.py:429} INFO - 46%|████▋     | 846M/1.78G [00:54<00:56, 18.1MB/s]
[2026-01-15T03:47:44.475+0000] {docker.py:429} INFO - 46%|████▋     | 848M/1.78G [00:54<00:56, 18.0MB/s]
[2026-01-15T03:47:44.592+0000] {docker.py:429} INFO - 47%|████▋     | 850M/1.78G [00:54<00:56, 18.0MB/s]
[2026-01-15T03:47:44.709+0000] {docker.py:429} INFO - 47%|████▋     | 852M/1.78G [00:54<00:56, 18.0MB/s]
[2026-01-15T03:47:44.824+0000] {docker.py:429} INFO - 47%|████▋     | 854M/1.78G [00:54<00:56, 18.0MB/s]
[2026-01-15T03:47:44.940+0000] {docker.py:429} INFO - 47%|████▋     | 856M/1.78G [00:54<00:56, 18.1MB/s]
[2026-01-15T03:47:45.058+0000] {docker.py:429} INFO - 47%|████▋     | 858M/1.78G [00:55<00:56, 18.0MB/s]
[2026-01-15T03:47:45.176+0000] {docker.py:429} INFO - 47%|████▋     | 860M/1.78G [00:55<00:56, 17.9MB/s]
[2026-01-15T03:47:45.291+0000] {docker.py:429} INFO - 47%|████▋     | 862M/1.78G [00:55<00:56, 18.0MB/s]
[2026-01-15T03:47:45.398+0000] {docker.py:429} INFO - 47%|████▋     | 864M/1.78G [00:55<00:54, 18.5MB/s]
[2026-01-15T03:47:45.508+0000] {docker.py:429} INFO - 47%|████▋     | 866M/1.78G [00:55<00:54, 18.6MB/s]
[2026-01-15T03:47:45.617+0000] {docker.py:429} INFO - 48%|████▊     | 868M/1.78G [00:55<00:53, 18.8MB/s]
[2026-01-15T03:47:45.727+0000] {docker.py:429} INFO - 48%|████▊     | 870M/1.78G [00:55<00:53, 18.9MB/s]
[2026-01-15T03:47:45.838+0000] {docker.py:429} INFO - 48%|████▊     | 872M/1.78G [00:55<00:52, 18.9MB/s]
[2026-01-15T03:47:45.948+0000] {docker.py:429} INFO - 48%|████▊     | 874M/1.78G [00:55<00:52, 18.9MB/s]
[2026-01-15T03:47:46.058+0000] {docker.py:429} INFO - 48%|████▊     | 876M/1.78G [00:56<00:52, 19.0MB/s]
[2026-01-15T03:47:46.169+0000] {docker.py:429} INFO - 48%|████▊     | 878M/1.78G [00:56<00:52, 19.0MB/s]
[2026-01-15T03:47:46.279+0000] {docker.py:429} INFO - 48%|████▊     | 880M/1.78G [00:56<00:52, 19.0MB/s]
[2026-01-15T03:47:46.388+0000] {docker.py:429} INFO - 48%|████▊     | 882M/1.78G [00:56<00:52, 19.1MB/s]
[2026-01-15T03:47:46.500+0000] {docker.py:429} INFO - 48%|████▊     | 884M/1.78G [00:56<00:52, 19.0MB/s]
[2026-01-15T03:47:46.610+0000] {docker.py:429} INFO - 48%|████▊     | 886M/1.78G [00:56<00:51, 19.0MB/s]
[2026-01-15T03:47:46.718+0000] {docker.py:429} INFO - 49%|████▊     | 888M/1.78G [00:56<00:51, 19.1MB/s]
[2026-01-15T03:47:46.828+0000] {docker.py:429} INFO - 49%|████▊     | 890M/1.78G [00:56<00:51, 19.1MB/s]
[2026-01-15T03:47:46.929+0000] {docker.py:429} INFO - 49%|████▉     | 892M/1.78G [00:56<00:50, 19.6MB/s]
[2026-01-15T03:47:47.036+0000] {docker.py:429} INFO - 49%|████▉     | 894M/1.78G [00:57<00:49, 19.6MB/s]
[2026-01-15T03:47:47.141+0000] {docker.py:429} INFO - 49%|████▉     | 896M/1.78G [00:57<00:49, 19.7MB/s]
[2026-01-15T03:47:47.247+0000] {docker.py:429} INFO - 49%|████▉     | 898M/1.78G [00:57<00:49, 19.7MB/s]
[2026-01-15T03:47:47.352+0000] {docker.py:429} INFO - 49%|████▉     | 900M/1.78G [00:57<00:49, 19.8MB/s]
[2026-01-15T03:47:47.546+0000] {docker.py:429} INFO - 49%|████▉     | 902M/1.78G [00:57<01:01, 15.9MB/s]
[2026-01-15T03:47:47.674+0000] {docker.py:429} INFO - 49%|████▉     | 904M/1.78G [00:57<01:00, 16.0MB/s]
[2026-01-15T03:47:47.779+0000] {docker.py:429} INFO - 50%|████▉     | 906M/1.78G [00:57<00:56, 17.0MB/s]
[2026-01-15T03:47:47.884+0000] {docker.py:429} INFO - 50%|████▉     | 908M/1.78G [00:57<00:54, 17.8MB/s]
[2026-01-15T03:47:47.989+0000] {docker.py:429} INFO - 50%|████▉     | 910M/1.78G [00:58<00:52, 18.4MB/s]
[2026-01-15T03:47:48.094+0000] {docker.py:429} INFO - 50%|████▉     | 912M/1.78G [00:58<00:50, 18.9MB/s]
[2026-01-15T03:47:48.197+0000] {docker.py:429} INFO - 50%|█████     | 914M/1.78G [00:58<00:49, 19.3MB/s]
[2026-01-15T03:47:48.301+0000] {docker.py:429} INFO - 50%|█████     | 916M/1.78G [00:58<00:48, 19.5MB/s]
[2026-01-15T03:47:48.407+0000] {docker.py:429} INFO - 50%|█████     | 918M/1.78G [00:58<00:48, 19.6MB/s]
[2026-01-15T03:47:48.511+0000] {docker.py:429} INFO - 50%|█████     | 920M/1.78G [00:58<00:48, 19.8MB/s]
[2026-01-15T03:47:48.615+0000] {docker.py:429} INFO - 50%|█████     | 922M/1.78G [00:58<00:47, 19.9MB/s]
[2026-01-15T03:47:48.719+0000] {docker.py:429} INFO - 51%|█████     | 924M/1.78G [00:58<00:47, 20.0MB/s]
[2026-01-15T03:47:48.823+0000] {docker.py:429} INFO - 51%|█████     | 926M/1.78G [00:58<00:47, 20.0MB/s]
[2026-01-15T03:47:48.929+0000] {docker.py:429} INFO - 51%|█████     | 928M/1.78G [00:58<00:47, 20.0MB/s]
[2026-01-15T03:47:49.033+0000] {docker.py:429} INFO - 51%|█████     | 930M/1.78G [00:59<00:46, 20.0MB/s]
[2026-01-15T03:47:49.135+0000] {docker.py:429} INFO - 51%|█████     | 932M/1.78G [00:59<00:46, 20.2MB/s]
[2026-01-15T03:47:49.241+0000] {docker.py:429} INFO - 51%|█████     | 934M/1.78G [00:59<00:46, 20.0MB/s]
[2026-01-15T03:47:49.348+0000] {docker.py:429} INFO - 51%|█████     | 936M/1.78G [00:59<00:46, 19.9MB/s]
[2026-01-15T03:47:49.453+0000] {docker.py:429} INFO - 51%|█████▏    | 938M/1.78G [00:59<00:46, 19.9MB/s]
[2026-01-15T03:47:49.558+0000] {docker.py:429} INFO - 51%|█████▏    | 940M/1.78G [00:59<00:46, 20.0MB/s]
[2026-01-15T03:47:49.664+0000] {docker.py:429} INFO - 52%|█████▏    | 942M/1.78G [00:59<00:46, 19.9MB/s]
[2026-01-15T03:47:49.771+0000] {docker.py:429} INFO - 52%|█████▏    | 944M/1.78G [00:59<00:46, 19.8MB/s]
[2026-01-15T03:47:49.876+0000] {docker.py:429} INFO - 52%|█████▏    | 946M/1.78G [00:59<00:46, 19.9MB/s]
[2026-01-15T03:47:49.982+0000] {docker.py:429} INFO - 52%|█████▏    | 948M/1.78G [01:00<00:46, 19.8MB/s]
[2026-01-15T03:47:50.087+0000] {docker.py:429} INFO - 52%|█████▏    | 950M/1.78G [01:00<00:46, 19.9MB/s]
[2026-01-15T03:47:50.194+0000] {docker.py:429} INFO - 52%|█████▏    | 952M/1.78G [01:00<00:46, 19.8MB/s]
[2026-01-15T03:47:50.301+0000] {docker.py:429} INFO - 52%|█████▏    | 954M/1.78G [01:00<00:46, 19.7MB/s]
[2026-01-15T03:47:50.405+0000] {docker.py:429} INFO - 52%|█████▏    | 956M/1.78G [01:00<00:46, 19.8MB/s]
[2026-01-15T03:47:50.511+0000] {docker.py:429} INFO - 52%|█████▏    | 958M/1.78G [01:00<00:45, 19.9MB/s]
[2026-01-15T03:47:50.661+0000] {docker.py:429} INFO - 53%|█████▎    | 961M/1.78G [01:00<00:44, 20.3MB/s]
[2026-01-15T03:47:50.763+0000] {docker.py:429} INFO - 53%|█████▎    | 963M/1.78G [01:00<00:44, 20.3MB/s]
[2026-01-15T03:47:50.867+0000] {docker.py:429} INFO - 53%|█████▎    | 965M/1.78G [01:00<00:44, 20.3MB/s]
[2026-01-15T03:47:50.971+0000] {docker.py:429} INFO - 53%|█████▎    | 967M/1.78G [01:00<00:44, 20.3MB/s]
[2026-01-15T03:47:51.075+0000] {docker.py:429} INFO - 53%|█████▎    | 969M/1.78G [01:01<00:44, 20.2MB/s]
[2026-01-15T03:47:51.179+0000] {docker.py:429} INFO - 53%|█████▎    | 971M/1.78G [01:01<00:44, 20.2MB/s]
[2026-01-15T03:47:51.282+0000] {docker.py:429} INFO - 53%|█████▎    | 973M/1.78G [01:01<00:44, 20.2MB/s]
[2026-01-15T03:47:51.386+0000] {docker.py:429} INFO - 53%|█████▎    | 975M/1.78G [01:01<00:44, 20.2MB/s]
[2026-01-15T03:47:51.490+0000] {docker.py:429} INFO - 53%|█████▎    | 977M/1.78G [01:01<00:44, 20.2MB/s]
[2026-01-15T03:47:51.596+0000] {docker.py:429} INFO - 54%|█████▎    | 979M/1.78G [01:01<00:44, 20.1MB/s]
[2026-01-15T03:47:51.699+0000] {docker.py:429} INFO - 54%|█████▎    | 981M/1.78G [01:01<00:44, 20.2MB/s]
[2026-01-15T03:47:51.804+0000] {docker.py:429} INFO - 54%|█████▍    | 983M/1.78G [01:01<00:43, 20.1MB/s]
[2026-01-15T03:47:51.907+0000] {docker.py:429} INFO - 54%|█████▍    | 985M/1.78G [01:01<00:43, 20.2MB/s]
[2026-01-15T03:47:52.011+0000] {docker.py:429} INFO - 54%|█████▍    | 987M/1.78G [01:02<00:43, 20.2MB/s]
[2026-01-15T03:47:52.160+0000] {docker.py:429} INFO - 54%|█████▍    | 990M/1.78G [01:02<00:42, 20.5MB/s]
[2026-01-15T03:47:52.264+0000] {docker.py:429} INFO - 54%|█████▍    | 992M/1.78G [01:02<00:42, 20.4MB/s]
[2026-01-15T03:47:52.368+0000] {docker.py:429} INFO - 54%|█████▍    | 994M/1.78G [01:02<00:42, 20.3MB/s]
[2026-01-15T03:47:52.473+0000] {docker.py:429} INFO - 55%|█████▍    | 996M/1.78G [01:02<00:43, 20.2MB/s]
[2026-01-15T03:47:52.577+0000] {docker.py:429} INFO - 55%|█████▍    | 998M/1.78G [01:02<00:42, 20.2MB/s]
[2026-01-15T03:47:52.775+0000] {docker.py:429} INFO - 55%|█████▍    | 0.98G/1.78G [01:02<00:54, 16.0MB/s]
[2026-01-15T03:47:52.894+0000] {docker.py:429} INFO - 55%|█████▍    | 0.98G/1.78G [01:02<00:52, 16.4MB/s]
[2026-01-15T03:47:52.997+0000] {docker.py:429} INFO - 55%|█████▍    | 0.98G/1.78G [01:03<00:49, 17.4MB/s]
[2026-01-15T03:47:53.098+0000] {docker.py:429} INFO - 55%|█████▌    | 0.98G/1.78G [01:03<00:47, 18.3MB/s]
[2026-01-15T03:47:53.200+0000] {docker.py:429} INFO - 55%|█████▌    | 0.98G/1.78G [01:03<00:45, 18.9MB/s]
[2026-01-15T03:47:53.304+0000] {docker.py:429} INFO - 55%|█████▌    | 0.99G/1.78G [01:03<00:44, 19.3MB/s]
[2026-01-15T03:47:53.409+0000] {docker.py:429} INFO - 55%|█████▌    | 0.99G/1.78G [01:03<00:43, 19.5MB/s]
[2026-01-15T03:47:53.510+0000] {docker.py:429} INFO - 56%|█████▌    | 0.99G/1.78G [01:03<00:43, 19.8MB/s]
[2026-01-15T03:47:53.611+0000] {docker.py:429} INFO - 56%|█████▌    | 0.99G/1.78G [01:03<00:42, 20.1MB/s]
[2026-01-15T03:47:53.713+0000] {docker.py:429} INFO - 56%|█████▌    | 0.99G/1.78G [01:03<00:41, 20.2MB/s]
[2026-01-15T03:47:53.815+0000] {docker.py:429} INFO - 56%|█████▌    | 1.00G/1.78G [01:03<00:41, 20.4MB/s]
[2026-01-15T03:47:53.916+0000] {docker.py:429} INFO - 56%|█████▌    | 1.00G/1.78G [01:03<00:41, 20.4MB/s]
[2026-01-15T03:47:54.017+0000] {docker.py:429} INFO - 56%|█████▌    | 1.00G/1.78G [01:04<00:40, 20.6MB/s]
[2026-01-15T03:47:54.122+0000] {docker.py:429} INFO - 56%|█████▌    | 1.00G/1.78G [01:04<00:41, 20.4MB/s]
[2026-01-15T03:47:54.224+0000] {docker.py:429} INFO - 56%|█████▋    | 1.00G/1.78G [01:04<00:41, 20.4MB/s]
[2026-01-15T03:47:54.326+0000] {docker.py:429} INFO - 56%|█████▋    | 1.01G/1.78G [01:04<00:40, 20.5MB/s]
[2026-01-15T03:47:54.431+0000] {docker.py:429} INFO - 56%|█████▋    | 1.01G/1.78G [01:04<00:40, 20.3MB/s]
[2026-01-15T03:47:54.536+0000] {docker.py:429} INFO - 57%|█████▋    | 1.01G/1.78G [01:04<00:41, 20.2MB/s]
[2026-01-15T03:47:54.641+0000] {docker.py:429} INFO - 57%|█████▋    | 1.01G/1.78G [01:04<00:41, 20.1MB/s]
[2026-01-15T03:47:54.746+0000] {docker.py:429} INFO - 57%|█████▋    | 1.01G/1.78G [01:04<00:41, 20.1MB/s]
[2026-01-15T03:47:54.851+0000] {docker.py:429} INFO - 57%|█████▋    | 1.02G/1.78G [01:04<00:41, 20.1MB/s]
[2026-01-15T03:47:54.956+0000] {docker.py:429} INFO - 57%|█████▋    | 1.02G/1.78G [01:04<00:41, 20.0MB/s]
[2026-01-15T03:47:55.061+0000] {docker.py:429} INFO - 57%|█████▋    | 1.02G/1.78G [01:05<00:41, 20.0MB/s]
[2026-01-15T03:47:55.166+0000] {docker.py:429} INFO - 57%|█████▋    | 1.02G/1.78G [01:05<00:40, 20.0MB/s]
[2026-01-15T03:47:55.271+0000] {docker.py:429} INFO - 57%|█████▋    | 1.02G/1.78G [01:05<00:40, 20.0MB/s]
[2026-01-15T03:47:55.377+0000] {docker.py:429} INFO - 57%|█████▋    | 1.03G/1.78G [01:05<00:40, 19.9MB/s]
[2026-01-15T03:47:55.484+0000] {docker.py:429} INFO - 58%|█████▊    | 1.03G/1.78G [01:05<00:40, 19.8MB/s]
[2026-01-15T03:47:55.588+0000] {docker.py:429} INFO - 58%|█████▊    | 1.03G/1.78G [01:05<00:40, 19.9MB/s]
[2026-01-15T03:47:55.693+0000] {docker.py:429} INFO - 58%|█████▊    | 1.03G/1.78G [01:05<00:40, 20.0MB/s]
[2026-01-15T03:47:55.840+0000] {docker.py:429} INFO - 58%|█████▊    | 1.03G/1.78G [01:05<00:39, 20.5MB/s]
[2026-01-15T03:47:55.943+0000] {docker.py:429} INFO - 58%|█████▊    | 1.04G/1.78G [01:05<00:39, 20.5MB/s]
[2026-01-15T03:47:56.046+0000] {docker.py:429} INFO - 58%|█████▊    | 1.04G/1.78G [01:06<00:39, 20.4MB/s]
[2026-01-15T03:47:56.149+0000] {docker.py:429} INFO - 58%|█████▊    | 1.04G/1.78G [01:06<00:39, 20.4MB/s]
[2026-01-15T03:47:56.250+0000] {docker.py:429} INFO - 58%|█████▊    | 1.04G/1.78G [01:06<00:38, 20.5MB/s]
[2026-01-15T03:47:56.353+0000] {docker.py:429} INFO - 59%|█████▊    | 1.04G/1.78G [01:06<00:38, 20.4MB/s]
[2026-01-15T03:47:56.456+0000] {docker.py:429} INFO - 59%|█████▊    | 1.05G/1.78G [01:06<00:38, 20.5MB/s]
[2026-01-15T03:47:56.558+0000] {docker.py:429} INFO - 59%|█████▊    | 1.05G/1.78G [01:06<00:38, 20.5MB/s]
[2026-01-15T03:47:56.659+0000] {docker.py:429} INFO - 59%|█████▉    | 1.05G/1.78G [01:06<00:38, 20.5MB/s]
[2026-01-15T03:47:56.763+0000] {docker.py:429} INFO - 59%|█████▉    | 1.05G/1.78G [01:06<00:38, 20.4MB/s]
[2026-01-15T03:47:56.866+0000] {docker.py:429} INFO - 59%|█████▉    | 1.05G/1.78G [01:06<00:38, 20.4MB/s]
[2026-01-15T03:47:56.968+0000] {docker.py:429} INFO - 59%|█████▉    | 1.06G/1.78G [01:06<00:38, 20.5MB/s]
[2026-01-15T03:47:57.069+0000] {docker.py:429} INFO - 59%|█████▉    | 1.06G/1.78G [01:07<00:37, 20.6MB/s]
[2026-01-15T03:47:57.172+0000] {docker.py:429} INFO - 59%|█████▉    | 1.06G/1.78G [01:07<00:37, 20.5MB/s]
[2026-01-15T03:47:57.316+0000] {docker.py:429} INFO - 60%|█████▉    | 1.06G/1.78G [01:07<00:36, 21.0MB/s]
[2026-01-15T03:47:57.467+0000] {docker.py:429} INFO - 60%|█████▉    | 1.07G/1.78G [01:07<00:36, 21.0MB/s]
[2026-01-15T03:47:57.616+0000] {docker.py:429} INFO - 60%|█████▉    | 1.07G/1.78G [01:07<00:36, 21.0MB/s]
[2026-01-15T03:47:57.716+0000] {docker.py:429} INFO - 60%|█████▉    | 1.07G/1.78G [01:07<00:36, 21.0MB/s]
[2026-01-15T03:47:57.818+0000] {docker.py:429} INFO - 60%|██████    | 1.07G/1.78G [01:07<00:36, 20.9MB/s]
[2026-01-15T03:47:58.021+0000] {docker.py:429} INFO - 60%|██████    | 1.07G/1.78G [01:08<00:46, 16.4MB/s]
[2026-01-15T03:47:58.121+0000] {docker.py:429} INFO - 60%|██████    | 1.08G/1.78G [01:08<00:43, 17.4MB/s]
[2026-01-15T03:47:58.270+0000] {docker.py:429} INFO - 60%|██████    | 1.08G/1.78G [01:08<00:40, 18.7MB/s]
[2026-01-15T03:47:58.370+0000] {docker.py:429} INFO - 61%|██████    | 1.08G/1.78G [01:08<00:39, 19.2MB/s]
[2026-01-15T03:47:58.518+0000] {docker.py:429} INFO - 61%|██████    | 1.08G/1.78G [01:08<00:37, 19.9MB/s]
[2026-01-15T03:47:58.667+0000] {docker.py:429} INFO - 61%|██████    | 1.09G/1.78G [01:08<00:36, 20.3MB/s]
[2026-01-15T03:47:58.816+0000] {docker.py:429} INFO - 61%|██████    | 1.09G/1.78G [01:08<00:36, 20.5MB/s]
[2026-01-15T03:47:58.964+0000] {docker.py:429} INFO - 61%|██████▏   | 1.09G/1.78G [01:08<00:35, 20.8MB/s]
[2026-01-15T03:47:59.109+0000] {docker.py:429} INFO - 61%|██████▏   | 1.10G/1.78G [01:09<00:35, 21.1MB/s]
[2026-01-15T03:47:59.258+0000] {docker.py:429} INFO - 62%|██████▏   | 1.10G/1.78G [01:09<00:34, 21.1MB/s]
[2026-01-15T03:47:59.408+0000] {docker.py:429} INFO - 62%|██████▏   | 1.10G/1.78G [01:09<00:34, 21.0MB/s]
[2026-01-15T03:47:59.552+0000] {docker.py:429} INFO - 62%|██████▏   | 1.10G/1.78G [01:09<00:34, 21.3MB/s]
[2026-01-15T03:47:59.699+0000] {docker.py:429} INFO - 62%|██████▏   | 1.11G/1.78G [01:09<00:34, 21.3MB/s]
[2026-01-15T03:47:59.848+0000] {docker.py:429} INFO - 62%|██████▏   | 1.11G/1.78G [01:09<00:34, 21.2MB/s]
[2026-01-15T03:47:59.999+0000] {docker.py:429} INFO - 62%|██████▏   | 1.11G/1.78G [01:10<00:34, 21.1MB/s]
[2026-01-15T03:48:00.148+0000] {docker.py:429} INFO - 63%|██████▎   | 1.12G/1.78G [01:10<00:33, 21.1MB/s]
[2026-01-15T03:48:00.299+0000] {docker.py:429} INFO - 63%|██████▎   | 1.12G/1.78G [01:10<00:33, 21.0MB/s]
[2026-01-15T03:48:00.449+0000] {docker.py:429} INFO - 63%|██████▎   | 1.12G/1.78G [01:10<00:33, 21.0MB/s]
[2026-01-15T03:48:00.598+0000] {docker.py:429} INFO - 63%|██████▎   | 1.12G/1.78G [01:10<00:33, 21.0MB/s]
[2026-01-15T03:48:00.747+0000] {docker.py:429} INFO - 63%|██████▎   | 1.13G/1.78G [01:10<00:33, 21.1MB/s]
[2026-01-15T03:48:00.899+0000] {docker.py:429} INFO - 63%|██████▎   | 1.13G/1.78G [01:10<00:33, 21.0MB/s]
[2026-01-15T03:48:01.047+0000] {docker.py:429} INFO - 64%|██████▎   | 1.13G/1.78G [01:11<00:33, 21.1MB/s]
[2026-01-15T03:48:01.189+0000] {docker.py:429} INFO - 64%|██████▎   | 1.14G/1.78G [01:11<00:32, 21.4MB/s]
[2026-01-15T03:48:01.337+0000] {docker.py:429} INFO - 64%|██████▍   | 1.14G/1.78G [01:11<00:32, 21.3MB/s]
[2026-01-15T03:48:01.484+0000] {docker.py:429} INFO - 64%|██████▍   | 1.14G/1.78G [01:11<00:32, 21.4MB/s]
[2026-01-15T03:48:01.632+0000] {docker.py:429} INFO - 64%|██████▍   | 1.15G/1.78G [01:11<00:32, 21.3MB/s]
[2026-01-15T03:48:01.778+0000] {docker.py:429} INFO - 64%|██████▍   | 1.15G/1.78G [01:11<00:31, 21.4MB/s]
[2026-01-15T03:48:01.927+0000] {docker.py:429} INFO - 65%|██████▍   | 1.15G/1.78G [01:11<00:31, 21.3MB/s]
[2026-01-15T03:48:02.074+0000] {docker.py:429} INFO - 65%|██████▍   | 1.15G/1.78G [01:12<00:31, 21.3MB/s]
[2026-01-15T03:48:02.226+0000] {docker.py:429} INFO - 65%|██████▍   | 1.16G/1.78G [01:12<00:31, 21.1MB/s]
[2026-01-15T03:48:02.375+0000] {docker.py:429} INFO - 65%|██████▌   | 1.16G/1.78G [01:12<00:31, 21.1MB/s]
[2026-01-15T03:48:02.520+0000] {docker.py:429} INFO - 65%|██████▌   | 1.16G/1.78G [01:12<00:31, 21.3MB/s]
[2026-01-15T03:48:02.664+0000] {docker.py:429} INFO - 65%|██████▌   | 1.17G/1.78G [01:12<00:30, 21.4MB/s]
[2026-01-15T03:48:02.812+0000] {docker.py:429} INFO - 66%|██████▌   | 1.17G/1.78G [01:12<00:30, 21.4MB/s]
[2026-01-15T03:48:02.960+0000] {docker.py:429} INFO - 66%|██████▌   | 1.17G/1.78G [01:12<00:30, 21.4MB/s]
[2026-01-15T03:48:03.188+0000] {docker.py:429} INFO - 66%|██████▌   | 1.17G/1.78G [01:13<00:35, 18.3MB/s]
[2026-01-15T03:48:03.311+0000] {docker.py:429} INFO - 66%|██████▌   | 1.18G/1.78G [01:13<00:36, 18.1MB/s]
[2026-01-15T03:48:03.457+0000] {docker.py:429} INFO - 66%|██████▌   | 1.18G/1.78G [01:13<00:34, 19.0MB/s]
[2026-01-15T03:48:03.605+0000] {docker.py:429} INFO - 66%|██████▋   | 1.18G/1.78G [01:13<00:32, 19.7MB/s]
[2026-01-15T03:48:03.751+0000] {docker.py:429} INFO - 66%|██████▋   | 1.19G/1.78G [01:13<00:31, 20.2MB/s]
[2026-01-15T03:48:03.898+0000] {docker.py:429} INFO - 67%|██████▋   | 1.19G/1.78G [01:13<00:31, 20.6MB/s]
[2026-01-15T03:48:04.045+0000] {docker.py:429} INFO - 67%|██████▋   | 1.19G/1.78G [01:14<00:30, 20.8MB/s]
[2026-01-15T03:48:04.191+0000] {docker.py:429} INFO - 67%|██████▋   | 1.19G/1.78G [01:14<00:30, 21.0MB/s]
[2026-01-15T03:48:04.336+0000] {docker.py:429} INFO - 67%|██████▋   | 1.20G/1.78G [01:14<00:29, 21.2MB/s]
[2026-01-15T03:48:04.485+0000] {docker.py:429} INFO - 67%|██████▋   | 1.20G/1.78G [01:14<00:29, 21.2MB/s]
[2026-01-15T03:48:04.634+0000] {docker.py:429} INFO - 67%|██████▋   | 1.20G/1.78G [01:14<00:29, 21.2MB/s]
[2026-01-15T03:48:04.777+0000] {docker.py:429} INFO - 68%|██████▊   | 1.21G/1.78G [01:14<00:28, 21.4MB/s]
[2026-01-15T03:48:04.926+0000] {docker.py:429} INFO - 68%|██████▊   | 1.21G/1.78G [01:14<00:28, 21.3MB/s]
[2026-01-15T03:48:05.077+0000] {docker.py:429} INFO - 68%|██████▊   | 1.21G/1.78G [01:15<00:28, 21.2MB/s]
[2026-01-15T03:48:05.225+0000] {docker.py:429} INFO - 68%|██████▊   | 1.21G/1.78G [01:15<00:28, 21.2MB/s]
[2026-01-15T03:48:05.374+0000] {docker.py:429} INFO - 68%|██████▊   | 1.22G/1.78G [01:15<00:28, 21.2MB/s]
[2026-01-15T03:48:05.523+0000] {docker.py:429} INFO - 68%|██████▊   | 1.22G/1.78G [01:15<00:28, 21.2MB/s]
[2026-01-15T03:48:05.672+0000] {docker.py:429} INFO - 69%|██████▊   | 1.22G/1.78G [01:15<00:28, 21.1MB/s]
[2026-01-15T03:48:05.821+0000] {docker.py:429} INFO - 69%|██████▉   | 1.23G/1.78G [01:15<00:28, 21.1MB/s]
[2026-01-15T03:48:05.974+0000] {docker.py:429} INFO - 69%|██████▉   | 1.23G/1.78G [01:15<00:28, 21.0MB/s]
[2026-01-15T03:48:06.122+0000] {docker.py:429} INFO - 69%|██████▉   | 1.23G/1.78G [01:16<00:28, 21.0MB/s]
[2026-01-15T03:48:06.263+0000] {docker.py:429} INFO - 69%|██████▉   | 1.24G/1.78G [01:16<00:27, 21.4MB/s]
[2026-01-15T03:48:06.412+0000] {docker.py:429} INFO - 69%|██████▉   | 1.24G/1.78G [01:16<00:27, 21.3MB/s]
[2026-01-15T03:48:06.560+0000] {docker.py:429} INFO - 70%|██████▉   | 1.24G/1.78G [01:16<00:27, 21.3MB/s]
[2026-01-15T03:48:06.707+0000] {docker.py:429} INFO - 70%|██████▉   | 1.24G/1.78G [01:16<00:27, 21.3MB/s]
[2026-01-15T03:48:06.854+0000] {docker.py:429} INFO - 70%|██████▉   | 1.25G/1.78G [01:16<00:26, 21.4MB/s]
[2026-01-15T03:48:07.004+0000] {docker.py:429} INFO - 70%|███████   | 1.25G/1.78G [01:17<00:26, 21.2MB/s]
[2026-01-15T03:48:07.150+0000] {docker.py:429} INFO - 70%|███████   | 1.25G/1.78G [01:17<00:26, 21.3MB/s]
[2026-01-15T03:48:07.298+0000] {docker.py:429} INFO - 70%|███████   | 1.26G/1.78G [01:17<00:26, 21.3MB/s]
[2026-01-15T03:48:07.447+0000] {docker.py:429} INFO - 71%|███████   | 1.26G/1.78G [01:17<00:26, 21.2MB/s]
[2026-01-15T03:48:07.596+0000] {docker.py:429} INFO - 71%|███████   | 1.26G/1.78G [01:17<00:26, 21.2MB/s]
[2026-01-15T03:48:07.739+0000] {docker.py:429} INFO - 71%|███████   | 1.26G/1.78G [01:17<00:26, 21.4MB/s]
[2026-01-15T03:48:07.880+0000] {docker.py:429} INFO - 71%|███████   | 1.27G/1.78G [01:17<00:25, 21.7MB/s]
[2026-01-15T03:48:08.025+0000] {docker.py:429} INFO - 71%|███████   | 1.27G/1.78G [01:18<00:25, 21.7MB/s]
[2026-01-15T03:48:08.169+0000] {docker.py:429} INFO - 71%|███████▏  | 1.27G/1.78G [01:18<00:25, 21.7MB/s]
[2026-01-15T03:48:08.387+0000] {docker.py:429} INFO - 72%|███████▏  | 1.28G/1.78G [01:18<00:28, 18.9MB/s]
[2026-01-15T03:48:08.520+0000] {docker.py:429} INFO - 72%|███████▏  | 1.28G/1.78G [01:18<00:30, 18.1MB/s]
[2026-01-15T03:48:08.662+0000] {docker.py:429} INFO - 72%|███████▏  | 1.28G/1.78G [01:18<00:28, 19.2MB/s]
[2026-01-15T03:48:08.803+0000] {docker.py:429} INFO - 72%|███████▏  | 1.28G/1.78G [01:18<00:26, 20.1MB/s]
[2026-01-15T03:48:08.945+0000] {docker.py:429} INFO - 72%|███████▏  | 1.29G/1.78G [01:18<00:25, 20.7MB/s]
[2026-01-15T03:48:09.089+0000] {docker.py:429} INFO - 72%|███████▏  | 1.29G/1.78G [01:19<00:25, 21.0MB/s]
[2026-01-15T03:48:09.232+0000] {docker.py:429} INFO - 72%|███████▏  | 1.29G/1.78G [01:19<00:24, 21.3MB/s]
[2026-01-15T03:48:09.375+0000] {docker.py:429} INFO - 73%|███████▎  | 1.30G/1.78G [01:19<00:24, 21.5MB/s]
[2026-01-15T03:48:09.518+0000] {docker.py:429} INFO - 73%|███████▎  | 1.30G/1.78G [01:19<00:24, 21.7MB/s]
[2026-01-15T03:48:09.662+0000] {docker.py:429} INFO - 73%|███████▎  | 1.30G/1.78G [01:19<00:23, 21.7MB/s]
[2026-01-15T03:48:09.803+0000] {docker.py:429} INFO - 73%|███████▎  | 1.30G/1.78G [01:19<00:23, 21.9MB/s]
[2026-01-15T03:48:09.944+0000] {docker.py:429} INFO - 73%|███████▎  | 1.31G/1.78G [01:19<00:23, 22.0MB/s]
[2026-01-15T03:48:10.086+0000] {docker.py:429} INFO - 73%|███████▎  | 1.31G/1.78G [01:20<00:23, 22.0MB/s]
[2026-01-15T03:48:10.230+0000] {docker.py:429} INFO - 74%|███████▎  | 1.31G/1.78G [01:20<00:22, 22.0MB/s]
[2026-01-15T03:48:10.378+0000] {docker.py:429} INFO - 74%|███████▍  | 1.32G/1.78G [01:20<00:23, 21.8MB/s]
[2026-01-15T03:48:10.523+0000] {docker.py:429} INFO - 74%|███████▍  | 1.32G/1.78G [01:20<00:22, 21.8MB/s]
[2026-01-15T03:48:10.667+0000] {docker.py:429} INFO - 74%|███████▍  | 1.32G/1.78G [01:20<00:22, 21.8MB/s]
[2026-01-15T03:48:10.812+0000] {docker.py:429} INFO - 74%|███████▍  | 1.33G/1.78G [01:20<00:22, 21.7MB/s]
[2026-01-15T03:48:10.958+0000] {docker.py:429} INFO - 74%|███████▍  | 1.33G/1.78G [01:20<00:22, 21.7MB/s]
[2026-01-15T03:48:11.103+0000] {docker.py:429} INFO - 75%|███████▍  | 1.33G/1.78G [01:21<00:22, 21.7MB/s]
[2026-01-15T03:48:11.248+0000] {docker.py:429} INFO - 75%|███████▍  | 1.33G/1.78G [01:21<00:22, 21.7MB/s]
[2026-01-15T03:48:11.391+0000] {docker.py:429} INFO - 75%|███████▍  | 1.34G/1.78G [01:21<00:22, 21.8MB/s]
[2026-01-15T03:48:11.530+0000] {docker.py:429} INFO - 75%|███████▌  | 1.34G/1.78G [01:21<00:21, 22.0MB/s]
[2026-01-15T03:48:11.675+0000] {docker.py:429} INFO - 75%|███████▌  | 1.34G/1.78G [01:21<00:21, 21.9MB/s]
[2026-01-15T03:48:11.820+0000] {docker.py:429} INFO - 75%|███████▌  | 1.35G/1.78G [01:21<00:21, 21.9MB/s]
[2026-01-15T03:48:11.967+0000] {docker.py:429} INFO - 76%|███████▌  | 1.35G/1.78G [01:21<00:21, 21.7MB/s]
[2026-01-15T03:48:12.115+0000] {docker.py:429} INFO - 76%|███████▌  | 1.35G/1.78G [01:22<00:21, 21.6MB/s]
[2026-01-15T03:48:12.256+0000] {docker.py:429} INFO - 76%|███████▌  | 1.35G/1.78G [01:22<00:21, 21.8MB/s]
[2026-01-15T03:48:12.404+0000] {docker.py:429} INFO - 76%|███████▌  | 1.36G/1.78G [01:22<00:21, 21.6MB/s]
[2026-01-15T03:48:12.553+0000] {docker.py:429} INFO - 76%|███████▋  | 1.36G/1.78G [01:22<00:21, 21.5MB/s]
[2026-01-15T03:48:12.701+0000] {docker.py:429} INFO - 76%|███████▋  | 1.36G/1.78G [01:22<00:21, 21.4MB/s]
[2026-01-15T03:48:12.845+0000] {docker.py:429} INFO - 77%|███████▋  | 1.37G/1.78G [01:22<00:20, 21.6MB/s]
[2026-01-15T03:48:12.999+0000] {docker.py:429} INFO - 77%|███████▋  | 1.37G/1.78G [01:23<00:21, 21.2MB/s]
[2026-01-15T03:48:13.150+0000] {docker.py:429} INFO - 77%|███████▋  | 1.37G/1.78G [01:23<00:20, 21.1MB/s]
[2026-01-15T03:48:13.302+0000] {docker.py:429} INFO - 77%|███████▋  | 1.38G/1.78G [01:23<00:20, 21.0MB/s]
[2026-01-15T03:48:13.454+0000] {docker.py:429} INFO - 77%|███████▋  | 1.38G/1.78G [01:23<00:20, 20.9MB/s]
[2026-01-15T03:48:13.653+0000] {docker.py:429} INFO - 77%|███████▋  | 1.38G/1.78G [01:23<00:25, 17.1MB/s]
[2026-01-15T03:48:13.766+0000] {docker.py:429} INFO - 77%|███████▋  | 1.38G/1.78G [01:23<00:24, 17.5MB/s]
[2026-01-15T03:48:13.911+0000] {docker.py:429} INFO - 78%|███████▊  | 1.38G/1.78G [01:23<00:22, 18.7MB/s]
[2026-01-15T03:48:14.057+0000] {docker.py:429} INFO - 78%|███████▊  | 1.39G/1.78G [01:24<00:21, 19.5MB/s]
[2026-01-15T03:48:14.202+0000] {docker.py:429} INFO - 78%|███████▊  | 1.39G/1.78G [01:24<00:20, 20.2MB/s]
[2026-01-15T03:48:14.347+0000] {docker.py:429} INFO - 78%|███████▊  | 1.39G/1.78G [01:24<00:20, 20.6MB/s]
[2026-01-15T03:48:14.493+0000] {docker.py:429} INFO - 78%|███████▊  | 1.40G/1.78G [01:24<00:19, 20.9MB/s]
[2026-01-15T03:48:14.644+0000] {docker.py:429} INFO - 78%|███████▊  | 1.40G/1.78G [01:24<00:19, 20.9MB/s]
[2026-01-15T03:48:14.788+0000] {docker.py:429} INFO - 79%|███████▊  | 1.40G/1.78G [01:24<00:19, 21.2MB/s]
[2026-01-15T03:48:14.936+0000] {docker.py:429} INFO - 79%|███████▉  | 1.41G/1.78G [01:24<00:19, 21.2MB/s]
[2026-01-15T03:48:15.085+0000] {docker.py:429} INFO - 79%|███████▉  | 1.41G/1.78G [01:25<00:19, 21.2MB/s]
[2026-01-15T03:48:15.227+0000] {docker.py:429} INFO - 79%|███████▉  | 1.41G/1.78G [01:25<00:18, 21.4MB/s]
[2026-01-15T03:48:15.376+0000] {docker.py:429} INFO - 79%|███████▉  | 1.41G/1.78G [01:25<00:18, 21.4MB/s]
[2026-01-15T03:48:15.525+0000] {docker.py:429} INFO - 79%|███████▉  | 1.42G/1.78G [01:25<00:18, 21.3MB/s]
[2026-01-15T03:48:15.674+0000] {docker.py:429} INFO - 80%|███████▉  | 1.42G/1.78G [01:25<00:18, 21.2MB/s]
[2026-01-15T03:48:15.824+0000] {docker.py:429} INFO - 80%|███████▉  | 1.42G/1.78G [01:25<00:18, 21.1MB/s]
[2026-01-15T03:48:15.973+0000] {docker.py:429} INFO - 80%|███████▉  | 1.43G/1.78G [01:25<00:18, 21.2MB/s]
[2026-01-15T03:48:16.123+0000] {docker.py:429} INFO - 80%|████████  | 1.43G/1.78G [01:26<00:18, 21.1MB/s]
[2026-01-15T03:48:16.278+0000] {docker.py:429} INFO - 80%|████████  | 1.43G/1.78G [01:26<00:18, 20.9MB/s]
[2026-01-15T03:48:16.379+0000] {docker.py:429} INFO - 80%|████████  | 1.43G/1.78G [01:26<00:18, 20.8MB/s]
[2026-01-15T03:48:16.479+0000] {docker.py:429} INFO - 80%|████████  | 1.44G/1.78G [01:26<00:17, 20.8MB/s]
[2026-01-15T03:48:16.626+0000] {docker.py:429} INFO - 81%|████████  | 1.44G/1.78G [01:26<00:17, 21.1MB/s]
[2026-01-15T03:48:16.780+0000] {docker.py:429} INFO - 81%|████████  | 1.44G/1.78G [01:26<00:17, 20.8MB/s]
[2026-01-15T03:48:16.881+0000] {docker.py:429} INFO - 81%|████████  | 1.44G/1.78G [01:26<00:17, 20.8MB/s]
[2026-01-15T03:48:16.982+0000] {docker.py:429} INFO - 81%|████████  | 1.45G/1.78G [01:27<00:17, 20.8MB/s]
[2026-01-15T03:48:17.084+0000] {docker.py:429} INFO - 81%|████████  | 1.45G/1.78G [01:27<00:17, 20.8MB/s]
[2026-01-15T03:48:17.186+0000] {docker.py:429} INFO - 81%|████████  | 1.45G/1.78G [01:27<00:17, 20.7MB/s]
[2026-01-15T03:48:17.288+0000] {docker.py:429} INFO - 81%|████████▏ | 1.45G/1.78G [01:27<00:17, 20.6MB/s]
[2026-01-15T03:48:17.391+0000] {docker.py:429} INFO - 81%|████████▏ | 1.45G/1.78G [01:27<00:17, 20.6MB/s]
[2026-01-15T03:48:17.492+0000] {docker.py:429} INFO - 82%|████████▏ | 1.46G/1.78G [01:27<00:17, 20.6MB/s]
[2026-01-15T03:48:17.593+0000] {docker.py:429} INFO - 82%|████████▏ | 1.46G/1.78G [01:27<00:16, 20.7MB/s]
[2026-01-15T03:48:17.698+0000] {docker.py:429} INFO - 82%|████████▏ | 1.46G/1.78G [01:27<00:17, 20.5MB/s]
[2026-01-15T03:48:17.806+0000] {docker.py:429} INFO - 82%|████████▏ | 1.46G/1.78G [01:27<00:17, 20.2MB/s]
[2026-01-15T03:48:17.915+0000] {docker.py:429} INFO - 82%|████████▏ | 1.46G/1.78G [01:27<00:17, 19.9MB/s]
[2026-01-15T03:48:18.021+0000] {docker.py:429} INFO - 82%|████████▏ | 1.46G/1.78G [01:28<00:17, 19.8MB/s]
[2026-01-15T03:48:18.125+0000] {docker.py:429} INFO - 82%|████████▏ | 1.47G/1.78G [01:28<00:17, 19.9MB/s]
[2026-01-15T03:48:18.279+0000] {docker.py:429} INFO - 82%|████████▏ | 1.47G/1.78G [01:28<00:16, 20.1MB/s]
[2026-01-15T03:48:18.389+0000] {docker.py:429} INFO - 82%|████████▏ | 1.47G/1.78G [01:28<00:16, 19.8MB/s]
[2026-01-15T03:48:18.497+0000] {docker.py:429} INFO - 83%|████████▎ | 1.47G/1.78G [01:28<00:16, 19.7MB/s]
[2026-01-15T03:48:18.603+0000] {docker.py:429} INFO - 83%|████████▎ | 1.48G/1.78G [01:28<00:16, 19.7MB/s]
[2026-01-15T03:48:18.735+0000] {docker.py:429} INFO - 83%|████████▎ | 1.48G/1.78G [01:28<00:17, 18.4MB/s]
[2026-01-15T03:48:18.923+0000] {docker.py:429} INFO - 83%|████████▎ | 1.48G/1.78G [01:28<00:21, 15.5MB/s]
[2026-01-15T03:48:19.029+0000] {docker.py:429} INFO - 83%|████████▎ | 1.48G/1.78G [01:29<00:19, 16.5MB/s]
[2026-01-15T03:48:19.133+0000] {docker.py:429} INFO - 83%|████████▎ | 1.48G/1.78G [01:29<00:18, 17.5MB/s]
[2026-01-15T03:48:19.240+0000] {docker.py:429} INFO - 83%|████████▎ | 1.49G/1.78G [01:29<00:17, 18.0MB/s]
[2026-01-15T03:48:19.344+0000] {docker.py:429} INFO - 83%|████████▎ | 1.49G/1.78G [01:29<00:17, 18.6MB/s]
[2026-01-15T03:48:19.447+0000] {docker.py:429} INFO - 83%|████████▎ | 1.49G/1.78G [01:29<00:16, 19.1MB/s]
[2026-01-15T03:48:19.550+0000] {docker.py:429} INFO - 84%|████████▎ | 1.49G/1.78G [01:29<00:16, 19.4MB/s]
[2026-01-15T03:48:19.661+0000] {docker.py:429} INFO - 84%|████████▎ | 1.49G/1.78G [01:29<00:16, 19.3MB/s]
[2026-01-15T03:48:19.768+0000] {docker.py:429} INFO - 84%|████████▍ | 1.50G/1.78G [01:29<00:16, 19.4MB/s]
[2026-01-15T03:48:19.872+0000] {docker.py:429} INFO - 84%|████████▍ | 1.50G/1.78G [01:29<00:15, 19.6MB/s]
[2026-01-15T03:48:19.978+0000] {docker.py:429} INFO - 84%|████████▍ | 1.50G/1.78G [01:30<00:15, 19.7MB/s]
[2026-01-15T03:48:20.085+0000] {docker.py:429} INFO - 84%|████████▍ | 1.50G/1.78G [01:30<00:15, 19.7MB/s]
[2026-01-15T03:48:20.192+0000] {docker.py:429} INFO - 84%|████████▍ | 1.50G/1.78G [01:30<00:15, 19.6MB/s]
[2026-01-15T03:48:20.297+0000] {docker.py:429} INFO - 84%|████████▍ | 1.50G/1.78G [01:30<00:15, 19.8MB/s]
[2026-01-15T03:48:20.403+0000] {docker.py:429} INFO - 84%|████████▍ | 1.51G/1.78G [01:30<00:15, 19.7MB/s]
[2026-01-15T03:48:20.504+0000] {docker.py:429} INFO - 85%|████████▍ | 1.51G/1.78G [01:30<00:14, 20.1MB/s]
[2026-01-15T03:48:20.612+0000] {docker.py:429} INFO - 85%|████████▍ | 1.51G/1.78G [01:30<00:14, 19.9MB/s]
[2026-01-15T03:48:20.721+0000] {docker.py:429} INFO - 85%|████████▍ | 1.51G/1.78G [01:30<00:14, 19.7MB/s]
[2026-01-15T03:48:20.826+0000] {docker.py:429} INFO - 85%|████████▍ | 1.51G/1.78G [01:30<00:14, 19.8MB/s]
[2026-01-15T03:48:20.929+0000] {docker.py:429} INFO - 85%|████████▌ | 1.52G/1.78G [01:30<00:14, 19.9MB/s]
[2026-01-15T03:48:21.039+0000] {docker.py:429} INFO - 85%|████████▌ | 1.52G/1.78G [01:31<00:14, 19.7MB/s]
[2026-01-15T03:48:21.153+0000] {docker.py:429} INFO - 85%|████████▌ | 1.52G/1.78G [01:31<00:14, 19.3MB/s]
[2026-01-15T03:48:21.255+0000] {docker.py:429} INFO - 85%|████████▌ | 1.52G/1.78G [01:31<00:14, 19.6MB/s]
[2026-01-15T03:48:21.360+0000] {docker.py:429} INFO - 85%|████████▌ | 1.52G/1.78G [01:31<00:14, 19.7MB/s]
[2026-01-15T03:48:21.464+0000] {docker.py:429} INFO - 86%|████████▌ | 1.53G/1.78G [01:31<00:13, 19.8MB/s]
[2026-01-15T03:48:21.568+0000] {docker.py:429} INFO - 86%|████████▌ | 1.53G/1.78G [01:31<00:13, 20.0MB/s]
[2026-01-15T03:48:21.675+0000] {docker.py:429} INFO - 86%|████████▌ | 1.53G/1.78G [01:31<00:13, 19.8MB/s]
[2026-01-15T03:48:21.779+0000] {docker.py:429} INFO - 86%|████████▌ | 1.53G/1.78G [01:31<00:13, 19.9MB/s]
[2026-01-15T03:48:21.884+0000] {docker.py:429} INFO - 86%|████████▌ | 1.53G/1.78G [01:31<00:13, 20.0MB/s]
[2026-01-15T03:48:21.993+0000] {docker.py:429} INFO - 86%|████████▌ | 1.54G/1.78G [01:32<00:13, 19.7MB/s]
[2026-01-15T03:48:22.099+0000] {docker.py:429} INFO - 86%|████████▌ | 1.54G/1.78G [01:32<00:13, 19.8MB/s]
[2026-01-15T03:48:22.203+0000] {docker.py:429} INFO - 86%|████████▋ | 1.54G/1.78G [01:32<00:13, 19.9MB/s]
[2026-01-15T03:48:22.314+0000] {docker.py:429} INFO - 86%|████████▋ | 1.54G/1.78G [01:32<00:13, 19.6MB/s]
[2026-01-15T03:48:22.424+0000] {docker.py:429} INFO - 87%|████████▋ | 1.54G/1.78G [01:32<00:13, 19.4MB/s]
[2026-01-15T03:48:22.533+0000] {docker.py:429} INFO - 87%|████████▋ | 1.55G/1.78G [01:32<00:13, 19.4MB/s]
[2026-01-15T03:48:22.641+0000] {docker.py:429} INFO - 87%|████████▋ | 1.55G/1.78G [01:32<00:13, 19.4MB/s]
[2026-01-15T03:48:22.752+0000] {docker.py:429} INFO - 87%|████████▋ | 1.55G/1.78G [01:32<00:13, 19.2MB/s]
[2026-01-15T03:48:22.860+0000] {docker.py:429} INFO - 87%|████████▋ | 1.55G/1.78G [01:32<00:12, 19.3MB/s]
[2026-01-15T03:48:22.969+0000] {docker.py:429} INFO - 87%|████████▋ | 1.55G/1.78G [01:32<00:12, 19.3MB/s]
[2026-01-15T03:48:23.077+0000] {docker.py:429} INFO - 87%|████████▋ | 1.56G/1.78G [01:33<00:12, 19.3MB/s]
[2026-01-15T03:48:23.193+0000] {docker.py:429} INFO - 87%|████████▋ | 1.56G/1.78G [01:33<00:12, 18.9MB/s]
[2026-01-15T03:48:23.302+0000] {docker.py:429} INFO - 87%|████████▋ | 1.56G/1.78G [01:33<00:12, 19.0MB/s]
[2026-01-15T03:48:23.416+0000] {docker.py:429} INFO - 88%|████████▊ | 1.56G/1.78G [01:33<00:12, 18.8MB/s]
[2026-01-15T03:48:23.526+0000] {docker.py:429} INFO - 88%|████████▊ | 1.56G/1.78G [01:33<00:12, 18.9MB/s]
[2026-01-15T03:48:23.631+0000] {docker.py:429} INFO - 88%|████████▊ | 1.57G/1.78G [01:33<00:12, 19.2MB/s]
[2026-01-15T03:48:23.735+0000] {docker.py:429} INFO - 88%|████████▊ | 1.57G/1.78G [01:33<00:11, 19.5MB/s]
[2026-01-15T03:48:23.843+0000] {docker.py:429} INFO - 88%|████████▊ | 1.57G/1.78G [01:33<00:11, 19.5MB/s]
[2026-01-15T03:48:24.003+0000] {docker.py:429} INFO - 88%|████████▊ | 1.57G/1.78G [01:34<00:13, 17.0MB/s]
[2026-01-15T03:48:24.171+0000] {docker.py:429} INFO - 88%|████████▊ | 1.57G/1.78G [01:34<00:14, 15.4MB/s]
[2026-01-15T03:48:24.279+0000] {docker.py:429} INFO - 88%|████████▊ | 1.58G/1.78G [01:34<00:13, 16.4MB/s]
[2026-01-15T03:48:24.386+0000] {docker.py:429} INFO - 88%|████████▊ | 1.58G/1.78G [01:34<00:12, 17.2MB/s]
[2026-01-15T03:48:24.491+0000] {docker.py:429} INFO - 89%|████████▊ | 1.58G/1.78G [01:34<00:12, 18.0MB/s]
[2026-01-15T03:48:24.594+0000] {docker.py:429} INFO - 89%|████████▊ | 1.58G/1.78G [01:34<00:11, 18.6MB/s]
[2026-01-15T03:48:24.699+0000] {docker.py:429} INFO - 89%|████████▊ | 1.58G/1.78G [01:34<00:11, 19.0MB/s]
[2026-01-15T03:48:24.805+0000] {docker.py:429} INFO - 89%|████████▉ | 1.58G/1.78G [01:34<00:11, 19.2MB/s]
[2026-01-15T03:48:24.912+0000] {docker.py:429} INFO - 89%|████████▉ | 1.59G/1.78G [01:34<00:10, 19.4MB/s]
[2026-01-15T03:48:25.017+0000] {docker.py:429} INFO - 89%|████████▉ | 1.59G/1.78G [01:35<00:10, 19.5MB/s]
[2026-01-15T03:48:25.124+0000] {docker.py:429} INFO - 89%|████████▉ | 1.59G/1.78G [01:35<00:10, 19.6MB/s]
[2026-01-15T03:48:25.230+0000] {docker.py:429} INFO - 89%|████████▉ | 1.59G/1.78G [01:35<00:10, 19.6MB/s]
[2026-01-15T03:48:25.336+0000] {docker.py:429} INFO - 89%|████████▉ | 1.59G/1.78G [01:35<00:10, 19.7MB/s]
[2026-01-15T03:48:25.444+0000] {docker.py:429} INFO - 89%|████████▉ | 1.60G/1.78G [01:35<00:10, 19.6MB/s]
[2026-01-15T03:48:25.551+0000] {docker.py:429} INFO - 90%|████████▉ | 1.60G/1.78G [01:35<00:10, 19.6MB/s]
[2026-01-15T03:48:25.653+0000] {docker.py:429} INFO - 90%|████████▉ | 1.60G/1.78G [01:35<00:09, 19.9MB/s]
[2026-01-15T03:48:25.762+0000] {docker.py:429} INFO - 90%|████████▉ | 1.60G/1.78G [01:35<00:09, 19.7MB/s]
[2026-01-15T03:48:25.871+0000] {docker.py:429} INFO - 90%|████████▉ | 1.60G/1.78G [01:35<00:09, 19.5MB/s]
[2026-01-15T03:48:25.979+0000] {docker.py:429} INFO - 90%|█████████ | 1.61G/1.78G [01:36<00:09, 19.5MB/s]
[2026-01-15T03:48:26.087+0000] {docker.py:429} INFO - 90%|█████████ | 1.61G/1.78G [01:36<00:09, 19.4MB/s]
[2026-01-15T03:48:26.197+0000] {docker.py:429} INFO - 90%|█████████ | 1.61G/1.78G [01:36<00:09, 19.4MB/s]
[2026-01-15T03:48:26.306+0000] {docker.py:429} INFO - 90%|█████████ | 1.61G/1.78G [01:36<00:09, 19.3MB/s]
[2026-01-15T03:48:26.415+0000] {docker.py:429} INFO - 90%|█████████ | 1.61G/1.78G [01:36<00:09, 19.3MB/s]
[2026-01-15T03:48:26.522+0000] {docker.py:429} INFO - 91%|█████████ | 1.62G/1.78G [01:36<00:09, 19.4MB/s]
[2026-01-15T03:48:26.631+0000] {docker.py:429} INFO - 91%|█████████ | 1.62G/1.78G [01:36<00:09, 19.3MB/s]
[2026-01-15T03:48:26.739+0000] {docker.py:429} INFO - 91%|█████████ | 1.62G/1.78G [01:36<00:09, 19.4MB/s]
[2026-01-15T03:48:26.848+0000] {docker.py:429} INFO - 91%|█████████ | 1.62G/1.78G [01:36<00:09, 19.3MB/s]
[2026-01-15T03:48:26.956+0000] {docker.py:429} INFO - 91%|█████████ | 1.62G/1.78G [01:36<00:08, 19.4MB/s]
[2026-01-15T03:48:27.061+0000] {docker.py:429} INFO - 91%|█████████ | 1.63G/1.78G [01:37<00:08, 19.5MB/s]
[2026-01-15T03:48:27.211+0000] {docker.py:429} INFO - 91%|█████████▏| 1.63G/1.78G [01:37<00:08, 20.1MB/s]
[2026-01-15T03:48:27.314+0000] {docker.py:429} INFO - 91%|█████████▏| 1.63G/1.78G [01:37<00:08, 20.2MB/s]
[2026-01-15T03:48:27.416+0000] {docker.py:429} INFO - 92%|█████████▏| 1.63G/1.78G [01:37<00:08, 20.3MB/s]
[2026-01-15T03:48:27.516+0000] {docker.py:429} INFO - 92%|█████████▏| 1.63G/1.78G [01:37<00:07, 20.5MB/s]
[2026-01-15T03:48:27.618+0000] {docker.py:429} INFO - 92%|█████████▏| 1.64G/1.78G [01:37<00:07, 20.5MB/s]
[2026-01-15T03:48:27.719+0000] {docker.py:429} INFO - 92%|█████████▏| 1.64G/1.78G [01:37<00:07, 20.5MB/s]
[2026-01-15T03:48:27.822+0000] {docker.py:429} INFO - 92%|█████████▏| 1.64G/1.78G [01:37<00:07, 20.5MB/s]
[2026-01-15T03:48:27.925+0000] {docker.py:429} INFO - 92%|█████████▏| 1.64G/1.78G [01:37<00:07, 20.4MB/s]
[2026-01-15T03:48:28.027+0000] {docker.py:429} INFO - 92%|█████████▏| 1.64G/1.78G [01:38<00:07, 20.5MB/s]
[2026-01-15T03:48:28.130+0000] {docker.py:429} INFO - 92%|█████████▏| 1.65G/1.78G [01:38<00:07, 20.4MB/s]
[2026-01-15T03:48:28.231+0000] {docker.py:429} INFO - 92%|█████████▏| 1.65G/1.78G [01:38<00:07, 20.5MB/s]
[2026-01-15T03:48:28.333+0000] {docker.py:429} INFO - 93%|█████████▎| 1.65G/1.78G [01:38<00:06, 20.6MB/s]
[2026-01-15T03:48:28.433+0000] {docker.py:429} INFO - 93%|█████████▎| 1.65G/1.78G [01:38<00:06, 20.6MB/s]
[2026-01-15T03:48:28.534+0000] {docker.py:429} INFO - 93%|█████████▎| 1.65G/1.78G [01:38<00:06, 20.7MB/s]
[2026-01-15T03:48:28.678+0000] {docker.py:429} INFO - 93%|█████████▎| 1.66G/1.78G [01:38<00:06, 21.1MB/s]
[2026-01-15T03:48:28.827+0000] {docker.py:429} INFO - 93%|█████████▎| 1.66G/1.78G [01:38<00:06, 21.1MB/s]
[2026-01-15T03:48:28.978+0000] {docker.py:429} INFO - 93%|█████████▎| 1.66G/1.78G [01:39<00:06, 21.0MB/s]
[2026-01-15T03:48:29.132+0000] {docker.py:429} INFO - 93%|█████████▎| 1.67G/1.78G [01:39<00:06, 20.8MB/s]
[2026-01-15T03:48:29.340+0000] {docker.py:429} INFO - 93%|█████████▎| 1.67G/1.78G [01:39<00:07, 16.6MB/s]
[2026-01-15T03:48:29.441+0000] {docker.py:429} INFO - 94%|█████████▎| 1.67G/1.78G [01:39<00:07, 17.5MB/s]
[2026-01-15T03:48:29.589+0000] {docker.py:429} INFO - 94%|█████████▍| 1.67G/1.78G [01:39<00:06, 18.7MB/s]
[2026-01-15T03:48:29.735+0000] {docker.py:429} INFO - 94%|█████████▍| 1.68G/1.78G [01:39<00:05, 19.5MB/s]
[2026-01-15T03:48:29.883+0000] {docker.py:429} INFO - 94%|█████████▍| 1.68G/1.78G [01:39<00:05, 20.1MB/s]
[2026-01-15T03:48:30.030+0000] {docker.py:429} INFO - 94%|█████████▍| 1.68G/1.78G [01:40<00:05, 20.5MB/s]
[2026-01-15T03:48:30.178+0000] {docker.py:429} INFO - 94%|█████████▍| 1.68G/1.78G [01:40<00:05, 20.7MB/s]
[2026-01-15T03:48:30.324+0000] {docker.py:429} INFO - 95%|█████████▍| 1.69G/1.78G [01:40<00:04, 20.9MB/s]
[2026-01-15T03:48:30.474+0000] {docker.py:429} INFO - 95%|█████████▍| 1.69G/1.78G [01:40<00:04, 21.0MB/s]
[2026-01-15T03:48:30.622+0000] {docker.py:429} INFO - 95%|█████████▍| 1.69G/1.78G [01:40<00:04, 21.0MB/s]
[2026-01-15T03:48:30.771+0000] {docker.py:429} INFO - 95%|█████████▌| 1.70G/1.78G [01:40<00:04, 21.1MB/s]
[2026-01-15T03:48:30.916+0000] {docker.py:429} INFO - 95%|█████████▌| 1.70G/1.78G [01:40<00:04, 21.3MB/s]
[2026-01-15T03:48:31.066+0000] {docker.py:429} INFO - 95%|█████████▌| 1.70G/1.78G [01:41<00:04, 21.2MB/s]
[2026-01-15T03:48:31.218+0000] {docker.py:429} INFO - 96%|█████████▌| 1.71G/1.78G [01:41<00:04, 21.0MB/s]
[2026-01-15T03:48:31.368+0000] {docker.py:429} INFO - 96%|█████████▌| 1.71G/1.78G [01:41<00:03, 21.0MB/s]
[2026-01-15T03:48:31.519+0000] {docker.py:429} INFO - 96%|█████████▌| 1.71G/1.78G [01:41<00:03, 21.0MB/s]
[2026-01-15T03:48:31.669+0000] {docker.py:429} INFO - 96%|█████████▌| 1.71G/1.78G [01:41<00:03, 21.0MB/s]
[2026-01-15T03:48:31.822+0000] {docker.py:429} INFO - 96%|█████████▌| 1.72G/1.78G [01:41<00:03, 20.8MB/s]
[2026-01-15T03:48:31.923+0000] {docker.py:429} INFO - 96%|█████████▋| 1.72G/1.78G [01:41<00:03, 20.8MB/s]
[2026-01-15T03:48:32.024+0000] {docker.py:429} INFO - 96%|█████████▋| 1.72G/1.78G [01:42<00:03, 20.8MB/s]
[2026-01-15T03:48:32.123+0000] {docker.py:429} INFO - 97%|█████████▋| 1.72G/1.78G [01:42<00:03, 20.9MB/s]
[2026-01-15T03:48:32.272+0000] {docker.py:429} INFO - 97%|█████████▋| 1.73G/1.78G [01:42<00:02, 21.0MB/s]
[2026-01-15T03:48:32.414+0000] {docker.py:429} INFO - 97%|█████████▋| 1.73G/1.78G [01:42<00:02, 21.3MB/s]
[2026-01-15T03:48:32.566+0000] {docker.py:429} INFO - 97%|█████████▋| 1.73G/1.78G [01:42<00:02, 21.1MB/s]
[2026-01-15T03:48:32.715+0000] {docker.py:429} INFO - 97%|█████████▋| 1.73G/1.78G [01:42<00:02, 21.1MB/s]
[2026-01-15T03:48:32.864+0000] {docker.py:429} INFO - 97%|█████████▋| 1.74G/1.78G [01:42<00:02, 21.1MB/s]
[2026-01-15T03:48:33.014+0000] {docker.py:429} INFO - 98%|█████████▊| 1.74G/1.78G [01:43<00:02, 21.1MB/s]
[2026-01-15T03:48:33.164+0000] {docker.py:429} INFO - 98%|█████████▊| 1.74G/1.78G [01:43<00:02, 21.1MB/s]
[2026-01-15T03:48:33.312+0000] {docker.py:429} INFO - 98%|█████████▊| 1.75G/1.78G [01:43<00:01, 21.1MB/s]
[2026-01-15T03:48:33.464+0000] {docker.py:429} INFO - 98%|█████████▊| 1.75G/1.78G [01:43<00:01, 21.0MB/s]
[2026-01-15T03:48:33.613+0000] {docker.py:429} INFO - 98%|█████████▊| 1.75G/1.78G [01:43<00:01, 21.0MB/s]
[2026-01-15T03:48:33.762+0000] {docker.py:429} INFO - 98%|█████████▊| 1.75G/1.78G [01:43<00:01, 21.0MB/s]
[2026-01-15T03:48:33.904+0000] {docker.py:429} INFO - 99%|█████████▊| 1.76G/1.78G [01:43<00:01, 21.4MB/s]
[2026-01-15T03:48:34.049+0000] {docker.py:429} INFO - 99%|█████████▊| 1.76G/1.78G [01:44<00:01, 21.5MB/s]
[2026-01-15T03:48:34.194+0000] {docker.py:429} INFO - 99%|█████████▉| 1.76G/1.78G [01:44<00:01, 21.5MB/s]
[2026-01-15T03:48:34.339+0000] {docker.py:429} INFO - 99%|█████████▉| 1.77G/1.78G [01:44<00:00, 21.6MB/s]
[2026-01-15T03:48:34.591+0000] {docker.py:429} INFO - 99%|█████████▉| 1.77G/1.78G [01:44<00:00, 17.7MB/s]
[2026-01-15T03:48:34.738+0000] {docker.py:429} INFO - 99%|█████████▉| 1.77G/1.78G [01:44<00:00, 18.7MB/s]
[2026-01-15T03:48:34.883+0000] {docker.py:429} INFO - 100%|█████████▉| 1.78G/1.78G [01:44<00:00, 19.5MB/s]
[2026-01-15T03:48:35.027+0000] {docker.py:429} INFO - 100%|█████████▉| 1.78G/1.78G [01:45<00:00, 20.1MB/s]
[2026-01-15T03:48:35.174+0000] {docker.py:429} INFO - 100%|█████████▉| 1.78G/1.78G [01:45<00:00, 20.5MB/s]
[2026-01-15T03:48:35.313+0000] {docker.py:429} INFO - 100%|██████████| 1.78G/1.78G [01:45<00:00, 20.9MB/s]
[2026-01-15T03:48:35.479+0000] {docker.py:429} INFO - 100%|██████████| 1.78G/1.78G [01:45<00:00, 18.2MB/s]
[2026-01-15T03:48:35.482+0000] {docker.py:429} INFO - Extracting files...
[2026-01-15T03:49:04.103+0000] {docker.py:429} INFO - 2026-01-15 03:49:04,102 - Ingest - INFO - Download successful. Files located at: /root/.cache/kagglehub/datasets/elemento/nyc-yellow-taxi-trip-data/versions/2
[2026-01-15T03:49:04.103+0000] {docker.py:429} INFO - 2026-01-15 03:49:04,102 - Ingest - INFO - Found 4 files to process.
[2026-01-15T03:49:04.110+0000] {docker.py:429} INFO - 2026-01-15 03:49:04,109 - Ingest - INFO - Uploading new file: yellow_tripdata_2016-01.csv
[2026-01-15T03:49:31.004+0000] {docker.py:429} INFO - 2026-01-15 03:49:31,003 - Ingest - INFO - Uploading new file: yellow_tripdata_2015-01.csv
[2026-01-15T03:50:01.178+0000] {docker.py:429} INFO - 2026-01-15 03:50:01,178 - Ingest - INFO - Uploading new file: yellow_tripdata_2016-03.csv
[2026-01-15T03:50:30.504+0000] {docker.py:429} INFO - 2026-01-15 03:50:30,504 - Ingest - INFO - Uploading new file: yellow_tripdata_2016-02.csv
[2026-01-15T03:50:57.723+0000] {docker.py:429} INFO - 2026-01-15 03:50:57,723 - Ingest - INFO - Ingestion complete. 4 new files added.
[2026-01-15T03:50:58.041+0000] {taskinstance.py:1138} INFO - Marking task as SUCCESS. dag_id=nyc_taxi_pipeline, task_id=ingest, execution_date=20260115T034646, start_date=20260115T034647, end_date=20260115T035058
[2026-01-15T03:50:58.077+0000] {local_task_job_runner.py:234} INFO - Task exited with return code 0
[2026-01-15T03:50:58.097+0000] {taskinstance.py:3280} INFO - 1 downstream tasks scheduled from follow-on schedule check
