[2026-01-15T02:25:37.070+0000] {taskinstance.py:1956} INFO - Dependencies all met for dep_context=non-requeueable deps ti=<TaskInstance: nyc_taxi_pipeline.ingest manual__2026-01-15T02:25:36.535179+00:00 [queued]>
[2026-01-15T02:25:37.077+0000] {taskinstance.py:1956} INFO - Dependencies all met for dep_context=requeueable deps ti=<TaskInstance: nyc_taxi_pipeline.ingest manual__2026-01-15T02:25:36.535179+00:00 [queued]>
[2026-01-15T02:25:37.078+0000] {taskinstance.py:2170} INFO - Starting attempt 1 of 1
[2026-01-15T02:25:37.088+0000] {taskinstance.py:2191} INFO - Executing <Task(DockerOperator): ingest> on 2026-01-15 02:25:36.535179+00:00
[2026-01-15T02:25:37.094+0000] {standard_task_runner.py:60} INFO - Started process 183 to run task
[2026-01-15T02:25:37.098+0000] {standard_task_runner.py:87} INFO - Running: ['***', 'tasks', 'run', 'nyc_taxi_pipeline', 'ingest', 'manual__2026-01-15T02:25:36.535179+00:00', '--job-id', '6', '--raw', '--subdir', 'DAGS_FOLDER/nyc_taxi_pipeline.py', '--cfg-path', '/tmp/tmpxjflieie']
[2026-01-15T02:25:37.100+0000] {standard_task_runner.py:88} INFO - Job 6: Subtask ingest
[2026-01-15T02:25:37.143+0000] {task_command.py:423} INFO - Running <TaskInstance: nyc_taxi_pipeline.ingest manual__2026-01-15T02:25:36.535179+00:00 [running]> on host dc390c2f2007
[2026-01-15T02:25:37.203+0000] {taskinstance.py:2480} INFO - Exporting env vars: AIRFLOW_CTX_DAG_OWNER='***' AIRFLOW_CTX_DAG_ID='nyc_taxi_pipeline' AIRFLOW_CTX_TASK_ID='ingest' AIRFLOW_CTX_EXECUTION_DATE='2026-01-15T02:25:36.535179+00:00' AIRFLOW_CTX_TRY_NUMBER='1' AIRFLOW_CTX_DAG_RUN_ID='manual__2026-01-15T02:25:36.535179+00:00'
[2026-01-15T02:25:37.218+0000] {docker.py:359} INFO - Starting docker container from image nyc_ingestion:latest
[2026-01-15T02:25:37.221+0000] {docker.py:367} WARNING - Using remote engine or docker-in-docker and mounting temporary volume from host is not supported. Falling back to `mount_tmp_dir=False` mode. You can set `mount_tmp_dir` parameter to False to disable mounting and remove the warning
[2026-01-15T02:25:37.747+0000] {docker.py:429} INFO - /usr/local/lib/python3.9/site-packages/boto3/compat.py:89: PythonDeprecationWarning: Boto3 will no longer support Python 3.9 starting April 29, 2026. To continue receiving service updates, bug fixes, and security updates please upgrade to Python 3.10 or later. More information can be found here: https://aws.amazon.com/blogs/developer/python-support-policy-updates-for-aws-sdks-and-tools/
  warnings.warn(warning, PythonDeprecationWarning)
[2026-01-15T02:25:37.864+0000] {docker.py:429} INFO - INFO:Ingest:Downloade elemento/nyc-yellow-taxi-trip-data...
[2026-01-15T02:25:38.153+0000] {docker.py:429} INFO - Warning: Looks like you're using an outdated `kagglehub` version (installed: 0.3.13), please consider upgrading to the latest version (0.4.0).
[2026-01-15T02:25:38.565+0000] {docker.py:429} INFO - Downloading from https://www.kaggle.com/api/v1/datasets/download/elemento/nyc-yellow-taxi-trip-data?dataset_version_number=2...
[2026-01-15T02:25:38.569+0000] {docker.py:429} INFO - 0%|          | 0.00/1.78G [00:00<?, ?B/s]
[2026-01-15T02:25:39.188+0000] {docker.py:429} INFO - 0%|          | 1.00M/1.78G [00:00<18:49, 1.69MB/s]
[2026-01-15T02:25:39.319+0000] {docker.py:429} INFO - 0%|          | 2.00M/1.78G [00:00<10:05, 3.16MB/s]
[2026-01-15T02:25:39.424+0000] {docker.py:429} INFO - 0%|          | 3.00M/1.78G [00:00<06:56, 4.59MB/s]
[2026-01-15T02:25:39.540+0000] {docker.py:429} INFO - 0%|          | 4.00M/1.78G [00:00<05:35, 5.70MB/s]
[2026-01-15T02:25:39.648+0000] {docker.py:429} INFO - 0%|          | 5.00M/1.78G [00:01<04:44, 6.70MB/s]
[2026-01-15T02:25:39.763+0000] {docker.py:429} INFO - 0%|          | 6.00M/1.78G [00:01<04:19, 7.35MB/s]
[2026-01-15T02:25:39.886+0000] {docker.py:429} INFO - 0%|          | 7.00M/1.78G [00:01<04:07, 7.71MB/s]
[2026-01-15T02:25:40.010+0000] {docker.py:429} INFO - 0%|          | 8.00M/1.78G [00:01<04:00, 7.92MB/s]
[2026-01-15T02:25:40.134+0000] {docker.py:429} INFO - 0%|          | 9.00M/1.78G [00:01<03:55, 8.08MB/s]
[2026-01-15T02:25:40.258+0000] {docker.py:429} INFO - 1%|          | 10.0M/1.78G [00:01<03:52, 8.20MB/s]
[2026-01-15T02:25:40.384+0000] {docker.py:429} INFO - 1%|          | 11.0M/1.78G [00:01<03:51, 8.23MB/s]
[2026-01-15T02:25:40.511+0000] {docker.py:429} INFO - 1%|          | 12.0M/1.78G [00:01<03:50, 8.25MB/s]
[2026-01-15T02:25:40.637+0000] {docker.py:429} INFO - 1%|          | 13.0M/1.78G [00:02<03:49, 8.27MB/s]
[2026-01-15T02:25:40.767+0000] {docker.py:429} INFO - 1%|          | 14.0M/1.78G [00:02<03:51, 8.21MB/s]
[2026-01-15T02:25:40.897+0000] {docker.py:429} INFO - 1%|          | 15.0M/1.78G [00:02<03:52, 8.15MB/s]
[2026-01-15T02:25:41.019+0000] {docker.py:429} INFO - 1%|          | 16.0M/1.78G [00:02<03:49, 8.28MB/s]
[2026-01-15T02:25:41.135+0000] {docker.py:429} INFO - 1%|          | 17.0M/1.78G [00:02<03:43, 8.50MB/s]
[2026-01-15T02:25:41.254+0000] {docker.py:429} INFO - 1%|          | 18.0M/1.78G [00:02<03:40, 8.60MB/s]
[2026-01-15T02:25:41.376+0000] {docker.py:429} INFO - 1%|          | 19.0M/1.78G [00:02<03:40, 8.59MB/s]
[2026-01-15T02:25:41.505+0000] {docker.py:429} INFO - 1%|          | 20.0M/1.78G [00:02<03:44, 8.45MB/s]
[2026-01-15T02:25:41.630+0000] {docker.py:429} INFO - 1%|          | 21.0M/1.78G [00:03<03:44, 8.42MB/s]
[2026-01-15T02:25:41.758+0000] {docker.py:429} INFO - 1%|          | 22.0M/1.78G [00:03<03:46, 8.37MB/s]
[2026-01-15T02:25:41.883+0000] {docker.py:429} INFO - 1%|▏         | 23.0M/1.78G [00:03<03:46, 8.37MB/s]
[2026-01-15T02:25:42.012+0000] {docker.py:429} INFO - 1%|▏         | 24.0M/1.78G [00:03<03:47, 8.29MB/s]
[2026-01-15T02:25:42.141+0000] {docker.py:429} INFO - 1%|▏         | 25.0M/1.78G [00:03<03:49, 8.24MB/s]
[2026-01-15T02:25:42.273+0000] {docker.py:429} INFO - 1%|▏         | 26.0M/1.78G [00:03<03:51, 8.14MB/s]
[2026-01-15T02:25:42.407+0000] {docker.py:429} INFO - 1%|▏         | 27.0M/1.78G [00:03<03:54, 8.06MB/s]
[2026-01-15T02:25:42.521+0000] {docker.py:429} INFO - 2%|▏         | 28.0M/1.78G [00:03<03:45, 8.36MB/s]
[2026-01-15T02:25:42.634+0000] {docker.py:429} INFO - 2%|▏         | 29.0M/1.78G [00:04<03:38, 8.61MB/s]
[2026-01-15T02:25:42.741+0000] {docker.py:429} INFO - 2%|▏         | 30.0M/1.78G [00:04<03:30, 8.96MB/s]
[2026-01-15T02:25:42.934+0000] {docker.py:429} INFO - 2%|▏         | 32.0M/1.78G [00:04<03:13, 9.73MB/s]
[2026-01-15T02:25:43.132+0000] {docker.py:429} INFO - 2%|▏         | 34.0M/1.78G [00:04<03:06, 10.1MB/s]
[2026-01-15T02:25:43.329+0000] {docker.py:429} INFO - 2%|▏         | 36.0M/1.78G [00:04<03:02, 10.3MB/s]
[2026-01-15T02:25:43.526+0000] {docker.py:429} INFO - 2%|▏         | 38.0M/1.78G [00:04<03:00, 10.4MB/s]
[2026-01-15T02:25:43.728+0000] {docker.py:429} INFO - 2%|▏         | 40.0M/1.78G [00:05<03:00, 10.4MB/s]
[2026-01-15T02:25:43.911+0000] {docker.py:429} INFO - 2%|▏         | 42.0M/1.78G [00:05<02:54, 10.7MB/s]
[2026-01-15T02:25:44.072+0000] {docker.py:429} INFO - 2%|▏         | 44.0M/1.78G [00:05<02:44, 11.4MB/s]
[2026-01-15T02:25:44.224+0000] {docker.py:429} INFO - 3%|▎         | 46.0M/1.78G [00:05<02:35, 12.0MB/s]
[2026-01-15T02:25:44.361+0000] {docker.py:429} INFO - 3%|▎         | 48.0M/1.78G [00:05<02:25, 12.8MB/s]
[2026-01-15T02:25:44.493+0000] {docker.py:429} INFO - 3%|▎         | 50.0M/1.78G [00:05<02:16, 13.6MB/s]
[2026-01-15T02:25:44.633+0000] {docker.py:429} INFO - 3%|▎         | 52.0M/1.78G [00:06<02:12, 14.0MB/s]
[2026-01-15T02:25:44.772+0000] {docker.py:429} INFO - 3%|▎         | 54.0M/1.78G [00:06<02:09, 14.3MB/s]
[2026-01-15T02:25:44.912+0000] {docker.py:429} INFO - 3%|▎         | 56.0M/1.78G [00:06<02:07, 14.5MB/s]
[2026-01-15T02:25:45.062+0000] {docker.py:429} INFO - 3%|▎         | 58.0M/1.78G [00:06<02:09, 14.4MB/s]
[2026-01-15T02:25:45.214+0000] {docker.py:429} INFO - 3%|▎         | 60.0M/1.78G [00:06<02:10, 14.2MB/s]
[2026-01-15T02:25:45.356+0000] {docker.py:429} INFO - 3%|▎         | 62.0M/1.78G [00:06<02:08, 14.4MB/s]
[2026-01-15T02:25:45.483+0000] {docker.py:429} INFO - 4%|▎         | 64.0M/1.78G [00:06<02:03, 14.9MB/s]
[2026-01-15T02:25:45.622+0000] {docker.py:429} INFO - 4%|▎         | 66.0M/1.78G [00:07<02:03, 15.0MB/s]
[2026-01-15T02:25:45.764+0000] {docker.py:429} INFO - 4%|▎         | 68.0M/1.78G [00:07<02:03, 14.9MB/s]
[2026-01-15T02:25:45.911+0000] {docker.py:429} INFO - 4%|▍         | 70.0M/1.78G [00:07<02:05, 14.7MB/s]
[2026-01-15T02:25:46.053+0000] {docker.py:429} INFO - 4%|▍         | 72.0M/1.78G [00:07<02:05, 14.7MB/s]
[2026-01-15T02:25:46.191+0000] {docker.py:429} INFO - 4%|▍         | 74.0M/1.78G [00:07<02:03, 14.9MB/s]
[2026-01-15T02:25:46.329+0000] {docker.py:429} INFO - 4%|▍         | 76.0M/1.78G [00:07<02:02, 15.0MB/s]
[2026-01-15T02:25:46.465+0000] {docker.py:429} INFO - 4%|▍         | 78.0M/1.78G [00:07<02:01, 15.1MB/s]
[2026-01-15T02:25:46.602+0000] {docker.py:429} INFO - 4%|▍         | 80.0M/1.78G [00:08<02:00, 15.2MB/s]
[2026-01-15T02:25:46.738+0000] {docker.py:429} INFO - 4%|▍         | 82.0M/1.78G [00:08<01:59, 15.3MB/s]
[2026-01-15T02:25:46.876+0000] {docker.py:429} INFO - 5%|▍         | 84.0M/1.78G [00:08<02:00, 15.2MB/s]
[2026-01-15T02:25:47.013+0000] {docker.py:429} INFO - 5%|▍         | 86.0M/1.78G [00:08<01:59, 15.3MB/s]
[2026-01-15T02:25:47.151+0000] {docker.py:429} INFO - 5%|▍         | 88.0M/1.78G [00:08<01:59, 15.2MB/s]
[2026-01-15T02:25:47.296+0000] {docker.py:429} INFO - 5%|▍         | 90.0M/1.78G [00:08<02:01, 15.0MB/s]
[2026-01-15T02:25:47.441+0000] {docker.py:429} INFO - 5%|▌         | 92.0M/1.78G [00:08<02:02, 14.8MB/s]
[2026-01-15T02:25:47.579+0000] {docker.py:429} INFO - 5%|▌         | 94.0M/1.78G [00:09<02:01, 14.9MB/s]
[2026-01-15T02:25:47.716+0000] {docker.py:429} INFO - 5%|▌         | 96.0M/1.78G [00:09<02:00, 15.0MB/s]
[2026-01-15T02:25:47.855+0000] {docker.py:429} INFO - 5%|▌         | 98.0M/1.78G [00:09<02:00, 15.1MB/s]
[2026-01-15T02:25:47.991+0000] {docker.py:429} INFO - 5%|▌         | 100M/1.78G [00:09<01:59, 15.2MB/s]
[2026-01-15T02:25:48.127+0000] {docker.py:429} INFO - 6%|▌         | 102M/1.78G [00:09<01:58, 15.2MB/s]
[2026-01-15T02:25:48.265+0000] {docker.py:429} INFO - 6%|▌         | 104M/1.78G [00:09<01:58, 15.2MB/s]
[2026-01-15T02:25:48.396+0000] {docker.py:429} INFO - 6%|▌         | 106M/1.78G [00:09<01:56, 15.4MB/s]
[2026-01-15T02:25:48.527+0000] {docker.py:429} INFO - 6%|▌         | 108M/1.78G [00:09<01:55, 15.6MB/s]
[2026-01-15T02:25:48.662+0000] {docker.py:429} INFO - 6%|▌         | 110M/1.78G [00:10<01:55, 15.6MB/s]
[2026-01-15T02:25:48.793+0000] {docker.py:429} INFO - 6%|▌         | 112M/1.78G [00:10<01:54, 15.7MB/s]
[2026-01-15T02:25:48.924+0000] {docker.py:429} INFO - 6%|▌         | 114M/1.78G [00:10<01:53, 15.8MB/s]
[2026-01-15T02:25:49.120+0000] {docker.py:429} INFO - 6%|▋         | 116M/1.78G [00:10<02:09, 13.8MB/s]
[2026-01-15T02:25:49.318+0000] {docker.py:429} INFO - 6%|▋         | 118M/1.78G [00:10<02:21, 12.7MB/s]
[2026-01-15T02:25:49.469+0000] {docker.py:429} INFO - 7%|▋         | 120M/1.78G [00:10<02:17, 13.0MB/s]
[2026-01-15T02:25:49.612+0000] {docker.py:429} INFO - 7%|▋         | 122M/1.78G [00:11<02:12, 13.5MB/s]
[2026-01-15T02:25:49.765+0000] {docker.py:429} INFO - 7%|▋         | 124M/1.78G [00:11<02:11, 13.5MB/s]
[2026-01-15T02:25:49.922+0000] {docker.py:429} INFO - 7%|▋         | 126M/1.78G [00:11<02:12, 13.5MB/s]
[2026-01-15T02:25:50.079+0000] {docker.py:429} INFO - 7%|▋         | 128M/1.78G [00:11<02:12, 13.4MB/s]
[2026-01-15T02:25:50.229+0000] {docker.py:429} INFO - 7%|▋         | 130M/1.78G [00:11<02:10, 13.6MB/s]
[2026-01-15T02:25:50.378+0000] {docker.py:429} INFO - 7%|▋         | 132M/1.78G [00:11<02:09, 13.7MB/s]
[2026-01-15T02:25:50.526+0000] {docker.py:429} INFO - 7%|▋         | 134M/1.78G [00:11<02:08, 13.9MB/s]
[2026-01-15T02:25:50.676+0000] {docker.py:429} INFO - 7%|▋         | 136M/1.78G [00:12<02:07, 13.9MB/s]
[2026-01-15T02:25:50.825+0000] {docker.py:429} INFO - 8%|▊         | 138M/1.78G [00:12<02:06, 14.0MB/s]
[2026-01-15T02:25:50.973+0000] {docker.py:429} INFO - 8%|▊         | 140M/1.78G [00:12<02:06, 14.0MB/s]
[2026-01-15T02:25:51.125+0000] {docker.py:429} INFO - 8%|▊         | 142M/1.78G [00:12<02:06, 13.9MB/s]
[2026-01-15T02:25:51.284+0000] {docker.py:429} INFO - 8%|▊         | 144M/1.78G [00:12<02:08, 13.7MB/s]
[2026-01-15T02:25:51.443+0000] {docker.py:429} INFO - 8%|▊         | 146M/1.78G [00:12<02:09, 13.6MB/s]
[2026-01-15T02:25:51.600+0000] {docker.py:429} INFO - 8%|▊         | 148M/1.78G [00:13<02:10, 13.5MB/s]
[2026-01-15T02:25:51.745+0000] {docker.py:429} INFO - 8%|▊         | 150M/1.78G [00:13<02:07, 13.8MB/s]
[2026-01-15T02:25:51.885+0000] {docker.py:429} INFO - 8%|▊         | 152M/1.78G [00:13<02:04, 14.1MB/s]
[2026-01-15T02:25:52.029+0000] {docker.py:429} INFO - 8%|▊         | 154M/1.78G [00:13<02:03, 14.3MB/s]
[2026-01-15T02:25:52.171+0000] {docker.py:429} INFO - 9%|▊         | 156M/1.78G [00:13<02:01, 14.4MB/s]
[2026-01-15T02:25:52.315+0000] {docker.py:429} INFO - 9%|▊         | 158M/1.78G [00:13<02:01, 14.5MB/s]
[2026-01-15T02:25:52.453+0000] {docker.py:429} INFO - 9%|▉         | 160M/1.78G [00:13<01:59, 14.7MB/s]
[2026-01-15T02:25:52.597+0000] {docker.py:429} INFO - 9%|▉         | 162M/1.78G [00:14<01:59, 14.6MB/s]
[2026-01-15T02:25:52.742+0000] {docker.py:429} INFO - 9%|▉         | 164M/1.78G [00:14<01:59, 14.6MB/s]
[2026-01-15T02:25:52.890+0000] {docker.py:429} INFO - 9%|▉         | 166M/1.78G [00:14<02:00, 14.5MB/s]
[2026-01-15T02:25:53.035+0000] {docker.py:429} INFO - 9%|▉         | 168M/1.78G [00:14<02:00, 14.5MB/s]
[2026-01-15T02:25:53.178+0000] {docker.py:429} INFO - 9%|▉         | 170M/1.78G [00:14<01:59, 14.5MB/s]
[2026-01-15T02:25:53.320+0000] {docker.py:429} INFO - 9%|▉         | 172M/1.78G [00:14<01:58, 14.6MB/s]
[2026-01-15T02:25:53.463+0000] {docker.py:429} INFO - 10%|▉         | 174M/1.78G [00:14<01:58, 14.6MB/s]
[2026-01-15T02:25:53.608+0000] {docker.py:429} INFO - 10%|▉         | 176M/1.78G [00:15<01:58, 14.6MB/s]
[2026-01-15T02:25:53.751+0000] {docker.py:429} INFO - 10%|▉         | 178M/1.78G [00:15<01:58, 14.6MB/s]
[2026-01-15T02:25:53.885+0000] {docker.py:429} INFO - 10%|▉         | 180M/1.78G [00:15<01:55, 14.9MB/s]
[2026-01-15T02:25:54.027+0000] {docker.py:429} INFO - 10%|▉         | 182M/1.78G [00:15<01:55, 14.9MB/s]
[2026-01-15T02:25:54.168+0000] {docker.py:429} INFO - 10%|█         | 184M/1.78G [00:15<01:55, 14.9MB/s]
[2026-01-15T02:25:54.399+0000] {docker.py:429} INFO - 10%|█         | 186M/1.78G [00:15<02:17, 12.5MB/s]
[2026-01-15T02:25:54.553+0000] {docker.py:429} INFO - 10%|█         | 188M/1.78G [00:15<02:14, 12.8MB/s]
[2026-01-15T02:25:54.695+0000] {docker.py:429} INFO - 10%|█         | 190M/1.78G [00:16<02:08, 13.3MB/s]
[2026-01-15T02:25:54.839+0000] {docker.py:429} INFO - 11%|█         | 192M/1.78G [00:16<02:05, 13.7MB/s]
[2026-01-15T02:25:54.982+0000] {docker.py:429} INFO - 11%|█         | 194M/1.78G [00:16<02:02, 14.0MB/s]
[2026-01-15T02:25:55.122+0000] {docker.py:429} INFO - 11%|█         | 196M/1.78G [00:16<02:00, 14.3MB/s]
[2026-01-15T02:25:55.260+0000] {docker.py:429} INFO - 11%|█         | 198M/1.78G [00:16<01:57, 14.5MB/s]
[2026-01-15T02:25:55.396+0000] {docker.py:429} INFO - 11%|█         | 200M/1.78G [00:16<01:55, 14.8MB/s]
[2026-01-15T02:25:55.532+0000] {docker.py:429} INFO - 11%|█         | 202M/1.78G [00:16<01:53, 15.0MB/s]
[2026-01-15T02:25:55.667+0000] {docker.py:429} INFO - 11%|█         | 204M/1.78G [00:17<01:52, 15.1MB/s]
[2026-01-15T02:25:55.805+0000] {docker.py:429} INFO - 11%|█▏        | 206M/1.78G [00:17<01:52, 15.2MB/s]
[2026-01-15T02:25:55.941+0000] {docker.py:429} INFO - 11%|█▏        | 208M/1.78G [00:17<01:51, 15.2MB/s]
[2026-01-15T02:25:56.082+0000] {docker.py:429} INFO - 11%|█▏        | 210M/1.78G [00:17<01:52, 15.1MB/s]
[2026-01-15T02:25:56.225+0000] {docker.py:429} INFO - 12%|█▏        | 212M/1.78G [00:17<01:53, 15.0MB/s]
[2026-01-15T02:25:56.367+0000] {docker.py:429} INFO - 12%|█▏        | 214M/1.78G [00:17<01:53, 14.9MB/s]
[2026-01-15T02:25:56.509+0000] {docker.py:429} INFO - 12%|█▏        | 216M/1.78G [00:17<01:53, 14.9MB/s]
[2026-01-15T02:25:56.651+0000] {docker.py:429} INFO - 12%|█▏        | 218M/1.78G [00:18<01:53, 14.8MB/s]
[2026-01-15T02:25:56.793+0000] {docker.py:429} INFO - 12%|█▏        | 220M/1.78G [00:18<01:53, 14.8MB/s]
[2026-01-15T02:25:56.934+0000] {docker.py:429} INFO - 12%|█▏        | 222M/1.78G [00:18<01:53, 14.8MB/s]
[2026-01-15T02:25:57.075+0000] {docker.py:429} INFO - 12%|█▏        | 224M/1.78G [00:18<01:53, 14.8MB/s]
[2026-01-15T02:25:57.221+0000] {docker.py:429} INFO - 12%|█▏        | 226M/1.78G [00:18<01:54, 14.7MB/s]
[2026-01-15T02:25:57.355+0000] {docker.py:429} INFO - 12%|█▏        | 228M/1.78G [00:18<01:51, 15.0MB/s]
[2026-01-15T02:25:57.490+0000] {docker.py:429} INFO - 13%|█▎        | 230M/1.78G [00:18<01:50, 15.1MB/s]
[2026-01-15T02:25:57.626+0000] {docker.py:429} INFO - 13%|█▎        | 232M/1.78G [00:19<01:49, 15.2MB/s]
[2026-01-15T02:25:57.762+0000] {docker.py:429} INFO - 13%|█▎        | 234M/1.78G [00:19<01:49, 15.3MB/s]
[2026-01-15T02:25:57.897+0000] {docker.py:429} INFO - 13%|█▎        | 236M/1.78G [00:19<01:48, 15.3MB/s]
[2026-01-15T02:25:58.034+0000] {docker.py:429} INFO - 13%|█▎        | 238M/1.78G [00:19<01:48, 15.3MB/s]
[2026-01-15T02:25:58.170+0000] {docker.py:429} INFO - 13%|█▎        | 240M/1.78G [00:19<01:48, 15.4MB/s]
[2026-01-15T02:25:58.306+0000] {docker.py:429} INFO - 13%|█▎        | 242M/1.78G [00:19<01:47, 15.4MB/s]
[2026-01-15T02:25:58.442+0000] {docker.py:429} INFO - 13%|█▎        | 244M/1.78G [00:19<01:47, 15.4MB/s]
[2026-01-15T02:25:58.577+0000] {docker.py:429} INFO - 13%|█▎        | 246M/1.78G [00:20<01:47, 15.4MB/s]
[2026-01-15T02:25:58.711+0000] {docker.py:429} INFO - 14%|█▎        | 248M/1.78G [00:20<01:46, 15.5MB/s]
[2026-01-15T02:25:58.832+0000] {docker.py:429} INFO - 14%|█▎        | 250M/1.78G [00:20<01:43, 16.0MB/s]
[2026-01-15T02:25:58.959+0000] {docker.py:429} INFO - 14%|█▍        | 252M/1.78G [00:20<01:42, 16.2MB/s]
[2026-01-15T02:25:59.085+0000] {docker.py:429} INFO - 14%|█▍        | 254M/1.78G [00:20<01:41, 16.3MB/s]
[2026-01-15T02:25:59.211+0000] {docker.py:429} INFO - 14%|█▍        | 256M/1.78G [00:20<01:40, 16.4MB/s]
[2026-01-15T02:25:59.336+0000] {docker.py:429} INFO - 14%|█▍        | 258M/1.78G [00:20<01:39, 16.5MB/s]
[2026-01-15T02:25:59.495+0000] {docker.py:429} INFO - 14%|█▍        | 260M/1.78G [00:20<01:47, 15.3MB/s]
[2026-01-15T02:25:59.700+0000] {docker.py:429} INFO - 14%|█▍        | 262M/1.78G [00:21<02:02, 13.3MB/s]
[2026-01-15T02:25:59.827+0000] {docker.py:429} INFO - 14%|█▍        | 264M/1.78G [00:21<01:55, 14.2MB/s]
[2026-01-15T02:25:59.948+0000] {docker.py:429} INFO - 15%|█▍        | 266M/1.78G [00:21<01:49, 15.0MB/s]
[2026-01-15T02:26:00.070+0000] {docker.py:429} INFO - 15%|█▍        | 268M/1.78G [00:21<01:44, 15.6MB/s]
[2026-01-15T02:26:00.195+0000] {docker.py:429} INFO - 15%|█▍        | 270M/1.78G [00:21<01:42, 15.9MB/s]
[2026-01-15T02:26:00.318+0000] {docker.py:429} INFO - 15%|█▍        | 272M/1.78G [00:21<01:40, 16.2MB/s]
[2026-01-15T02:26:00.442+0000] {docker.py:429} INFO - 15%|█▍        | 274M/1.78G [00:21<01:38, 16.5MB/s]
[2026-01-15T02:26:00.565+0000] {docker.py:429} INFO - 15%|█▌        | 276M/1.78G [00:21<01:37, 16.6MB/s]
[2026-01-15T02:26:00.692+0000] {docker.py:429} INFO - 15%|█▌        | 278M/1.78G [00:22<01:37, 16.6MB/s]
[2026-01-15T02:26:00.820+0000] {docker.py:429} INFO - 15%|█▌        | 280M/1.78G [00:22<01:37, 16.6MB/s]
[2026-01-15T02:26:00.948+0000] {docker.py:429} INFO - 15%|█▌        | 282M/1.78G [00:22<01:38, 16.5MB/s]
[2026-01-15T02:26:01.071+0000] {docker.py:429} INFO - 16%|█▌        | 284M/1.78G [00:22<01:37, 16.7MB/s]
[2026-01-15T02:26:01.196+0000] {docker.py:429} INFO - 16%|█▌        | 286M/1.78G [00:22<01:36, 16.7MB/s]
[2026-01-15T02:26:01.325+0000] {docker.py:429} INFO - 16%|█▌        | 288M/1.78G [00:22<01:37, 16.6MB/s]
[2026-01-15T02:26:01.454+0000] {docker.py:429} INFO - 16%|█▌        | 290M/1.78G [00:22<01:37, 16.5MB/s]
[2026-01-15T02:26:01.584+0000] {docker.py:429} INFO - 16%|█▌        | 292M/1.78G [00:23<01:38, 16.4MB/s]
[2026-01-15T02:26:01.710+0000] {docker.py:429} INFO - 16%|█▌        | 294M/1.78G [00:23<01:37, 16.4MB/s]
[2026-01-15T02:26:01.837+0000] {docker.py:429} INFO - 16%|█▌        | 296M/1.78G [00:23<01:37, 16.4MB/s]
[2026-01-15T02:26:01.964+0000] {docker.py:429} INFO - 16%|█▋        | 298M/1.78G [00:23<01:37, 16.5MB/s]
[2026-01-15T02:26:02.092+0000] {docker.py:429} INFO - 16%|█▋        | 300M/1.78G [00:23<01:37, 16.5MB/s]
[2026-01-15T02:26:02.220+0000] {docker.py:429} INFO - 17%|█▋        | 302M/1.78G [00:23<01:37, 16.4MB/s]
[2026-01-15T02:26:02.347+0000] {docker.py:429} INFO - 17%|█▋        | 304M/1.78G [00:23<01:37, 16.4MB/s]
[2026-01-15T02:26:02.468+0000] {docker.py:429} INFO - 17%|█▋        | 306M/1.78G [00:23<01:35, 16.7MB/s]
[2026-01-15T02:26:02.586+0000] {docker.py:429} INFO - 17%|█▋        | 308M/1.78G [00:24<01:33, 17.0MB/s]
[2026-01-15T02:26:02.706+0000] {docker.py:429} INFO - 17%|█▋        | 310M/1.78G [00:24<01:32, 17.1MB/s]
[2026-01-15T02:26:02.829+0000] {docker.py:429} INFO - 17%|█▋        | 312M/1.78G [00:24<01:32, 17.1MB/s]
[2026-01-15T02:26:02.950+0000] {docker.py:429} INFO - 17%|█▋        | 314M/1.78G [00:24<01:32, 17.2MB/s]
[2026-01-15T02:26:03.072+0000] {docker.py:429} INFO - 17%|█▋        | 316M/1.78G [00:24<01:32, 17.2MB/s]
[2026-01-15T02:26:03.193+0000] {docker.py:429} INFO - 17%|█▋        | 318M/1.78G [00:24<01:31, 17.2MB/s]
[2026-01-15T02:26:03.314+0000] {docker.py:429} INFO - 18%|█▊        | 320M/1.78G [00:24<01:31, 17.3MB/s]
[2026-01-15T02:26:03.434+0000] {docker.py:429} INFO - 18%|█▊        | 322M/1.78G [00:24<01:31, 17.3MB/s]
[2026-01-15T02:26:03.554+0000] {docker.py:429} INFO - 18%|█▊        | 324M/1.78G [00:24<01:30, 17.4MB/s]
[2026-01-15T02:26:03.681+0000] {docker.py:429} INFO - 18%|█▊        | 326M/1.78G [00:25<01:31, 17.1MB/s]
[2026-01-15T02:26:03.801+0000] {docker.py:429} INFO - 18%|█▊        | 328M/1.78G [00:25<01:31, 17.2MB/s]
[2026-01-15T02:26:03.921+0000] {docker.py:429} INFO - 18%|█▊        | 330M/1.78G [00:25<01:30, 17.3MB/s]
[2026-01-15T02:26:04.034+0000] {docker.py:429} INFO - 18%|█▊        | 332M/1.78G [00:25<01:28, 17.6MB/s]
[2026-01-15T02:26:04.155+0000] {docker.py:429} INFO - 18%|█▊        | 334M/1.78G [00:25<01:29, 17.6MB/s]
[2026-01-15T02:26:04.276+0000] {docker.py:429} INFO - 18%|█▊        | 336M/1.78G [00:25<01:29, 17.5MB/s]
[2026-01-15T02:26:04.397+0000] {docker.py:429} INFO - 19%|█▊        | 338M/1.78G [00:25<01:29, 17.4MB/s]
[2026-01-15T02:26:04.518+0000] {docker.py:429} INFO - 19%|█▊        | 340M/1.78G [00:25<01:29, 17.4MB/s]
[2026-01-15T02:26:04.640+0000] {docker.py:429} INFO - 19%|█▊        | 342M/1.78G [00:26<01:29, 17.4MB/s]
[2026-01-15T02:26:04.866+0000] {docker.py:429} INFO - 19%|█▉        | 344M/1.78G [00:26<01:53, 13.8MB/s]
[2026-01-15T02:26:04.986+0000] {docker.py:429} INFO - 19%|█▉        | 346M/1.78G [00:26<01:45, 14.7MB/s]
[2026-01-15T02:26:05.101+0000] {docker.py:429} INFO - 19%|█▉        | 348M/1.78G [00:26<01:39, 15.6MB/s]
[2026-01-15T02:26:05.217+0000] {docker.py:429} INFO - 19%|█▉        | 350M/1.78G [00:26<01:35, 16.3MB/s]
[2026-01-15T02:26:05.333+0000] {docker.py:429} INFO - 19%|█▉        | 352M/1.78G [00:26<01:32, 16.8MB/s]
[2026-01-15T02:26:05.451+0000] {docker.py:429} INFO - 19%|█▉        | 354M/1.78G [00:26<01:30, 17.1MB/s]
[2026-01-15T02:26:05.568+0000] {docker.py:429} INFO - 19%|█▉        | 356M/1.78G [00:26<01:29, 17.3MB/s]
[2026-01-15T02:26:05.681+0000] {docker.py:429} INFO - 20%|█▉        | 358M/1.78G [00:27<01:27, 17.6MB/s]
[2026-01-15T02:26:05.798+0000] {docker.py:429} INFO - 20%|█▉        | 360M/1.78G [00:27<01:26, 17.7MB/s]
[2026-01-15T02:26:05.915+0000] {docker.py:429} INFO - 20%|█▉        | 362M/1.78G [00:27<01:26, 17.8MB/s]
[2026-01-15T02:26:06.032+0000] {docker.py:429} INFO - 20%|█▉        | 364M/1.78G [00:27<01:25, 17.8MB/s]
[2026-01-15T02:26:06.153+0000] {docker.py:429} INFO - 20%|██        | 366M/1.78G [00:27<01:26, 17.7MB/s]
[2026-01-15T02:26:06.264+0000] {docker.py:429} INFO - 20%|██        | 368M/1.78G [00:27<01:24, 18.0MB/s]
[2026-01-15T02:26:06.383+0000] {docker.py:429} INFO - 20%|██        | 370M/1.78G [00:27<01:25, 17.9MB/s]
[2026-01-15T02:26:06.499+0000] {docker.py:429} INFO - 20%|██        | 372M/1.78G [00:27<01:25, 17.9MB/s]
[2026-01-15T02:26:06.618+0000] {docker.py:429} INFO - 20%|██        | 374M/1.78G [00:28<01:25, 17.9MB/s]
[2026-01-15T02:26:06.736+0000] {docker.py:429} INFO - 21%|██        | 376M/1.78G [00:28<01:25, 17.9MB/s]
[2026-01-15T02:26:06.855+0000] {docker.py:429} INFO - 21%|██        | 378M/1.78G [00:28<01:25, 17.8MB/s]
[2026-01-15T02:26:06.973+0000] {docker.py:429} INFO - 21%|██        | 380M/1.78G [00:28<01:25, 17.8MB/s]
[2026-01-15T02:26:07.091+0000] {docker.py:429} INFO - 21%|██        | 382M/1.78G [00:28<01:25, 17.7MB/s]
[2026-01-15T02:26:07.210+0000] {docker.py:429} INFO - 21%|██        | 384M/1.78G [00:28<01:25, 17.7MB/s]
[2026-01-15T02:26:07.328+0000] {docker.py:429} INFO - 21%|██        | 386M/1.78G [00:28<01:25, 17.8MB/s]
[2026-01-15T02:26:07.448+0000] {docker.py:429} INFO - 21%|██        | 388M/1.78G [00:28<01:25, 17.7MB/s]
[2026-01-15T02:26:07.565+0000] {docker.py:429} INFO - 21%|██▏       | 390M/1.78G [00:28<01:24, 17.8MB/s]
[2026-01-15T02:26:07.677+0000] {docker.py:429} INFO - 21%|██▏       | 392M/1.78G [00:29<01:23, 18.0MB/s]
[2026-01-15T02:26:07.784+0000] {docker.py:429} INFO - 22%|██▏       | 394M/1.78G [00:29<01:21, 18.4MB/s]
[2026-01-15T02:26:07.894+0000] {docker.py:429} INFO - 22%|██▏       | 396M/1.78G [00:29<01:20, 18.6MB/s]
[2026-01-15T02:26:08.006+0000] {docker.py:429} INFO - 22%|██▏       | 398M/1.78G [00:29<01:20, 18.7MB/s]
[2026-01-15T02:26:08.117+0000] {docker.py:429} INFO - 22%|██▏       | 400M/1.78G [00:29<01:19, 18.8MB/s]
[2026-01-15T02:26:08.230+0000] {docker.py:429} INFO - 22%|██▏       | 402M/1.78G [00:29<01:19, 18.7MB/s]
[2026-01-15T02:26:08.342+0000] {docker.py:429} INFO - 22%|██▏       | 404M/1.78G [00:29<01:19, 18.7MB/s]
[2026-01-15T02:26:08.453+0000] {docker.py:429} INFO - 22%|██▏       | 406M/1.78G [00:29<01:19, 18.7MB/s]
[2026-01-15T02:26:08.563+0000] {docker.py:429} INFO - 22%|██▏       | 408M/1.78G [00:29<01:19, 18.8MB/s]
[2026-01-15T02:26:08.675+0000] {docker.py:429} INFO - 22%|██▏       | 410M/1.78G [00:30<01:19, 18.8MB/s]
[2026-01-15T02:26:08.790+0000] {docker.py:429} INFO - 23%|██▎       | 412M/1.78G [00:30<01:19, 18.6MB/s]
[2026-01-15T02:26:08.902+0000] {docker.py:429} INFO - 23%|██▎       | 414M/1.78G [00:30<01:19, 18.7MB/s]
[2026-01-15T02:26:09.013+0000] {docker.py:429} INFO - 23%|██▎       | 416M/1.78G [00:30<01:18, 18.7MB/s]
[2026-01-15T02:26:09.121+0000] {docker.py:429} INFO - 23%|██▎       | 418M/1.78G [00:30<01:17, 19.0MB/s]
[2026-01-15T02:26:09.229+0000] {docker.py:429} INFO - 23%|██▎       | 420M/1.78G [00:30<01:17, 19.1MB/s]
[2026-01-15T02:26:09.340+0000] {docker.py:429} INFO - 23%|██▎       | 422M/1.78G [00:30<01:17, 19.0MB/s]
[2026-01-15T02:26:09.451+0000] {docker.py:429} INFO - 23%|██▎       | 424M/1.78G [00:30<01:17, 19.0MB/s]
[2026-01-15T02:26:09.562+0000] {docker.py:429} INFO - 23%|██▎       | 426M/1.78G [00:30<01:17, 19.0MB/s]
[2026-01-15T02:26:09.674+0000] {docker.py:429} INFO - 23%|██▎       | 428M/1.78G [00:31<01:17, 18.9MB/s]
[2026-01-15T02:26:09.785+0000] {docker.py:429} INFO - 24%|██▎       | 430M/1.78G [00:31<01:17, 18.9MB/s]
[2026-01-15T02:26:09.924+0000] {docker.py:429} INFO - 24%|██▎       | 432M/1.78G [00:31<01:23, 17.6MB/s]
[2026-01-15T02:26:10.116+0000] {docker.py:429} INFO - 24%|██▍       | 434M/1.78G [00:31<01:38, 14.9MB/s]
[2026-01-15T02:26:10.225+0000] {docker.py:429} INFO - 24%|██▍       | 436M/1.78G [00:31<01:31, 16.0MB/s]
[2026-01-15T02:26:10.331+0000] {docker.py:429} INFO - 24%|██▍       | 438M/1.78G [00:31<01:25, 16.9MB/s]
[2026-01-15T02:26:10.436+0000] {docker.py:429} INFO - 24%|██▍       | 440M/1.78G [00:31<01:22, 17.7MB/s]
[2026-01-15T02:26:10.544+0000] {docker.py:429} INFO - 24%|██▍       | 442M/1.78G [00:31<01:19, 18.2MB/s]
[2026-01-15T02:26:10.651+0000] {docker.py:429} INFO - 24%|██▍       | 444M/1.78G [00:32<01:17, 18.6MB/s]
[2026-01-15T02:26:10.764+0000] {docker.py:429} INFO - 24%|██▍       | 446M/1.78G [00:32<01:17, 18.6MB/s]
[2026-01-15T02:26:10.872+0000] {docker.py:429} INFO - 25%|██▍       | 448M/1.78G [00:32<01:16, 18.8MB/s]
[2026-01-15T02:26:10.979+0000] {docker.py:429} INFO - 25%|██▍       | 450M/1.78G [00:32<01:15, 19.0MB/s]
[2026-01-15T02:26:11.086+0000] {docker.py:429} INFO - 25%|██▍       | 452M/1.78G [00:32<01:15, 19.2MB/s]
[2026-01-15T02:26:11.196+0000] {docker.py:429} INFO - 25%|██▍       | 454M/1.78G [00:32<01:15, 19.2MB/s]
[2026-01-15T02:26:11.305+0000] {docker.py:429} INFO - 25%|██▍       | 456M/1.78G [00:32<01:14, 19.2MB/s]
[2026-01-15T02:26:11.416+0000] {docker.py:429} INFO - 25%|██▌       | 458M/1.78G [00:32<01:15, 19.1MB/s]
[2026-01-15T02:26:11.524+0000] {docker.py:429} INFO - 25%|██▌       | 460M/1.78G [00:32<01:14, 19.2MB/s]
[2026-01-15T02:26:11.630+0000] {docker.py:429} INFO - 25%|██▌       | 462M/1.78G [00:33<01:13, 19.4MB/s]
[2026-01-15T02:26:11.740+0000] {docker.py:429} INFO - 25%|██▌       | 464M/1.78G [00:33<01:14, 19.3MB/s]
[2026-01-15T02:26:11.848+0000] {docker.py:429} INFO - 26%|██▌       | 466M/1.78G [00:33<01:13, 19.3MB/s]
[2026-01-15T02:26:11.956+0000] {docker.py:429} INFO - 26%|██▌       | 468M/1.78G [00:33<01:13, 19.4MB/s]
[2026-01-15T02:26:12.065+0000] {docker.py:429} INFO - 26%|██▌       | 470M/1.78G [00:33<01:13, 19.3MB/s]
[2026-01-15T02:26:12.174+0000] {docker.py:429} INFO - 26%|██▌       | 472M/1.78G [00:33<01:13, 19.3MB/s]
[2026-01-15T02:26:12.283+0000] {docker.py:429} INFO - 26%|██▌       | 474M/1.78G [00:33<01:13, 19.3MB/s]
[2026-01-15T02:26:12.391+0000] {docker.py:429} INFO - 26%|██▌       | 476M/1.78G [00:33<01:13, 19.3MB/s]
[2026-01-15T02:26:12.503+0000] {docker.py:429} INFO - 26%|██▌       | 478M/1.78G [00:33<01:13, 19.2MB/s]
[2026-01-15T02:26:12.613+0000] {docker.py:429} INFO - 26%|██▋       | 480M/1.78G [00:34<01:13, 19.1MB/s]
[2026-01-15T02:26:12.722+0000] {docker.py:429} INFO - 26%|██▋       | 482M/1.78G [00:34<01:13, 19.2MB/s]
[2026-01-15T02:26:12.834+0000] {docker.py:429} INFO - 26%|██▋       | 484M/1.78G [00:34<01:14, 19.0MB/s]
[2026-01-15T02:26:12.943+0000] {docker.py:429} INFO - 27%|██▋       | 486M/1.78G [00:34<01:13, 19.1MB/s]
[2026-01-15T02:26:13.046+0000] {docker.py:429} INFO - 27%|██▋       | 488M/1.78G [00:34<01:12, 19.4MB/s]
[2026-01-15T02:26:13.154+0000] {docker.py:429} INFO - 27%|██▋       | 490M/1.78G [00:34<01:12, 19.4MB/s]
[2026-01-15T02:26:13.261+0000] {docker.py:429} INFO - 27%|██▋       | 492M/1.78G [00:34<01:11, 19.5MB/s]
[2026-01-15T02:26:13.369+0000] {docker.py:429} INFO - 27%|██▋       | 494M/1.78G [00:34<01:11, 19.5MB/s]
[2026-01-15T02:26:13.479+0000] {docker.py:429} INFO - 27%|██▋       | 496M/1.78G [00:34<01:12, 19.4MB/s]
[2026-01-15T02:26:13.586+0000] {docker.py:429} INFO - 27%|██▋       | 498M/1.78G [00:35<01:11, 19.4MB/s]
[2026-01-15T02:26:13.694+0000] {docker.py:429} INFO - 27%|██▋       | 500M/1.78G [00:35<01:11, 19.4MB/s]
[2026-01-15T02:26:13.803+0000] {docker.py:429} INFO - 27%|██▋       | 502M/1.78G [00:35<01:11, 19.4MB/s]
[2026-01-15T02:26:13.910+0000] {docker.py:429} INFO - 28%|██▊       | 504M/1.78G [00:35<01:11, 19.4MB/s]
[2026-01-15T02:26:14.018+0000] {docker.py:429} INFO - 28%|██▊       | 506M/1.78G [00:35<01:11, 19.4MB/s]
[2026-01-15T02:26:14.132+0000] {docker.py:429} INFO - 28%|██▊       | 508M/1.78G [00:35<01:12, 19.1MB/s]
[2026-01-15T02:26:14.240+0000] {docker.py:429} INFO - 28%|██▊       | 510M/1.78G [00:35<01:11, 19.2MB/s]
[2026-01-15T02:26:14.349+0000] {docker.py:429} INFO - 28%|██▊       | 512M/1.78G [00:35<01:11, 19.2MB/s]
[2026-01-15T02:26:14.455+0000] {docker.py:429} INFO - 28%|██▊       | 514M/1.78G [00:35<01:10, 19.4MB/s]
[2026-01-15T02:26:14.565+0000] {docker.py:429} INFO - 28%|██▊       | 516M/1.78G [00:35<01:11, 19.3MB/s]
[2026-01-15T02:26:14.675+0000] {docker.py:429} INFO - 28%|██▊       | 518M/1.78G [00:36<01:11, 19.2MB/s]
[2026-01-15T02:26:14.786+0000] {docker.py:429} INFO - 28%|██▊       | 520M/1.78G [00:36<01:11, 19.1MB/s]
[2026-01-15T02:26:14.896+0000] {docker.py:429} INFO - 29%|██▊       | 522M/1.78G [00:36<01:11, 19.1MB/s]
[2026-01-15T02:26:15.007+0000] {docker.py:429} INFO - 29%|██▊       | 524M/1.78G [00:36<01:11, 19.0MB/s]
[2026-01-15T02:26:15.147+0000] {docker.py:429} INFO - 29%|██▉       | 526M/1.78G [00:36<01:17, 17.6MB/s]
[2026-01-15T02:26:15.335+0000] {docker.py:429} INFO - 29%|██▉       | 528M/1.78G [00:36<01:30, 15.0MB/s]
[2026-01-15T02:26:15.444+0000] {docker.py:429} INFO - 29%|██▉       | 530M/1.78G [00:36<01:24, 16.1MB/s]
[2026-01-15T02:26:15.554+0000] {docker.py:429} INFO - 29%|██▉       | 532M/1.78G [00:36<01:20, 16.8MB/s]
[2026-01-15T02:26:15.662+0000] {docker.py:429} INFO - 29%|██▉       | 534M/1.78G [00:37<01:17, 17.6MB/s]
[2026-01-15T02:26:15.769+0000] {docker.py:429} INFO - 29%|██▉       | 536M/1.78G [00:37<01:14, 18.1MB/s]
[2026-01-15T02:26:15.875+0000] {docker.py:429} INFO - 29%|██▉       | 538M/1.78G [00:37<01:12, 18.6MB/s]
[2026-01-15T02:26:15.981+0000] {docker.py:429} INFO - 30%|██▉       | 540M/1.78G [00:37<01:11, 18.9MB/s]
[2026-01-15T02:26:16.088+0000] {docker.py:429} INFO - 30%|██▉       | 542M/1.78G [00:37<01:10, 19.1MB/s]
[2026-01-15T02:26:16.197+0000] {docker.py:429} INFO - 30%|██▉       | 544M/1.78G [00:37<01:10, 19.2MB/s]
[2026-01-15T02:26:16.303+0000] {docker.py:429} INFO - 30%|██▉       | 546M/1.78G [00:37<01:09, 19.3MB/s]
[2026-01-15T02:26:16.411+0000] {docker.py:429} INFO - 30%|██▉       | 548M/1.78G [00:37<01:09, 19.4MB/s]
[2026-01-15T02:26:16.518+0000] {docker.py:429} INFO - 30%|███       | 550M/1.78G [00:37<01:08, 19.4MB/s]
[2026-01-15T02:26:16.627+0000] {docker.py:429} INFO - 30%|███       | 552M/1.78G [00:38<01:09, 19.4MB/s]
[2026-01-15T02:26:16.737+0000] {docker.py:429} INFO - 30%|███       | 554M/1.78G [00:38<01:09, 19.3MB/s]
[2026-01-15T02:26:16.850+0000] {docker.py:429} INFO - 30%|███       | 556M/1.78G [00:38<01:09, 19.1MB/s]
[2026-01-15T02:26:16.957+0000] {docker.py:429} INFO - 31%|███       | 558M/1.78G [00:38<01:09, 19.2MB/s]
[2026-01-15T02:26:17.068+0000] {docker.py:429} INFO - 31%|███       | 560M/1.78G [00:38<01:09, 19.1MB/s]
[2026-01-15T02:26:17.179+0000] {docker.py:429} INFO - 31%|███       | 562M/1.78G [00:38<01:09, 19.1MB/s]
[2026-01-15T02:26:17.288+0000] {docker.py:429} INFO - 31%|███       | 564M/1.78G [00:38<01:09, 19.1MB/s]
[2026-01-15T02:26:17.398+0000] {docker.py:429} INFO - 31%|███       | 566M/1.78G [00:38<01:09, 19.1MB/s]
[2026-01-15T02:26:17.507+0000] {docker.py:429} INFO - 31%|███       | 568M/1.78G [00:38<01:09, 19.1MB/s]
[2026-01-15T02:26:17.617+0000] {docker.py:429} INFO - 31%|███       | 570M/1.78G [00:39<01:09, 19.1MB/s]
[2026-01-15T02:26:17.727+0000] {docker.py:429} INFO - 31%|███▏      | 572M/1.78G [00:39<01:08, 19.1MB/s]
[2026-01-15T02:26:17.835+0000] {docker.py:429} INFO - 31%|███▏      | 574M/1.78G [00:39<01:08, 19.2MB/s]
[2026-01-15T02:26:17.947+0000] {docker.py:429} INFO - 32%|███▏      | 576M/1.78G [00:39<01:08, 19.1MB/s]
[2026-01-15T02:26:18.056+0000] {docker.py:429} INFO - 32%|███▏      | 578M/1.78G [00:39<01:08, 19.1MB/s]
[2026-01-15T02:26:18.160+0000] {docker.py:429} INFO - 32%|███▏      | 580M/1.78G [00:39<01:07, 19.4MB/s]
[2026-01-15T02:26:18.269+0000] {docker.py:429} INFO - 32%|███▏      | 582M/1.78G [00:39<01:07, 19.4MB/s]
[2026-01-15T02:26:18.378+0000] {docker.py:429} INFO - 32%|███▏      | 584M/1.78G [00:39<01:07, 19.3MB/s]
[2026-01-15T02:26:18.487+0000] {docker.py:429} INFO - 32%|███▏      | 586M/1.78G [00:39<01:07, 19.3MB/s]
[2026-01-15T02:26:18.594+0000] {docker.py:429} INFO - 32%|███▏      | 588M/1.78G [00:40<01:07, 19.4MB/s]
[2026-01-15T02:26:18.703+0000] {docker.py:429} INFO - 32%|███▏      | 590M/1.78G [00:40<01:07, 19.3MB/s]
[2026-01-15T02:26:18.811+0000] {docker.py:429} INFO - 32%|███▏      | 592M/1.78G [00:40<01:06, 19.4MB/s]
[2026-01-15T02:26:18.920+0000] {docker.py:429} INFO - 33%|███▎      | 594M/1.78G [00:40<01:06, 19.3MB/s]
[2026-01-15T02:26:19.029+0000] {docker.py:429} INFO - 33%|███▎      | 596M/1.78G [00:40<01:06, 19.3MB/s]
[2026-01-15T02:26:19.136+0000] {docker.py:429} INFO - 33%|███▎      | 598M/1.78G [00:40<01:06, 19.4MB/s]
[2026-01-15T02:26:19.249+0000] {docker.py:429} INFO - 33%|███▎      | 600M/1.78G [00:40<01:07, 19.1MB/s]
[2026-01-15T02:26:19.359+0000] {docker.py:429} INFO - 33%|███▎      | 602M/1.78G [00:40<01:07, 19.1MB/s]
[2026-01-15T02:26:19.466+0000] {docker.py:429} INFO - 33%|███▎      | 604M/1.78G [00:40<01:06, 19.2MB/s]
[2026-01-15T02:26:19.575+0000] {docker.py:429} INFO - 33%|███▎      | 606M/1.78G [00:41<01:06, 19.3MB/s]
[2026-01-15T02:26:19.686+0000] {docker.py:429} INFO - 33%|███▎      | 608M/1.78G [00:41<01:06, 19.1MB/s]
[2026-01-15T02:26:19.797+0000] {docker.py:429} INFO - 33%|███▎      | 610M/1.78G [00:41<01:06, 19.1MB/s]
[2026-01-15T02:26:19.908+0000] {docker.py:429} INFO - 33%|███▎      | 612M/1.78G [00:41<01:07, 19.0MB/s]
[2026-01-15T02:26:20.020+0000] {docker.py:429} INFO - 34%|███▎      | 614M/1.78G [00:41<01:07, 18.9MB/s]
[2026-01-15T02:26:20.130+0000] {docker.py:429} INFO - 34%|███▎      | 616M/1.78G [00:41<01:06, 19.0MB/s]
[2026-01-15T02:26:20.241+0000] {docker.py:429} INFO - 34%|███▍      | 618M/1.78G [00:41<01:06, 18.9MB/s]
[2026-01-15T02:26:20.404+0000] {docker.py:429} INFO - 34%|███▍      | 620M/1.78G [00:41<01:16, 16.6MB/s]
[2026-01-15T02:26:20.573+0000] {docker.py:429} INFO - 34%|███▍      | 622M/1.78G [00:42<01:23, 15.1MB/s]
[2026-01-15T02:26:20.682+0000] {docker.py:429} INFO - 34%|███▍      | 624M/1.78G [00:42<01:18, 16.1MB/s]
[2026-01-15T02:26:20.788+0000] {docker.py:429} INFO - 34%|███▍      | 626M/1.78G [00:42<01:13, 17.0MB/s]
[2026-01-15T02:26:20.894+0000] {docker.py:429} INFO - 34%|███▍      | 628M/1.78G [00:42<01:10, 17.8MB/s]
[2026-01-15T02:26:21.003+0000] {docker.py:429} INFO - 34%|███▍      | 630M/1.78G [00:42<01:08, 18.2MB/s]
[2026-01-15T02:26:21.110+0000] {docker.py:429} INFO - 35%|███▍      | 632M/1.78G [00:42<01:07, 18.6MB/s]
[2026-01-15T02:26:21.217+0000] {docker.py:429} INFO - 35%|███▍      | 634M/1.78G [00:42<01:06, 18.9MB/s]
[2026-01-15T02:26:21.322+0000] {docker.py:429} INFO - 35%|███▍      | 636M/1.78G [00:42<01:05, 19.2MB/s]
[2026-01-15T02:26:21.429+0000] {docker.py:429} INFO - 35%|███▍      | 638M/1.78G [00:42<01:04, 19.3MB/s]
[2026-01-15T02:26:21.535+0000] {docker.py:429} INFO - 35%|███▌      | 640M/1.78G [00:42<01:04, 19.4MB/s]
[2026-01-15T02:26:21.643+0000] {docker.py:429} INFO - 35%|███▌      | 642M/1.78G [00:43<01:03, 19.4MB/s]
[2026-01-15T02:26:21.751+0000] {docker.py:429} INFO - 35%|███▌      | 644M/1.78G [00:43<01:03, 19.4MB/s]
[2026-01-15T02:26:21.858+0000] {docker.py:429} INFO - 35%|███▌      | 646M/1.78G [00:43<01:03, 19.5MB/s]
[2026-01-15T02:26:21.966+0000] {docker.py:429} INFO - 35%|███▌      | 648M/1.78G [00:43<01:03, 19.4MB/s]
[2026-01-15T02:26:22.076+0000] {docker.py:429} INFO - 36%|███▌      | 650M/1.78G [00:43<01:03, 19.4MB/s]
[2026-01-15T02:26:22.185+0000] {docker.py:429} INFO - 36%|███▌      | 652M/1.78G [00:43<01:03, 19.3MB/s]
[2026-01-15T02:26:22.294+0000] {docker.py:429} INFO - 36%|███▌      | 654M/1.78G [00:43<01:03, 19.3MB/s]
[2026-01-15T02:26:22.404+0000] {docker.py:429} INFO - 36%|███▌      | 656M/1.78G [00:43<01:03, 19.2MB/s]
[2026-01-15T02:26:22.514+0000] {docker.py:429} INFO - 36%|███▌      | 658M/1.78G [00:43<01:03, 19.2MB/s]
[2026-01-15T02:26:22.625+0000] {docker.py:429} INFO - 36%|███▌      | 660M/1.78G [00:44<01:04, 19.1MB/s]
[2026-01-15T02:26:22.733+0000] {docker.py:429} INFO - 36%|███▌      | 662M/1.78G [00:44<01:03, 19.2MB/s]
[2026-01-15T02:26:22.842+0000] {docker.py:429} INFO - 36%|███▋      | 664M/1.78G [00:44<01:03, 19.2MB/s]
[2026-01-15T02:26:22.952+0000] {docker.py:429} INFO - 36%|███▋      | 666M/1.78G [00:44<01:03, 19.2MB/s]
[2026-01-15T02:26:23.061+0000] {docker.py:429} INFO - 37%|███▋      | 668M/1.78G [00:44<01:03, 19.2MB/s]
[2026-01-15T02:26:23.171+0000] {docker.py:429} INFO - 37%|███▋      | 670M/1.78G [00:44<01:03, 19.1MB/s]
[2026-01-15T02:26:23.278+0000] {docker.py:429} INFO - 37%|███▋      | 672M/1.78G [00:44<01:02, 19.3MB/s]
[2026-01-15T02:26:23.381+0000] {docker.py:429} INFO - 37%|███▋      | 674M/1.78G [00:44<01:01, 19.6MB/s]
[2026-01-15T02:26:23.487+0000] {docker.py:429} INFO - 37%|███▋      | 676M/1.78G [00:44<01:01, 19.6MB/s]
[2026-01-15T02:26:23.596+0000] {docker.py:429} INFO - 37%|███▋      | 678M/1.78G [00:45<01:01, 19.5MB/s]
[2026-01-15T02:26:23.702+0000] {docker.py:429} INFO - 37%|███▋      | 680M/1.78G [00:45<01:01, 19.6MB/s]
[2026-01-15T02:26:23.810+0000] {docker.py:429} INFO - 37%|███▋      | 682M/1.78G [00:45<01:01, 19.5MB/s]
[2026-01-15T02:26:23.918+0000] {docker.py:429} INFO - 37%|███▋      | 684M/1.78G [00:45<01:01, 19.5MB/s]
[2026-01-15T02:26:24.025+0000] {docker.py:429} INFO - 38%|███▊      | 686M/1.78G [00:45<01:01, 19.5MB/s]
[2026-01-15T02:26:24.132+0000] {docker.py:429} INFO - 38%|███▊      | 688M/1.78G [00:45<01:01, 19.5MB/s]
[2026-01-15T02:26:24.241+0000] {docker.py:429} INFO - 38%|███▊      | 690M/1.78G [00:45<01:01, 19.5MB/s]
[2026-01-15T02:26:24.348+0000] {docker.py:429} INFO - 38%|███▊      | 692M/1.78G [00:45<01:01, 19.5MB/s]
[2026-01-15T02:26:24.458+0000] {docker.py:429} INFO - 38%|███▊      | 694M/1.78G [00:45<01:01, 19.4MB/s]
[2026-01-15T02:26:24.567+0000] {docker.py:429} INFO - 38%|███▊      | 696M/1.78G [00:45<01:01, 19.3MB/s]
[2026-01-15T02:26:24.678+0000] {docker.py:429} INFO - 38%|███▊      | 698M/1.78G [00:46<01:01, 19.2MB/s]
[2026-01-15T02:26:24.782+0000] {docker.py:429} INFO - 38%|███▊      | 700M/1.78G [00:46<01:00, 19.5MB/s]
[2026-01-15T02:26:24.892+0000] {docker.py:429} INFO - 38%|███▊      | 702M/1.78G [00:46<01:00, 19.4MB/s]
[2026-01-15T02:26:25.003+0000] {docker.py:429} INFO - 39%|███▊      | 704M/1.78G [00:46<01:01, 19.2MB/s]
[2026-01-15T02:26:25.112+0000] {docker.py:429} INFO - 39%|███▊      | 706M/1.78G [00:46<01:01, 19.2MB/s]
[2026-01-15T02:26:25.223+0000] {docker.py:429} INFO - 39%|███▉      | 708M/1.78G [00:46<01:01, 19.1MB/s]
[2026-01-15T02:26:25.335+0000] {docker.py:429} INFO - 39%|███▉      | 710M/1.78G [00:46<01:01, 19.0MB/s]
[2026-01-15T02:26:25.445+0000] {docker.py:429} INFO - 39%|███▉      | 712M/1.78G [00:46<01:01, 19.0MB/s]
[2026-01-15T02:26:25.566+0000] {docker.py:429} INFO - 39%|███▉      | 714M/1.78G [00:46<01:03, 18.5MB/s]
[2026-01-15T02:26:25.775+0000] {docker.py:429} INFO - 39%|███▉      | 716M/1.78G [00:47<01:18, 14.8MB/s]
[2026-01-15T02:26:25.886+0000] {docker.py:429} INFO - 39%|███▉      | 718M/1.78G [00:47<01:13, 15.8MB/s]
[2026-01-15T02:26:26.000+0000] {docker.py:429} INFO - 39%|███▉      | 720M/1.78G [00:47<01:10, 16.5MB/s]
[2026-01-15T02:26:26.111+0000] {docker.py:429} INFO - 40%|███▉      | 722M/1.78G [00:47<01:07, 17.1MB/s]
[2026-01-15T02:26:26.222+0000] {docker.py:429} INFO - 40%|███▉      | 724M/1.78G [00:47<01:05, 17.7MB/s]
[2026-01-15T02:26:26.329+0000] {docker.py:429} INFO - 40%|███▉      | 726M/1.78G [00:47<01:03, 18.2MB/s]
[2026-01-15T02:26:26.438+0000] {docker.py:429} INFO - 40%|███▉      | 728M/1.78G [00:47<01:02, 18.5MB/s]
[2026-01-15T02:26:26.545+0000] {docker.py:429} INFO - 40%|███▉      | 730M/1.78G [00:47<01:01, 18.8MB/s]
[2026-01-15T02:26:26.654+0000] {docker.py:429} INFO - 40%|████      | 732M/1.78G [00:48<01:00, 18.9MB/s]
[2026-01-15T02:26:26.763+0000] {docker.py:429} INFO - 40%|████      | 734M/1.78G [00:48<01:00, 19.0MB/s]
[2026-01-15T02:26:26.872+0000] {docker.py:429} INFO - 40%|████      | 736M/1.78G [00:48<00:59, 19.1MB/s]
[2026-01-15T02:26:26.982+0000] {docker.py:429} INFO - 40%|████      | 738M/1.78G [00:48<00:59, 19.1MB/s]
[2026-01-15T02:26:27.095+0000] {docker.py:429} INFO - 41%|████      | 740M/1.78G [00:48<01:00, 18.9MB/s]
[2026-01-15T02:26:27.202+0000] {docker.py:429} INFO - 41%|████      | 742M/1.78G [00:48<00:59, 19.1MB/s]
[2026-01-15T02:26:27.315+0000] {docker.py:429} INFO - 41%|████      | 744M/1.78G [00:48<00:59, 19.0MB/s]
[2026-01-15T02:26:27.426+0000] {docker.py:429} INFO - 41%|████      | 746M/1.78G [00:48<00:59, 18.9MB/s]
[2026-01-15T02:26:27.538+0000] {docker.py:429} INFO - 41%|████      | 748M/1.78G [00:48<00:59, 18.9MB/s]
[2026-01-15T02:26:27.650+0000] {docker.py:429} INFO - 41%|████      | 750M/1.78G [00:49<01:00, 18.8MB/s]
[2026-01-15T02:26:27.763+0000] {docker.py:429} INFO - 41%|████      | 752M/1.78G [00:49<01:00, 18.8MB/s]
[2026-01-15T02:26:27.876+0000] {docker.py:429} INFO - 41%|████▏     | 754M/1.78G [00:49<01:00, 18.7MB/s]
[2026-01-15T02:26:27.987+0000] {docker.py:429} INFO - 41%|████▏     | 756M/1.78G [00:49<00:59, 18.7MB/s]
[2026-01-15T02:26:28.101+0000] {docker.py:429} INFO - 41%|████▏     | 758M/1.78G [00:49<01:00, 18.7MB/s]
[2026-01-15T02:26:28.214+0000] {docker.py:429} INFO - 42%|████▏     | 760M/1.78G [00:49<01:00, 18.6MB/s]
[2026-01-15T02:26:28.326+0000] {docker.py:429} INFO - 42%|████▏     | 762M/1.78G [00:49<00:59, 18.6MB/s]
[2026-01-15T02:26:28.442+0000] {docker.py:429} INFO - 42%|████▏     | 764M/1.78G [00:49<01:00, 18.5MB/s]
[2026-01-15T02:26:28.553+0000] {docker.py:429} INFO - 42%|████▏     | 766M/1.78G [00:49<00:59, 18.6MB/s]
[2026-01-15T02:26:28.659+0000] {docker.py:429} INFO - 42%|████▏     | 768M/1.78G [00:50<00:58, 18.9MB/s]
[2026-01-15T02:26:28.771+0000] {docker.py:429} INFO - 42%|████▏     | 770M/1.78G [00:50<00:58, 18.9MB/s]
[2026-01-15T02:26:28.882+0000] {docker.py:429} INFO - 42%|████▏     | 772M/1.78G [00:50<00:58, 18.9MB/s]
[2026-01-15T02:26:28.993+0000] {docker.py:429} INFO - 42%|████▏     | 774M/1.78G [00:50<00:58, 18.9MB/s]
[2026-01-15T02:26:29.105+0000] {docker.py:429} INFO - 42%|████▏     | 776M/1.78G [00:50<00:58, 18.9MB/s]
[2026-01-15T02:26:29.217+0000] {docker.py:429} INFO - 43%|████▎     | 778M/1.78G [00:50<00:58, 18.8MB/s]
[2026-01-15T02:26:29.328+0000] {docker.py:429} INFO - 43%|████▎     | 780M/1.78G [00:50<00:58, 18.8MB/s]
[2026-01-15T02:26:29.440+0000] {docker.py:429} INFO - 43%|████▎     | 782M/1.78G [00:50<00:58, 18.8MB/s]
[2026-01-15T02:26:29.552+0000] {docker.py:429} INFO - 43%|████▎     | 784M/1.78G [00:50<00:58, 18.8MB/s]
[2026-01-15T02:26:29.671+0000] {docker.py:429} INFO - 43%|████▎     | 786M/1.78G [00:51<00:59, 18.4MB/s]
[2026-01-15T02:26:29.784+0000] {docker.py:429} INFO - 43%|████▎     | 788M/1.78G [00:51<00:58, 18.5MB/s]
[2026-01-15T02:26:29.898+0000] {docker.py:429} INFO - 43%|████▎     | 790M/1.78G [00:51<00:58, 18.4MB/s]
[2026-01-15T02:26:30.009+0000] {docker.py:429} INFO - 43%|████▎     | 792M/1.78G [00:51<00:58, 18.6MB/s]
[2026-01-15T02:26:30.126+0000] {docker.py:429} INFO - 43%|████▎     | 794M/1.78G [00:51<00:58, 18.4MB/s]
[2026-01-15T02:26:30.243+0000] {docker.py:429} INFO - 44%|████▎     | 796M/1.78G [00:51<00:59, 18.2MB/s]
[2026-01-15T02:26:30.360+0000] {docker.py:429} INFO - 44%|████▎     | 798M/1.78G [00:51<00:59, 18.1MB/s]
[2026-01-15T02:26:30.477+0000] {docker.py:429} INFO - 44%|████▍     | 800M/1.78G [00:51<00:59, 18.1MB/s]
[2026-01-15T02:26:30.595+0000] {docker.py:429} INFO - 44%|████▍     | 802M/1.78G [00:52<00:59, 18.0MB/s]
[2026-01-15T02:26:30.714+0000] {docker.py:429} INFO - 44%|████▍     | 804M/1.78G [00:52<00:59, 17.9MB/s]
[2026-01-15T02:26:30.898+0000] {docker.py:429} INFO - 44%|████▍     | 806M/1.78G [00:52<01:10, 15.3MB/s]
[2026-01-15T02:26:31.054+0000] {docker.py:429} INFO - 44%|████▍     | 808M/1.78G [00:52<01:12, 14.7MB/s]
[2026-01-15T02:26:31.170+0000] {docker.py:429} INFO - 44%|████▍     | 810M/1.78G [00:52<01:08, 15.6MB/s]
[2026-01-15T02:26:31.285+0000] {docker.py:429} INFO - 44%|████▍     | 812M/1.78G [00:52<01:05, 16.3MB/s]
[2026-01-15T02:26:31.402+0000] {docker.py:429} INFO - 45%|████▍     | 814M/1.78G [00:52<01:03, 16.7MB/s]
[2026-01-15T02:26:31.517+0000] {docker.py:429} INFO - 45%|████▍     | 816M/1.78G [00:52<01:01, 17.2MB/s]
[2026-01-15T02:26:31.631+0000] {docker.py:429} INFO - 45%|████▍     | 818M/1.78G [00:53<01:00, 17.5MB/s]
[2026-01-15T02:26:31.743+0000] {docker.py:429} INFO - 45%|████▍     | 820M/1.78G [00:53<00:59, 17.8MB/s]
[2026-01-15T02:26:31.856+0000] {docker.py:429} INFO - 45%|████▍     | 822M/1.78G [00:53<00:58, 18.1MB/s]
[2026-01-15T02:26:31.970+0000] {docker.py:429} INFO - 45%|████▌     | 824M/1.78G [00:53<00:57, 18.2MB/s]
[2026-01-15T02:26:32.088+0000] {docker.py:429} INFO - 45%|████▌     | 826M/1.78G [00:53<00:58, 18.0MB/s]
[2026-01-15T02:26:32.204+0000] {docker.py:429} INFO - 45%|████▌     | 828M/1.78G [00:53<00:57, 18.1MB/s]
[2026-01-15T02:26:32.325+0000] {docker.py:429} INFO - 45%|████▌     | 830M/1.78G [00:53<00:58, 17.8MB/s]
[2026-01-15T02:26:32.435+0000] {docker.py:429} INFO - 46%|████▌     | 832M/1.78G [00:53<00:57, 18.2MB/s]
[2026-01-15T02:26:32.552+0000] {docker.py:429} INFO - 46%|████▌     | 834M/1.78G [00:53<00:57, 18.1MB/s]
[2026-01-15T02:26:32.667+0000] {docker.py:429} INFO - 46%|████▌     | 836M/1.78G [00:54<00:57, 18.2MB/s]
[2026-01-15T02:26:32.784+0000] {docker.py:429} INFO - 46%|████▌     | 838M/1.78G [00:54<00:57, 18.1MB/s]
[2026-01-15T02:26:32.902+0000] {docker.py:429} INFO - 46%|████▌     | 840M/1.78G [00:54<00:57, 18.0MB/s]
[2026-01-15T02:26:33.018+0000] {docker.py:429} INFO - 46%|████▌     | 842M/1.78G [00:54<00:57, 18.0MB/s]
[2026-01-15T02:26:33.136+0000] {docker.py:429} INFO - 46%|████▌     | 844M/1.78G [00:54<00:57, 17.9MB/s]
[2026-01-15T02:26:33.254+0000] {docker.py:429} INFO - 46%|████▋     | 846M/1.78G [00:54<00:57, 17.9MB/s]
[2026-01-15T02:26:33.370+0000] {docker.py:429} INFO - 46%|████▋     | 848M/1.78G [00:54<00:57, 17.9MB/s]
[2026-01-15T02:26:33.487+0000] {docker.py:429} INFO - 47%|████▋     | 850M/1.78G [00:54<00:57, 17.9MB/s]
[2026-01-15T02:26:33.606+0000] {docker.py:429} INFO - 47%|████▋     | 852M/1.78G [00:55<00:57, 17.9MB/s]
[2026-01-15T02:26:33.724+0000] {docker.py:429} INFO - 47%|████▋     | 854M/1.78G [00:55<00:57, 17.8MB/s]
[2026-01-15T02:26:33.837+0000] {docker.py:429} INFO - 47%|████▋     | 856M/1.78G [00:55<00:56, 18.0MB/s]
[2026-01-15T02:26:33.949+0000] {docker.py:429} INFO - 47%|████▋     | 858M/1.78G [00:55<00:55, 18.2MB/s]
[2026-01-15T02:26:34.064+0000] {docker.py:429} INFO - 47%|████▋     | 860M/1.78G [00:55<00:55, 18.2MB/s]
[2026-01-15T02:26:34.179+0000] {docker.py:429} INFO - 47%|████▋     | 862M/1.78G [00:55<00:55, 18.3MB/s]
[2026-01-15T02:26:34.293+0000] {docker.py:429} INFO - 47%|████▋     | 864M/1.78G [00:55<00:55, 18.3MB/s]
[2026-01-15T02:26:34.407+0000] {docker.py:429} INFO - 47%|████▋     | 866M/1.78G [00:55<00:55, 18.3MB/s]
[2026-01-15T02:26:34.522+0000] {docker.py:429} INFO - 48%|████▊     | 868M/1.78G [00:55<00:54, 18.3MB/s]
[2026-01-15T02:26:34.638+0000] {docker.py:429} INFO - 48%|████▊     | 870M/1.78G [00:56<00:54, 18.3MB/s]
[2026-01-15T02:26:34.753+0000] {docker.py:429} INFO - 48%|████▊     | 872M/1.78G [00:56<00:54, 18.2MB/s]
[2026-01-15T02:26:34.869+0000] {docker.py:429} INFO - 48%|████▊     | 874M/1.78G [00:56<00:54, 18.2MB/s]
[2026-01-15T02:26:34.983+0000] {docker.py:429} INFO - 48%|████▊     | 876M/1.78G [00:56<00:54, 18.2MB/s]
[2026-01-15T02:26:35.100+0000] {docker.py:429} INFO - 48%|████▊     | 878M/1.78G [00:56<00:54, 18.2MB/s]
[2026-01-15T02:26:35.214+0000] {docker.py:429} INFO - 48%|████▊     | 880M/1.78G [00:56<00:54, 18.2MB/s]
[2026-01-15T02:26:35.323+0000] {docker.py:429} INFO - 48%|████▊     | 882M/1.78G [00:56<00:53, 18.5MB/s]
[2026-01-15T02:26:35.437+0000] {docker.py:429} INFO - 48%|████▊     | 884M/1.78G [00:56<00:53, 18.5MB/s]
[2026-01-15T02:26:35.551+0000] {docker.py:429} INFO - 48%|████▊     | 886M/1.78G [00:56<00:53, 18.4MB/s]
[2026-01-15T02:26:35.666+0000] {docker.py:429} INFO - 49%|████▊     | 888M/1.78G [00:57<00:53, 18.4MB/s]
[2026-01-15T02:26:35.778+0000] {docker.py:429} INFO - 49%|████▊     | 890M/1.78G [00:57<00:53, 18.5MB/s]
[2026-01-15T02:26:35.893+0000] {docker.py:429} INFO - 49%|████▉     | 892M/1.78G [00:57<00:53, 18.4MB/s]
[2026-01-15T02:26:36.016+0000] {docker.py:429} INFO - 49%|████▉     | 894M/1.78G [00:57<00:54, 18.0MB/s]
[2026-01-15T02:26:36.222+0000] {docker.py:429} INFO - 49%|████▉     | 896M/1.78G [00:57<01:06, 14.6MB/s]
[2026-01-15T02:26:36.336+0000] {docker.py:429} INFO - 49%|████▉     | 898M/1.78G [00:57<01:02, 15.6MB/s]
[2026-01-15T02:26:36.445+0000] {docker.py:429} INFO - 49%|████▉     | 900M/1.78G [00:57<00:58, 16.5MB/s]
[2026-01-15T02:26:36.556+0000] {docker.py:429} INFO - 49%|████▉     | 902M/1.78G [00:57<00:56, 17.2MB/s]
[2026-01-15T02:26:36.666+0000] {docker.py:429} INFO - 49%|████▉     | 904M/1.78G [00:58<00:54, 17.7MB/s]
[2026-01-15T02:26:36.775+0000] {docker.py:429} INFO - 50%|████▉     | 906M/1.78G [00:58<00:53, 18.1MB/s]
[2026-01-15T02:26:36.886+0000] {docker.py:429} INFO - 50%|████▉     | 908M/1.78G [00:58<00:52, 18.4MB/s]
[2026-01-15T02:26:36.995+0000] {docker.py:429} INFO - 50%|████▉     | 910M/1.78G [00:58<00:51, 18.6MB/s]
[2026-01-15T02:26:37.106+0000] {docker.py:429} INFO - 50%|████▉     | 912M/1.78G [00:58<00:51, 18.7MB/s]
[2026-01-15T02:26:37.216+0000] {docker.py:429} INFO - 50%|█████     | 914M/1.78G [00:58<00:50, 18.8MB/s]
[2026-01-15T02:26:37.326+0000] {docker.py:429} INFO - 50%|█████     | 916M/1.78G [00:58<00:50, 18.9MB/s]
[2026-01-15T02:26:37.438+0000] {docker.py:429} INFO - 50%|█████     | 918M/1.78G [00:58<00:50, 18.8MB/s]
[2026-01-15T02:26:37.554+0000] {docker.py:429} INFO - 50%|█████     | 920M/1.78G [00:58<00:51, 18.6MB/s]
[2026-01-15T02:26:37.662+0000] {docker.py:429} INFO - 50%|█████     | 922M/1.78G [00:59<00:50, 18.9MB/s]
[2026-01-15T02:26:37.774+0000] {docker.py:429} INFO - 51%|█████     | 924M/1.78G [00:59<00:50, 18.8MB/s]
[2026-01-15T02:26:37.888+0000] {docker.py:429} INFO - 51%|█████     | 926M/1.78G [00:59<00:50, 18.7MB/s]
[2026-01-15T02:26:38.002+0000] {docker.py:429} INFO - 51%|█████     | 928M/1.78G [00:59<00:50, 18.6MB/s]
[2026-01-15T02:26:38.115+0000] {docker.py:429} INFO - 51%|█████     | 930M/1.78G [00:59<00:50, 18.6MB/s]
[2026-01-15T02:26:38.228+0000] {docker.py:429} INFO - 51%|█████     | 932M/1.78G [00:59<00:50, 18.6MB/s]
[2026-01-15T02:26:38.340+0000] {docker.py:429} INFO - 51%|█████     | 934M/1.78G [00:59<00:50, 18.6MB/s]
[2026-01-15T02:26:38.453+0000] {docker.py:429} INFO - 51%|█████     | 936M/1.78G [00:59<00:50, 18.6MB/s]
[2026-01-15T02:26:38.566+0000] {docker.py:429} INFO - 51%|█████▏    | 938M/1.78G [00:59<00:50, 18.6MB/s]
[2026-01-15T02:26:38.678+0000] {docker.py:429} INFO - 51%|█████▏    | 940M/1.78G [01:00<00:49, 18.6MB/s]
[2026-01-15T02:26:38.790+0000] {docker.py:429} INFO - 52%|█████▏    | 942M/1.78G [01:00<00:49, 18.6MB/s]
[2026-01-15T02:26:38.904+0000] {docker.py:429} INFO - 52%|█████▏    | 944M/1.78G [01:00<00:49, 18.6MB/s]
[2026-01-15T02:26:39.014+0000] {docker.py:429} INFO - 52%|█████▏    | 946M/1.78G [01:00<00:49, 18.7MB/s]
[2026-01-15T02:26:39.123+0000] {docker.py:429} INFO - 52%|█████▏    | 948M/1.78G [01:00<00:48, 18.9MB/s]
[2026-01-15T02:26:39.235+0000] {docker.py:429} INFO - 52%|█████▏    | 950M/1.78G [01:00<00:48, 18.8MB/s]
[2026-01-15T02:26:39.346+0000] {docker.py:429} INFO - 52%|█████▏    | 952M/1.78G [01:00<00:48, 18.8MB/s]
[2026-01-15T02:26:39.459+0000] {docker.py:429} INFO - 52%|█████▏    | 954M/1.78G [01:00<00:48, 18.7MB/s]
[2026-01-15T02:26:39.571+0000] {docker.py:429} INFO - 52%|█████▏    | 956M/1.78G [01:01<00:48, 18.7MB/s]
[2026-01-15T02:26:39.684+0000] {docker.py:429} INFO - 52%|█████▏    | 958M/1.78G [01:01<00:48, 18.7MB/s]
[2026-01-15T02:26:39.796+0000] {docker.py:429} INFO - 53%|█████▎    | 960M/1.78G [01:01<00:48, 18.7MB/s]
[2026-01-15T02:26:39.908+0000] {docker.py:429} INFO - 53%|█████▎    | 962M/1.78G [01:01<00:48, 18.7MB/s]
[2026-01-15T02:26:40.016+0000] {docker.py:429} INFO - 53%|█████▎    | 964M/1.78G [01:01<00:47, 18.9MB/s]
[2026-01-15T02:26:40.126+0000] {docker.py:429} INFO - 53%|█████▎    | 966M/1.78G [01:01<00:47, 19.0MB/s]
[2026-01-15T02:26:40.228+0000] {docker.py:429} INFO - 53%|█████▎    | 968M/1.78G [01:01<00:46, 19.4MB/s]
[2026-01-15T02:26:40.339+0000] {docker.py:429} INFO - 53%|█████▎    | 970M/1.78G [01:01<00:46, 19.3MB/s]
[2026-01-15T02:26:40.449+0000] {docker.py:429} INFO - 53%|█████▎    | 972M/1.78G [01:01<00:46, 19.2MB/s]
[2026-01-15T02:26:40.557+0000] {docker.py:429} INFO - 53%|█████▎    | 974M/1.78G [01:01<00:46, 19.3MB/s]
[2026-01-15T02:26:40.663+0000] {docker.py:429} INFO - 53%|█████▎    | 976M/1.78G [01:02<00:45, 19.4MB/s]
[2026-01-15T02:26:40.768+0000] {docker.py:429} INFO - 54%|█████▎    | 978M/1.78G [01:02<00:45, 19.6MB/s]
[2026-01-15T02:26:40.876+0000] {docker.py:429} INFO - 54%|█████▎    | 980M/1.78G [01:02<00:45, 19.5MB/s]
[2026-01-15T02:26:40.984+0000] {docker.py:429} INFO - 54%|█████▍    | 982M/1.78G [01:02<00:45, 19.5MB/s]
[2026-01-15T02:26:41.090+0000] {docker.py:429} INFO - 54%|█████▍    | 984M/1.78G [01:02<00:45, 19.6MB/s]
[2026-01-15T02:26:41.198+0000] {docker.py:429} INFO - 54%|█████▍    | 986M/1.78G [01:02<00:45, 19.5MB/s]
[2026-01-15T02:26:41.400+0000] {docker.py:429} INFO - 54%|█████▍    | 988M/1.78G [01:02<00:56, 15.5MB/s]
[2026-01-15T02:26:41.515+0000] {docker.py:429} INFO - 54%|█████▍    | 990M/1.78G [01:02<00:54, 16.2MB/s]
[2026-01-15T02:26:41.622+0000] {docker.py:429} INFO - 54%|█████▍    | 992M/1.78G [01:03<00:51, 17.1MB/s]
[2026-01-15T02:26:41.728+0000] {docker.py:429} INFO - 54%|█████▍    | 994M/1.78G [01:03<00:49, 17.8MB/s]
[2026-01-15T02:26:41.836+0000] {docker.py:429} INFO - 55%|█████▍    | 996M/1.78G [01:03<00:47, 18.3MB/s]
[2026-01-15T02:26:41.943+0000] {docker.py:429} INFO - 55%|█████▍    | 998M/1.78G [01:03<00:46, 18.6MB/s]
[2026-01-15T02:26:42.051+0000] {docker.py:429} INFO - 55%|█████▍    | 0.98G/1.78G [01:03<00:45, 18.9MB/s]
[2026-01-15T02:26:42.157+0000] {docker.py:429} INFO - 55%|█████▍    | 0.98G/1.78G [01:03<00:45, 19.1MB/s]
[2026-01-15T02:26:42.264+0000] {docker.py:429} INFO - 55%|█████▍    | 0.98G/1.78G [01:03<00:44, 19.3MB/s]
[2026-01-15T02:26:42.369+0000] {docker.py:429} INFO - 55%|█████▌    | 0.98G/1.78G [01:03<00:44, 19.5MB/s]
[2026-01-15T02:26:42.475+0000] {docker.py:429} INFO - 55%|█████▌    | 0.98G/1.78G [01:03<00:43, 19.6MB/s]
[2026-01-15T02:26:42.580+0000] {docker.py:429} INFO - 55%|█████▌    | 0.99G/1.78G [01:04<00:43, 19.7MB/s]
[2026-01-15T02:26:42.690+0000] {docker.py:429} INFO - 55%|█████▌    | 0.99G/1.78G [01:04<00:43, 19.5MB/s]
[2026-01-15T02:26:42.797+0000] {docker.py:429} INFO - 56%|█████▌    | 0.99G/1.78G [01:04<00:43, 19.5MB/s]
[2026-01-15T02:26:42.903+0000] {docker.py:429} INFO - 56%|█████▌    | 0.99G/1.78G [01:04<00:43, 19.6MB/s]
[2026-01-15T02:26:43.013+0000] {docker.py:429} INFO - 56%|█████▌    | 0.99G/1.78G [01:04<00:43, 19.5MB/s]
[2026-01-15T02:26:43.123+0000] {docker.py:429} INFO - 56%|█████▌    | 1.00G/1.78G [01:04<00:43, 19.3MB/s]
[2026-01-15T02:26:43.233+0000] {docker.py:429} INFO - 56%|█████▌    | 1.00G/1.78G [01:04<00:43, 19.3MB/s]
[2026-01-15T02:26:43.343+0000] {docker.py:429} INFO - 56%|█████▌    | 1.00G/1.78G [01:04<00:43, 19.2MB/s]
[2026-01-15T02:26:43.450+0000] {docker.py:429} INFO - 56%|█████▌    | 1.00G/1.78G [01:04<00:43, 19.3MB/s]
[2026-01-15T02:26:43.558+0000] {docker.py:429} INFO - 56%|█████▋    | 1.00G/1.78G [01:04<00:43, 19.4MB/s]
[2026-01-15T02:26:43.666+0000] {docker.py:429} INFO - 56%|█████▋    | 1.01G/1.78G [01:05<00:43, 19.4MB/s]
[2026-01-15T02:26:43.776+0000] {docker.py:429} INFO - 56%|█████▋    | 1.01G/1.78G [01:05<00:43, 19.3MB/s]
[2026-01-15T02:26:43.885+0000] {docker.py:429} INFO - 57%|█████▋    | 1.01G/1.78G [01:05<00:43, 19.2MB/s]
[2026-01-15T02:26:43.995+0000] {docker.py:429} INFO - 57%|█████▋    | 1.01G/1.78G [01:05<00:43, 19.2MB/s]
[2026-01-15T02:26:44.107+0000] {docker.py:429} INFO - 57%|█████▋    | 1.01G/1.78G [01:05<00:43, 19.1MB/s]
[2026-01-15T02:26:44.214+0000] {docker.py:429} INFO - 57%|█████▋    | 1.02G/1.78G [01:05<00:42, 19.2MB/s]
[2026-01-15T02:26:44.317+0000] {docker.py:429} INFO - 57%|█████▋    | 1.02G/1.78G [01:05<00:42, 19.6MB/s]
[2026-01-15T02:26:44.426+0000] {docker.py:429} INFO - 57%|█████▋    | 1.02G/1.78G [01:05<00:42, 19.4MB/s]
[2026-01-15T02:26:44.534+0000] {docker.py:429} INFO - 57%|█████▋    | 1.02G/1.78G [01:05<00:42, 19.4MB/s]
[2026-01-15T02:26:44.642+0000] {docker.py:429} INFO - 57%|█████▋    | 1.02G/1.78G [01:06<00:42, 19.4MB/s]
[2026-01-15T02:26:44.751+0000] {docker.py:429} INFO - 57%|█████▋    | 1.03G/1.78G [01:06<00:42, 19.4MB/s]
[2026-01-15T02:26:44.860+0000] {docker.py:429} INFO - 58%|█████▊    | 1.03G/1.78G [01:06<00:42, 19.3MB/s]
[2026-01-15T02:26:44.968+0000] {docker.py:429} INFO - 58%|█████▊    | 1.03G/1.78G [01:06<00:41, 19.4MB/s]
[2026-01-15T02:26:45.077+0000] {docker.py:429} INFO - 58%|█████▊    | 1.03G/1.78G [01:06<00:41, 19.3MB/s]
[2026-01-15T02:26:45.185+0000] {docker.py:429} INFO - 58%|█████▊    | 1.03G/1.78G [01:06<00:41, 19.3MB/s]
[2026-01-15T02:26:45.294+0000] {docker.py:429} INFO - 58%|█████▊    | 1.04G/1.78G [01:06<00:41, 19.4MB/s]
[2026-01-15T02:26:45.407+0000] {docker.py:429} INFO - 58%|█████▊    | 1.04G/1.78G [01:06<00:42, 19.1MB/s]
[2026-01-15T02:26:45.517+0000] {docker.py:429} INFO - 58%|█████▊    | 1.04G/1.78G [01:06<00:41, 19.1MB/s]
[2026-01-15T02:26:45.626+0000] {docker.py:429} INFO - 58%|█████▊    | 1.04G/1.78G [01:07<00:41, 19.1MB/s]
[2026-01-15T02:26:45.732+0000] {docker.py:429} INFO - 58%|█████▊    | 1.04G/1.78G [01:07<00:41, 19.3MB/s]
[2026-01-15T02:26:45.841+0000] {docker.py:429} INFO - 59%|█████▊    | 1.04G/1.78G [01:07<00:41, 19.3MB/s]
[2026-01-15T02:26:45.952+0000] {docker.py:429} INFO - 59%|█████▊    | 1.05G/1.78G [01:07<00:41, 19.2MB/s]
[2026-01-15T02:26:46.062+0000] {docker.py:429} INFO - 59%|█████▉    | 1.05G/1.78G [01:07<00:41, 19.1MB/s]
[2026-01-15T02:26:46.172+0000] {docker.py:429} INFO - 59%|█████▉    | 1.05G/1.78G [01:07<00:41, 19.1MB/s]
[2026-01-15T02:26:46.282+0000] {docker.py:429} INFO - 59%|█████▉    | 1.05G/1.78G [01:07<00:41, 19.1MB/s]
[2026-01-15T02:26:46.393+0000] {docker.py:429} INFO - 59%|█████▉    | 1.05G/1.78G [01:07<00:41, 19.0MB/s]
[2026-01-15T02:26:46.581+0000] {docker.py:429} INFO - 59%|█████▉    | 1.06G/1.78G [01:08<00:49, 15.7MB/s]
[2026-01-15T02:26:46.720+0000] {docker.py:429} INFO - 59%|█████▉    | 1.06G/1.78G [01:08<00:50, 15.5MB/s]
[2026-01-15T02:26:46.832+0000] {docker.py:429} INFO - 59%|█████▉    | 1.06G/1.78G [01:08<00:47, 16.3MB/s]
[2026-01-15T02:26:46.943+0000] {docker.py:429} INFO - 60%|█████▉    | 1.06G/1.78G [01:08<00:45, 17.0MB/s]
[2026-01-15T02:26:47.056+0000] {docker.py:429} INFO - 60%|█████▉    | 1.06G/1.78G [01:08<00:44, 17.5MB/s]
[2026-01-15T02:26:47.168+0000] {docker.py:429} INFO - 60%|█████▉    | 1.07G/1.78G [01:08<00:43, 17.8MB/s]
[2026-01-15T02:26:47.282+0000] {docker.py:429} INFO - 60%|█████▉    | 1.07G/1.78G [01:08<00:42, 18.0MB/s]
[2026-01-15T02:26:47.394+0000] {docker.py:429} INFO - 60%|█████▉    | 1.07G/1.78G [01:08<00:42, 18.2MB/s]
[2026-01-15T02:26:47.502+0000] {docker.py:429} INFO - 60%|██████    | 1.07G/1.78G [01:08<00:41, 18.6MB/s]
[2026-01-15T02:26:47.608+0000] {docker.py:429} INFO - 60%|██████    | 1.07G/1.78G [01:09<00:40, 18.9MB/s]
[2026-01-15T02:26:47.717+0000] {docker.py:429} INFO - 60%|██████    | 1.08G/1.78G [01:09<00:39, 19.0MB/s]
[2026-01-15T02:26:47.832+0000] {docker.py:429} INFO - 60%|██████    | 1.08G/1.78G [01:09<00:40, 18.8MB/s]
[2026-01-15T02:26:47.945+0000] {docker.py:429} INFO - 61%|██████    | 1.08G/1.78G [01:09<00:40, 18.7MB/s]
[2026-01-15T02:26:48.058+0000] {docker.py:429} INFO - 61%|██████    | 1.08G/1.78G [01:09<00:40, 18.7MB/s]
[2026-01-15T02:26:48.173+0000] {docker.py:429} INFO - 61%|██████    | 1.08G/1.78G [01:09<00:40, 18.6MB/s]
[2026-01-15T02:26:48.288+0000] {docker.py:429} INFO - 61%|██████    | 1.09G/1.78G [01:09<00:40, 18.4MB/s]
[2026-01-15T02:26:48.402+0000] {docker.py:429} INFO - 61%|██████    | 1.09G/1.78G [01:09<00:40, 18.4MB/s]
[2026-01-15T02:26:48.513+0000] {docker.py:429} INFO - 61%|██████    | 1.09G/1.78G [01:09<00:40, 18.6MB/s]
[2026-01-15T02:26:48.626+0000] {docker.py:429} INFO - 61%|██████    | 1.09G/1.78G [01:10<00:40, 18.6MB/s]
[2026-01-15T02:26:48.743+0000] {docker.py:429} INFO - 61%|██████▏   | 1.09G/1.78G [01:10<00:40, 18.4MB/s]
[2026-01-15T02:26:48.857+0000] {docker.py:429} INFO - 61%|██████▏   | 1.10G/1.78G [01:10<00:40, 18.4MB/s]
[2026-01-15T02:26:48.970+0000] {docker.py:429} INFO - 62%|██████▏   | 1.10G/1.78G [01:10<00:40, 18.4MB/s]
[2026-01-15T02:26:49.084+0000] {docker.py:429} INFO - 62%|██████▏   | 1.10G/1.78G [01:10<00:39, 18.4MB/s]
[2026-01-15T02:26:49.196+0000] {docker.py:429} INFO - 62%|██████▏   | 1.10G/1.78G [01:10<00:39, 18.5MB/s]
[2026-01-15T02:26:49.311+0000] {docker.py:429} INFO - 62%|██████▏   | 1.10G/1.78G [01:10<00:39, 18.4MB/s]
[2026-01-15T02:26:49.426+0000] {docker.py:429} INFO - 62%|██████▏   | 1.11G/1.78G [01:10<00:39, 18.4MB/s]
[2026-01-15T02:26:49.532+0000] {docker.py:429} INFO - 62%|██████▏   | 1.11G/1.78G [01:10<00:38, 18.8MB/s]
[2026-01-15T02:26:49.641+0000] {docker.py:429} INFO - 62%|██████▏   | 1.11G/1.78G [01:11<00:38, 18.9MB/s]
[2026-01-15T02:26:49.752+0000] {docker.py:429} INFO - 62%|██████▏   | 1.11G/1.78G [01:11<00:38, 18.9MB/s]
[2026-01-15T02:26:49.862+0000] {docker.py:429} INFO - 62%|██████▏   | 1.11G/1.78G [01:11<00:38, 18.9MB/s]
[2026-01-15T02:26:49.973+0000] {docker.py:429} INFO - 63%|██████▎   | 1.12G/1.78G [01:11<00:37, 18.9MB/s]
[2026-01-15T02:26:50.084+0000] {docker.py:429} INFO - 63%|██████▎   | 1.12G/1.78G [01:11<00:37, 18.9MB/s]
[2026-01-15T02:26:50.194+0000] {docker.py:429} INFO - 63%|██████▎   | 1.12G/1.78G [01:11<00:37, 19.0MB/s]
[2026-01-15T02:26:50.304+0000] {docker.py:429} INFO - 63%|██████▎   | 1.12G/1.78G [01:11<00:37, 19.0MB/s]
[2026-01-15T02:26:50.415+0000] {docker.py:429} INFO - 63%|██████▎   | 1.12G/1.78G [01:11<00:37, 18.9MB/s]
[2026-01-15T02:26:50.526+0000] {docker.py:429} INFO - 63%|██████▎   | 1.12G/1.78G [01:11<00:37, 18.9MB/s]
[2026-01-15T02:26:50.636+0000] {docker.py:429} INFO - 63%|██████▎   | 1.13G/1.78G [01:12<00:37, 19.0MB/s]
[2026-01-15T02:26:50.749+0000] {docker.py:429} INFO - 63%|██████▎   | 1.13G/1.78G [01:12<00:37, 18.8MB/s]
[2026-01-15T02:26:50.858+0000] {docker.py:429} INFO - 63%|██████▎   | 1.13G/1.78G [01:12<00:36, 19.0MB/s]
[2026-01-15T02:26:50.965+0000] {docker.py:429} INFO - 63%|██████▎   | 1.13G/1.78G [01:12<00:36, 19.2MB/s]
[2026-01-15T02:26:51.072+0000] {docker.py:429} INFO - 64%|██████▎   | 1.13G/1.78G [01:12<00:36, 19.3MB/s]
[2026-01-15T02:26:51.182+0000] {docker.py:429} INFO - 64%|██████▎   | 1.14G/1.78G [01:12<00:36, 19.3MB/s]
[2026-01-15T02:26:51.291+0000] {docker.py:429} INFO - 64%|██████▍   | 1.14G/1.78G [01:12<00:36, 19.2MB/s]
[2026-01-15T02:26:51.401+0000] {docker.py:429} INFO - 64%|██████▍   | 1.14G/1.78G [01:12<00:36, 19.2MB/s]
[2026-01-15T02:26:51.510+0000] {docker.py:429} INFO - 64%|██████▍   | 1.14G/1.78G [01:12<00:35, 19.2MB/s]
[2026-01-15T02:26:51.621+0000] {docker.py:429} INFO - 64%|██████▍   | 1.14G/1.78G [01:13<00:35, 19.1MB/s]
[2026-01-15T02:26:51.829+0000] {docker.py:429} INFO - 64%|██████▍   | 1.15G/1.78G [01:13<00:45, 15.1MB/s]
[2026-01-15T02:26:51.949+0000] {docker.py:429} INFO - 64%|██████▍   | 1.15G/1.78G [01:13<00:43, 15.7MB/s]
[2026-01-15T02:26:52.054+0000] {docker.py:429} INFO - 64%|██████▍   | 1.15G/1.78G [01:13<00:40, 16.8MB/s]
[2026-01-15T02:26:52.156+0000] {docker.py:429} INFO - 65%|██████▍   | 1.15G/1.78G [01:13<00:38, 17.8MB/s]
[2026-01-15T02:26:52.260+0000] {docker.py:429} INFO - 65%|██████▍   | 1.15G/1.78G [01:13<00:36, 18.4MB/s]
[2026-01-15T02:26:52.362+0000] {docker.py:429} INFO - 65%|██████▍   | 1.16G/1.78G [01:13<00:35, 19.0MB/s]
[2026-01-15T02:26:52.465+0000] {docker.py:429} INFO - 65%|██████▍   | 1.16G/1.78G [01:13<00:34, 19.4MB/s]
[2026-01-15T02:26:52.568+0000] {docker.py:429} INFO - 65%|██████▌   | 1.16G/1.78G [01:13<00:33, 19.7MB/s]
[2026-01-15T02:26:52.673+0000] {docker.py:429} INFO - 65%|██████▌   | 1.16G/1.78G [01:14<00:33, 19.7MB/s]
[2026-01-15T02:26:52.780+0000] {docker.py:429} INFO - 65%|██████▌   | 1.16G/1.78G [01:14<00:33, 19.7MB/s]
[2026-01-15T02:26:52.889+0000] {docker.py:429} INFO - 65%|██████▌   | 1.17G/1.78G [01:14<00:33, 19.6MB/s]
[2026-01-15T02:26:52.994+0000] {docker.py:429} INFO - 65%|██████▌   | 1.17G/1.78G [01:14<00:33, 19.7MB/s]
[2026-01-15T02:26:53.100+0000] {docker.py:429} INFO - 66%|██████▌   | 1.17G/1.78G [01:14<00:33, 19.7MB/s]
[2026-01-15T02:26:53.206+0000] {docker.py:429} INFO - 66%|██████▌   | 1.17G/1.78G [01:14<00:33, 19.8MB/s]
[2026-01-15T02:26:53.309+0000] {docker.py:429} INFO - 66%|██████▌   | 1.17G/1.78G [01:14<00:32, 19.9MB/s]
[2026-01-15T02:26:53.416+0000] {docker.py:429} INFO - 66%|██████▌   | 1.18G/1.78G [01:14<00:32, 19.8MB/s]
[2026-01-15T02:26:53.526+0000] {docker.py:429} INFO - 66%|██████▌   | 1.18G/1.78G [01:14<00:33, 19.6MB/s]
[2026-01-15T02:26:53.635+0000] {docker.py:429} INFO - 66%|██████▌   | 1.18G/1.78G [01:15<00:33, 19.5MB/s]
[2026-01-15T02:26:53.741+0000] {docker.py:429} INFO - 66%|██████▌   | 1.18G/1.78G [01:15<00:33, 19.6MB/s]
[2026-01-15T02:26:53.848+0000] {docker.py:429} INFO - 66%|██████▋   | 1.18G/1.78G [01:15<00:32, 19.6MB/s]
[2026-01-15T02:26:53.956+0000] {docker.py:429} INFO - 66%|██████▋   | 1.19G/1.78G [01:15<00:32, 19.5MB/s]
[2026-01-15T02:26:54.063+0000] {docker.py:429} INFO - 67%|██████▋   | 1.19G/1.78G [01:15<00:32, 19.5MB/s]
[2026-01-15T02:26:54.171+0000] {docker.py:429} INFO - 67%|██████▋   | 1.19G/1.78G [01:15<00:32, 19.5MB/s]
[2026-01-15T02:26:54.277+0000] {docker.py:429} INFO - 67%|██████▋   | 1.19G/1.78G [01:15<00:32, 19.6MB/s]
[2026-01-15T02:26:54.381+0000] {docker.py:429} INFO - 67%|██████▋   | 1.19G/1.78G [01:15<00:32, 19.7MB/s]
[2026-01-15T02:26:54.489+0000] {docker.py:429} INFO - 67%|██████▋   | 1.20G/1.78G [01:15<00:32, 19.7MB/s]
[2026-01-15T02:26:54.594+0000] {docker.py:429} INFO - 67%|██████▋   | 1.20G/1.78G [01:16<00:31, 19.8MB/s]
[2026-01-15T02:26:54.746+0000] {docker.py:429} INFO - 67%|██████▋   | 1.20G/1.78G [01:16<00:31, 20.1MB/s]
[2026-01-15T02:26:54.851+0000] {docker.py:429} INFO - 67%|██████▋   | 1.20G/1.78G [01:16<00:31, 20.1MB/s]
[2026-01-15T02:26:54.956+0000] {docker.py:429} INFO - 67%|██████▋   | 1.20G/1.78G [01:16<00:31, 20.1MB/s]
[2026-01-15T02:26:55.061+0000] {docker.py:429} INFO - 68%|██████▊   | 1.21G/1.78G [01:16<00:31, 20.0MB/s]
[2026-01-15T02:26:55.166+0000] {docker.py:429} INFO - 68%|██████▊   | 1.21G/1.78G [01:16<00:30, 20.0MB/s]
[2026-01-15T02:26:55.271+0000] {docker.py:429} INFO - 68%|██████▊   | 1.21G/1.78G [01:16<00:30, 20.0MB/s]
[2026-01-15T02:26:55.376+0000] {docker.py:429} INFO - 68%|██████▊   | 1.21G/1.78G [01:16<00:30, 20.0MB/s]
[2026-01-15T02:26:55.481+0000] {docker.py:429} INFO - 68%|██████▊   | 1.21G/1.78G [01:16<00:30, 20.0MB/s]
[2026-01-15T02:26:55.586+0000] {docker.py:429} INFO - 68%|██████▊   | 1.22G/1.78G [01:17<00:30, 20.0MB/s]
[2026-01-15T02:26:55.694+0000] {docker.py:429} INFO - 68%|██████▊   | 1.22G/1.78G [01:17<00:30, 19.8MB/s]
[2026-01-15T02:26:55.801+0000] {docker.py:429} INFO - 68%|██████▊   | 1.22G/1.78G [01:17<00:30, 19.7MB/s]
[2026-01-15T02:26:55.909+0000] {docker.py:429} INFO - 68%|██████▊   | 1.22G/1.78G [01:17<00:30, 19.7MB/s]
[2026-01-15T02:26:56.063+0000] {docker.py:429} INFO - 69%|██████▊   | 1.22G/1.78G [01:17<00:30, 19.9MB/s]
[2026-01-15T02:26:56.171+0000] {docker.py:429} INFO - 69%|██████▉   | 1.23G/1.78G [01:17<00:30, 19.8MB/s]
[2026-01-15T02:26:56.280+0000] {docker.py:429} INFO - 69%|██████▉   | 1.23G/1.78G [01:17<00:30, 19.6MB/s]
[2026-01-15T02:26:56.390+0000] {docker.py:429} INFO - 69%|██████▉   | 1.23G/1.78G [01:17<00:30, 19.5MB/s]
[2026-01-15T02:26:56.498+0000] {docker.py:429} INFO - 69%|██████▉   | 1.23G/1.78G [01:17<00:30, 19.5MB/s]
[2026-01-15T02:26:56.609+0000] {docker.py:429} INFO - 69%|██████▉   | 1.23G/1.78G [01:18<00:30, 19.3MB/s]
[2026-01-15T02:26:56.714+0000] {docker.py:429} INFO - 69%|██████▉   | 1.24G/1.78G [01:18<00:30, 19.5MB/s]
[2026-01-15T02:26:56.824+0000] {docker.py:429} INFO - 69%|██████▉   | 1.24G/1.78G [01:18<00:30, 19.3MB/s]
[2026-01-15T02:26:57.006+0000] {docker.py:429} INFO - 70%|██████▉   | 1.24G/1.78G [01:18<00:36, 16.1MB/s]
[2026-01-15T02:26:57.146+0000] {docker.py:429} INFO - 70%|██████▉   | 1.24G/1.78G [01:18<00:36, 15.8MB/s]
[2026-01-15T02:26:57.254+0000] {docker.py:429} INFO - 70%|██████▉   | 1.24G/1.78G [01:18<00:34, 16.7MB/s]
[2026-01-15T02:26:57.364+0000] {docker.py:429} INFO - 70%|██████▉   | 1.25G/1.78G [01:18<00:33, 17.4MB/s]
[2026-01-15T02:26:57.472+0000] {docker.py:429} INFO - 70%|██████▉   | 1.25G/1.78G [01:18<00:32, 17.9MB/s]
[2026-01-15T02:26:57.579+0000] {docker.py:429} INFO - 70%|███████   | 1.25G/1.78G [01:19<00:31, 18.4MB/s]
[2026-01-15T02:26:57.687+0000] {docker.py:429} INFO - 70%|███████   | 1.25G/1.78G [01:19<00:30, 18.7MB/s]
[2026-01-15T02:26:57.795+0000] {docker.py:429} INFO - 70%|███████   | 1.25G/1.78G [01:19<00:30, 18.9MB/s]
[2026-01-15T02:26:57.901+0000] {docker.py:429} INFO - 70%|███████   | 1.26G/1.78G [01:19<00:29, 19.1MB/s]
[2026-01-15T02:26:58.006+0000] {docker.py:429} INFO - 71%|███████   | 1.26G/1.78G [01:19<00:29, 19.4MB/s]
[2026-01-15T02:26:58.112+0000] {docker.py:429} INFO - 71%|███████   | 1.26G/1.78G [01:19<00:28, 19.5MB/s]
[2026-01-15T02:26:58.222+0000] {docker.py:429} INFO - 71%|███████   | 1.26G/1.78G [01:19<00:28, 19.4MB/s]
[2026-01-15T02:26:58.329+0000] {docker.py:429} INFO - 71%|███████   | 1.26G/1.78G [01:19<00:28, 19.4MB/s]
[2026-01-15T02:26:58.434+0000] {docker.py:429} INFO - 71%|███████   | 1.27G/1.78G [01:19<00:28, 19.6MB/s]
[2026-01-15T02:26:58.544+0000] {docker.py:429} INFO - 71%|███████   | 1.27G/1.78G [01:19<00:28, 19.4MB/s]
[2026-01-15T02:26:58.653+0000] {docker.py:429} INFO - 71%|███████   | 1.27G/1.78G [01:20<00:28, 19.4MB/s]
[2026-01-15T02:26:58.761+0000] {docker.py:429} INFO - 71%|███████▏  | 1.27G/1.78G [01:20<00:28, 19.4MB/s]
[2026-01-15T02:26:58.871+0000] {docker.py:429} INFO - 71%|███████▏  | 1.27G/1.78G [01:20<00:28, 19.3MB/s]
[2026-01-15T02:26:58.979+0000] {docker.py:429} INFO - 71%|███████▏  | 1.28G/1.78G [01:20<00:28, 19.3MB/s]
[2026-01-15T02:26:59.090+0000] {docker.py:429} INFO - 72%|███████▏  | 1.28G/1.78G [01:20<00:28, 19.2MB/s]
[2026-01-15T02:26:59.199+0000] {docker.py:429} INFO - 72%|███████▏  | 1.28G/1.78G [01:20<00:28, 19.2MB/s]
[2026-01-15T02:26:59.308+0000] {docker.py:429} INFO - 72%|███████▏  | 1.28G/1.78G [01:20<00:28, 19.2MB/s]
[2026-01-15T02:26:59.417+0000] {docker.py:429} INFO - 72%|███████▏  | 1.28G/1.78G [01:20<00:27, 19.2MB/s]
[2026-01-15T02:26:59.527+0000] {docker.py:429} INFO - 72%|███████▏  | 1.29G/1.78G [01:20<00:27, 19.2MB/s]
[2026-01-15T02:26:59.640+0000] {docker.py:429} INFO - 72%|███████▏  | 1.29G/1.78G [01:21<00:28, 19.0MB/s]
[2026-01-15T02:26:59.751+0000] {docker.py:429} INFO - 72%|███████▏  | 1.29G/1.78G [01:21<00:28, 19.0MB/s]
[2026-01-15T02:26:59.856+0000] {docker.py:429} INFO - 72%|███████▏  | 1.29G/1.78G [01:21<00:27, 19.3MB/s]
[2026-01-15T02:26:59.965+0000] {docker.py:429} INFO - 72%|███████▏  | 1.29G/1.78G [01:21<00:27, 19.3MB/s]
[2026-01-15T02:27:00.075+0000] {docker.py:429} INFO - 73%|███████▎  | 1.29G/1.78G [01:21<00:27, 19.2MB/s]
[2026-01-15T02:27:00.185+0000] {docker.py:429} INFO - 73%|███████▎  | 1.30G/1.78G [01:21<00:27, 19.2MB/s]
[2026-01-15T02:27:00.295+0000] {docker.py:429} INFO - 73%|███████▎  | 1.30G/1.78G [01:21<00:27, 19.1MB/s]
[2026-01-15T02:27:00.404+0000] {docker.py:429} INFO - 73%|███████▎  | 1.30G/1.78G [01:21<00:27, 19.2MB/s]
[2026-01-15T02:27:00.514+0000] {docker.py:429} INFO - 73%|███████▎  | 1.30G/1.78G [01:21<00:27, 19.1MB/s]
[2026-01-15T02:27:00.624+0000] {docker.py:429} INFO - 73%|███████▎  | 1.30G/1.78G [01:22<00:26, 19.1MB/s]
[2026-01-15T02:27:00.734+0000] {docker.py:429} INFO - 73%|███████▎  | 1.31G/1.78G [01:22<00:26, 19.1MB/s]
[2026-01-15T02:27:00.843+0000] {docker.py:429} INFO - 73%|███████▎  | 1.31G/1.78G [01:22<00:26, 19.1MB/s]
[2026-01-15T02:27:00.955+0000] {docker.py:429} INFO - 73%|███████▎  | 1.31G/1.78G [01:22<00:26, 19.0MB/s]
[2026-01-15T02:27:01.066+0000] {docker.py:429} INFO - 74%|███████▎  | 1.31G/1.78G [01:22<00:26, 19.0MB/s]
[2026-01-15T02:27:01.176+0000] {docker.py:429} INFO - 74%|███████▎  | 1.31G/1.78G [01:22<00:26, 19.0MB/s]
[2026-01-15T02:27:01.280+0000] {docker.py:429} INFO - 74%|███████▍  | 1.32G/1.78G [01:22<00:25, 19.3MB/s]
[2026-01-15T02:27:01.390+0000] {docker.py:429} INFO - 74%|███████▍  | 1.32G/1.78G [01:22<00:25, 19.2MB/s]
[2026-01-15T02:27:01.501+0000] {docker.py:429} INFO - 74%|███████▍  | 1.32G/1.78G [01:22<00:25, 19.2MB/s]
[2026-01-15T02:27:01.612+0000] {docker.py:429} INFO - 74%|███████▍  | 1.32G/1.78G [01:23<00:25, 19.1MB/s]
[2026-01-15T02:27:01.723+0000] {docker.py:429} INFO - 74%|███████▍  | 1.32G/1.78G [01:23<00:25, 19.0MB/s]
[2026-01-15T02:27:01.833+0000] {docker.py:429} INFO - 74%|███████▍  | 1.33G/1.78G [01:23<00:25, 19.0MB/s]
[2026-01-15T02:27:01.943+0000] {docker.py:429} INFO - 74%|███████▍  | 1.33G/1.78G [01:23<00:25, 19.0MB/s]
[2026-01-15T02:27:02.052+0000] {docker.py:429} INFO - 75%|███████▍  | 1.33G/1.78G [01:23<00:25, 19.1MB/s]
[2026-01-15T02:27:02.254+0000] {docker.py:429} INFO - 75%|███████▍  | 1.33G/1.78G [01:23<00:31, 15.3MB/s]
[2026-01-15T02:27:02.380+0000] {docker.py:429} INFO - 75%|███████▍  | 1.33G/1.78G [01:23<00:30, 15.6MB/s]
[2026-01-15T02:27:02.486+0000] {docker.py:429} INFO - 75%|███████▍  | 1.34G/1.78G [01:23<00:28, 16.7MB/s]
[2026-01-15T02:27:02.591+0000] {docker.py:429} INFO - 75%|███████▍  | 1.34G/1.78G [01:24<00:27, 17.6MB/s]
[2026-01-15T02:27:02.700+0000] {docker.py:429} INFO - 75%|███████▌  | 1.34G/1.78G [01:24<00:26, 18.1MB/s]
[2026-01-15T02:27:02.805+0000] {docker.py:429} INFO - 75%|███████▌  | 1.34G/1.78G [01:24<00:25, 18.6MB/s]
[2026-01-15T02:27:02.912+0000] {docker.py:429} INFO - 75%|███████▌  | 1.34G/1.78G [01:24<00:25, 18.9MB/s]
[2026-01-15T02:27:03.019+0000] {docker.py:429} INFO - 75%|███████▌  | 1.35G/1.78G [01:24<00:24, 19.1MB/s]
[2026-01-15T02:27:03.125+0000] {docker.py:429} INFO - 76%|███████▌  | 1.35G/1.78G [01:24<00:24, 19.3MB/s]
[2026-01-15T02:27:03.231+0000] {docker.py:429} INFO - 76%|███████▌  | 1.35G/1.78G [01:24<00:23, 19.4MB/s]
[2026-01-15T02:27:03.339+0000] {docker.py:429} INFO - 76%|███████▌  | 1.35G/1.78G [01:24<00:23, 19.4MB/s]
[2026-01-15T02:27:03.445+0000] {docker.py:429} INFO - 76%|███████▌  | 1.35G/1.78G [01:24<00:23, 19.5MB/s]
[2026-01-15T02:27:03.553+0000] {docker.py:429} INFO - 76%|███████▌  | 1.36G/1.78G [01:24<00:23, 19.5MB/s]
[2026-01-15T02:27:03.659+0000] {docker.py:429} INFO - 76%|███████▌  | 1.36G/1.78G [01:25<00:23, 19.6MB/s]
[2026-01-15T02:27:03.761+0000] {docker.py:429} INFO - 76%|███████▌  | 1.36G/1.78G [01:25<00:22, 19.8MB/s]
[2026-01-15T02:27:03.868+0000] {docker.py:429} INFO - 76%|███████▋  | 1.36G/1.78G [01:25<00:22, 19.8MB/s]
[2026-01-15T02:27:03.975+0000] {docker.py:429} INFO - 76%|███████▋  | 1.36G/1.78G [01:25<00:22, 19.7MB/s]
[2026-01-15T02:27:04.082+0000] {docker.py:429} INFO - 77%|███████▋  | 1.37G/1.78G [01:25<00:22, 19.7MB/s]
[2026-01-15T02:27:04.187+0000] {docker.py:429} INFO - 77%|███████▋  | 1.37G/1.78G [01:25<00:22, 19.8MB/s]
[2026-01-15T02:27:04.293+0000] {docker.py:429} INFO - 77%|███████▋  | 1.37G/1.78G [01:25<00:22, 19.8MB/s]
[2026-01-15T02:27:04.399+0000] {docker.py:429} INFO - 77%|███████▋  | 1.37G/1.78G [01:25<00:22, 19.8MB/s]
[2026-01-15T02:27:04.506+0000] {docker.py:429} INFO - 77%|███████▋  | 1.37G/1.78G [01:25<00:22, 19.7MB/s]
[2026-01-15T02:27:04.614+0000] {docker.py:429} INFO - 77%|███████▋  | 1.38G/1.78G [01:26<00:22, 19.7MB/s]
[2026-01-15T02:27:04.720+0000] {docker.py:429} INFO - 77%|███████▋  | 1.38G/1.78G [01:26<00:22, 19.7MB/s]
[2026-01-15T02:27:04.827+0000] {docker.py:429} INFO - 77%|███████▋  | 1.38G/1.78G [01:26<00:22, 19.7MB/s]
[2026-01-15T02:27:04.935+0000] {docker.py:429} INFO - 77%|███████▋  | 1.38G/1.78G [01:26<00:22, 19.6MB/s]
[2026-01-15T02:27:05.041+0000] {docker.py:429} INFO - 78%|███████▊  | 1.38G/1.78G [01:26<00:21, 19.6MB/s]
[2026-01-15T02:27:05.142+0000] {docker.py:429} INFO - 78%|███████▊  | 1.38G/1.78G [01:26<00:21, 19.9MB/s]
[2026-01-15T02:27:05.247+0000] {docker.py:429} INFO - 78%|███████▊  | 1.39G/1.78G [01:26<00:21, 20.0MB/s]
[2026-01-15T02:27:05.354+0000] {docker.py:429} INFO - 78%|███████▊  | 1.39G/1.78G [01:26<00:21, 19.9MB/s]
[2026-01-15T02:27:05.460+0000] {docker.py:429} INFO - 78%|███████▊  | 1.39G/1.78G [01:26<00:21, 19.8MB/s]
[2026-01-15T02:27:05.565+0000] {docker.py:429} INFO - 78%|███████▊  | 1.39G/1.78G [01:26<00:21, 19.9MB/s]
[2026-01-15T02:27:05.671+0000] {docker.py:429} INFO - 78%|███████▊  | 1.39G/1.78G [01:27<00:21, 19.8MB/s]
[2026-01-15T02:27:05.778+0000] {docker.py:429} INFO - 78%|███████▊  | 1.40G/1.78G [01:27<00:21, 19.8MB/s]
[2026-01-15T02:27:05.884+0000] {docker.py:429} INFO - 78%|███████▊  | 1.40G/1.78G [01:27<00:20, 19.8MB/s]
[2026-01-15T02:27:05.989+0000] {docker.py:429} INFO - 78%|███████▊  | 1.40G/1.78G [01:27<00:20, 19.8MB/s]
[2026-01-15T02:27:06.095+0000] {docker.py:429} INFO - 79%|███████▊  | 1.40G/1.78G [01:27<00:20, 19.8MB/s]
[2026-01-15T02:27:06.202+0000] {docker.py:429} INFO - 79%|███████▊  | 1.40G/1.78G [01:27<00:20, 19.8MB/s]
[2026-01-15T02:27:06.312+0000] {docker.py:429} INFO - 79%|███████▉  | 1.41G/1.78G [01:27<00:20, 19.5MB/s]
[2026-01-15T02:27:06.418+0000] {docker.py:429} INFO - 79%|███████▉  | 1.41G/1.78G [01:27<00:20, 19.6MB/s]
[2026-01-15T02:27:06.520+0000] {docker.py:429} INFO - 79%|███████▉  | 1.41G/1.78G [01:27<00:20, 19.9MB/s]
[2026-01-15T02:27:06.628+0000] {docker.py:429} INFO - 79%|███████▉  | 1.41G/1.78G [01:28<00:20, 19.7MB/s]
[2026-01-15T02:27:06.736+0000] {docker.py:429} INFO - 79%|███████▉  | 1.41G/1.78G [01:28<00:20, 19.7MB/s]
[2026-01-15T02:27:06.845+0000] {docker.py:429} INFO - 79%|███████▉  | 1.42G/1.78G [01:28<00:20, 19.5MB/s]
[2026-01-15T02:27:06.953+0000] {docker.py:429} INFO - 79%|███████▉  | 1.42G/1.78G [01:28<00:20, 19.5MB/s]
[2026-01-15T02:27:07.061+0000] {docker.py:429} INFO - 80%|███████▉  | 1.42G/1.78G [01:28<00:20, 19.5MB/s]
[2026-01-15T02:27:07.170+0000] {docker.py:429} INFO - 80%|███████▉  | 1.42G/1.78G [01:28<00:20, 19.4MB/s]
[2026-01-15T02:27:07.277+0000] {docker.py:429} INFO - 80%|███████▉  | 1.42G/1.78G [01:28<00:19, 19.4MB/s]
[2026-01-15T02:27:07.467+0000] {docker.py:429} INFO - 80%|███████▉  | 1.43G/1.78G [01:28<00:24, 15.8MB/s]
[2026-01-15T02:27:07.601+0000] {docker.py:429} INFO - 80%|████████  | 1.43G/1.78G [01:29<00:24, 15.8MB/s]
[2026-01-15T02:27:07.708+0000] {docker.py:429} INFO - 80%|████████  | 1.43G/1.78G [01:29<00:22, 16.8MB/s]
[2026-01-15T02:27:07.814+0000] {docker.py:429} INFO - 80%|████████  | 1.43G/1.78G [01:29<00:21, 17.6MB/s]
[2026-01-15T02:27:07.922+0000] {docker.py:429} INFO - 80%|████████  | 1.43G/1.78G [01:29<00:20, 18.1MB/s]
[2026-01-15T02:27:08.027+0000] {docker.py:429} INFO - 80%|████████  | 1.44G/1.78G [01:29<00:20, 18.6MB/s]
[2026-01-15T02:27:08.132+0000] {docker.py:429} INFO - 81%|████████  | 1.44G/1.78G [01:29<00:19, 19.0MB/s]
[2026-01-15T02:27:08.237+0000] {docker.py:429} INFO - 81%|████████  | 1.44G/1.78G [01:29<00:19, 19.3MB/s]
[2026-01-15T02:27:08.343+0000] {docker.py:429} INFO - 81%|████████  | 1.44G/1.78G [01:29<00:18, 19.4MB/s]
[2026-01-15T02:27:08.447+0000] {docker.py:429} INFO - 81%|████████  | 1.44G/1.78G [01:29<00:18, 19.7MB/s]
[2026-01-15T02:27:08.550+0000] {docker.py:429} INFO - 81%|████████  | 1.45G/1.78G [01:29<00:18, 19.8MB/s]
[2026-01-15T02:27:08.655+0000] {docker.py:429} INFO - 81%|████████  | 1.45G/1.78G [01:30<00:18, 19.9MB/s]
[2026-01-15T02:27:08.761+0000] {docker.py:429} INFO - 81%|████████  | 1.45G/1.78G [01:30<00:18, 19.8MB/s]
[2026-01-15T02:27:08.865+0000] {docker.py:429} INFO - 81%|████████▏ | 1.45G/1.78G [01:30<00:17, 19.9MB/s]
[2026-01-15T02:27:08.972+0000] {docker.py:429} INFO - 81%|████████▏ | 1.45G/1.78G [01:30<00:17, 19.9MB/s]
[2026-01-15T02:27:09.076+0000] {docker.py:429} INFO - 82%|████████▏ | 1.46G/1.78G [01:30<00:17, 19.9MB/s]
[2026-01-15T02:27:09.183+0000] {docker.py:429} INFO - 82%|████████▏ | 1.46G/1.78G [01:30<00:17, 19.8MB/s]
[2026-01-15T02:27:09.288+0000] {docker.py:429} INFO - 82%|████████▏ | 1.46G/1.78G [01:30<00:17, 19.9MB/s]
[2026-01-15T02:27:09.396+0000] {docker.py:429} INFO - 82%|████████▏ | 1.46G/1.78G [01:30<00:17, 19.8MB/s]
[2026-01-15T02:27:09.501+0000] {docker.py:429} INFO - 82%|████████▏ | 1.46G/1.78G [01:30<00:17, 19.8MB/s]
[2026-01-15T02:27:09.607+0000] {docker.py:429} INFO - 82%|████████▏ | 1.46G/1.78G [01:31<00:17, 19.8MB/s]
[2026-01-15T02:27:09.714+0000] {docker.py:429} INFO - 82%|████████▏ | 1.47G/1.78G [01:31<00:17, 19.8MB/s]
[2026-01-15T02:27:09.820+0000] {docker.py:429} INFO - 82%|████████▏ | 1.47G/1.78G [01:31<00:17, 19.7MB/s]
[2026-01-15T02:27:09.925+0000] {docker.py:429} INFO - 82%|████████▏ | 1.47G/1.78G [01:31<00:16, 19.8MB/s]
[2026-01-15T02:27:10.030+0000] {docker.py:429} INFO - 83%|████████▎ | 1.47G/1.78G [01:31<00:16, 19.9MB/s]
[2026-01-15T02:27:10.139+0000] {docker.py:429} INFO - 83%|████████▎ | 1.47G/1.78G [01:31<00:16, 19.7MB/s]
[2026-01-15T02:27:10.243+0000] {docker.py:429} INFO - 83%|████████▎ | 1.48G/1.78G [01:31<00:16, 19.8MB/s]
[2026-01-15T02:27:10.344+0000] {docker.py:429} INFO - 83%|████████▎ | 1.48G/1.78G [01:31<00:16, 20.1MB/s]
[2026-01-15T02:27:10.449+0000] {docker.py:429} INFO - 83%|████████▎ | 1.48G/1.78G [01:31<00:16, 20.0MB/s]
[2026-01-15T02:27:10.555+0000] {docker.py:429} INFO - 83%|████████▎ | 1.48G/1.78G [01:31<00:16, 20.0MB/s]
[2026-01-15T02:27:10.662+0000] {docker.py:429} INFO - 83%|████████▎ | 1.48G/1.78G [01:32<00:16, 19.9MB/s]
[2026-01-15T02:27:10.769+0000] {docker.py:429} INFO - 83%|████████▎ | 1.49G/1.78G [01:32<00:16, 19.8MB/s]
[2026-01-15T02:27:10.874+0000] {docker.py:429} INFO - 83%|████████▎ | 1.49G/1.78G [01:32<00:16, 19.8MB/s]
[2026-01-15T02:27:10.980+0000] {docker.py:429} INFO - 84%|████████▎ | 1.49G/1.78G [01:32<00:15, 19.8MB/s]
[2026-01-15T02:27:11.086+0000] {docker.py:429} INFO - 84%|████████▎ | 1.49G/1.78G [01:32<00:15, 19.8MB/s]
[2026-01-15T02:27:11.195+0000] {docker.py:429} INFO - 84%|████████▎ | 1.49G/1.78G [01:32<00:15, 19.6MB/s]
[2026-01-15T02:27:11.315+0000] {docker.py:429} INFO - 84%|████████▍ | 1.50G/1.78G [01:32<00:16, 19.0MB/s]
[2026-01-15T02:27:11.427+0000] {docker.py:429} INFO - 84%|████████▍ | 1.50G/1.78G [01:32<00:16, 18.8MB/s]
[2026-01-15T02:27:11.534+0000] {docker.py:429} INFO - 84%|████████▍ | 1.50G/1.78G [01:32<00:15, 19.1MB/s]
[2026-01-15T02:27:11.680+0000] {docker.py:429} INFO - 84%|████████▍ | 1.50G/1.78G [01:33<00:15, 19.9MB/s]
[2026-01-15T02:27:11.806+0000] {docker.py:429} INFO - 84%|████████▍ | 1.51G/1.78G [01:33<00:13, 21.5MB/s]
[2026-01-15T02:27:11.909+0000] {docker.py:429} INFO - 85%|████████▍ | 1.51G/1.78G [01:33<00:12, 23.9MB/s]
[2026-01-15T02:27:12.034+0000] {docker.py:429} INFO - 85%|████████▍ | 1.51G/1.78G [01:33<00:10, 26.9MB/s]
[2026-01-15T02:27:12.161+0000] {docker.py:429} INFO - 85%|████████▌ | 1.52G/1.78G [01:33<00:09, 28.9MB/s]
[2026-01-15T02:27:12.287+0000] {docker.py:429} INFO - 85%|████████▌ | 1.52G/1.78G [01:33<00:09, 30.3MB/s]
[2026-01-15T02:27:12.412+0000] {docker.py:429} INFO - 85%|████████▌ | 1.52G/1.78G [01:33<00:08, 31.2MB/s]
[2026-01-15T02:27:12.538+0000] {docker.py:429} INFO - 86%|████████▌ | 1.53G/1.78G [01:33<00:08, 31.8MB/s]
[2026-01-15T02:27:12.664+0000] {docker.py:429} INFO - 86%|████████▌ | 1.53G/1.78G [01:34<00:08, 32.2MB/s]
[2026-01-15T02:27:12.816+0000] {docker.py:429} INFO - 86%|████████▌ | 1.54G/1.78G [01:34<00:08, 30.7MB/s]
[2026-01-15T02:27:12.942+0000] {docker.py:429} INFO - 86%|████████▋ | 1.54G/1.78G [01:34<00:08, 31.4MB/s]
[2026-01-15T02:27:13.067+0000] {docker.py:429} INFO - 87%|████████▋ | 1.54G/1.78G [01:34<00:08, 32.0MB/s]
[2026-01-15T02:27:13.194+0000] {docker.py:429} INFO - 87%|████████▋ | 1.55G/1.78G [01:34<00:07, 32.4MB/s]
[2026-01-15T02:27:13.320+0000] {docker.py:429} INFO - 87%|████████▋ | 1.55G/1.78G [01:34<00:07, 32.6MB/s]
[2026-01-15T02:27:13.446+0000] {docker.py:429} INFO - 87%|████████▋ | 1.56G/1.78G [01:34<00:07, 32.8MB/s]
[2026-01-15T02:27:13.571+0000] {docker.py:429} INFO - 87%|████████▋ | 1.56G/1.78G [01:35<00:07, 33.0MB/s]
[2026-01-15T02:27:13.698+0000] {docker.py:429} INFO - 88%|████████▊ | 1.56G/1.78G [01:35<00:07, 33.1MB/s]
[2026-01-15T02:27:13.823+0000] {docker.py:429} INFO - 88%|████████▊ | 1.57G/1.78G [01:35<00:07, 33.2MB/s]
[2026-01-15T02:27:13.949+0000] {docker.py:429} INFO - 88%|████████▊ | 1.57G/1.78G [01:35<00:06, 33.2MB/s]
[2026-01-15T02:27:14.075+0000] {docker.py:429} INFO - 88%|████████▊ | 1.58G/1.78G [01:35<00:06, 33.2MB/s]
[2026-01-15T02:27:14.200+0000] {docker.py:429} INFO - 89%|████████▊ | 1.58G/1.78G [01:35<00:06, 33.3MB/s]
[2026-01-15T02:27:14.326+0000] {docker.py:429} INFO - 89%|████████▊ | 1.58G/1.78G [01:35<00:06, 33.3MB/s]
[2026-01-15T02:27:14.453+0000] {docker.py:429} INFO - 89%|████████▉ | 1.59G/1.78G [01:35<00:06, 33.2MB/s]
[2026-01-15T02:27:14.578+0000] {docker.py:429} INFO - 89%|████████▉ | 1.59G/1.78G [01:36<00:06, 33.3MB/s]
[2026-01-15T02:27:14.704+0000] {docker.py:429} INFO - 89%|████████▉ | 1.59G/1.78G [01:36<00:06, 33.3MB/s]
[2026-01-15T02:27:14.829+0000] {docker.py:429} INFO - 90%|████████▉ | 1.60G/1.78G [01:36<00:05, 33.4MB/s]
[2026-01-15T02:27:14.960+0000] {docker.py:429} INFO - 90%|████████▉ | 1.60G/1.78G [01:36<00:05, 33.0MB/s]
[2026-01-15T02:27:15.082+0000] {docker.py:429} INFO - 90%|█████████ | 1.61G/1.78G [01:36<00:05, 33.4MB/s]
[2026-01-15T02:27:15.207+0000] {docker.py:429} INFO - 90%|█████████ | 1.61G/1.78G [01:36<00:05, 33.4MB/s]
[2026-01-15T02:27:15.333+0000] {docker.py:429} INFO - 90%|█████████ | 1.61G/1.78G [01:36<00:05, 33.4MB/s]
[2026-01-15T02:27:15.459+0000] {docker.py:429} INFO - 91%|█████████ | 1.62G/1.78G [01:36<00:05, 33.3MB/s]
[2026-01-15T02:27:15.585+0000] {docker.py:429} INFO - 91%|█████████ | 1.62G/1.78G [01:37<00:05, 33.4MB/s]
[2026-01-15T02:27:15.711+0000] {docker.py:429} INFO - 91%|█████████ | 1.63G/1.78G [01:37<00:05, 33.3MB/s]
[2026-01-15T02:27:15.837+0000] {docker.py:429} INFO - 91%|█████████▏| 1.63G/1.78G [01:37<00:04, 33.3MB/s]
[2026-01-15T02:27:15.962+0000] {docker.py:429} INFO - 92%|█████████▏| 1.63G/1.78G [01:37<00:04, 33.4MB/s]
[2026-01-15T02:27:16.089+0000] {docker.py:429} INFO - 92%|█████████▏| 1.64G/1.78G [01:37<00:04, 33.3MB/s]
[2026-01-15T02:27:16.214+0000] {docker.py:429} INFO - 92%|█████████▏| 1.64G/1.78G [01:37<00:04, 33.4MB/s]
[2026-01-15T02:27:16.340+0000] {docker.py:429} INFO - 92%|█████████▏| 1.65G/1.78G [01:37<00:04, 33.4MB/s]
[2026-01-15T02:27:16.466+0000] {docker.py:429} INFO - 92%|█████████▏| 1.65G/1.78G [01:37<00:04, 33.3MB/s]
[2026-01-15T02:27:16.592+0000] {docker.py:429} INFO - 93%|█████████▎| 1.65G/1.78G [01:38<00:04, 33.3MB/s]
[2026-01-15T02:27:16.718+0000] {docker.py:429} INFO - 93%|█████████▎| 1.66G/1.78G [01:38<00:04, 33.3MB/s]
[2026-01-15T02:27:16.844+0000] {docker.py:429} INFO - 93%|█████████▎| 1.66G/1.78G [01:38<00:03, 33.3MB/s]
[2026-01-15T02:27:17.085+0000] {docker.py:429} INFO - 93%|█████████▎| 1.67G/1.78G [01:38<00:04, 26.1MB/s]
[2026-01-15T02:27:17.211+0000] {docker.py:429} INFO - 94%|█████████▎| 1.67G/1.78G [01:38<00:04, 27.9MB/s]
[2026-01-15T02:27:17.336+0000] {docker.py:429} INFO - 94%|█████████▍| 1.67G/1.78G [01:38<00:04, 29.4MB/s]
[2026-01-15T02:27:17.463+0000] {docker.py:429} INFO - 94%|█████████▍| 1.68G/1.78G [01:38<00:03, 30.4MB/s]
[2026-01-15T02:27:17.587+0000] {docker.py:429} INFO - 94%|█████████▍| 1.68G/1.78G [01:39<00:03, 31.3MB/s]
[2026-01-15T02:27:17.714+0000] {docker.py:429} INFO - 94%|█████████▍| 1.68G/1.78G [01:39<00:03, 31.9MB/s]
[2026-01-15T02:27:17.840+0000] {docker.py:429} INFO - 95%|█████████▍| 1.69G/1.78G [01:39<00:03, 32.3MB/s]
[2026-01-15T02:27:17.965+0000] {docker.py:429} INFO - 95%|█████████▍| 1.69G/1.78G [01:39<00:03, 32.6MB/s]
[2026-01-15T02:27:18.091+0000] {docker.py:429} INFO - 95%|█████████▌| 1.70G/1.78G [01:39<00:02, 32.8MB/s]
[2026-01-15T02:27:18.218+0000] {docker.py:429} INFO - 95%|█████████▌| 1.70G/1.78G [01:39<00:02, 32.9MB/s]
[2026-01-15T02:27:18.343+0000] {docker.py:429} INFO - 96%|█████████▌| 1.70G/1.78G [01:39<00:02, 33.1MB/s]
[2026-01-15T02:27:18.469+0000] {docker.py:429} INFO - 96%|█████████▌| 1.71G/1.78G [01:39<00:02, 33.2MB/s]
[2026-01-15T02:27:18.595+0000] {docker.py:429} INFO - 96%|█████████▌| 1.71G/1.78G [01:40<00:02, 33.2MB/s]
[2026-01-15T02:27:18.720+0000] {docker.py:429} INFO - 96%|█████████▌| 1.72G/1.78G [01:40<00:02, 33.3MB/s]
[2026-01-15T02:27:18.846+0000] {docker.py:429} INFO - 96%|█████████▋| 1.72G/1.78G [01:40<00:02, 33.3MB/s]
[2026-01-15T02:27:18.973+0000] {docker.py:429} INFO - 97%|█████████▋| 1.72G/1.78G [01:40<00:01, 33.2MB/s]
[2026-01-15T02:27:19.098+0000] {docker.py:429} INFO - 97%|█████████▋| 1.73G/1.78G [01:40<00:01, 33.3MB/s]
[2026-01-15T02:27:19.224+0000] {docker.py:429} INFO - 97%|█████████▋| 1.73G/1.78G [01:40<00:01, 33.3MB/s]
[2026-01-15T02:27:19.350+0000] {docker.py:429} INFO - 97%|█████████▋| 1.74G/1.78G [01:40<00:01, 33.3MB/s]
[2026-01-15T02:27:19.489+0000] {docker.py:429} INFO - 97%|█████████▋| 1.74G/1.78G [01:40<00:01, 32.3MB/s]
[2026-01-15T02:27:19.633+0000] {docker.py:429} INFO - 98%|█████████▊| 1.74G/1.78G [01:41<00:01, 31.3MB/s]
[2026-01-15T02:27:19.758+0000] {docker.py:429} INFO - 98%|█████████▊| 1.75G/1.78G [01:41<00:01, 31.9MB/s]
[2026-01-15T02:27:19.884+0000] {docker.py:429} INFO - 98%|█████████▊| 1.75G/1.78G [01:41<00:01, 32.3MB/s]
[2026-01-15T02:27:20.010+0000] {docker.py:429} INFO - 98%|█████████▊| 1.75G/1.78G [01:41<00:00, 32.6MB/s]
[2026-01-15T02:27:20.135+0000] {docker.py:429} INFO - 99%|█████████▊| 1.76G/1.78G [01:41<00:00, 32.9MB/s]
[2026-01-15T02:27:20.261+0000] {docker.py:429} INFO - 99%|█████████▉| 1.76G/1.78G [01:41<00:00, 33.0MB/s]
[2026-01-15T02:27:20.386+0000] {docker.py:429} INFO - 99%|█████████▉| 1.77G/1.78G [01:41<00:00, 33.1MB/s]
[2026-01-15T02:27:20.513+0000] {docker.py:429} INFO - 99%|█████████▉| 1.77G/1.78G [01:41<00:00, 33.2MB/s]
[2026-01-15T02:27:20.639+0000] {docker.py:429} INFO - 99%|█████████▉| 1.77G/1.78G [01:42<00:00, 33.2MB/s]
[2026-01-15T02:27:20.764+0000] {docker.py:429} INFO - 100%|█████████▉| 1.78G/1.78G [01:42<00:00, 33.3MB/s]
[2026-01-15T02:27:20.891+0000] {docker.py:429} INFO - 100%|█████████▉| 1.78G/1.78G [01:42<00:00, 33.2MB/s]
[2026-01-15T02:27:20.950+0000] {docker.py:429} INFO - 100%|██████████| 1.78G/1.78G [01:42<00:00, 18.7MB/s]
[2026-01-15T02:27:20.952+0000] {docker.py:429} INFO - Extracting files...
[2026-01-15T02:27:50.401+0000] {docker.py:429} INFO - INFO:Ingest:Überspringe yellow_tripdata_2016-01.csv (existiert bereits).
[2026-01-15T02:27:50.403+0000] {docker.py:429} INFO - INFO:Ingest:Überspringe yellow_tripdata_2015-01.csv (existiert bereits).
[2026-01-15T02:27:50.406+0000] {docker.py:429} INFO - INFO:Ingest:Überspringe yellow_tripdata_2016-03.csv (existiert bereits).
[2026-01-15T02:27:50.409+0000] {docker.py:429} INFO - INFO:Ingest:Überspringe yellow_tripdata_2016-02.csv (existiert bereits).
INFO:Ingest:Ingestion Job fertig.
[2026-01-15T02:27:52.620+0000] {taskinstance.py:1138} INFO - Marking task as SUCCESS. dag_id=nyc_taxi_pipeline, task_id=ingest, execution_date=20260115T022536, start_date=20260115T022537, end_date=20260115T022752
[2026-01-15T02:27:52.666+0000] {local_task_job_runner.py:234} INFO - Task exited with return code 0
[2026-01-15T02:27:52.686+0000] {taskinstance.py:3280} INFO - 1 downstream tasks scheduled from follow-on schedule check
