[2026-01-29T14:17:30.730+0000] {taskinstance.py:1956} INFO - Dependencies all met for dep_context=non-requeueable deps ti=<TaskInstance: nyc_taxi_pipeline.process scheduled__2026-01-28T00:00:00+00:00 [queued]>
[2026-01-29T14:17:30.736+0000] {taskinstance.py:1956} INFO - Dependencies all met for dep_context=requeueable deps ti=<TaskInstance: nyc_taxi_pipeline.process scheduled__2026-01-28T00:00:00+00:00 [queued]>
[2026-01-29T14:17:30.736+0000] {taskinstance.py:2170} INFO - Starting attempt 1 of 1
[2026-01-29T14:17:30.743+0000] {taskinstance.py:2191} INFO - Executing <Task(DockerOperator): process> on 2026-01-28 00:00:00+00:00
[2026-01-29T14:17:30.748+0000] {standard_task_runner.py:60} INFO - Started process 115 to run task
[2026-01-29T14:17:30.751+0000] {standard_task_runner.py:87} INFO - Running: ['***', 'tasks', 'run', 'nyc_taxi_pipeline', 'process', 'scheduled__2026-01-28T00:00:00+00:00', '--job-id', '4', '--raw', '--subdir', 'DAGS_FOLDER/nyc_taxi_pipeline.py', '--cfg-path', '/tmp/tmprw2g4mcb']
[2026-01-29T14:17:30.753+0000] {standard_task_runner.py:88} INFO - Job 4: Subtask process
[2026-01-29T14:17:30.794+0000] {task_command.py:423} INFO - Running <TaskInstance: nyc_taxi_pipeline.process scheduled__2026-01-28T00:00:00+00:00 [running]> on host 71dc81990dfb
[2026-01-29T14:17:30.848+0000] {taskinstance.py:2480} INFO - Exporting env vars: AIRFLOW_CTX_DAG_OWNER='***' AIRFLOW_CTX_DAG_ID='nyc_taxi_pipeline' AIRFLOW_CTX_TASK_ID='process' AIRFLOW_CTX_EXECUTION_DATE='2026-01-28T00:00:00+00:00' AIRFLOW_CTX_TRY_NUMBER='1' AIRFLOW_CTX_DAG_RUN_ID='scheduled__2026-01-28T00:00:00+00:00'
[2026-01-29T14:17:30.867+0000] {docker.py:359} INFO - Starting docker container from image nyc_processing:latest
[2026-01-29T14:17:31.979+0000] {docker.py:429} INFO - 2026-01-29 14:17:31,978 - INFO - Creating missing bucket: processed-data
[2026-01-29T14:17:33.727+0000] {docker.py:429} INFO - 26/01/29 14:17:33 WARN NativeCodeLoader: Unable to load native-hadoop library for your platform... using builtin-java classes where applicable
[2026-01-29T14:17:33.875+0000] {docker.py:429} INFO - Setting default log level to "WARN".
To adjust logging level use sc.setLogLevel(newLevel). For SparkR, use setLogLevel(newLevel).
[2026-01-29T14:17:35.018+0000] {docker.py:429} INFO - 2026-01-29 14:17:35,017 - INFO - Starting processing: yellow_tripdata_2015-01.csv
[2026-01-29T14:17:35.702+0000] {docker.py:429} INFO - 26/01/29 14:17:35 WARN MetricsConfig: Cannot locate configuration: tried hadoop-metrics2-s3a-file-system.properties,hadoop-metrics2.properties
[2026-01-29T14:17:39.036+0000] {docker.py:429} INFO - [Stage 0:>                                                          (0 + 1) / 1]
[2026-01-29T14:17:40.187+0000] {docker.py:429} INFO - 
[2026-01-29T14:17:41.436+0000] {docker.py:429} INFO - [Stage 1:>                                                        (0 + 16) / 16]
[2026-01-29T14:17:48.868+0000] {docker.py:429} INFO - [Stage 1:=======>                                                 (2 + 14) / 16]
[2026-01-29T14:17:49.067+0000] {docker.py:429} INFO - [Stage 1:=====================================================>   (15 + 1) / 16]
[2026-01-29T14:17:49.868+0000] {docker.py:429} INFO - [Stage 3:>                                                          (0 + 1) / 1]
[2026-01-29T14:18:40.332+0000] {docker.py:429} INFO - 
[2026-01-29T14:18:40.829+0000] {docker.py:429} INFO - 2026-01-29 14:18:40,828 - INFO - Successfully processed: yellow_tripdata_2015-01.csv
2026-01-29 14:18:40,828 - INFO - Starting processing: yellow_tripdata_2016-01.csv
[2026-01-29T14:18:41.908+0000] {docker.py:429} INFO - [Stage 5:>                                                        (0 + 16) / 16]
[2026-01-29T14:18:46.923+0000] {docker.py:429} INFO - [Stage 5:===>                                                     (1 + 15) / 16]
[2026-01-29T14:18:47.321+0000] {docker.py:429} INFO - [Stage 5:=========================>                                (7 + 9) / 16]
[2026-01-29T14:18:48.121+0000] {docker.py:429} INFO - [Stage 7:>                                                          (0 + 1) / 1]
[2026-01-29T14:19:28.507+0000] {docker.py:429} INFO - 
[2026-01-29T14:19:28.874+0000] {docker.py:429} INFO - 2026-01-29 14:19:28,873 - INFO - Successfully processed: yellow_tripdata_2016-01.csv
2026-01-29 14:19:28,873 - INFO - Starting processing: yellow_tripdata_2016-02.csv
[2026-01-29T14:19:29.948+0000] {docker.py:429} INFO - [Stage 9:>                                                        (0 + 16) / 16]
[2026-01-29T14:19:35.158+0000] {docker.py:429} INFO - [Stage 9:=======>                                                 (2 + 14) / 16]
[2026-01-29T14:19:35.358+0000] {docker.py:429} INFO - [Stage 9:=========================>                                (7 + 9) / 16]
[2026-01-29T14:19:35.558+0000] {docker.py:429} INFO - [Stage 9:=====================================================>   (15 + 1) / 16]
[2026-01-29T14:19:36.358+0000] {docker.py:429} INFO - [Stage 11:>                                                         (0 + 1) / 1]
[2026-01-29T14:20:17.883+0000] {docker.py:429} INFO - 
[2026-01-29T14:20:18.217+0000] {docker.py:429} INFO - 2026-01-29 14:20:18,216 - INFO - Successfully processed: yellow_tripdata_2016-02.csv
2026-01-29 14:20:18,216 - INFO - Starting processing: yellow_tripdata_2016-03.csv
[2026-01-29T14:20:19.191+0000] {docker.py:429} INFO - [Stage 13:>                                                       (0 + 16) / 16]
[2026-01-29T14:20:24.809+0000] {docker.py:429} INFO - [Stage 13:===>                                                    (1 + 15) / 16]
[2026-01-29T14:20:25.008+0000] {docker.py:429} INFO - [Stage 13:=================>                                      (5 + 11) / 16]
[2026-01-29T14:20:25.808+0000] {docker.py:429} INFO - [Stage 15:>                                                         (0 + 1) / 1]
[2026-01-29T14:21:09.082+0000] {docker.py:429} INFO - 
[2026-01-29T14:21:09.452+0000] {docker.py:429} INFO - 2026-01-29 14:21:09,451 - INFO - Successfully processed: yellow_tripdata_2016-03.csv
[2026-01-29T14:21:10.556+0000] {taskinstance.py:1138} INFO - Marking task as SUCCESS. dag_id=nyc_taxi_pipeline, task_id=process, execution_date=20260128T000000, start_date=20260129T141730, end_date=20260129T142110
[2026-01-29T14:21:10.591+0000] {local_task_job_runner.py:234} INFO - Task exited with return code 0
[2026-01-29T14:21:10.614+0000] {taskinstance.py:3280} INFO - 1 downstream tasks scheduled from follow-on schedule check
[2026-01-29T14:56:06.882+0000] {taskinstance.py:1956} INFO - Dependencies all met for dep_context=non-requeueable deps ti=<TaskInstance: nyc_taxi_pipeline.process scheduled__2026-01-28T00:00:00+00:00 [queued]>
[2026-01-29T14:56:06.889+0000] {taskinstance.py:1956} INFO - Dependencies all met for dep_context=requeueable deps ti=<TaskInstance: nyc_taxi_pipeline.process scheduled__2026-01-28T00:00:00+00:00 [queued]>
[2026-01-29T14:56:06.890+0000] {taskinstance.py:2170} INFO - Starting attempt 1 of 1
[2026-01-29T14:56:06.898+0000] {taskinstance.py:2191} INFO - Executing <Task(DockerOperator): process> on 2026-01-28 00:00:00+00:00
[2026-01-29T14:56:06.902+0000] {standard_task_runner.py:60} INFO - Started process 116 to run task
[2026-01-29T14:56:06.905+0000] {standard_task_runner.py:87} INFO - Running: ['***', 'tasks', 'run', 'nyc_taxi_pipeline', 'process', 'scheduled__2026-01-28T00:00:00+00:00', '--job-id', '4', '--raw', '--subdir', 'DAGS_FOLDER/nyc_taxi_pipeline.py', '--cfg-path', '/tmp/tmpvpgw5ehc']
[2026-01-29T14:56:06.907+0000] {standard_task_runner.py:88} INFO - Job 4: Subtask process
[2026-01-29T14:56:06.949+0000] {task_command.py:423} INFO - Running <TaskInstance: nyc_taxi_pipeline.process scheduled__2026-01-28T00:00:00+00:00 [running]> on host 72466cce4f75
[2026-01-29T14:56:07.010+0000] {taskinstance.py:2480} INFO - Exporting env vars: AIRFLOW_CTX_DAG_OWNER='***' AIRFLOW_CTX_DAG_ID='nyc_taxi_pipeline' AIRFLOW_CTX_TASK_ID='process' AIRFLOW_CTX_EXECUTION_DATE='2026-01-28T00:00:00+00:00' AIRFLOW_CTX_TRY_NUMBER='1' AIRFLOW_CTX_DAG_RUN_ID='scheduled__2026-01-28T00:00:00+00:00'
[2026-01-29T14:56:07.033+0000] {docker.py:359} INFO - Starting docker container from image nyc_processing:latest
[2026-01-29T14:56:08.105+0000] {docker.py:429} INFO - 2026-01-29 14:56:08,105 - INFO - Creating missing bucket: processed-data
[2026-01-29T14:56:09.934+0000] {docker.py:429} INFO - 26/01/29 14:56:09 WARN NativeCodeLoader: Unable to load native-hadoop library for your platform... using builtin-java classes where applicable
[2026-01-29T14:56:10.093+0000] {docker.py:429} INFO - Setting default log level to "WARN".
To adjust logging level use sc.setLogLevel(newLevel). For SparkR, use setLogLevel(newLevel).
[2026-01-29T14:56:11.377+0000] {docker.py:429} INFO - 2026-01-29 14:56:11,376 - INFO - Starting processing: yellow_tripdata_2015-01.csv
[2026-01-29T14:56:12.126+0000] {docker.py:429} INFO - 26/01/29 14:56:12 WARN MetricsConfig: Cannot locate configuration: tried hadoop-metrics2-s3a-file-system.properties,hadoop-metrics2.properties
[2026-01-29T14:56:15.545+0000] {docker.py:429} INFO - [Stage 0:>                                                          (0 + 1) / 1]
[2026-01-29T14:56:16.842+0000] {docker.py:429} INFO - 
[2026-01-29T14:56:18.148+0000] {docker.py:429} INFO - [Stage 1:>                                                        (0 + 16) / 16]
[2026-01-29T14:56:26.171+0000] {docker.py:429} INFO - [Stage 1:===>                                                     (1 + 15) / 16]
[2026-01-29T14:56:26.567+0000] {docker.py:429} INFO - [Stage 1:==============>                                          (4 + 12) / 16]
[2026-01-29T14:56:27.767+0000] {docker.py:429} INFO - [Stage 3:>                                                          (0 + 1) / 1]
[2026-01-29T14:57:17.924+0000] {docker.py:429} INFO - 
[2026-01-29T14:57:18.455+0000] {docker.py:429} INFO - 2026-01-29 14:57:18,453 - INFO - Successfully processed: yellow_tripdata_2015-01.csv
2026-01-29 14:57:18,454 - INFO - Starting processing: yellow_tripdata_2016-01.csv
[2026-01-29T14:57:19.601+0000] {docker.py:429} INFO - [Stage 5:>                                                        (0 + 16) / 16]
[2026-01-29T14:57:25.607+0000] {docker.py:429} INFO - [Stage 5:===>                                                     (1 + 15) / 16]
[2026-01-29T14:57:26.011+0000] {docker.py:429} INFO - [Stage 5:=========================>                                (7 + 9) / 16]
[2026-01-29T14:57:26.812+0000] {docker.py:429} INFO - [Stage 7:>                                                          (0 + 1) / 1]
[2026-01-29T14:58:07.348+0000] {docker.py:429} INFO - 
[2026-01-29T14:58:07.727+0000] {docker.py:429} INFO - 2026-01-29 14:58:07,726 - INFO - Successfully processed: yellow_tripdata_2016-01.csv
2026-01-29 14:58:07,727 - INFO - Starting processing: yellow_tripdata_2016-02.csv
[2026-01-29T14:58:08.639+0000] {docker.py:429} INFO - [Stage 9:>                                                        (0 + 16) / 16]
[2026-01-29T14:58:14.247+0000] {docker.py:429} INFO - [Stage 9:===>                                                     (1 + 15) / 16]
[2026-01-29T14:58:14.447+0000] {docker.py:429} INFO - [Stage 9:=======>                                                 (2 + 14) / 16]
[2026-01-29T14:58:14.649+0000] {docker.py:429} INFO - [Stage 9:==============>                                          (4 + 12) / 16]
[2026-01-29T14:58:14.846+0000] {docker.py:429} INFO - [Stage 9:=====================================================>   (15 + 1) / 16]
[2026-01-29T14:58:15.447+0000] {docker.py:429} INFO - [Stage 11:>                                                         (0 + 1) / 1]
[2026-01-29T14:58:58.124+0000] {docker.py:429} INFO - 
[2026-01-29T14:58:58.458+0000] {docker.py:429} INFO - 2026-01-29 14:58:58,458 - INFO - Successfully processed: yellow_tripdata_2016-02.csv
2026-01-29 14:58:58,458 - INFO - Starting processing: yellow_tripdata_2016-03.csv
[2026-01-29T14:58:59.483+0000] {docker.py:429} INFO - [Stage 13:>                                                       (0 + 16) / 16]
[2026-01-29T14:59:05.693+0000] {docker.py:429} INFO - [Stage 13:=======>                                                (2 + 14) / 16]
[2026-01-29T14:59:05.892+0000] {docker.py:429} INFO - [Stage 13:========================>                                (7 + 9) / 16]
[2026-01-29T14:59:06.093+0000] {docker.py:429} INFO - [Stage 13:=============================================>          (13 + 3) / 16]
[2026-01-29T14:59:06.893+0000] {docker.py:429} INFO - [Stage 15:>                                                         (0 + 1) / 1]
[2026-01-29T14:59:51.155+0000] {docker.py:429} INFO - 
[2026-01-29T14:59:51.534+0000] {docker.py:429} INFO - 2026-01-29 14:59:51,533 - INFO - Successfully processed: yellow_tripdata_2016-03.csv
[2026-01-29T14:59:52.760+0000] {taskinstance.py:1138} INFO - Marking task as SUCCESS. dag_id=nyc_taxi_pipeline, task_id=process, execution_date=20260128T000000, start_date=20260129T145606, end_date=20260129T145952
[2026-01-29T14:59:52.805+0000] {local_task_job_runner.py:234} INFO - Task exited with return code 0
[2026-01-29T14:59:52.826+0000] {taskinstance.py:3280} INFO - 1 downstream tasks scheduled from follow-on schedule check
