[2026-01-15T02:27:43.503+0000] {taskinstance.py:1956} INFO - Dependencies all met for dep_context=non-requeueable deps ti=<TaskInstance: nyc_taxi_pipeline.process manual__2026-01-15T02:16:44.270790+00:00 [queued]>
[2026-01-15T02:27:43.514+0000] {taskinstance.py:1956} INFO - Dependencies all met for dep_context=requeueable deps ti=<TaskInstance: nyc_taxi_pipeline.process manual__2026-01-15T02:16:44.270790+00:00 [queued]>
[2026-01-15T02:27:43.514+0000] {taskinstance.py:2170} INFO - Starting attempt 1 of 1
[2026-01-15T02:27:43.527+0000] {taskinstance.py:2191} INFO - Executing <Task(DockerOperator): process> on 2026-01-15 02:16:44.270790+00:00
[2026-01-15T02:27:43.532+0000] {standard_task_runner.py:60} INFO - Started process 205 to run task
[2026-01-15T02:27:43.535+0000] {standard_task_runner.py:87} INFO - Running: ['***', 'tasks', 'run', 'nyc_taxi_pipeline', 'process', 'manual__2026-01-15T02:16:44.270790+00:00', '--job-id', '7', '--raw', '--subdir', 'DAGS_FOLDER/nyc_taxi_pipeline.py', '--cfg-path', '/tmp/tmp_oua00e4']
[2026-01-15T02:27:43.537+0000] {standard_task_runner.py:88} INFO - Job 7: Subtask process
[2026-01-15T02:27:43.577+0000] {task_command.py:423} INFO - Running <TaskInstance: nyc_taxi_pipeline.process manual__2026-01-15T02:16:44.270790+00:00 [running]> on host dc390c2f2007
[2026-01-15T02:27:43.642+0000] {taskinstance.py:2480} INFO - Exporting env vars: AIRFLOW_CTX_DAG_OWNER='***' AIRFLOW_CTX_DAG_ID='nyc_taxi_pipeline' AIRFLOW_CTX_TASK_ID='process' AIRFLOW_CTX_EXECUTION_DATE='2026-01-15T02:16:44.270790+00:00' AIRFLOW_CTX_TRY_NUMBER='1' AIRFLOW_CTX_DAG_RUN_ID='manual__2026-01-15T02:16:44.270790+00:00'
[2026-01-15T02:27:43.666+0000] {docker.py:359} INFO - Starting docker container from image nyc_processing:latest
[2026-01-15T02:27:43.670+0000] {docker.py:367} WARNING - Using remote engine or docker-in-docker and mounting temporary volume from host is not supported. Falling back to `mount_tmp_dir=False` mode. You can set `mount_tmp_dir` parameter to False to disable mounting and remove the warning
[2026-01-15T02:27:44.628+0000] {docker.py:429} INFO - 2026-01-15 02:27:44,627 - SparkProcess - INFO - Starte Processing Job...
[2026-01-15T02:27:46.836+0000] {docker.py:429} INFO - Setting default log level to "WARN".
To adjust logging level use sc.setLogLevel(newLevel). For SparkR, use setLogLevel(newLevel).
[2026-01-15T02:27:47.044+0000] {docker.py:429} INFO - 26/01/15 02:27:47 WARN NativeCodeLoader: Unable to load native-hadoop library for your platform... using builtin-java classes where applicable
[2026-01-15T02:27:48.420+0000] {docker.py:429} INFO - 2026-01-15 02:27:48,420 - SparkProcess - INFO - Verarbeite: yellow_tripdata_2015-01.csv
[2026-01-15T02:27:49.277+0000] {docker.py:429} INFO - 26/01/15 02:27:49 WARN MetricsConfig: Cannot locate configuration: tried hadoop-metrics2-s3a-file-system.properties,hadoop-metrics2.properties
[2026-01-15T02:27:52.863+0000] {docker.py:429} INFO - [Stage 0:>                                                         (0 + 0) / 15]
[2026-01-15T02:28:07.368+0000] {docker.py:429} INFO - 26/01/15 02:28:07 WARN TaskSchedulerImpl: Initial job has not accepted any resources; check your cluster UI to ensure that workers are registered and have sufficient resources
[2026-01-15T02:28:22.367+0000] {docker.py:429} INFO - 26/01/15 02:28:22 WARN TaskSchedulerImpl: Initial job has not accepted any resources; check your cluster UI to ensure that workers are registered and have sufficient resources
[2026-01-15T02:28:37.368+0000] {docker.py:429} INFO - 26/01/15 02:28:37 WARN TaskSchedulerImpl: Initial job has not accepted any resources; check your cluster UI to ensure that workers are registered and have sufficient resources
[2026-01-15T02:28:52.367+0000] {docker.py:429} INFO - 26/01/15 02:28:52 WARN TaskSchedulerImpl: Initial job has not accepted any resources; check your cluster UI to ensure that workers are registered and have sufficient resources
[2026-01-15T02:28:52.894+0000] {docker.py:429} INFO - [Stage 0:>                                                         (0 + 0) / 15]
[2026-01-15T02:29:07.367+0000] {docker.py:429} INFO - 26/01/15 02:29:07 WARN TaskSchedulerImpl: Initial job has not accepted any resources; check your cluster UI to ensure that workers are registered and have sufficient resources
[2026-01-15T02:29:22.367+0000] {docker.py:429} INFO - 26/01/15 02:29:22 WARN TaskSchedulerImpl: Initial job has not accepted any resources; check your cluster UI to ensure that workers are registered and have sufficient resources
[2026-01-15T02:29:37.367+0000] {docker.py:429} INFO - 26/01/15 02:29:37 WARN TaskSchedulerImpl: Initial job has not accepted any resources; check your cluster UI to ensure that workers are registered and have sufficient resources
[2026-01-15T02:29:52.366+0000] {docker.py:429} INFO - 26/01/15 02:29:52 WARN TaskSchedulerImpl: Initial job has not accepted any resources; check your cluster UI to ensure that workers are registered and have sufficient resources
[2026-01-15T02:29:52.917+0000] {docker.py:429} INFO - [Stage 0:>                                                         (0 + 0) / 15]
[2026-01-15T02:30:07.367+0000] {docker.py:429} INFO - 26/01/15 02:30:07 WARN TaskSchedulerImpl: Initial job has not accepted any resources; check your cluster UI to ensure that workers are registered and have sufficient resources
[2026-01-15T02:30:22.367+0000] {docker.py:429} INFO - 26/01/15 02:30:22 WARN TaskSchedulerImpl: Initial job has not accepted any resources; check your cluster UI to ensure that workers are registered and have sufficient resources
[2026-01-15T02:30:37.367+0000] {docker.py:429} INFO - 26/01/15 02:30:37 WARN TaskSchedulerImpl: Initial job has not accepted any resources; check your cluster UI to ensure that workers are registered and have sufficient resources
[2026-01-15T02:30:52.367+0000] {docker.py:429} INFO - 26/01/15 02:30:52 WARN TaskSchedulerImpl: Initial job has not accepted any resources; check your cluster UI to ensure that workers are registered and have sufficient resources
[2026-01-15T02:30:52.955+0000] {docker.py:429} INFO - [Stage 0:>                                                         (0 + 0) / 15]
[2026-01-15T02:31:07.367+0000] {docker.py:429} INFO - 26/01/15 02:31:07 WARN TaskSchedulerImpl: Initial job has not accepted any resources; check your cluster UI to ensure that workers are registered and have sufficient resources
[2026-01-15T02:31:22.367+0000] {docker.py:429} INFO - 26/01/15 02:31:22 WARN TaskSchedulerImpl: Initial job has not accepted any resources; check your cluster UI to ensure that workers are registered and have sufficient resources
[2026-01-15T02:31:37.367+0000] {docker.py:429} INFO - 26/01/15 02:31:37 WARN TaskSchedulerImpl: Initial job has not accepted any resources; check your cluster UI to ensure that workers are registered and have sufficient resources
[2026-01-15T02:31:52.367+0000] {docker.py:429} INFO - 26/01/15 02:31:52 WARN TaskSchedulerImpl: Initial job has not accepted any resources; check your cluster UI to ensure that workers are registered and have sufficient resources
[2026-01-15T02:31:52.988+0000] {docker.py:429} INFO - [Stage 0:>                                                         (0 + 0) / 15]
[2026-01-15T02:32:07.367+0000] {docker.py:429} INFO - 26/01/15 02:32:07 WARN TaskSchedulerImpl: Initial job has not accepted any resources; check your cluster UI to ensure that workers are registered and have sufficient resources
[2026-01-15T02:32:15.697+0000] {local_task_job_runner.py:302} WARNING - State of this instance has been externally set to skipped. Terminating instance.
[2026-01-15T02:32:15.699+0000] {process_utils.py:131} INFO - Sending 15 to group 205. PIDs of all processes in the group: [205]
[2026-01-15T02:32:15.699+0000] {process_utils.py:86} INFO - Sending the signal 15 to group 205
[2026-01-15T02:32:15.699+0000] {taskinstance.py:2450} ERROR - Received SIGTERM. Terminating subprocesses.
[2026-01-15T02:32:15.699+0000] {docker.py:521} INFO - Stopping docker container
[2026-01-15T02:32:26.139+0000] {process_utils.py:79} INFO - Process psutil.Process(pid=205, status='terminated', exitcode=0, started='02:27:42') (205) terminated with exit code 0
