[2026-01-29T14:17:28.141+0000] {taskinstance.py:1956} INFO - Dependencies all met for dep_context=non-requeueable deps ti=<TaskInstance: nyc_taxi_pipeline.check_if_new_data scheduled__2026-01-28T00:00:00+00:00 [queued]>
[2026-01-29T14:17:28.145+0000] {taskinstance.py:1956} INFO - Dependencies all met for dep_context=requeueable deps ti=<TaskInstance: nyc_taxi_pipeline.check_if_new_data scheduled__2026-01-28T00:00:00+00:00 [queued]>
[2026-01-29T14:17:28.146+0000] {taskinstance.py:2170} INFO - Starting attempt 1 of 1
[2026-01-29T14:17:28.153+0000] {taskinstance.py:2191} INFO - Executing <Task(ShortCircuitOperator): check_if_new_data> on 2026-01-28 00:00:00+00:00
[2026-01-29T14:17:28.157+0000] {standard_task_runner.py:60} INFO - Started process 97 to run task
[2026-01-29T14:17:28.161+0000] {standard_task_runner.py:87} INFO - Running: ['***', 'tasks', 'run', 'nyc_taxi_pipeline', 'check_if_new_data', 'scheduled__2026-01-28T00:00:00+00:00', '--job-id', '3', '--raw', '--subdir', 'DAGS_FOLDER/nyc_taxi_pipeline.py', '--cfg-path', '/tmp/tmpzw3h10te']
[2026-01-29T14:17:28.163+0000] {standard_task_runner.py:88} INFO - Job 3: Subtask check_if_new_data
[2026-01-29T14:17:28.205+0000] {task_command.py:423} INFO - Running <TaskInstance: nyc_taxi_pipeline.check_if_new_data scheduled__2026-01-28T00:00:00+00:00 [running]> on host 71dc81990dfb
[2026-01-29T14:17:28.261+0000] {taskinstance.py:2480} INFO - Exporting env vars: AIRFLOW_CTX_DAG_OWNER='***' AIRFLOW_CTX_DAG_ID='nyc_taxi_pipeline' AIRFLOW_CTX_TASK_ID='check_if_new_data' AIRFLOW_CTX_EXECUTION_DATE='2026-01-28T00:00:00+00:00' AIRFLOW_CTX_TRY_NUMBER='1' AIRFLOW_CTX_DAG_RUN_ID='scheduled__2026-01-28T00:00:00+00:00'
[2026-01-29T14:17:28.582+0000] {python.py:201} INFO - Done. Returned value was: True
[2026-01-29T14:17:28.583+0000] {python.py:268} INFO - Condition result is True
[2026-01-29T14:17:28.583+0000] {python.py:271} INFO - Proceeding with downstream tasks...
[2026-01-29T14:17:28.602+0000] {taskinstance.py:1138} INFO - Marking task as SUCCESS. dag_id=nyc_taxi_pipeline, task_id=check_if_new_data, execution_date=20260128T000000, start_date=20260129T141728, end_date=20260129T141728
[2026-01-29T14:17:28.654+0000] {local_task_job_runner.py:234} INFO - Task exited with return code 0
[2026-01-29T14:17:28.676+0000] {taskinstance.py:3280} INFO - 1 downstream tasks scheduled from follow-on schedule check
[2026-01-29T14:56:04.137+0000] {taskinstance.py:1956} INFO - Dependencies all met for dep_context=non-requeueable deps ti=<TaskInstance: nyc_taxi_pipeline.check_if_new_data scheduled__2026-01-28T00:00:00+00:00 [queued]>
[2026-01-29T14:56:04.143+0000] {taskinstance.py:1956} INFO - Dependencies all met for dep_context=requeueable deps ti=<TaskInstance: nyc_taxi_pipeline.check_if_new_data scheduled__2026-01-28T00:00:00+00:00 [queued]>
[2026-01-29T14:56:04.143+0000] {taskinstance.py:2170} INFO - Starting attempt 1 of 1
[2026-01-29T14:56:04.152+0000] {taskinstance.py:2191} INFO - Executing <Task(ShortCircuitOperator): check_if_new_data> on 2026-01-28 00:00:00+00:00
[2026-01-29T14:56:04.157+0000] {standard_task_runner.py:60} INFO - Started process 97 to run task
[2026-01-29T14:56:04.160+0000] {standard_task_runner.py:87} INFO - Running: ['***', 'tasks', 'run', 'nyc_taxi_pipeline', 'check_if_new_data', 'scheduled__2026-01-28T00:00:00+00:00', '--job-id', '3', '--raw', '--subdir', 'DAGS_FOLDER/nyc_taxi_pipeline.py', '--cfg-path', '/tmp/tmp6lczqyz8']
[2026-01-29T14:56:04.162+0000] {standard_task_runner.py:88} INFO - Job 3: Subtask check_if_new_data
[2026-01-29T14:56:04.209+0000] {task_command.py:423} INFO - Running <TaskInstance: nyc_taxi_pipeline.check_if_new_data scheduled__2026-01-28T00:00:00+00:00 [running]> on host 72466cce4f75
[2026-01-29T14:56:04.269+0000] {taskinstance.py:2480} INFO - Exporting env vars: AIRFLOW_CTX_DAG_OWNER='***' AIRFLOW_CTX_DAG_ID='nyc_taxi_pipeline' AIRFLOW_CTX_TASK_ID='check_if_new_data' AIRFLOW_CTX_EXECUTION_DATE='2026-01-28T00:00:00+00:00' AIRFLOW_CTX_TRY_NUMBER='1' AIRFLOW_CTX_DAG_RUN_ID='scheduled__2026-01-28T00:00:00+00:00'
[2026-01-29T14:56:04.592+0000] {python.py:201} INFO - Done. Returned value was: True
[2026-01-29T14:56:04.592+0000] {python.py:268} INFO - Condition result is True
[2026-01-29T14:56:04.592+0000] {python.py:271} INFO - Proceeding with downstream tasks...
[2026-01-29T14:56:04.610+0000] {taskinstance.py:1138} INFO - Marking task as SUCCESS. dag_id=nyc_taxi_pipeline, task_id=check_if_new_data, execution_date=20260128T000000, start_date=20260129T145604, end_date=20260129T145604
[2026-01-29T14:56:04.654+0000] {local_task_job_runner.py:234} INFO - Task exited with return code 0
[2026-01-29T14:56:04.676+0000] {taskinstance.py:3280} INFO - 1 downstream tasks scheduled from follow-on schedule check
