[2026-01-29T14:21:13.715+0000] {taskinstance.py:1956} INFO - Dependencies all met for dep_context=non-requeueable deps ti=<TaskInstance: nyc_taxi_pipeline.aggregate scheduled__2026-01-28T00:00:00+00:00 [queued]>
[2026-01-29T14:21:13.720+0000] {taskinstance.py:1956} INFO - Dependencies all met for dep_context=requeueable deps ti=<TaskInstance: nyc_taxi_pipeline.aggregate scheduled__2026-01-28T00:00:00+00:00 [queued]>
[2026-01-29T14:21:13.720+0000] {taskinstance.py:2170} INFO - Starting attempt 1 of 1
[2026-01-29T14:21:13.728+0000] {taskinstance.py:2191} INFO - Executing <Task(DockerOperator): aggregate> on 2026-01-28 00:00:00+00:00
[2026-01-29T14:21:13.734+0000] {standard_task_runner.py:60} INFO - Started process 140 to run task
[2026-01-29T14:21:13.737+0000] {standard_task_runner.py:87} INFO - Running: ['***', 'tasks', 'run', 'nyc_taxi_pipeline', 'aggregate', 'scheduled__2026-01-28T00:00:00+00:00', '--job-id', '5', '--raw', '--subdir', 'DAGS_FOLDER/nyc_taxi_pipeline.py', '--cfg-path', '/tmp/tmpgmncucdq']
[2026-01-29T14:21:13.739+0000] {standard_task_runner.py:88} INFO - Job 5: Subtask aggregate
[2026-01-29T14:21:13.777+0000] {task_command.py:423} INFO - Running <TaskInstance: nyc_taxi_pipeline.aggregate scheduled__2026-01-28T00:00:00+00:00 [running]> on host 71dc81990dfb
[2026-01-29T14:21:13.835+0000] {taskinstance.py:2480} INFO - Exporting env vars: AIRFLOW_CTX_DAG_OWNER='***' AIRFLOW_CTX_DAG_ID='nyc_taxi_pipeline' AIRFLOW_CTX_TASK_ID='aggregate' AIRFLOW_CTX_EXECUTION_DATE='2026-01-28T00:00:00+00:00' AIRFLOW_CTX_TRY_NUMBER='1' AIRFLOW_CTX_DAG_RUN_ID='scheduled__2026-01-28T00:00:00+00:00'
[2026-01-29T14:21:13.861+0000] {docker.py:359} INFO - Starting docker container from image nyc_processing:latest
[2026-01-29T14:21:14.618+0000] {docker.py:429} INFO - 2026-01-29 14:21:14,618 - AggregateJob - INFO - Starte Spark Aggregation Job...
[2026-01-29T14:21:16.641+0000] {docker.py:429} INFO - 26/01/29 14:21:16 WARN NativeCodeLoader: Unable to load native-hadoop library for your platform... using builtin-java classes where applicable
[2026-01-29T14:21:16.799+0000] {docker.py:429} INFO - Setting default log level to "
[2026-01-29T14:21:16.800+0000] {docker.py:429} INFO - WARN".
[2026-01-29T14:21:16.800+0000] {docker.py:429} INFO - To adjust logging level use sc.setLogLevel(newLevel). For SparkR, use setLogLevel(newLevel).
[2026-01-29T14:21:18.766+0000] {docker.py:429} INFO - 26/01/29 14:21:18 WARN MetricsConfig: Cannot locate configuration: tried hadoop-metrics2-s3a-file-system.properties,hadoop-metrics2.properties
[2026-01-29T14:21:20.648+0000] {docker.py:429} INFO - [Stage 0:>                                                          (0 + 0) / 1]
[2026-01-29T14:21:21.847+0000] {docker.py:429} INFO - [Stage 0:>                                                          (0 + 1) / 1]
[2026-01-29T14:21:23.330+0000] {docker.py:429} INFO - 
[2026-01-29T14:21:25.451+0000] {docker.py:429} INFO - [Stage 1:>                                                        (0 + 16) / 17]
[2026-01-29T14:21:26.252+0000] {docker.py:429} INFO - [Stage 1:===>                                                     (1 + 16) / 17]
[2026-01-29T14:21:26.453+0000] {docker.py:429} INFO - [Stage 1:=============>                                           (4 + 13) / 17]
[2026-01-29T14:21:28.056+0000] {docker.py:429} INFO - [Stage 1:================>                                        (5 + 12) / 17]
[2026-01-29T14:21:28.858+0000] {docker.py:429} INFO - [Stage 1:====================>                                    (6 + 11) / 17]
[2026-01-29T14:21:29.058+0000] {docker.py:429} INFO - [Stage 1:========================================>                (12 + 5) / 17]
[2026-01-29T14:21:29.466+0000] {docker.py:429} INFO - 
[2026-01-29T14:21:30.258+0000] {docker.py:429} INFO - [Stage 8:>                                                          (0 + 1) / 1]
[2026-01-29T14:21:30.388+0000] {docker.py:429} INFO - 
[2026-01-29T14:21:30.557+0000] {docker.py:429} INFO - 2026-01-29 14:21:30,556 - AggregateJob - INFO - Aggregation erfolgreich beendet.
[2026-01-29T14:21:31.413+0000] {taskinstance.py:1138} INFO - Marking task as SUCCESS. dag_id=nyc_taxi_pipeline, task_id=aggregate, execution_date=20260128T000000, start_date=20260129T142113, end_date=20260129T142131
[2026-01-29T14:21:31.434+0000] {local_task_job_runner.py:234} INFO - Task exited with return code 0
[2026-01-29T14:21:31.449+0000] {taskinstance.py:3280} INFO - 1 downstream tasks scheduled from follow-on schedule check
[2026-01-29T14:59:56.127+0000] {taskinstance.py:1956} INFO - Dependencies all met for dep_context=non-requeueable deps ti=<TaskInstance: nyc_taxi_pipeline.aggregate scheduled__2026-01-28T00:00:00+00:00 [queued]>
[2026-01-29T14:59:56.132+0000] {taskinstance.py:1956} INFO - Dependencies all met for dep_context=requeueable deps ti=<TaskInstance: nyc_taxi_pipeline.aggregate scheduled__2026-01-28T00:00:00+00:00 [queued]>
[2026-01-29T14:59:56.132+0000] {taskinstance.py:2170} INFO - Starting attempt 1 of 1
[2026-01-29T14:59:56.141+0000] {taskinstance.py:2191} INFO - Executing <Task(DockerOperator): aggregate> on 2026-01-28 00:00:00+00:00
[2026-01-29T14:59:56.146+0000] {standard_task_runner.py:60} INFO - Started process 141 to run task
[2026-01-29T14:59:56.149+0000] {standard_task_runner.py:87} INFO - Running: ['***', 'tasks', 'run', 'nyc_taxi_pipeline', 'aggregate', 'scheduled__2026-01-28T00:00:00+00:00', '--job-id', '5', '--raw', '--subdir', 'DAGS_FOLDER/nyc_taxi_pipeline.py', '--cfg-path', '/tmp/tmpyzrhn_mx']
[2026-01-29T14:59:56.151+0000] {standard_task_runner.py:88} INFO - Job 5: Subtask aggregate
[2026-01-29T14:59:56.189+0000] {task_command.py:423} INFO - Running <TaskInstance: nyc_taxi_pipeline.aggregate scheduled__2026-01-28T00:00:00+00:00 [running]> on host 72466cce4f75
[2026-01-29T14:59:56.246+0000] {taskinstance.py:2480} INFO - Exporting env vars: AIRFLOW_CTX_DAG_OWNER='***' AIRFLOW_CTX_DAG_ID='nyc_taxi_pipeline' AIRFLOW_CTX_TASK_ID='aggregate' AIRFLOW_CTX_EXECUTION_DATE='2026-01-28T00:00:00+00:00' AIRFLOW_CTX_TRY_NUMBER='1' AIRFLOW_CTX_DAG_RUN_ID='scheduled__2026-01-28T00:00:00+00:00'
[2026-01-29T14:59:56.270+0000] {docker.py:359} INFO - Starting docker container from image nyc_processing:latest
[2026-01-29T14:59:56.976+0000] {docker.py:429} INFO - 2026-01-29 14:59:56,976 - AggregateJob - INFO - Starte Spark Aggregation Job...
[2026-01-29T14:59:59.058+0000] {docker.py:429} INFO - 26/01/29 14:59:59 WARN NativeCodeLoader: Unable to load native-hadoop library for your platform... using builtin-java classes where applicable
[2026-01-29T14:59:59.228+0000] {docker.py:429} INFO - Setting default log level to "WARN".
[2026-01-29T14:59:59.229+0000] {docker.py:429} INFO - To adjust logging level use sc.setLogLevel(newLevel). For SparkR, use setLogLevel(newLevel).
[2026-01-29T15:00:01.232+0000] {docker.py:429} INFO - 26/01/29 15:00:01 WARN MetricsConfig: Cannot locate configuration: tried hadoop-metrics2-s3a-file-system.properties,hadoop-metrics2.properties
[2026-01-29T15:00:03.092+0000] {docker.py:429} INFO - [Stage 0:>                                                          (0 + 0) / 1]
[2026-01-29T15:00:04.291+0000] {docker.py:429} INFO - [Stage 0:>                                                          (0 + 1) / 1]
[2026-01-29T15:00:05.884+0000] {docker.py:429} INFO - 
[2026-01-29T15:00:08.094+0000] {docker.py:429} INFO - [Stage 1:>                                                        (0 + 16) / 17]
[2026-01-29T15:00:08.897+0000] {docker.py:429} INFO - [Stage 1:=============>                                           (4 + 13) / 17]
[2026-01-29T15:00:10.704+0000] {docker.py:429} INFO - [Stage 1:================>                                        (5 + 12) / 17]
[2026-01-29T15:00:11.503+0000] {docker.py:429} INFO - [Stage 1:=======================>                                 (7 + 10) / 17]
[2026-01-29T15:00:11.702+0000] {docker.py:429} INFO - [Stage 1:=====================================================>   (16 + 1) / 17]
[2026-01-29T15:00:12.052+0000] {docker.py:429} INFO - 
[2026-01-29T15:00:12.901+0000] {docker.py:429} INFO - [Stage 8:>                                                          (0 + 1) / 1]
[2026-01-29T15:00:13.041+0000] {docker.py:429} INFO - 
[2026-01-29T15:00:13.238+0000] {docker.py:429} INFO - 2026-01-29 15:00:13,237 - AggregateJob - INFO - Aggregation erfolgreich beendet.
[2026-01-29T15:00:13.859+0000] {taskinstance.py:1138} INFO - Marking task as SUCCESS. dag_id=nyc_taxi_pipeline, task_id=aggregate, execution_date=20260128T000000, start_date=20260129T145956, end_date=20260129T150013
[2026-01-29T15:00:13.884+0000] {local_task_job_runner.py:234} INFO - Task exited with return code 0
[2026-01-29T15:00:13.899+0000] {taskinstance.py:3280} INFO - 1 downstream tasks scheduled from follow-on schedule check
